2024-08-27 17:36:12 Arduino IDE 2.3.2
2024-08-27 17:36:12 Checking for frontend application configuration customizations. Module path: /opt/arduino-ide/resources/app/lib/backend/electron-main.js, destination 'package.json': /opt/arduino-ide/resources/app/package.json
2024-08-27 17:36:12 Setting 'theia.frontend.config.appVersion' application configuration value to: "2.3.2" (type of string)
2024-08-27 17:36:12 Setting 'theia.frontend.config.cliVersion' application configuration value to: "0.35.3" (type of string)
2024-08-27 17:36:12 Setting 'theia.frontend.config.buildDate' application configuration value to: "2024-02-20T09:54:08.669Z" (type of string)
2024-08-27 17:36:12 Frontend application configuration after modifications: {"applicationName":"Arduino IDE","defaultTheme":{"light":"arduino-theme","dark":"arduino-theme-dark"},"defaultIconTheme":"none","electron":{"windowOptions":{}},"defaultLocale":"","validatePreferencesSchema":false,"preferences":{"window.title":"${rootName}${activeEditorShort}${appName}","files.autoSave":"afterDelay","editor.minimap.enabled":false,"editor.tabSize":2,"editor.scrollBeyondLastLine":false,"editor.quickSuggestions":{"other":false,"comments":false,"strings":false},"editor.maxTokenizationLineLength":500,"editor.bracketPairColorization.enabled":false,"breadcrumbs.enabled":false,"workbench.tree.renderIndentGuides":"none","explorer.compactFolders":false},"appVersion":"2.3.2","cliVersion":"0.35.3","buildDate":"2024-02-20T09:54:08.669Z"}
2024-08-27 17:36:12 Starting backend process. PID: 64253
2024-08-27 17:36:13 Using browser-only version of superagent in non-browser environment
2024-08-27 17:36:13 Configuration directory URI: 'file:///home/posaidon/.arduinoIDE'
2024-08-27 17:36:13 Configuring to accept webviews on '^.+\.webview\..+$' hostname.
2024-08-27 17:36:13 2024-08-27T16:36:13.375Z root INFO Backend Object.initialize: 12.2 ms [Finished 0.512 s after backend start]
2024-08-27 17:36:13 2024-08-27T16:36:13.376Z root INFO Backend Object.configure: 11.5 ms [Finished 0.512 s after backend start]
2024-08-27 17:36:13 2024-08-27T16:36:13.376Z root INFO Backend s.onStart: 1.8 ms [Finished 0.512 s after backend start]
2024-08-27 17:36:13 2024-08-27T16:36:13.377Z root INFO Backend s.configure: 0.5 ms [Finished 0.536 s after backend start]
2024-08-27 17:36:13 2024-08-27T16:36:13.378Z root INFO Backend d.onStart: 0.3 ms [Finished 0.536 s after backend start]
2024-08-27 17:36:13 2024-08-27T16:36:13.380Z root INFO Backend d.configure: 0.1 ms [Finished 0.536 s after backend start]
2024-08-27 17:36:13 2024-08-27T16:36:13.380Z root INFO Backend d.initialize: 23.6 ms [Finished 0.536 s after backend start]
2024-08-27 17:36:13 2024-08-27T16:36:13.381Z root INFO Backend c.onStart: 0.2 ms [Finished 0.536 s after backend start]
2024-08-27 17:36:13 2024-08-27T16:36:13.381Z root INFO Backend a.configure: 2.3 ms [Finished 0.538 s after backend start]
2024-08-27 17:36:13 2024-08-27T16:36:13.382Z config INFO >>> Initializing CLI configuration...
2024-08-27 17:36:13 2024-08-27T16:36:13.383Z root INFO Backend c.initialize: 0.6 ms [Finished 0.539 s after backend start]
2024-08-27 17:36:13 2024-08-27T16:36:13.383Z root INFO Backend R.onStart: 0.7 ms [Finished 0.539 s after backend start]
2024-08-27 17:36:13 2024-08-27T16:36:13.383Z config INFO Loading CLI configuration from /home/posaidon/.arduinoIDE/arduino-cli.yaml...
2024-08-27 17:36:13 2024-08-27T16:36:13.384Z daemon INFO Starting daemon from /opt/arduino-ide/resources/app/lib/backend/resources/arduino-cli...
2024-08-27 17:36:13 2024-08-27T16:36:13.384Z root INFO Backend a.initialize: 0.4 ms [Finished 0.541 s after backend start]
2024-08-27 17:36:13 2024-08-27T16:36:13.384Z root INFO Backend w.onStart: 1.2 ms [Finished 0.542 s after backend start]
2024-08-27 17:36:13 2024-08-27T16:36:13.384Z root INFO Backend r.configure: 3.0 ms [Finished 0.542 s after backend start]
2024-08-27 17:36:13 2024-08-27T16:36:13.384Z discovery-log INFO start
2024-08-27 17:36:13 2024-08-27T16:36:13.384Z discovery-log INFO start new deferred
2024-08-27 17:36:13 2024-08-27T16:36:13.384Z root INFO Backend d.initialize: 0.5 ms [Finished 0.543 s after backend start]
2024-08-27 17:36:13 2024-08-27T16:36:13.384Z root INFO Backend y.onStart: 1.6 ms [Finished 0.544 s after backend start]
2024-08-27 17:36:13 2024-08-27T16:36:13.384Z root INFO Backend r.configure: 1.3 ms [Finished 0.544 s after backend start]
2024-08-27 17:36:13 2024-08-27T16:36:13.384Z root INFO Backend a.onStart: 0.4 ms [Finished 0.545 s after backend start]
2024-08-27 17:36:13 2024-08-27T16:36:13.384Z root INFO Backend h.configure: 0.4 ms [Finished 0.545 s after backend start]
2024-08-27 17:36:13 2024-08-27T16:36:13.384Z root INFO Backend s.configure: 0.1 ms [Finished 0.545 s after backend start]
2024-08-27 17:36:13 2024-08-27T16:36:13.384Z root INFO Backend l.configure: 0.1 ms [Finished 0.545 s after backend start]
2024-08-27 17:36:13 2024-08-27T16:36:13.386Z root INFO Theia app listening on http://127.0.0.1:39769.
2024-08-27 17:36:13 2024-08-27T16:36:13.386Z root INFO Finished starting backend application: 1.9 ms [Finished 0.547 s after backend start]
2024-08-27 17:36:13 2024-08-27T16:36:13.386Z root WARN The local plugin referenced by local-dir:/home/posaidon/.arduinoIDE/plugins does not exist.
2024-08-27 17:36:13 2024-08-27T16:36:13.386Z root WARN The local plugin referenced by local-dir:/home/posaidon/.arduinoIDE/extensions does not exist.
2024-08-27 17:36:13 2024-08-27T16:36:13.395Z config INFO Loaded CLI configuration: {"board_manager":{"additional_urls":["http://arduino.esp8266.com/stable/package_esp8266com_index.json","https://www.arduino.me/package_esp32_index.json"]},"build_cache":{"compilations_before_purge":10,"ttl":"720h0m0s"},"daemon":{"port":"50051"},"directories":{"builtin":{"libraries":"/home/posaidon/.arduino15/libraries"},"data":"/home/posaidon/.arduino15","downloads":"/home/posaidon/.arduino15/staging","user":"/home/posaidon/Arduino"},"library":{"enable_unsafe_install":false},"locale":"en","logging":{"file":"","format":"text","level":"info"},"metrics":{"addr":":9090","enabled":true},"output":{"no_color":false},"sketch":{"always_export_binaries":false},"updater":{"enable_notification":true}}
2024-08-27 17:36:13 2024-08-27T16:36:13.395Z config INFO 'directories.data' and 'directories.user' are set in the CLI configuration model.
2024-08-27 17:36:13 2024-08-27T16:36:13.395Z config INFO Loaded the CLI configuration.
2024-08-27 17:36:13 2024-08-27T16:36:13.411Z config INFO Mapped the CLI configuration: {"dataDirUri":"file:///home/posaidon/.arduino15","sketchDirUri":"file:///home/posaidon/Arduino","additionalUrls":["http://arduino.esp8266.com/stable/package_esp8266com_index.json","https://www.arduino.me/package_esp32_index.json"],"network":"none","locale":"en"}
2024-08-27 17:36:13 2024-08-27T16:36:13.411Z config INFO Validating the CLI configuration...
2024-08-27 17:36:13 2024-08-27T16:36:13.411Z config INFO The CLI config is valid.
2024-08-27 17:36:13 2024-08-27T16:36:13.411Z config INFO <<< Initialized the CLI configuration.
2024-08-27 17:36:13 Restoring workspace roots: /home/posaidon/Arduino/wifi
2024-08-27 17:36:13 isTempSketch: false. Input was /home/posaidon/Arduino/wifi/wifi.ino
2024-08-27 17:36:13 2024-08-27T16:36:13.426Z root INFO Resolve plugins list: 42.6 ms [Finished 0.587 s after backend start]
2024-08-27 17:36:13 2024-08-27T16:36:13.454Z daemon INFO time="2024-08-27T17:36:13+01:00" level=info msg="Using config file: /home/posaidon/.arduinoIDE/arduino-cli.yaml"
time="2024-08-27T17:36:13+01:00" level=info msg="arduino-cli version 0.35.3"
time="2024-08-27T17:36:13+01:00" level=info msg="Executing `arduino-cli daemon`"
2024-08-27 17:36:13 2024-08-27T16:36:13.459Z daemon INFO Daemon is now listening on 127.0.0.1:42791
{"IP":"127.0.0.1","Port":"42791"}
2024-08-27 17:36:13 2024-08-27T16:36:13.459Z daemon INFO Daemon is running.
2024-08-27 17:36:13 2024-08-27T16:36:13.509Z daemon INFO time="2024-08-27T17:36:13+01:00" level=info msg="Checking signature" index=/home/posaidon/.arduino15/package_index.json signatureFile=/home/posaidon/.arduino15/package_index.json.sig trusted=true
time="2024-08-27T17:36:13+01:00" level=info msg="Missing signature file" index=/home/posaidon/.arduino15/package_esp8266com_index.json
time="2024-08-27T17:36:13+01:00" level=info msg="Loading hardware from: /home/posaidon/.arduino15/packages"
time="2024-08-27T17:36:13+01:00" level=info msg="Loading package arduino from: /home/posaidon/.arduino15/packages/arduino/hardware"
2024-08-27 17:36:13 2024-08-27T16:36:13.565Z root ERROR Detected an error response during the gRPC core client initialization: code: 9, message: Loading index file: loading json index file /home/posaidon/.arduino15/package_esp32_index.json: parse error: syntax error near offset 0 of '<!DOCTYPE ...'
2024-08-27 17:36:13 2024-08-27T16:36:13.566Z daemon INFO time="2024-08-27T17:36:13+01:00" level=info msg="Missing signature file" index=/home/posaidon/.arduino15/packages/arduino/hardware/avr/1.8.6/installed.json
time="2024-08-27T17:36:13+01:00" level=info msg="Adding monitor tool" protocol=serial tool="builtin:serial-monitor"
time="2024-08-27T17:36:13+01:00" level=info msg="Loaded platform" platform="arduino:avr@1.8.6"
time="2024-08-27T17:36:13+01:00" level=info msg="Missing signature file" index=/home/posaidon/.arduino15/packages/arduino/hardware/megaavr/1.8.8/installed.json
time="2024-08-27T17:36:13+01:00" level=info msg="Adding monitor tool" protocol=serial tool="builtin:serial-monitor"
time="2024-08-27T17:36:13+01:00" level=info msg="Loaded platform" platform="arduino:megaavr@1.8.8"
time="2024-08-27T17:36:13+01:00" level=info msg="Checking existence of 'tools' path: /home/posaidon/.arduino15/packages/arduino/tools"
time="2024-08-27T17:36:13+01:00" level=info msg="Loading tools from dir: /home/posaidon/.arduino15/packages/arduino/tools"
time="2024-08-27T17:36:13+01:00" level=info msg="Loaded tool" tool="arduino:arduinoOTA@1.3.0"
time="2024-08-27T17:36:13+01:00" level=info msg="Loaded tool" tool="arduino:avr-gcc@7.3.0-atmel3.6.1-arduino5"
time="2024-08-27T17:36:13+01:00" level=info msg="Loaded tool" tool="arduino:avr-gcc@7.3.0-atmel3.6.1-arduino7"
time="2024-08-27T17:36:13+01:00" level=info msg="Loaded tool" tool="arduino:avrdude@6.3.0-arduino17"
time="2024-08-27T17:36:13+01:00" level=info msg="Loading package builtin from: /home/posaidon/.arduino15/packages/builtin"
time="2024-08-27T17:36:13+01:00" level=info msg="Checking existence of 'tools' path: /home/posaidon/.arduino15/packages/builtin/tools"
time="2024-08-27T17:36:13+01:00" level=info msg="Loading tools from dir: /home/posaidon/.arduino15/packages/builtin/tools"
time="2024-08-27T17:36:13+01:00" level=info msg="Loaded tool" tool="builtin:ctags@5.8-arduino11"
time="2024-08-27T17:36:13+01:00" level=info msg="Loaded tool" tool="builtin:dfu-discovery@0.1.2"
time="2024-08-27T17:36:13+01:00" level=info msg="Loaded tool" tool="builtin:mdns-discovery@1.0.9"
time="2024-08-27T17:36:13+01:00" level=info msg="Loaded tool" tool="builtin:serial-discovery@1.4.0"
time="2024-08-27T17:36:13+01:00" level=info msg="Loaded tool" tool="builtin:serial-discovery@1.4.1"
time="2024-08-27T17:36:13+01:00" level=info msg="Loaded tool" tool="builtin:serial-monitor@0.13.0"
time="2024-08-27T17:36:13+01:00" level=info msg="Loaded tool" tool="builtin:serial-monitor@0.14.1"
time="2024-08-27T17:36:13+01:00" level=info msg="Loading package esp32 from: /home/posaidon/.arduino15/packages/esp32/hardware"
time="2024-08-27T17:36:13+01:00" level=info msg="Missing signature file" index=/home/posaidon/.arduino15/packages/esp32/hardware/esp32/1.0.6/installed.json
time="2024-08-27T17:36:13+01:00" level=info msg="Adding monitor tool" protocol=serial tool="builtin:serial-monitor"
time="2024-08-27T17:36:13+01:00" level=info msg="Loaded platform" platform="esp32:esp32@1.0.6"
time="2024-08-27T17:36:13+01:00" level=info msg="Checking existence of 'tools' path: /home/posaidon/.arduino15/packages/esp32/tools"
time="2024-08-27T17:36:13+01:00" level=info msg="Loading tools from dir: /home/posaidon/.arduino15/packages/esp32/tools"
time="2024-08-27T17:36:13+01:00" level=info msg="Loaded tool" tool="esp32:esptool_py@3.0.0"
time="2024-08-27T17:36:13+01:00" level=info msg="Loaded tool" tool="esp32:mkspiffs@0.2.3"
time="2024-08-27T17:36:13+01:00" level=info msg="Loaded tool" tool="esp32:xtensa-esp32-elf-gcc@1.22.0-97-gc752ad5-5.2.0"
time="2024-08-27T17:36:13+01:00" level=info msg="Adding libraries dir" dir=/home/posaidon/.arduino15/packages/arduino/hardware/avr/1.8.6/libraries location=platform
time="2024-08-27T17:36:13+01:00" level=info msg="Adding libraries dir" dir=/home/posaidon/.arduino15/packages/arduino/hardware/megaavr/1.8.8/libraries location=platform
time="2024-08-27T17:36:13+01:00" level=info msg="Adding libraries dir" dir=/home/posaidon/.arduino15/packages/esp32/hardware/esp32/1.0.6/libraries location=platform
time="2024-08-27T17:36:13+01:00" level=info msg="Loading libraries index file" index=/home/posaidon/.arduino15/library_index.json
2024-08-27 17:36:13 2024-08-27T16:36:13.913Z daemon INFO time="2024-08-27T17:36:13+01:00" level=info msg="Adding libraries dir" dir=/home/posaidon/.arduino15/libraries location=ide
time="2024-08-27T17:36:13+01:00" level=info msg="Adding libraries dir" dir=/home/posaidon/Arduino/libraries location=user
2024-08-27 17:36:14 2024-08-27T16:36:14.074Z discovery-log INFO start resolved watching
2024-08-27 17:36:14 2024-08-27T16:36:14.076Z daemon INFO time="2024-08-27T17:36:14+01:00" level=info msg="starting discovery builtin:mdns-discovery process"
time="2024-08-27T17:36:14+01:00" level=info msg="starting discovery builtin:serial-discovery process"
time="2024-08-27T17:36:14+01:00" level=info msg="started discovery builtin:serial-discovery process"
time="2024-08-27T17:36:14+01:00" level=info msg="sending command HELLO 1 \"arduino-cli 0.35.3\" to discovery builtin:serial-discovery"
2024-08-27 17:36:14 2024-08-27T16:36:14.077Z daemon INFO time="2024-08-27T17:36:14+01:00" level=info msg="started discovery builtin:mdns-discovery process"
time="2024-08-27T17:36:14+01:00" level=info msg="sending command HELLO 1 \"arduino-cli 0.35.3\" to discovery builtin:mdns-discovery"
2024-08-27 17:36:14 2024-08-27T16:36:14.088Z daemon INFO time="2024-08-27T17:36:14+01:00" level=info msg="from discovery builtin:serial-discovery received message type: hello, message: OK, protocol version: 1"
time="2024-08-27T17:36:14+01:00" level=info msg="sending command START_SYNC to discovery builtin:serial-discovery"
time="2024-08-27T17:36:14+01:00" level=info msg="from discovery builtin:serial-discovery received message type: start_sync, message: OK"
time="2024-08-27T17:36:14+01:00" level=info msg="from discovery builtin:mdns-discovery received message type: hello, message: OK, protocol version: 1"
time="2024-08-27T17:36:14+01:00" level=info msg="sending command START_SYNC to discovery builtin:mdns-discovery"
time="2024-08-27T17:36:14+01:00" level=info msg="from discovery builtin:mdns-discovery received message type: start_sync, message: OK"
2024-08-27 17:36:14 2024-08-27T16:36:14.590Z root INFO Deploy plugins list: 42.6 ms [Finished 1.751 s after backend start]
2024-08-27 17:36:15 Opening channel for service path '/services/electron-window'.
2024-08-27 17:36:15 Opening channel for service path '/services/ide-updater'.
2024-08-27 17:36:16 2024-08-27T16:36:16.110Z root WARN Frontend a.configure took longer than the expected maximum 100 milliseconds: 357.7 ms [Finished 2.605 s after frontend start]
2024-08-27 17:36:16 2024-08-27T16:36:16.123Z root WARN A command editor.action.toggleStickyScroll is already registered.
2024-08-27 17:36:16 2024-08-27T16:36:16.149Z sketches-service WARN Warning! The request sketch path was different than the response sketch path from the CLI. This could be a potential bug. Request: </home/posaidon/Arduino/wifi/wifi.ino>, response: </home/posaidon/Arduino/wifi>.
2024-08-27 17:36:16 2024-08-27T16:36:16.475Z root INFO Start frontend contributions: 900.4 ms [Finished 2.966 s after frontend start]
2024-08-27 17:36:16 2024-08-27T16:36:16.475Z root INFO Changed application state from 'init' to 'started_contributions'.
2024-08-27 17:36:16 2024-08-27T16:36:16.535Z root INFO Changed application state from 'started_contributions' to 'attached_shell'.
2024-08-27 17:36:16 2024-08-27T16:36:16.536Z root INFO >>> Restoring the layout state...
2024-08-27 17:36:16 2024-08-27T16:36:16.538Z root INFO ------- SERIALIZED LAYOUT DATA -------
2024-08-27 17:36:16 2024-08-27T16:36:16.539Z root INFO {"version":5,"mainPanel":{"main":{"type":"tab-area","widgets":[{"constructionOptions":{"factoryId":"code-editor-opener","options":{"counter":1,"kind":"navigatable","uri":"file:///home/posaidon/Arduino/wifi/app_httpd.cpp"}},"innerWidgetState":"{\"cursorState\":[{\"inSelectionMode\":false,\"selectionStart\":{\"lineNumber\":850,\"column\":8},\"position\":{\"lineNumber\":850,\"column\":8}}],\"viewState\":{\"scrollLeft\":0,\"firstPosition\":{\"lineNumber\":607,\"column\":1},\"firstPositionDeltaTop\":-13},\"contributionsState\":{\"editor.contrib.folding\":{\"lineCount\":912,\"provider\":\"indent\",\"foldedImports\":false},\"editor.contrib.wordHighlighter\":false}}"},{"constructionOptions":{"factoryId":"code-editor-opener","options":{"counter":1,"kind":"navigatable","uri":"file:///home/posaidon/Arduino/wifi/wifi.ino"}},"innerWidgetState":"{\"cursorState\":[{\"inSelectionMode\":false,\"selectionStart\":{\"lineNumber\":12,\"column\":29},\"position\":{\"lineNumber\":12,\"column\":29}}],\"viewState\":{\"scrollLeft\":0,\"firstPosition\":{\"lineNumber\":6,\"column\":1},\"firstPositionDeltaTop\":-5},\"contributionsState\":{\"editor.contrib.folding\":{\"lineCount\":125,\"provider\":\"indent\",\"foldedImports\":false},\"editor.contrib.wordHighlighter\":false}}"}],"currentIndex":0}},"mainPanelPinned":[false,false],"bottomPanel":{"config":{"main":{"type":"tab-area","widgets":[{"constructionOptions":{"factoryId":"outputView"},"innerWidgetState":"{\"locked\":false}"},{"constructionOptions":{"factoryId":"serial-monitor"}}],"currentIndex":0}},"pinned":[false,false],"size":214,"expanded":true},"leftPanel":{"type":"sidepanel","items":[{"widget":{"constructionOptions":{"factoryId":"arduino-sketchbook-widget"}},"rank":1,"expanded":false,"pinned":false},{"widget":{"constructionOptions":{"factoryId":"boards-list-widget"}},"rank":2,"expanded":false,"pinned":false},{"widget":{"constructionOptions":{"factoryId":"library-list-widget"}},"rank":3,"expanded":false,"pinned":false},{"widget":{"constructionOptions":{"factoryId":"debug"},"innerWidgetState":"{\"parts\":[{\"partId\":\"debug:threads:-1\",\"collapsed\":false,\"hidden\":false,\"relativeSize\":0.20059880239520958,\"originalContainerId\":\"debug:view-container:-1\",\"originalContainerTitle\":{\"label\":\"debug\",\"iconClass\":\"codicon codicon-debug-alt\",\"closeable\":true},\"widget\":{\"constructionOptions\":{\"factoryId\":\"debug:threads\"},\"innerWidgetState\":\"{}\"}},{\"partId\":\"debug:frames:-1\",\"collapsed\":false,\"hidden\":false,\"relativeSize\":0.20059880239520958,\"originalContainerId\":\"debug:view-container:-1\",\"originalContainerTitle\":{\"label\":\"debug\",\"iconClass\":\"codicon codicon-debug-alt\",\"closeable\":true},\"widget\":{\"constructionOptions\":{\"factoryId\":\"debug:frames\"},\"innerWidgetState\":\"{}\"}},{\"partId\":\"debug:variables:-1\",\"collapsed\":false,\"hidden\":false,\"relativeSize\":0.20059880239520958,\"originalContainerId\":\"debug:view-container:-1\",\"originalContainerTitle\":{\"label\":\"debug\",\"iconClass\":\"codicon codicon-debug-alt\",\"closeable\":true},\"widget\":{\"constructionOptions\":{\"factoryId\":\"debug:variables\"},\"innerWidgetState\":\"{}\"}},{\"partId\":\"debug:watch:-1\",\"collapsed\":false,\"hidden\":false,\"relativeSize\":0.20059880239520958,\"originalContainerId\":\"debug:view-container:-1\",\"originalContainerTitle\":{\"label\":\"debug\",\"iconClass\":\"codicon codicon-debug-alt\",\"closeable\":true},\"widget\":{\"constructionOptions\":{\"factoryId\":\"debug:watch\"},\"innerWidgetState\":\"{}\"}},{\"partId\":\"debug:breakpoints:-1\",\"collapsed\":false,\"hidden\":false,\"relativeSize\":0.20059880239520958,\"originalContainerId\":\"debug:view-container:-1\",\"originalContainerTitle\":{\"label\":\"debug\",\"iconClass\":\"codicon codicon-debug-alt\",\"closeable\":true},\"widget\":{\"constructionOptions\":{\"factoryId\":\"debug:breakpoints\"},\"innerWidgetState\":\"{}\"}},{\"partId\":\"plugin-view:cortex-debug.peripherals\",\"collapsed\":true,\"hidden\":true,\"originalContainerId\":\"debug:view-container:-1\",\"originalContainerTitle\":{\"label\":\"debug\",\"iconClass\":\"codicon codicon-debug-alt\",\"closeable\":true},\"widget\":{\"constructionOptions\":{\"factoryId\":\"plugin-view\",\"options\":{\"id\":\"plugin-view:cortex-debug.peripherals\",\"viewId\":\"cortex-debug.peripherals\"}},\"innerWidgetState\":\"{\\\"label\\\":\\\"Cortex Peripherals\\\",\\\"widgets\\\":[],\\\"suppressUpdateViewVisibility\\\":false,\\\"currentViewContainerId\\\":\\\"debug\\\"}\"}},{\"partId\":\"plugin-view:cortex-debug.registers\",\"collapsed\":true,\"hidden\":true,\"originalContainerId\":\"debug:view-container:-1\",\"originalContainerTitle\":{\"label\":\"debug\",\"iconClass\":\"codicon codicon-debug-alt\",\"closeable\":true},\"widget\":{\"constructionOptions\":{\"factoryId\":\"plugin-view\",\"options\":{\"id\":\"plugin-view:cortex-debug.registers\",\"viewId\":\"cortex-debug.registers\"}},\"innerWidgetState\":\"{\\\"label\\\":\\\"Cortex Registers\\\",\\\"widgets\\\":[],\\\"suppressUpdateViewVisibility\\\":false,\\\"currentViewContainerId\\\":\\\"debug\\\"}\"}}],\"title\":{\"label\":\"debug\",\"iconClass\":\"codicon codicon-debug-alt\",\"closeable\":true}}"},"rank":4,"expanded":false,"pinned":false},{"widget":{"constructionOptions":{"factoryId":"search-view-container"},"innerWidgetState":"{\"parts\":[{\"widget\":{\"constructionOptions\":{\"factoryId\":\"search-in-workspace\"},\"innerWidgetState\":\"{\\\"matchCaseState\\\":{\\\"className\\\":\\\"codicon codicon-case-sensitive\\\",\\\"enabled\\\":false,\\\"title\\\":\\\"Match Case\\\"},\\\"wholeWordState\\\":{\\\"className\\\":\\\"codicon codicon-whole-word\\\",\\\"enabled\\\":false,\\\"title\\\":\\\"Match Whole Word\\\"},\\\"regExpState\\\":{\\\"className\\\":\\\"codicon codicon-regex\\\",\\\"enabled\\\":false,\\\"title\\\":\\\"Use Regular Expression\\\"},\\\"includeIgnoredState\\\":{\\\"className\\\":\\\"codicon codicon-eye\\\",\\\"enabled\\\":false,\\\"title\\\":\\\"Include Ignored Files\\\"},\\\"showSearchDetails\\\":false,\\\"searchInWorkspaceOptions\\\":{\\\"matchCase\\\":false,\\\"matchWholeWord\\\":false,\\\"useRegExp\\\":false,\\\"includeIgnored\\\":false,\\\"include\\\":[],\\\"exclude\\\":[],\\\"maxResults\\\":2000},\\\"searchTerm\\\":\\\"ontouchend\\\",\\\"replaceTerm\\\":\\\"onmouseup\\\",\\\"showReplaceField\\\":true,\\\"searchHistoryState\\\":{\\\"history\\\":[\\\"on\\\",\\\"ontouchstart\\\",\\\"ontouchend\\\"],\\\"index\\\":2},\\\"replaceHistoryState\\\":{\\\"history\\\":[\\\"on\\\",\\\"onmouse\\\",\\\"onmousedown\\\",\\\"onmouseup\\\"],\\\"index\\\":3},\\\"includeHistoryState\\\":{\\\"history\\\":[],\\\"index\\\":0},\\\"excludeHistoryState\\\":{\\\"history\\\":[],\\\"index\\\":0}}\"},\"partId\":\"search-in-workspace\",\"collapsed\":false,\"hidden\":false,\"relativeSize\":1,\"originalContainerId\":\"search-view-container\",\"originalContainerTitle\":{\"label\":\"Search\",\"iconClass\":\"codicon codicon-search\",\"closeable\":true}}],\"title\":{\"label\":\"Search\",\"iconClass\":\"fa fa-arduino-search\",\"closeable\":true}}"},"rank":5,"expanded":true,"pinned":false}],"size":268},"rightPanel":{"type":"sidepanel","items":[]}}
2024-08-27 17:36:16 2024-08-27T16:36:16.540Z root INFO ------- END SERIALIZED LAYOUT DATA -------
2024-08-27 17:36:16 2024-08-27T16:36:16.660Z root INFO [a5165913-9f67-4d47-b84d-f34c3b7078df] Waiting for backend deployment: 234.5 ms [Finished 3.188 s after frontend start]
2024-08-27 17:36:17 2024-08-27T16:36:17.648Z root INFO [hosted-plugin: 64352] PLUGIN_HOST(64352) starting instance
2024-08-27 17:36:18 2024-08-27T16:36:18.292Z root INFO [a5165913-9f67-4d47-b84d-f34c3b7078df] Sync of 23 plugins: 1640.0 ms [Finished 4.828 s after frontend start]
2024-08-27 17:36:18 2024-08-27T16:36:18.670Z root INFO <<< The layout has been successfully restored.
2024-08-27 17:36:18 2024-08-27T16:36:18.789Z root INFO Initialize the workbench layout: 2164.0 ms [Finished 5.207 s after frontend start]
2024-08-27 17:36:18 2024-08-27T16:36:18.792Z root INFO Changed application state from 'attached_shell' to 'initialized_layout'.
2024-08-27 17:36:18 2024-08-27T16:36:18.792Z root INFO [a5165913-9f67-4d47-b84d-f34c3b7078df] Loading plugin contributions
2024-08-27 17:36:18 2024-08-27T16:36:18.792Z root INFO [a5165913-9f67-4d47-b84d-f34c3b7078df] Load contributions of 23 plugins: 114.5 ms [Finished 5.323 s after frontend start]
2024-08-27 17:36:18 2024-08-27T16:36:18.807Z root WARN 'cpp' language is remapped from 'source.cpp.embedded.macro' to 'source.cpp' scope
2024-08-27 17:36:18 2024-08-27T16:36:18.807Z root WARN a registered grammar configuration for 'cpp' language is overridden
2024-08-27 17:36:19 2024-08-27T16:36:19.457Z root ERROR [hosted-plugin: 64352] Conflict in settings file Default: Ignoring cortex-debug.armToolchainPath.linux as cortex-debug.armToolchainPath is null
2024-08-27 17:36:19 2024-08-27T16:36:19.457Z root ERROR [hosted-plugin: 64352] Conflict in settings file Default: Ignoring cortex-debug.armToolchainPath.osx as cortex-debug.armToolchainPath is null
Conflict in settings file Default: Ignoring cortex-debug.armToolchainPath.windows as cortex-debug.armToolchainPath is null
Conflict in settings file Default: Ignoring cortex-debug.JLinkGDBServerPath.linux as cortex-debug.JLinkGDBServerPath is null
Conflict in settings file Default: Ignoring cortex-debug.JLinkGDBServerPath.osx as cortex-debug.JLinkGDBServerPath is null
Conflict in settings file Default: Ignoring cortex-debug.JLinkGDBServerPath.windows as cortex-debug.JLinkGDBServerPath is null
Conflict in settings file Default: Ignoring cortex-debug.openocdPath.linux as cortex-debug.openocdPath is null
Conflict in settings file Default: Ignoring cortex-debug.openocdPath.osx as cortex-debug.openocdPath is null
Conflict in settings file Default: Ignoring cortex-debug.openocdPath.windows as cortex-debug.openocdPath is null
Conflict in settings file Default: Ignoring cortex-debug.pyocdPath.linux as cortex-debug.pyocdPath is null
2024-08-27 17:36:19 2024-08-27T16:36:19.457Z root ERROR [hosted-plugin: 64352] Conflict in settings file Default: Ignoring cortex-debug.pyocdPath.osx as cortex-debug.pyocdPath is null
Conflict in settings file Default: Ignoring cortex-debug.pyocdPath.windows as cortex-debug.pyocdPath is null
Conflict in settings file Default: Ignoring cortex-debug.PEGDBServerPath.linux as cortex-debug.PEGDBServerPath is null
Conflict in settings file Default: Ignoring cortex-debug.PEGDBServerPath.osx as cortex-debug.PEGDBServerPath is null
2024-08-27 17:36:19 2024-08-27T16:36:19.457Z root ERROR [hosted-plugin: 64352] Conflict in settings file Default: Ignoring cortex-debug.PEGDBServerPath.windows as cortex-debug.PEGDBServerPath is null
Conflict in settings file Default: Ignoring cortex-debug.stutilPath.linux as cortex-debug.stutilPath is null
Conflict in settings file Default: Ignoring cortex-debug.stutilPath.osx as cortex-debug.stutilPath is null
Conflict in settings file Default: Ignoring cortex-debug.stutilPath.windows as cortex-debug.stutilPath is null
2024-08-27 17:36:19 2024-08-27T16:36:19.457Z root ERROR [hosted-plugin: 64352] Conflict in settings file Default: Ignoring cortex-debug.stlinkPath.linux as cortex-debug.stlinkPath is null
Conflict in settings file Default: Ignoring cortex-debug.stlinkPath.osx as cortex-debug.stlinkPath is null
2024-08-27 17:36:19 2024-08-27T16:36:19.457Z root ERROR [hosted-plugin: 64352] Conflict in settings file Default: Ignoring cortex-debug.stlinkPath.windows as cortex-debug.stlinkPath is null
Conflict in settings file Default: Ignoring cortex-debug.stm32cubeprogrammer.linux as cortex-debug.stm32cubeprogrammer is null
Conflict in settings file Default: Ignoring cortex-debug.stm32cubeprogrammer.osx as cortex-debug.stm32cubeprogrammer is null
2024-08-27 17:36:19 2024-08-27T16:36:19.457Z root ERROR [hosted-plugin: 64352] Conflict in settings file Default: Ignoring cortex-debug.stm32cubeprogrammer.windows as cortex-debug.stm32cubeprogrammer is null
2024-08-27 17:36:19 2024-08-27T16:36:19.480Z root INFO [hosted-plugin: 64352] PLUGIN_HOST(64352): PluginManagerExtImpl/init()
2024-08-27 17:36:19 2024-08-27T16:36:19.483Z root INFO [hosted-plugin: 64352] PLUGIN_HOST(64352): initializing(vscode-arduino-api@0.1.2 with /opt/arduino-ide/resources/app/lib/backend/plugin-vscode-init)
2024-08-27 17:36:19 2024-08-27T16:36:19.558Z root INFO [hosted-plugin: 64352] PLUGIN_HOST(64352): initializing(cortex-debug@1.5.1 with /opt/arduino-ide/resources/app/lib/backend/plugin-vscode-init)
2024-08-27 17:36:19 2024-08-27T16:36:19.558Z root INFO [hosted-plugin: 64352] Debugger contribution has been registered: cortex-debug
2024-08-27 17:36:19 2024-08-27T16:36:19.559Z root INFO [hosted-plugin: 64352] PLUGIN_HOST(64352): initializing(vscode-arduino-tools@0.1.3 with /opt/arduino-ide/resources/app/lib/backend/plugin-vscode-init)
2024-08-27 17:36:19 2024-08-27T16:36:19.560Z root INFO [hosted-plugin: 64352] PLUGIN_HOST(64352): initializing(cpp@1.52.1 with /opt/arduino-ide/resources/app/lib/backend/plugin-vscode-init)
2024-08-27 17:36:19 2024-08-27T16:36:19.560Z root INFO [hosted-plugin: 64352] PLUGIN_HOST(64352): initializing(json@1.46.1 with /opt/arduino-ide/resources/app/lib/backend/plugin-vscode-init)
2024-08-27 17:36:19 2024-08-27T16:36:19.561Z root INFO [hosted-plugin: 64352] PLUGIN_HOST(64352): initializing(json-language-features@1.46.1 with /opt/arduino-ide/resources/app/lib/backend/plugin-vscode-init)
2024-08-27 17:36:19 2024-08-27T16:36:19.562Z root INFO [hosted-plugin: 64352] PLUGIN_HOST(64352): initializing(vscode-language-pack-bg@1.48.3 with /opt/arduino-ide/resources/app/lib/backend/plugin-vscode-init)
2024-08-27 17:36:19 2024-08-27T16:36:19.562Z root INFO [hosted-plugin: 64352] PLUGIN_HOST(64352): initializing(vscode-language-pack-cs@1.80.0 with /opt/arduino-ide/resources/app/lib/backend/plugin-vscode-init)
2024-08-27 17:36:19 2024-08-27T16:36:19.563Z root INFO [hosted-plugin: 64352] PLUGIN_HOST(64352): initializing(vscode-language-pack-de@1.80.0 with /opt/arduino-ide/resources/app/lib/backend/plugin-vscode-init)
2024-08-27 17:36:19 2024-08-27T16:36:19.565Z root INFO [hosted-plugin: 64352] PLUGIN_HOST(64352): initializing(vscode-language-pack-es@1.80.0 with /opt/arduino-ide/resources/app/lib/backend/plugin-vscode-init)
2024-08-27 17:36:19 2024-08-27T16:36:19.567Z root INFO [hosted-plugin: 64352] PLUGIN_HOST(64352): initializing(vscode-language-pack-fr@1.80.0 with /opt/arduino-ide/resources/app/lib/backend/plugin-vscode-init)
2024-08-27 17:36:19 2024-08-27T16:36:19.569Z root INFO [hosted-plugin: 64352] PLUGIN_HOST(64352): initializing(vscode-language-pack-hu@1.48.3 with /opt/arduino-ide/resources/app/lib/backend/plugin-vscode-init)
2024-08-27 17:36:19 2024-08-27T16:36:19.570Z root INFO [hosted-plugin: 64352] PLUGIN_HOST(64352): initializing(vscode-language-pack-it@1.80.0 with /opt/arduino-ide/resources/app/lib/backend/plugin-vscode-init)
2024-08-27 17:36:19 2024-08-27T16:36:19.571Z root INFO [hosted-plugin: 64352] PLUGIN_HOST(64352): initializing(vscode-language-pack-ja@1.80.0 with /opt/arduino-ide/resources/app/lib/backend/plugin-vscode-init)
2024-08-27 17:36:19 2024-08-27T16:36:19.571Z root INFO [hosted-plugin: 64352] PLUGIN_HOST(64352): initializing(vscode-language-pack-ko@1.80.0 with /opt/arduino-ide/resources/app/lib/backend/plugin-vscode-init)
2024-08-27 17:36:19 2024-08-27T16:36:19.571Z root INFO [hosted-plugin: 64352] PLUGIN_HOST(64352): initializing(vscode-language-pack-nl@1.48.3 with /opt/arduino-ide/resources/app/lib/backend/plugin-vscode-init)
2024-08-27 17:36:19 2024-08-27T16:36:19.572Z root INFO [hosted-plugin: 64352] PLUGIN_HOST(64352): initializing(vscode-language-pack-pl@1.80.0 with /opt/arduino-ide/resources/app/lib/backend/plugin-vscode-init)
2024-08-27 17:36:19 2024-08-27T16:36:19.572Z root INFO [hosted-plugin: 64352] PLUGIN_HOST(64352): initializing(vscode-language-pack-pt-BR@1.80.0 with /opt/arduino-ide/resources/app/lib/backend/plugin-vscode-init)
2024-08-27 17:36:19 2024-08-27T16:36:19.572Z root INFO [hosted-plugin: 64352] PLUGIN_HOST(64352): initializing(vscode-language-pack-ru@1.80.0 with /opt/arduino-ide/resources/app/lib/backend/plugin-vscode-init)
2024-08-27 17:36:19 2024-08-27T16:36:19.573Z root INFO [hosted-plugin: 64352] PLUGIN_HOST(64352): initializing(vscode-language-pack-tr@1.80.0 with /opt/arduino-ide/resources/app/lib/backend/plugin-vscode-init)
2024-08-27 17:36:19 2024-08-27T16:36:19.573Z root INFO [hosted-plugin: 64352] PLUGIN_HOST(64352): initializing(vscode-language-pack-uk@1.48.3 with /opt/arduino-ide/resources/app/lib/backend/plugin-vscode-init)
2024-08-27 17:36:19 2024-08-27T16:36:19.573Z root INFO [hosted-plugin: 64352] PLUGIN_HOST(64352): initializing(vscode-language-pack-zh-hans@1.80.0 with /opt/arduino-ide/resources/app/lib/backend/plugin-vscode-init)
2024-08-27 17:36:19 2024-08-27T16:36:19.574Z root INFO [hosted-plugin: 64352] PLUGIN_HOST(64352): initializing(vscode-language-pack-zh-hant@1.80.0 with /opt/arduino-ide/resources/app/lib/backend/plugin-vscode-init)
2024-08-27 17:36:19 2024-08-27T16:36:19.641Z root INFO [hosted-plugin: 64352] PLUGIN_HOST(64352): PluginManagerExtImpl/loadPlugin(/opt/arduino-ide/resources/app/plugins/vscode-arduino-api/extension/dist/extension.js)
2024-08-27 17:36:19 2024-08-27T16:36:19.655Z root INFO [hosted-plugin: 64352] calling activation function on Arduino IDE API for VS Code extensions
2024-08-27 17:36:19 Checking for update
2024-08-27 17:36:20 2024-08-27T16:36:20.029Z root INFO Replace loading indicator with ready workbench UI (animation): 889.4 ms [Finished 6.217 s after frontend start]
2024-08-27 17:36:20 2024-08-27T16:36:20.029Z root INFO Changed application state from 'initialized_layout' to 'ready'.
2024-08-27 17:36:20 2024-08-27T16:36:20.029Z root WARN Linked preference "workbench.colorCustomizations" not found.
2024-08-27 17:36:20 2024-08-27T16:36:20.032Z root INFO Frontend application start: 3923.1 ms [Finished 7.124 s after backend start]
2024-08-27 17:36:20 2024-08-27T16:36:20.058Z root INFO [hosted-plugin: 64352] PLUGIN_HOST(64352): PluginManagerExtImpl/loadPlugin(/opt/arduino-ide/resources/app/plugins/vscode-builtin-json-language-features/extension/client/dist/jsonMain)
2024-08-27 17:36:20 2024-08-27T16:36:20.161Z root INFO [hosted-plugin: 64352] calling activation function on JSON Language Features (built-in)
2024-08-27 17:36:20 2024-08-27T16:36:20.224Z daemon INFO time="2024-08-27T17:36:20+01:00" level=info msg="Updating libraries index"
time="2024-08-27T17:36:20+01:00" level=info msg="Starting download" url="https://downloads.arduino.cc/libraries/library_index.tar.bz2"
time="2024-08-27T17:36:20+01:00" level=info msg="Updating index" url="https://downloads.arduino.cc/packages/package_index.tar.bz2"
time="2024-08-27T17:36:20+01:00" level=info msg="Starting download" url="https://downloads.arduino.cc/packages/package_index.tar.bz2"
2024-08-27 17:36:20 2024-08-27T16:36:20.252Z root INFO core-client-provider [library-index] Downloading index: library_index.tar.bz2

2024-08-27 17:36:20 2024-08-27T16:36:20.258Z root INFO core-client-provider [platform-index] Downloading index: package_index.tar.bz2

2024-08-27 17:36:20 2024-08-27T16:36:20.743Z root ERROR ---- !!!SLOW!!! DURATION: search took 705.032 ms. Args: [{"type":"Updatable"}] ----
2024-08-27 17:36:20 2024-08-27T16:36:20.756Z root INFO [hosted-plugin: 64352] PLUGIN_HOST(64352): PluginManagerExtImpl/loadPlugin(/opt/arduino-ide/resources/app/plugins/vscode-arduino-tools/extension/dist/extension.js)
2024-08-27 17:36:20 2024-08-27T16:36:20.759Z root ERROR Failed to get debug config: esp32:esp32:esp32wrover:UploadSpeed=921600,FlashFreq=80,FlashMode=qio,PartitionScheme=default,DebugLevel=none, undefined Error: Debugging is not supported.
    at Object.callback (/opt/arduino-ide/resources/app/lib/backend/main.js:2:81196)
    at Object.onReceiveStatus (/opt/arduino-ide/resources/app/lib/backend/main.js:2:788562)
    at Object.onReceiveStatus (/opt/arduino-ide/resources/app/lib/backend/main.js:2:784513)
    at Object.onReceiveStatus (/opt/arduino-ide/resources/app/lib/backend/main.js:2:783958)
    at /opt/arduino-ide/resources/app/lib/backend/main.js:2:870080
    at process.processTicksAndRejections (node:internal/process/task_queues:77:11)
2024-08-27 17:36:20 2024-08-27T16:36:20.759Z root ERROR Request checkDebugEnabled failed with error: Debugging is not supported. Error: Debugging is not supported.
    at Object.callback (/opt/arduino-ide/resources/app/lib/backend/main.js:2:81196)
    at Object.onReceiveStatus (/opt/arduino-ide/resources/app/lib/backend/main.js:2:788562)
    at Object.onReceiveStatus (/opt/arduino-ide/resources/app/lib/backend/main.js:2:784513)
    at Object.onReceiveStatus (/opt/arduino-ide/resources/app/lib/backend/main.js:2:783958)
    at /opt/arduino-ide/resources/app/lib/backend/main.js:2:870080
    at process.processTicksAndRejections (node:internal/process/task_queues:77:11)
2024-08-27 17:36:20 2024-08-27T16:36:20.760Z daemon INFO time="2024-08-27T17:36:20+01:00" level=info msg="Tool required for debug" tool="esp32:esptool_py@3.0.0"
time="2024-08-27T17:36:20+01:00" level=info msg="Tool required for debug" tool="esp32:mkspiffs@0.2.3"
time="2024-08-27T17:36:20+01:00" level=info msg="Tool required for debug" tool="esp32:xtensa-esp32-elf-gcc@1.22.0-97-gc752ad5-5.2.0"
time="2024-08-27T17:36:20+01:00" level=info msg="Tool required for debug" tool="arduino:arduinoOTA@1.3.0"
time="2024-08-27T17:36:20+01:00" level=info msg="Tool required for debug" tool="arduino:avr-gcc@7.3.0-atmel3.6.1-arduino7"
time="2024-08-27T17:36:20+01:00" level=info msg="Tool required for debug" tool="arduino:avrdude@6.3.0-arduino17"
time="2024-08-27T17:36:20+01:00" level=info msg="Tool required for debug" tool="builtin:serial-monitor@0.14.1"
time="2024-08-27T17:36:20+01:00" level=info msg="Tool required for debug" tool="builtin:ctags@5.8-arduino11"
time="2024-08-27T17:36:20+01:00" level=info msg="Tool required for debug" tool="builtin:dfu-discovery@0.1.2"
time="2024-08-27T17:36:20+01:00" level=info msg="Tool required for debug" tool="builtin:mdns-discovery@1.0.9"
time="2024-08-27T17:36:20+01:00" level=info msg="Tool required for debug" tool="builtin:serial-discovery@1.4.1"
2024-08-27 17:36:20 2024-08-27T16:36:20.787Z daemon INFO time="2024-08-27T17:36:20+01:00" level=info msg="Updating index" url="http://arduino.esp8266.com/stable/package_esp8266com_index.json"
time="2024-08-27T17:36:20+01:00" level=info msg="Starting download" url="http://arduino.esp8266.com/stable/package_esp8266com_index.json"
2024-08-27 17:36:20 2024-08-27T16:36:20.788Z root INFO core-client-provider [platform-index] Downloading index: package_esp8266com_index.json

2024-08-27 17:36:20 2024-08-27T16:36:20.793Z root INFO [hosted-plugin: 64352] calling activation function on VS Code Arduino Tools
2024-08-27 17:36:20 2024-08-27T16:36:20.845Z root INFO [a5165913-9f67-4d47-b84d-f34c3b7078df] Starting plugins.
2024-08-27 17:36:20 2024-08-27T16:36:20.924Z root INFO [hosted-plugin: 64352] PLUGIN_HOST(64352): PluginManagerExtImpl/loadPlugin(/opt/arduino-ide/resources/app/plugins/cortex-debug/extension/dist/extension.js)
2024-08-27 17:36:20 2024-08-27T16:36:20.970Z root INFO [hosted-plugin: 64352] Debug configuration provider has been registered: cortex-debug, trigger: 1
2024-08-27 17:36:20 2024-08-27T16:36:20.971Z root INFO [hosted-plugin: 64352] calling activation function on Cortex-Debug
2024-08-27 17:36:20 2024-08-27T16:36:20.974Z root INFO [hosted-plugin: 64352] GDB server console created
2024-08-27 17:36:20 2024-08-27T16:36:20.984Z root INFO [a5165913-9f67-4d47-b84d-f34c3b7078df] Start of 23 plugins: 2185.8 ms [Finished 7.516 s after frontend start]
2024-08-27 17:36:21 2024-08-27T16:36:21.003Z root INFO Starting language server: esp32:esp32:esp32wrover:UploadSpeed=921600,FlashFreq=80,FlashMode=qio,PartitionScheme=default,DebugLevel=none
2024-08-27 17:36:21 Update for version 2.3.2 is not available (latest version: 2.3.2, downgrade is allowed).
2024-08-27 17:36:21 2024-08-27T16:36:21.062Z daemon INFO time="2024-08-27T17:36:21+01:00" level=info msg="Adding libraries dir" dir=/home/posaidon/.arduino15/libraries location=ide
time="2024-08-27T17:36:21+01:00" level=info msg="Adding libraries dir" dir=/home/posaidon/.arduino15/packages/esp32/hardware/esp32/1.0.6/libraries location=platform
time="2024-08-27T17:36:21+01:00" level=info msg="Adding libraries dir" dir=/home/posaidon/Arduino/libraries location=user
2024-08-27 17:36:21 2024-08-27T16:36:21.439Z daemon INFO time="2024-08-27T17:36:21+01:00" level=info msg="Resolving include WiFi.h for arch esp32"
time="2024-08-27T17:36:21+01:00" level=info msg="  found better lib" lib=WiFi prio=6B0
2024-08-27 17:36:22 2024-08-27T16:36:22.051Z root WARN Widget was activated, but did not accept focus after 2000ms: serial-monitor
2024-08-27 17:36:24 2024-08-27T16:36:24.307Z daemon INFO time="2024-08-27T17:36:24+01:00" level=info msg="Adding libraries dir" dir=/home/posaidon/.arduino15/libraries location=ide
time="2024-08-27T17:36:24+01:00" level=info msg="Adding libraries dir" dir=/home/posaidon/.arduino15/packages/esp32/hardware/esp32/1.0.6/libraries location=platform
time="2024-08-27T17:36:24+01:00" level=info msg="Adding libraries dir" dir=/home/posaidon/Arduino/libraries location=user
2024-08-27 17:36:26 Opening channel for service path '/services/electron-window'.
2024-08-27 17:36:26 Opening channel for service path '/services/ide-updater'.
2024-08-27 17:36:26 2024-08-27T16:36:26.656Z root WARN Frontend a.configure took longer than the expected maximum 100 milliseconds: 308.1 ms [Finished 1.714 s after frontend start]
2024-08-27 17:36:26 2024-08-27T16:36:26.659Z root WARN A command editor.action.toggleStickyScroll is already registered.
2024-08-27 17:36:26 2024-08-27T16:36:26.958Z root INFO Start frontend contributions: 706.8 ms [Finished 2.022 s after frontend start]
2024-08-27 17:36:26 2024-08-27T16:36:26.958Z root INFO Changed application state from 'init' to 'started_contributions'.
2024-08-27 17:36:27 2024-08-27T16:36:27.078Z root INFO Changed application state from 'started_contributions' to 'attached_shell'.
2024-08-27 17:36:27 2024-08-27T16:36:27.078Z root INFO >>> Restoring the layout state...
2024-08-27 17:36:27 2024-08-27T16:36:27.082Z root INFO ------- SERIALIZED LAYOUT DATA -------
2024-08-27 17:36:27 2024-08-27T16:36:27.084Z root INFO {"version":5,"mainPanel":{"main":{"type":"tab-area","widgets":[{"constructionOptions":{"factoryId":"code-editor-opener","options":{"counter":0,"kind":"navigatable","uri":"file:///home/posaidon/Arduino/car/car.ino"}},"innerWidgetState":"{\"cursorState\":[{\"inSelectionMode\":false,\"selectionStart\":{\"lineNumber\":194,\"column\":13},\"position\":{\"lineNumber\":194,\"column\":13}}],\"viewState\":{\"scrollLeft\":0,\"firstPosition\":{\"lineNumber\":161,\"column\":1},\"firstPositionDeltaTop\":-8},\"contributionsState\":{\"editor.contrib.folding\":{\"lineCount\":197,\"provider\":\"indent\",\"foldedImports\":false},\"editor.contrib.wordHighlighter\":false}}"}],"currentIndex":0}},"mainPanelPinned":[false],"bottomPanel":{"config":{"main":{"type":"tab-area","widgets":[{"constructionOptions":{"factoryId":"outputView"},"innerWidgetState":"{\"locked\":false}"},{"constructionOptions":{"factoryId":"serial-monitor"}}],"currentIndex":1}},"pinned":[false,false],"size":249,"expanded":true},"leftPanel":{"type":"sidepanel","items":[{"widget":{"constructionOptions":{"factoryId":"arduino-sketchbook-widget"}},"rank":1,"expanded":true,"pinned":false},{"widget":{"constructionOptions":{"factoryId":"boards-list-widget"}},"rank":2,"expanded":false,"pinned":false},{"widget":{"constructionOptions":{"factoryId":"library-list-widget"}},"rank":3,"expanded":false,"pinned":false},{"widget":{"constructionOptions":{"factoryId":"debug"},"innerWidgetState":"{\"parts\":[{\"partId\":\"debug:threads:-1\",\"collapsed\":false,\"hidden\":false,\"relativeSize\":1.384,\"originalContainerId\":\"debug:view-container:-1\",\"originalContainerTitle\":{\"label\":\"debug\",\"iconClass\":\"codicon codicon-debug-alt\",\"closeable\":true},\"widget\":{\"constructionOptions\":{\"factoryId\":\"debug:threads\"},\"innerWidgetState\":\"{}\"}},{\"partId\":\"debug:frames:-1\",\"collapsed\":false,\"hidden\":false,\"relativeSize\":1.384,\"originalContainerId\":\"debug:view-container:-1\",\"originalContainerTitle\":{\"label\":\"debug\",\"iconClass\":\"codicon codicon-debug-alt\",\"closeable\":true},\"widget\":{\"constructionOptions\":{\"factoryId\":\"debug:frames\"},\"innerWidgetState\":\"{}\"}},{\"partId\":\"debug:variables:-1\",\"collapsed\":false,\"hidden\":false,\"relativeSize\":1.384,\"originalContainerId\":\"debug:view-container:-1\",\"originalContainerTitle\":{\"label\":\"debug\",\"iconClass\":\"codicon codicon-debug-alt\",\"closeable\":true},\"widget\":{\"constructionOptions\":{\"factoryId\":\"debug:variables\"},\"innerWidgetState\":\"{}\"}},{\"partId\":\"debug:watch:-1\",\"collapsed\":false,\"hidden\":false,\"relativeSize\":1.384,\"originalContainerId\":\"debug:view-container:-1\",\"originalContainerTitle\":{\"label\":\"debug\",\"iconClass\":\"codicon codicon-debug-alt\",\"closeable\":true},\"widget\":{\"constructionOptions\":{\"factoryId\":\"debug:watch\"},\"innerWidgetState\":\"{}\"}},{\"partId\":\"debug:breakpoints:-1\",\"collapsed\":false,\"hidden\":false,\"relativeSize\":1.384,\"originalContainerId\":\"debug:view-container:-1\",\"originalContainerTitle\":{\"label\":\"debug\",\"iconClass\":\"codicon codicon-debug-alt\",\"closeable\":true},\"widget\":{\"constructionOptions\":{\"factoryId\":\"debug:breakpoints\"},\"innerWidgetState\":\"{}\"}},{\"partId\":\"plugin-view:cortex-debug.peripherals\",\"collapsed\":true,\"hidden\":true,\"originalContainerId\":\"debug:view-container:-1\",\"originalContainerTitle\":{\"label\":\"debug\",\"iconClass\":\"codicon codicon-debug-alt\",\"closeable\":true},\"widget\":{\"constructionOptions\":{\"factoryId\":\"plugin-view\",\"options\":{\"id\":\"plugin-view:cortex-debug.peripherals\",\"viewId\":\"cortex-debug.peripherals\"}},\"innerWidgetState\":\"{\\\"label\\\":\\\"Cortex Peripherals\\\",\\\"widgets\\\":[],\\\"suppressUpdateViewVisibility\\\":false,\\\"currentViewContainerId\\\":\\\"debug\\\"}\"}},{\"partId\":\"plugin-view:cortex-debug.registers\",\"collapsed\":true,\"hidden\":true,\"originalContainerId\":\"debug:view-container:-1\",\"originalContainerTitle\":{\"label\":\"debug\",\"iconClass\":\"codicon codicon-debug-alt\",\"closeable\":true},\"widget\":{\"constructionOptions\":{\"factoryId\":\"plugin-view\",\"options\":{\"id\":\"plugin-view:cortex-debug.registers\",\"viewId\":\"cortex-debug.registers\"}},\"innerWidgetState\":\"{\\\"label\\\":\\\"Cortex Registers\\\",\\\"widgets\\\":[],\\\"suppressUpdateViewVisibility\\\":false,\\\"currentViewContainerId\\\":\\\"debug\\\"}\"}}],\"title\":{\"label\":\"debug\",\"iconClass\":\"codicon codicon-debug-alt\",\"closeable\":true}}"},"rank":4,"expanded":false,"pinned":false},{"widget":{"constructionOptions":{"factoryId":"search-view-container"},"innerWidgetState":"{\"parts\":[{\"partId\":\"search-in-workspace\",\"collapsed\":false,\"hidden\":false,\"originalContainerId\":\"search-view-container\",\"originalContainerTitle\":{\"label\":\"Search\",\"iconClass\":\"codicon codicon-search\",\"closeable\":true},\"widget\":{\"constructionOptions\":{\"factoryId\":\"search-in-workspace\"},\"innerWidgetState\":\"{\\\"matchCaseState\\\":{\\\"className\\\":\\\"codicon codicon-case-sensitive\\\",\\\"enabled\\\":false,\\\"title\\\":\\\"Match Case\\\"},\\\"wholeWordState\\\":{\\\"className\\\":\\\"codicon codicon-whole-word\\\",\\\"enabled\\\":false,\\\"title\\\":\\\"Match Whole Word\\\"},\\\"regExpState\\\":{\\\"className\\\":\\\"codicon codicon-regex\\\",\\\"enabled\\\":false,\\\"title\\\":\\\"Use Regular Expression\\\"},\\\"includeIgnoredState\\\":{\\\"className\\\":\\\"codicon codicon-eye\\\",\\\"enabled\\\":false,\\\"title\\\":\\\"Include Ignored Files\\\"},\\\"showSearchDetails\\\":false,\\\"searchInWorkspaceOptions\\\":{\\\"matchCase\\\":false,\\\"matchWholeWord\\\":false,\\\"useRegExp\\\":false,\\\"includeIgnored\\\":false,\\\"include\\\":[],\\\"exclude\\\":[],\\\"maxResults\\\":2000},\\\"searchTerm\\\":\\\"\\\",\\\"replaceTerm\\\":\\\"\\\",\\\"showReplaceField\\\":false,\\\"searchHistoryState\\\":{\\\"history\\\":[],\\\"index\\\":0},\\\"replaceHistoryState\\\":{\\\"history\\\":[],\\\"index\\\":0},\\\"includeHistoryState\\\":{\\\"history\\\":[],\\\"index\\\":0},\\\"excludeHistoryState\\\":{\\\"history\\\":[],\\\"index\\\":0}}\"}}],\"title\":{\"label\":\"Search\",\"iconClass\":\"fa fa-arduino-search\",\"closeable\":true}}"},"rank":5,"expanded":false,"pinned":false}],"size":268},"rightPanel":{"type":"sidepanel","items":[]},"activeWidgetId":"code-editor-opener:file:///home/posaidon/Arduino/car/car.ino:0"}
2024-08-27 17:36:27 2024-08-27T16:36:27.084Z root INFO ------- END SERIALIZED LAYOUT DATA -------
2024-08-27 17:36:27 isTempSketch: false. Input was /home/posaidon/Arduino/wifi
2024-08-27 17:36:27 Marking workspace as a closed sketch. Workspace URI: file:///home/posaidon/Arduino/wifi. Date: 1724776587168.
2024-08-27 17:36:27 isTempSketch: false. Input was /home/posaidon/Arduino/wifi
2024-08-27 17:36:27 Marking workspace as a closed sketch. Workspace URI: file:///home/posaidon/Arduino/wifi. Date: 1724776587178.
2024-08-27 17:36:27 Closing channel on service path '/services/electron-window'.
2024-08-27 17:36:27 Closing channel on service path '/services/ide-updater'.
2024-08-27 17:36:27 2024-08-27T16:36:27.346Z root INFO [4e59678a-b392-464d-a683-626389b7a194] Waiting for backend deployment: 429.4 ms [Finished 2.435 s after frontend start]
2024-08-27 17:36:27 Error while saving window state: TypeError: Object has been destroyed
    at M.saveWindowState (/opt/arduino-ide/resources/app/lib/backend/electron-main.js:2:1048791)
    at Timeout._onTimeout (/opt/arduino-ide/resources/app/lib/backend/electron-main.js:2:1048330)
    at listOnTimeout (node:internal/timers:569:17)
    at process.processTimers (node:internal/timers:512:7)
2024-08-27 17:36:28 2024-08-27T16:36:28.551Z root INFO [hosted-plugin: 64509] PLUGIN_HOST(64509) starting instance
2024-08-27 17:36:29 2024-08-27T16:36:29.510Z root INFO [4e59678a-b392-464d-a683-626389b7a194] Sync of 23 plugins: 2181.7 ms [Finished 4.617 s after frontend start]
2024-08-27 17:36:29 2024-08-27T16:36:29.926Z root INFO <<< The layout has been successfully restored.
2024-08-27 17:36:30 2024-08-27T16:36:30.076Z root INFO Initialize the workbench layout: 2885.7 ms [Finished 5.033 s after frontend start]
2024-08-27 17:36:30 2024-08-27T16:36:30.082Z root INFO Changed application state from 'attached_shell' to 'initialized_layout'.
2024-08-27 17:36:30 2024-08-27T16:36:30.086Z root INFO [4e59678a-b392-464d-a683-626389b7a194] Loading plugin contributions
2024-08-27 17:36:30 2024-08-27T16:36:30.086Z root INFO [4e59678a-b392-464d-a683-626389b7a194] Load contributions of 23 plugins: 144.5 ms [Finished 5.180 s after frontend start]
2024-08-27 17:36:30 2024-08-27T16:36:30.113Z root WARN 'cpp' language is remapped from 'source.cpp.embedded.macro' to 'source.cpp' scope
2024-08-27 17:36:30 2024-08-27T16:36:30.113Z root WARN a registered grammar configuration for 'cpp' language is overridden
2024-08-27 17:36:31 2024-08-27T16:36:31.024Z root ERROR [hosted-plugin: 64509] Conflict in settings file Default: Ignoring cortex-debug.armToolchainPath.linux as cortex-debug.armToolchainPath is null
2024-08-27 17:36:31 2024-08-27T16:36:31.024Z root ERROR [hosted-plugin: 64509] Conflict in settings file Default: Ignoring cortex-debug.armToolchainPath.osx as cortex-debug.armToolchainPath is null
Conflict in settings file Default: Ignoring cortex-debug.armToolchainPath.windows as cortex-debug.armToolchainPath is null
Conflict in settings file Default: Ignoring cortex-debug.JLinkGDBServerPath.linux as cortex-debug.JLinkGDBServerPath is null
Conflict in settings file Default: Ignoring cortex-debug.JLinkGDBServerPath.osx as cortex-debug.JLinkGDBServerPath is null
Conflict in settings file Default: Ignoring cortex-debug.JLinkGDBServerPath.windows as cortex-debug.JLinkGDBServerPath is null
Conflict in settings file Default: Ignoring cortex-debug.openocdPath.linux as cortex-debug.openocdPath is null
Conflict in settings file Default: Ignoring cortex-debug.openocdPath.osx as cortex-debug.openocdPath is null
2024-08-27 17:36:31 2024-08-27T16:36:31.024Z root ERROR [hosted-plugin: 64509] Conflict in settings file Default: Ignoring cortex-debug.openocdPath.windows as cortex-debug.openocdPath is null
Conflict in settings file Default: Ignoring cortex-debug.pyocdPath.linux as cortex-debug.pyocdPath is null
Conflict in settings file Default: Ignoring cortex-debug.pyocdPath.osx as cortex-debug.pyocdPath is null
Conflict in settings file Default: Ignoring cortex-debug.pyocdPath.windows as cortex-debug.pyocdPath is null
2024-08-27 17:36:31 2024-08-27T16:36:31.024Z root ERROR [hosted-plugin: 64509] Conflict in settings file Default: Ignoring cortex-debug.PEGDBServerPath.linux as cortex-debug.PEGDBServerPath is null
Conflict in settings file Default: Ignoring cortex-debug.PEGDBServerPath.osx as cortex-debug.PEGDBServerPath is null
Conflict in settings file Default: Ignoring cortex-debug.PEGDBServerPath.windows as cortex-debug.PEGDBServerPath is null
Conflict in settings file Default: Ignoring cortex-debug.stutilPath.linux as cortex-debug.stutilPath is null
Conflict in settings file Default: Ignoring cortex-debug.stutilPath.osx as cortex-debug.stutilPath is null
2024-08-27 17:36:31 2024-08-27T16:36:31.024Z root ERROR [hosted-plugin: 64509] Conflict in settings file Default: Ignoring cortex-debug.stutilPath.windows as cortex-debug.stutilPath is null
Conflict in settings file Default: Ignoring cortex-debug.stlinkPath.linux as cortex-debug.stlinkPath is null
2024-08-27 17:36:31 2024-08-27T16:36:31.024Z root ERROR [hosted-plugin: 64509] Conflict in settings file Default: Ignoring cortex-debug.stlinkPath.osx as cortex-debug.stlinkPath is null
2024-08-27 17:36:31 2024-08-27T16:36:31.024Z root ERROR [hosted-plugin: 64509] Conflict in settings file Default: Ignoring cortex-debug.stlinkPath.windows as cortex-debug.stlinkPath is null
Conflict in settings file Default: Ignoring cortex-debug.stm32cubeprogrammer.linux as cortex-debug.stm32cubeprogrammer is null
Conflict in settings file Default: Ignoring cortex-debug.stm32cubeprogrammer.osx as cortex-debug.stm32cubeprogrammer is null
Conflict in settings file Default: Ignoring cortex-debug.stm32cubeprogrammer.windows as cortex-debug.stm32cubeprogrammer is null
2024-08-27 17:36:31 2024-08-27T16:36:31.039Z root INFO [hosted-plugin: 64509] PLUGIN_HOST(64509): PluginManagerExtImpl/init()
2024-08-27 17:36:31 2024-08-27T16:36:31.041Z root INFO [hosted-plugin: 64509] PLUGIN_HOST(64509): initializing(vscode-arduino-api@0.1.2 with /opt/arduino-ide/resources/app/lib/backend/plugin-vscode-init)
2024-08-27 17:36:31 2024-08-27T16:36:31.046Z daemon INFO time="2024-08-27T17:36:31+01:00" level=info msg="Updating index" url="https://www.arduino.me/package_esp32_index.json"
time="2024-08-27T17:36:31+01:00" level=info msg="Starting download" url="https://www.arduino.me/package_esp32_index.json"
2024-08-27 17:36:31 2024-08-27T16:36:31.050Z root INFO core-client-provider [platform-index] Downloading index: package_esp32_index.json

2024-08-27 17:36:31 2024-08-27T16:36:31.111Z root INFO [hosted-plugin: 64509] PLUGIN_HOST(64509): initializing(cortex-debug@1.5.1 with /opt/arduino-ide/resources/app/lib/backend/plugin-vscode-init)
2024-08-27 17:36:31 2024-08-27T16:36:31.111Z root INFO [hosted-plugin: 64509] Debugger contribution has been registered: cortex-debug
2024-08-27 17:36:31 2024-08-27T16:36:31.112Z root INFO [hosted-plugin: 64509] PLUGIN_HOST(64509): initializing(vscode-arduino-tools@0.1.3 with /opt/arduino-ide/resources/app/lib/backend/plugin-vscode-init)
2024-08-27 17:36:31 2024-08-27T16:36:31.113Z root INFO [hosted-plugin: 64509] PLUGIN_HOST(64509): initializing(cpp@1.52.1 with /opt/arduino-ide/resources/app/lib/backend/plugin-vscode-init)
2024-08-27 17:36:31 2024-08-27T16:36:31.115Z root INFO [hosted-plugin: 64509] PLUGIN_HOST(64509): initializing(json@1.46.1 with /opt/arduino-ide/resources/app/lib/backend/plugin-vscode-init)
2024-08-27 17:36:31 2024-08-27T16:36:31.117Z root INFO [hosted-plugin: 64509] PLUGIN_HOST(64509): initializing(json-language-features@1.46.1 with /opt/arduino-ide/resources/app/lib/backend/plugin-vscode-init)
2024-08-27 17:36:31 2024-08-27T16:36:31.120Z root INFO [hosted-plugin: 64509] PLUGIN_HOST(64509): initializing(vscode-language-pack-bg@1.48.3 with /opt/arduino-ide/resources/app/lib/backend/plugin-vscode-init)
2024-08-27 17:36:31 2024-08-27T16:36:31.121Z root INFO [hosted-plugin: 64509] PLUGIN_HOST(64509): initializing(vscode-language-pack-cs@1.80.0 with /opt/arduino-ide/resources/app/lib/backend/plugin-vscode-init)
2024-08-27 17:36:31 2024-08-27T16:36:31.122Z root INFO [hosted-plugin: 64509] PLUGIN_HOST(64509): initializing(vscode-language-pack-de@1.80.0 with /opt/arduino-ide/resources/app/lib/backend/plugin-vscode-init)
2024-08-27 17:36:31 2024-08-27T16:36:31.123Z root INFO [hosted-plugin: 64509] PLUGIN_HOST(64509): initializing(vscode-language-pack-es@1.80.0 with /opt/arduino-ide/resources/app/lib/backend/plugin-vscode-init)
2024-08-27 17:36:31 2024-08-27T16:36:31.124Z root INFO [hosted-plugin: 64509] PLUGIN_HOST(64509): initializing(vscode-language-pack-fr@1.80.0 with /opt/arduino-ide/resources/app/lib/backend/plugin-vscode-init)
2024-08-27 17:36:31 2024-08-27T16:36:31.125Z root INFO [hosted-plugin: 64509] PLUGIN_HOST(64509): initializing(vscode-language-pack-hu@1.48.3 with /opt/arduino-ide/resources/app/lib/backend/plugin-vscode-init)
2024-08-27 17:36:31 2024-08-27T16:36:31.126Z root INFO [hosted-plugin: 64509] PLUGIN_HOST(64509): initializing(vscode-language-pack-it@1.80.0 with /opt/arduino-ide/resources/app/lib/backend/plugin-vscode-init)
2024-08-27 17:36:31 2024-08-27T16:36:31.126Z root INFO [hosted-plugin: 64509] PLUGIN_HOST(64509): initializing(vscode-language-pack-ja@1.80.0 with /opt/arduino-ide/resources/app/lib/backend/plugin-vscode-init)
2024-08-27 17:36:31 2024-08-27T16:36:31.126Z root INFO [hosted-plugin: 64509] PLUGIN_HOST(64509): initializing(vscode-language-pack-ko@1.80.0 with /opt/arduino-ide/resources/app/lib/backend/plugin-vscode-init)
2024-08-27 17:36:31 2024-08-27T16:36:31.127Z root INFO [hosted-plugin: 64509] PLUGIN_HOST(64509): initializing(vscode-language-pack-nl@1.48.3 with /opt/arduino-ide/resources/app/lib/backend/plugin-vscode-init)
2024-08-27 17:36:31 2024-08-27T16:36:31.127Z root INFO [hosted-plugin: 64509] PLUGIN_HOST(64509): initializing(vscode-language-pack-pl@1.80.0 with /opt/arduino-ide/resources/app/lib/backend/plugin-vscode-init)
2024-08-27 17:36:31 2024-08-27T16:36:31.127Z root INFO [hosted-plugin: 64509] PLUGIN_HOST(64509): initializing(vscode-language-pack-pt-BR@1.80.0 with /opt/arduino-ide/resources/app/lib/backend/plugin-vscode-init)
2024-08-27 17:36:31 2024-08-27T16:36:31.128Z root INFO [hosted-plugin: 64509] PLUGIN_HOST(64509): initializing(vscode-language-pack-ru@1.80.0 with /opt/arduino-ide/resources/app/lib/backend/plugin-vscode-init)
2024-08-27 17:36:31 2024-08-27T16:36:31.128Z root INFO [hosted-plugin: 64509] PLUGIN_HOST(64509): initializing(vscode-language-pack-tr@1.80.0 with /opt/arduino-ide/resources/app/lib/backend/plugin-vscode-init)
2024-08-27 17:36:31 2024-08-27T16:36:31.128Z root INFO [hosted-plugin: 64509] PLUGIN_HOST(64509): initializing(vscode-language-pack-uk@1.48.3 with /opt/arduino-ide/resources/app/lib/backend/plugin-vscode-init)
2024-08-27 17:36:31 2024-08-27T16:36:31.129Z root INFO [hosted-plugin: 64509] PLUGIN_HOST(64509): initializing(vscode-language-pack-zh-hans@1.80.0 with /opt/arduino-ide/resources/app/lib/backend/plugin-vscode-init)
2024-08-27 17:36:31 2024-08-27T16:36:31.129Z root INFO [hosted-plugin: 64509] PLUGIN_HOST(64509): initializing(vscode-language-pack-zh-hant@1.80.0 with /opt/arduino-ide/resources/app/lib/backend/plugin-vscode-init)
2024-08-27 17:36:31 2024-08-27T16:36:31.170Z root INFO [hosted-plugin: 64509] PLUGIN_HOST(64509): PluginManagerExtImpl/loadPlugin(/opt/arduino-ide/resources/app/plugins/vscode-arduino-api/extension/dist/extension.js)
2024-08-27 17:36:31 2024-08-27T16:36:31.176Z root INFO [hosted-plugin: 64509] calling activation function on Arduino IDE API for VS Code extensions
2024-08-27 17:36:31 2024-08-27T16:36:31.488Z root INFO Replace loading indicator with ready workbench UI (animation): 1092.2 ms [Finished 6.279 s after frontend start]
2024-08-27 17:36:31 2024-08-27T16:36:31.490Z root INFO Frontend application start: 4850.6 ms [Finished 18.594 s after backend start]
2024-08-27 17:36:31 2024-08-27T16:36:31.494Z root INFO Changed application state from 'initialized_layout' to 'ready'.
2024-08-27 17:36:31 2024-08-27T16:36:31.495Z root WARN Linked preference "workbench.colorCustomizations" not found.
2024-08-27 17:36:31 2024-08-27T16:36:31.497Z root INFO Executing startup tasks:
2024-08-27 17:36:31 2024-08-27T16:36:31.497Z root INFO  - 'arduino-use-inherited-boards-data' , args: [{"fqbn":"esp32:esp32:esp32wrover","data":{"configOptions":[{"label":"Upload Speed","option":"UploadSpeed","values":[{"value":"921600","label":"921600","selected":true},{"value":"115200","label":"115200","selected":false},{"value":"230400","label":"230400","selected":false},{"value":"460800","label":"460800","selected":false}]},{"label":"Flash Frequency","option":"FlashFreq","values":[{"value":"80","label":"80MHz","selected":true},{"value":"40","label":"40MHz","selected":false}]},{"label":"Flash Mode","option":"FlashMode","values":[{"value":"qio","label":"QIO","selected":true},{"value":"dio","label":"DIO","selected":false},{"value":"qout","label":"QOUT","selected":false},{"value":"dout","label":"DOUT","selected":false}]},{"label":"Partition Scheme","option":"PartitionScheme","values":[{"value":"default","label":"Default 4MB with spiffs (1.2MB APP/1.5MB SPIFFS)","selected":true},{"value":"defaultffat","label":"Default 4MB with ffat (1.2MB APP/1.5MB FATFS)","selected":false},{"value":"default_8MB","label":"8M Flash (3MB APP/1.5MB FAT)","selected":false},{"value":"minimal","label":"Minimal (1.3MB APP/700KB SPIFFS)","selected":false},{"value":"no_ota","label":"No OTA (2MB APP/2MB SPIFFS)","selected":false},{"value":"noota_3g","label":"No OTA (1MB APP/3MB SPIFFS)","selected":false},{"value":"noota_ffat","label":"No OTA (2MB APP/2MB FATFS)","selected":false},{"value":"noota_3gffat","label":"No OTA (1MB APP/3MB FATFS)","selected":false},{"value":"huge_app","label":"Huge APP (3MB No OTA/1MB SPIFFS)","selected":false},{"value":"min_spiffs","label":"Minimal SPIFFS (1.9MB APP with OTA/190KB SPIFFS)","selected":false},{"value":"fatflash","label":"16M Flash (2MB APP/12.5MB FAT)","selected":false}]},{"label":"Core Debug Level","option":"DebugLevel","values":[{"value":"none","label":"None","selected":true},{"value":"error","label":"Error","selected":false},{"value":"warn","label":"Warn","selected":false},{"value":"info","label":"Info","selected":false},{"value":"debug","label":"Debug","selected":false},{"value":"verbose","label":"Verbose","selected":false}]}],"programmers":[]}}]
2024-08-27 17:36:31 2024-08-27T16:36:31.497Z root INFO  - 'arduino-use-inherited-boards-config' , args: [{"selectedBoard":{"name":"ESP32 Wrover Module","fqbn":"esp32:esp32:esp32wrover"},"selectedPort":{"protocol":"serial","address":"/dev/ttyUSB0"}},{"arduino+serial:///dev/ttyUSB0":{"name":"ESP32 Wrover Module","fqbn":"esp32:esp32:esp32wrover"},"arduino+serial:///dev/ttyUSB1":{"name":"ESP32 Wrover Module","fqbn":"esp32:esp32:esp32wrover"}}]
2024-08-27 17:36:31 2024-08-27T16:36:31.497Z root INFO  - 'arduino-sketchbook--reveal-sketch-node' , args: ["sketchbook-composite-widget","file:///home/posaidon/Arduino/car"]
2024-08-27 17:36:31 2024-08-27T16:36:31.571Z root INFO [hosted-plugin: 64509] PLUGIN_HOST(64509): PluginManagerExtImpl/loadPlugin(/opt/arduino-ide/resources/app/plugins/vscode-builtin-json-language-features/extension/client/dist/jsonMain)
2024-08-27 17:36:31 2024-08-27T16:36:31.577Z root WARN Could not find tree node with URI: file:///home/posaidon/Arduino/car
2024-08-27 17:36:31 2024-08-27T16:36:31.611Z root INFO [hosted-plugin: 64509] calling activation function on JSON Language Features (built-in)
2024-08-27 17:36:31 2024-08-27T16:36:31.907Z daemon INFO time="2024-08-27T17:36:31+01:00" level=info msg="Tool required for debug" tool="esp32:esptool_py@3.0.0"
time="2024-08-27T17:36:31+01:00" level=info msg="Tool required for debug" tool="esp32:mkspiffs@0.2.3"
time="2024-08-27T17:36:31+01:00" level=info msg="Tool required for debug" tool="esp32:xtensa-esp32-elf-gcc@1.22.0-97-gc752ad5-5.2.0"
time="2024-08-27T17:36:31+01:00" level=info msg="Tool required for debug" tool="builtin:ctags@5.8-arduino11"
time="2024-08-27T17:36:31+01:00" level=info msg="Tool required for debug" tool="builtin:dfu-discovery@0.1.2"
2024-08-27 17:36:31 2024-08-27T16:36:31.908Z root ERROR Failed to get debug config: esp32:esp32:esp32wrover:UploadSpeed=921600,FlashFreq=80,FlashMode=qio,PartitionScheme=default,DebugLevel=none, undefined Error: Debugging is not supported.
    at Object.callback (/opt/arduino-ide/resources/app/lib/backend/main.js:2:81196)
    at Object.onReceiveStatus (/opt/arduino-ide/resources/app/lib/backend/main.js:2:788562)
    at Object.onReceiveStatus (/opt/arduino-ide/resources/app/lib/backend/main.js:2:784513)
    at Object.onReceiveStatus (/opt/arduino-ide/resources/app/lib/backend/main.js:2:783958)
    at /opt/arduino-ide/resources/app/lib/backend/main.js:2:870080
    at process.processTicksAndRejections (node:internal/process/task_queues:77:11)
2024-08-27 17:36:31 2024-08-27T16:36:31.908Z root ERROR Request checkDebugEnabled failed with error: Debugging is not supported. Error: Debugging is not supported.
    at Object.callback (/opt/arduino-ide/resources/app/lib/backend/main.js:2:81196)
    at Object.onReceiveStatus (/opt/arduino-ide/resources/app/lib/backend/main.js:2:788562)
    at Object.onReceiveStatus (/opt/arduino-ide/resources/app/lib/backend/main.js:2:784513)
    at Object.onReceiveStatus (/opt/arduino-ide/resources/app/lib/backend/main.js:2:783958)
    at /opt/arduino-ide/resources/app/lib/backend/main.js:2:870080
    at process.processTicksAndRejections (node:internal/process/task_queues:77:11)
2024-08-27 17:36:31 2024-08-27T16:36:31.909Z daemon INFO time="2024-08-27T17:36:31+01:00" level=info msg="Tool required for debug" tool="builtin:mdns-discovery@1.0.9"
time="2024-08-27T17:36:31+01:00" level=info msg="Tool required for debug" tool="arduino:arduinoOTA@1.3.0"
time="2024-08-27T17:36:31+01:00" level=info msg="Tool required for debug" tool="arduino:avr-gcc@7.3.0-atmel3.6.1-arduino7"
time="2024-08-27T17:36:31+01:00" level=info msg="Tool required for debug" tool="builtin:serial-discovery@1.4.1"
time="2024-08-27T17:36:31+01:00" level=info msg="Tool required for debug" tool="builtin:serial-monitor@0.14.1"
time="2024-08-27T17:36:31+01:00" level=info msg="Tool required for debug" tool="arduino:avrdude@6.3.0-arduino17"
time="2024-08-27T17:36:31+01:00" level=info msg="Tool required for debug" tool="esp32:esptool_py@3.0.0"
time="2024-08-27T17:36:31+01:00" level=info msg="Tool required for debug" tool="esp32:mkspiffs@0.2.3"
time="2024-08-27T17:36:31+01:00" level=info msg="Tool required for debug" tool="esp32:xtensa-esp32-elf-gcc@1.22.0-97-gc752ad5-5.2.0"
time="2024-08-27T17:36:31+01:00" level=info msg="Tool required for debug" tool="arduino:arduinoOTA@1.3.0"
time="2024-08-27T17:36:31+01:00" level=info msg="Tool required for debug" tool="arduino:avrdude@6.3.0-arduino17"
time="2024-08-27T17:36:31+01:00" level=info msg="Tool required for debug" tool="arduino:avr-gcc@7.3.0-atmel3.6.1-arduino7"
time="2024-08-27T17:36:31+01:00" level=info msg="Tool required for debug" tool="builtin:mdns-discovery@1.0.9"
time="2024-08-27T17:36:31+01:00" level=info msg="Tool required for debug" tool="builtin:serial-discovery@1.4.1"
time="2024-08-27T17:36:31+01:00" level=info msg="Tool required for debug" tool="builtin:serial-monitor@0.14.1"
time="2024-08-27T17:36:31+01:00" level=info msg="Tool required for debug" tool="builtin:ctags@5.8-arduino11"
time="2024-08-27T17:36:31+01:00" level=info msg="Tool required for debug" tool="builtin:dfu-discovery@0.1.2"
2024-08-27 17:36:31 2024-08-27T16:36:31.910Z root ERROR Failed to get debug config: esp32:esp32:esp32wrover:UploadSpeed=921600,FlashFreq=80,FlashMode=qio,PartitionScheme=default,DebugLevel=none, undefined Error: Debugging is not supported.
    at Object.callback (/opt/arduino-ide/resources/app/lib/backend/main.js:2:81196)
    at Object.onReceiveStatus (/opt/arduino-ide/resources/app/lib/backend/main.js:2:788562)
    at Object.onReceiveStatus (/opt/arduino-ide/resources/app/lib/backend/main.js:2:784513)
    at Object.onReceiveStatus (/opt/arduino-ide/resources/app/lib/backend/main.js:2:783958)
    at /opt/arduino-ide/resources/app/lib/backend/main.js:2:870080
    at process.processTicksAndRejections (node:internal/process/task_queues:77:11)
2024-08-27 17:36:31 2024-08-27T16:36:31.910Z root ERROR Request checkDebugEnabled failed with error: Debugging is not supported. Error: Debugging is not supported.
    at Object.callback (/opt/arduino-ide/resources/app/lib/backend/main.js:2:81196)
    at Object.onReceiveStatus (/opt/arduino-ide/resources/app/lib/backend/main.js:2:788562)
    at Object.onReceiveStatus (/opt/arduino-ide/resources/app/lib/backend/main.js:2:784513)
    at Object.onReceiveStatus (/opt/arduino-ide/resources/app/lib/backend/main.js:2:783958)
    at /opt/arduino-ide/resources/app/lib/backend/main.js:2:870080
    at process.processTicksAndRejections (node:internal/process/task_queues:77:11)
2024-08-27 17:36:31 2024-08-27T16:36:31.947Z daemon INFO time="2024-08-27T17:36:31+01:00" level=info msg="Tool required for debug" tool="arduino:arduinoOTA@1.3.0"
time="2024-08-27T17:36:31+01:00" level=info msg="Tool required for debug" tool="arduino:arduinoOTA@1.3.0"
time="2024-08-27T17:36:31+01:00" level=info msg="Tool required for debug" tool="arduino:avrdude@6.3.0-arduino17"
time="2024-08-27T17:36:31+01:00" level=info msg="Tool required for debug" tool="esp32:xtensa-esp32-elf-gcc@1.22.0-97-gc752ad5-5.2.0"
time="2024-08-27T17:36:31+01:00" level=info msg="Tool required for debug" tool="builtin:mdns-discovery@1.0.9"
time="2024-08-27T17:36:31+01:00" level=info msg="Tool required for debug" tool="builtin:serial-discovery@1.4.1"
time="2024-08-27T17:36:31+01:00" level=info msg="Tool required for debug" tool="builtin:serial-monitor@0.14.1"
time="2024-08-27T17:36:31+01:00" level=info msg="Tool required for debug" tool="builtin:ctags@5.8-arduino11"
time="2024-08-27T17:36:31+01:00" level=info msg="Tool required for debug" tool="esp32:esptool_py@3.0.0"
time="2024-08-27T17:36:31+01:00" level=info msg="Tool required for debug" tool="arduino:avr-gcc@7.3.0-atmel3.6.1-arduino7"
time="2024-08-27T17:36:31+01:00" level=info msg="Tool required for debug" tool="esp32:mkspiffs@0.2.3"
time="2024-08-27T17:36:31+01:00" level=info msg="Tool required for debug" tool="builtin:dfu-discovery@0.1.2"
2024-08-27 17:36:31 2024-08-27T16:36:31.949Z root ERROR Failed to get debug config: arduino:avr:uno, undefined Error: Debugging is not supported.
    at Object.callback (/opt/arduino-ide/resources/app/lib/backend/main.js:2:81196)
    at Object.onReceiveStatus (/opt/arduino-ide/resources/app/lib/backend/main.js:2:788562)
    at Object.onReceiveStatus (/opt/arduino-ide/resources/app/lib/backend/main.js:2:784513)
    at Object.onReceiveStatus (/opt/arduino-ide/resources/app/lib/backend/main.js:2:783958)
    at /opt/arduino-ide/resources/app/lib/backend/main.js:2:870080
    at process.processTicksAndRejections (node:internal/process/task_queues:77:11)
2024-08-27 17:36:31 2024-08-27T16:36:31.949Z root ERROR Request checkDebugEnabled failed with error: Debugging is not supported. Error: Debugging is not supported.
    at Object.callback (/opt/arduino-ide/resources/app/lib/backend/main.js:2:81196)
    at Object.onReceiveStatus (/opt/arduino-ide/resources/app/lib/backend/main.js:2:788562)
    at Object.onReceiveStatus (/opt/arduino-ide/resources/app/lib/backend/main.js:2:784513)
    at Object.onReceiveStatus (/opt/arduino-ide/resources/app/lib/backend/main.js:2:783958)
    at /opt/arduino-ide/resources/app/lib/backend/main.js:2:870080
    at process.processTicksAndRejections (node:internal/process/task_queues:77:11)
2024-08-27 17:36:32 2024-08-27T16:36:32.029Z root INFO [hosted-plugin: 64509] PLUGIN_HOST(64509): PluginManagerExtImpl/loadPlugin(/opt/arduino-ide/resources/app/plugins/vscode-arduino-tools/extension/dist/extension.js)
2024-08-27 17:36:32 2024-08-27T16:36:32.073Z root INFO [hosted-plugin: 64509] calling activation function on VS Code Arduino Tools
2024-08-27 17:36:32 2024-08-27T16:36:32.097Z root INFO [4e59678a-b392-464d-a683-626389b7a194] Starting plugins.
2024-08-27 17:36:32 2024-08-27T16:36:32.115Z root INFO [hosted-plugin: 64509] PLUGIN_HOST(64509): PluginManagerExtImpl/loadPlugin(/opt/arduino-ide/resources/app/plugins/cortex-debug/extension/dist/extension.js)
2024-08-27 17:36:32 2024-08-27T16:36:32.144Z root INFO [hosted-plugin: 64509] Debug configuration provider has been registered: cortex-debug, trigger: 1
2024-08-27 17:36:32 2024-08-27T16:36:32.145Z root INFO [hosted-plugin: 64509] calling activation function on Cortex-Debug
2024-08-27 17:36:32 2024-08-27T16:36:32.148Z root INFO [hosted-plugin: 64509] GDB server console created
2024-08-27 17:36:32 2024-08-27T16:36:32.159Z root INFO [4e59678a-b392-464d-a683-626389b7a194] Start of 23 plugins: 2066.5 ms [Finished 7.265 s after frontend start]
2024-08-27 17:36:32 2024-08-27T16:36:32.190Z root INFO Starting language server: esp32:esp32:esp32wrover:UploadSpeed=921600,FlashFreq=80,FlashMode=qio,PartitionScheme=default,DebugLevel=none
2024-08-27 17:36:32 2024-08-27T16:36:32.252Z daemon INFO time="2024-08-27T17:36:32+01:00" level=info msg="Adding libraries dir" dir=/home/posaidon/.arduino15/libraries location=ide
time="2024-08-27T17:36:32+01:00" level=info msg="Adding libraries dir" dir=/home/posaidon/.arduino15/packages/esp32/hardware/esp32/1.0.6/libraries location=platform
time="2024-08-27T17:36:32+01:00" level=info msg="Adding libraries dir" dir=/home/posaidon/Arduino/libraries location=user
2024-08-27 17:36:32 2024-08-27T16:36:32.304Z root INFO Starting language server: arduino:avr:uno
2024-08-27 17:36:32 2024-08-27T16:36:32.446Z daemon INFO time="2024-08-27T17:36:32+01:00" level=info msg="Resolving include Servo.h for arch esp32"
time="2024-08-27T17:36:32+01:00" level=info msg="  found better lib" lib=Servo prio=2BC
2024-08-27 17:36:32 2024-08-27T16:36:32.446Z daemon INFO time="2024-08-27T17:36:32+01:00" level=info msg="  found better lib" lib=Servo prio=2BF
2024-08-27 17:36:33 2024-08-27T16:36:33.084Z daemon INFO time="2024-08-27T17:36:33+01:00" level=info msg="Adding libraries dir" dir=/home/posaidon/.arduino15/libraries location=ide
time="2024-08-27T17:36:33+01:00" level=info msg="Adding libraries dir" dir=/home/posaidon/.arduino15/packages/esp32/hardware/esp32/1.0.6/libraries location=platform
time="2024-08-27T17:36:33+01:00" level=info msg="Adding libraries dir" dir=/home/posaidon/Arduino/libraries location=user
2024-08-27 17:36:33 2024-08-27T16:36:33.497Z daemon INFO time="2024-08-27T17:36:33+01:00" level=info msg="Checking signature" index=/home/posaidon/.arduino15/package_index.json signatureFile=/home/posaidon/.arduino15/package_index.json.sig trusted=true
2024-08-27 17:36:33 2024-08-27T16:36:33.501Z daemon INFO time="2024-08-27T17:36:33+01:00" level=info msg="Missing signature file" index=/home/posaidon/.arduino15/package_esp8266com_index.json
2024-08-27 17:36:33 2024-08-27T16:36:33.502Z daemon INFO time="2024-08-27T17:36:33+01:00" level=info msg="Loading hardware from: /home/posaidon/.arduino15/packages"
2024-08-27 17:36:33 2024-08-27T16:36:33.502Z daemon INFO time="2024-08-27T17:36:33+01:00" level=info msg="Loading package arduino from: /home/posaidon/.arduino15/packages/arduino/hardware"
2024-08-27 17:36:33 2024-08-27T16:36:33.507Z root ERROR Detected an error response during the gRPC core client initialization: code: 9, message: Loading index file: loading json index file /home/posaidon/.arduino15/package_esp32_index.json: parse error: syntax error near offset 0 of '<!DOCTYPE ...'
2024-08-27 17:36:33 2024-08-27T16:36:33.507Z daemon INFO time="2024-08-27T17:36:33+01:00" level=info msg="Missing signature file" index=/home/posaidon/.arduino15/packages/arduino/hardware/avr/1.8.6/installed.json
time="2024-08-27T17:36:33+01:00" level=info msg="Adding monitor tool" protocol=serial tool="builtin:serial-monitor"
time="2024-08-27T17:36:33+01:00" level=info msg="Loaded platform" platform="arduino:avr@1.8.6"
2024-08-27 17:36:33 2024-08-27T16:36:33.508Z daemon INFO time="2024-08-27T17:36:33+01:00" level=info msg="Missing signature file" index=/home/posaidon/.arduino15/packages/arduino/hardware/megaavr/1.8.8/installed.json
2024-08-27 17:36:33 2024-08-27T16:36:33.510Z daemon INFO time="2024-08-27T17:36:33+01:00" level=info msg="Adding monitor tool" protocol=serial tool="builtin:serial-monitor"
time="2024-08-27T17:36:33+01:00" level=info msg="Loaded platform" platform="arduino:megaavr@1.8.8"
time="2024-08-27T17:36:33+01:00" level=info msg="Checking existence of 'tools' path: /home/posaidon/.arduino15/packages/arduino/tools"
time="2024-08-27T17:36:33+01:00" level=info msg="Loading tools from dir: /home/posaidon/.arduino15/packages/arduino/tools"
time="2024-08-27T17:36:33+01:00" level=info msg="Loaded tool" tool="arduino:arduinoOTA@1.3.0"
time="2024-08-27T17:36:33+01:00" level=info msg="Loaded tool" tool="arduino:avr-gcc@7.3.0-atmel3.6.1-arduino5"
time="2024-08-27T17:36:33+01:00" level=info msg="Loaded tool" tool="arduino:avr-gcc@7.3.0-atmel3.6.1-arduino7"
time="2024-08-27T17:36:33+01:00" level=info msg="Loaded tool" tool="arduino:avrdude@6.3.0-arduino17"
time="2024-08-27T17:36:33+01:00" level=info msg="Loading package builtin from: /home/posaidon/.arduino15/packages/builtin"
time="2024-08-27T17:36:33+01:00" level=info msg="Checking existence of 'tools' path: /home/posaidon/.arduino15/packages/builtin/tools"
time="2024-08-27T17:36:33+01:00" level=info msg="Loading tools from dir: /home/posaidon/.arduino15/packages/builtin/tools"
time="2024-08-27T17:36:33+01:00" level=info msg="Loaded tool" tool="builtin:ctags@5.8-arduino11"
time="2024-08-27T17:36:33+01:00" level=info msg="Loaded tool" tool="builtin:dfu-discovery@0.1.2"
time="2024-08-27T17:36:33+01:00" level=info msg="Loaded tool" tool="builtin:mdns-discovery@1.0.9"
time="2024-08-27T17:36:33+01:00" level=info msg="Loaded tool" tool="builtin:serial-discovery@1.4.0"
time="2024-08-27T17:36:33+01:00" level=info msg="Loaded tool" tool="builtin:serial-discovery@1.4.1"
time="2024-08-27T17:36:33+01:00" level=info msg="Loaded tool" tool="builtin:serial-monitor@0.13.0"
time="2024-08-27T17:36:33+01:00" level=info msg="Loaded tool" tool="builtin:serial-monitor@0.14.1"
time="2024-08-27T17:36:33+01:00" level=info msg="Loading package esp32 from: /home/posaidon/.arduino15/packages/esp32/hardware"
2024-08-27 17:36:33 2024-08-27T16:36:33.511Z daemon INFO time="2024-08-27T17:36:33+01:00" level=info msg="Missing signature file" index=/home/posaidon/.arduino15/packages/esp32/hardware/esp32/1.0.6/installed.json
2024-08-27 17:36:33 2024-08-27T16:36:33.525Z daemon INFO time="2024-08-27T17:36:33+01:00" level=info msg="Adding monitor tool" protocol=serial tool="builtin:serial-monitor"
time="2024-08-27T17:36:33+01:00" level=info msg="Loaded platform" platform="esp32:esp32@1.0.6"
time="2024-08-27T17:36:33+01:00" level=info msg="Checking existence of 'tools' path: /home/posaidon/.arduino15/packages/esp32/tools"
time="2024-08-27T17:36:33+01:00" level=info msg="Loading tools from dir: /home/posaidon/.arduino15/packages/esp32/tools"
2024-08-27 17:36:33 2024-08-27T16:36:33.525Z daemon INFO time="2024-08-27T17:36:33+01:00" level=info msg="Loaded tool" tool="esp32:esptool_py@3.0.0"
time="2024-08-27T17:36:33+01:00" level=info msg="Loaded tool" tool="esp32:mkspiffs@0.2.3"
time="2024-08-27T17:36:33+01:00" level=info msg="Loaded tool" tool="esp32:xtensa-esp32-elf-gcc@1.22.0-97-gc752ad5-5.2.0"
time="2024-08-27T17:36:33+01:00" level=info msg="sending command QUIT to discovery builtin:serial-discovery"
2024-08-27 17:36:33 2024-08-27T16:36:33.525Z daemon INFO time="2024-08-27T17:36:33+01:00" level=info msg="from discovery builtin:serial-discovery received message type: quit, message: OK"
time="2024-08-27T17:36:33+01:00" level=info msg="killing discovery builtin:serial-discovery process"
2024-08-27 17:36:33 2024-08-27T16:36:33.526Z daemon INFO time="2024-08-27T17:36:33+01:00" level=info msg="Discovery event channel closed builtin:serial-discovery. Exiting goroutine."
2024-08-27 17:36:33 2024-08-27T16:36:33.527Z daemon INFO time="2024-08-27T17:36:33+01:00" level=info msg="killed discovery builtin:serial-discovery process"
time="2024-08-27T17:36:33+01:00" level=info msg="Closed and removed discovery builtin:serial-discovery"
time="2024-08-27T17:36:33+01:00" level=info msg="sending command QUIT to discovery builtin:mdns-discovery"
2024-08-27 17:36:33 2024-08-27T16:36:33.527Z daemon INFO time="2024-08-27T17:36:33+01:00" level=info msg="from discovery builtin:mdns-discovery received message type: quit, message: OK"
time="2024-08-27T17:36:33+01:00" level=info msg="killing discovery builtin:mdns-discovery process"
2024-08-27 17:36:33 2024-08-27T16:36:33.527Z daemon INFO time="2024-08-27T17:36:33+01:00" level=info msg="Discovery event channel closed builtin:mdns-discovery. Exiting goroutine."
2024-08-27 17:36:33 2024-08-27T16:36:33.527Z daemon INFO time="2024-08-27T17:36:33+01:00" level=info msg="killed discovery builtin:mdns-discovery process"
time="2024-08-27T17:36:33+01:00" level=info msg="Closed and removed discovery builtin:mdns-discovery"
2024-08-27 17:36:33 2024-08-27T16:36:33.527Z daemon INFO time="2024-08-27T17:36:33+01:00" level=info msg="starting discovery builtin:serial-discovery process"
2024-08-27 17:36:33 2024-08-27T16:36:33.528Z daemon INFO time="2024-08-27T17:36:33+01:00" level=info msg="started discovery builtin:serial-discovery process"
time="2024-08-27T17:36:33+01:00" level=info msg="sending command HELLO 1 \"arduino-cli 0.35.3\" to discovery builtin:serial-discovery"
2024-08-27 17:36:33 2024-08-27T16:36:33.530Z daemon INFO time="2024-08-27T17:36:33+01:00" level=info msg="from discovery builtin:serial-discovery received message type: hello, message: OK, protocol version: 1"
time="2024-08-27T17:36:33+01:00" level=info msg="sending command START_SYNC to discovery builtin:serial-discovery"
2024-08-27 17:36:33 2024-08-27T16:36:33.532Z daemon INFO time="2024-08-27T17:36:33+01:00" level=info msg="from discovery builtin:serial-discovery received message type: start_sync, message: OK"
2024-08-27 17:36:33 2024-08-27T16:36:33.532Z daemon INFO time="2024-08-27T17:36:33+01:00" level=info msg="starting discovery builtin:mdns-discovery process"
2024-08-27 17:36:33 2024-08-27T16:36:33.532Z daemon INFO time="2024-08-27T17:36:33+01:00" level=info msg="started discovery builtin:mdns-discovery process"
2024-08-27 17:36:33 2024-08-27T16:36:33.532Z daemon INFO time="2024-08-27T17:36:33+01:00" level=info msg="sending command HELLO 1 \"arduino-cli 0.35.3\" to discovery builtin:mdns-discovery"
2024-08-27 17:36:33 2024-08-27T16:36:33.534Z daemon INFO time="2024-08-27T17:36:33+01:00" level=info msg="from discovery builtin:mdns-discovery received message type: hello, message: OK, protocol version: 1"
time="2024-08-27T17:36:33+01:00" level=info msg="sending command START_SYNC to discovery builtin:mdns-discovery"
2024-08-27 17:36:33 2024-08-27T16:36:33.535Z daemon INFO time="2024-08-27T17:36:33+01:00" level=info msg="from discovery builtin:mdns-discovery received message type: start_sync, message: OK"
2024-08-27 17:36:33 2024-08-27T16:36:33.535Z daemon INFO time="2024-08-27T17:36:33+01:00" level=info msg="Adding libraries dir" dir=/home/posaidon/.arduino15/packages/esp32/hardware/esp32/1.0.6/libraries location=platform
2024-08-27 17:36:33 2024-08-27T16:36:33.536Z daemon INFO time="2024-08-27T17:36:33+01:00" level=info msg="Adding libraries dir" dir=/home/posaidon/.arduino15/packages/arduino/hardware/avr/1.8.6/libraries location=platform
2024-08-27 17:36:33 2024-08-27T16:36:33.536Z daemon INFO time="2024-08-27T17:36:33+01:00" level=info msg="Adding libraries dir" dir=/home/posaidon/.arduino15/packages/arduino/hardware/megaavr/1.8.8/libraries location=platform
time="2024-08-27T17:36:33+01:00" level=info msg="Loading libraries index file" index=/home/posaidon/.arduino15/library_index.json
2024-08-27 17:36:33 2024-08-27T16:36:33.811Z daemon INFO time="2024-08-27T17:36:33+01:00" level=info msg="Adding libraries dir" dir=/home/posaidon/.arduino15/libraries location=ide
time="2024-08-27T17:36:33+01:00" level=info msg="Adding libraries dir" dir=/home/posaidon/Arduino/libraries location=user
2024-08-27 17:36:34 2024-08-27T16:36:34.453Z daemon INFO time="2024-08-27T17:36:34+01:00" level=info msg="Adding libraries dir" dir=/home/posaidon/.arduino15/libraries location=ide
time="2024-08-27T17:36:34+01:00" level=info msg="Adding libraries dir" dir=/home/posaidon/.arduino15/packages/arduino/hardware/avr/1.8.6/libraries location=platform
2024-08-27 17:36:34 2024-08-27T16:36:34.453Z daemon INFO time="2024-08-27T17:36:34+01:00" level=info msg="Adding libraries dir" dir=/home/posaidon/Arduino/libraries location=user
2024-08-27 17:36:34 2024-08-27T16:36:34.534Z daemon INFO time="2024-08-27T17:36:34+01:00" level=info msg="Resolving include Servo.h for arch avr"
time="2024-08-27T17:36:34+01:00" level=info msg="  found better lib" lib=Servo prio=6AE
time="2024-08-27T17:36:34+01:00" level=info msg="  found better lib" lib=Servo prio=6B1
2024-08-27 17:36:34 2024-08-27T16:36:34.894Z daemon INFO time="2024-08-27T17:36:34+01:00" level=info msg="Adding libraries dir" dir=/home/posaidon/.arduino15/libraries location=ide
time="2024-08-27T17:36:34+01:00" level=info msg="Adding libraries dir" dir=/home/posaidon/.arduino15/packages/arduino/hardware/avr/1.8.6/libraries location=platform
time="2024-08-27T17:36:34+01:00" level=info msg="Adding libraries dir" dir=/home/posaidon/Arduino/libraries location=user
2024-08-27 17:41:11 isTempSketch: false. Input was /home/posaidon/Arduino/car
2024-08-27 17:41:11 Marking workspace as a closed sketch. Workspace URI: file:///home/posaidon/Arduino/car. Date: 1724776871481.
2024-08-27 17:41:11 isTempSketch: false. Input was /home/posaidon/Arduino/car
2024-08-27 17:41:11 Marking workspace as a closed sketch. Workspace URI: file:///home/posaidon/Arduino/car. Date: 1724776871488.
2024-08-27 17:41:11 Closing channel on service path '/services/electron-window'.
2024-08-27 17:41:11 Closing channel on service path '/services/ide-updater'.
2024-08-27 17:41:11 Skipped storing sketch as workspace root. Expected minimum threshold: <1724776870504>. Was: <1724776587168>.
2024-08-27 17:41:11 Skipped storing sketch as workspace root. Expected minimum threshold: <1724776870504>. Was: <1724776587178>.
2024-08-27 17:41:11 Storing the sketch as a workspace root: </home/posaidon/Arduino/car>.
2024-08-27 17:41:11 Skipped storing sketch as workspace root. Already visited: </home/posaidon/Arduino/car>.
2024-08-27 17:41:11 Stored workspaces roots: /home/posaidon/Arduino/car
2024-08-27 17:41:11 No sketches were scheduled for deletion.
