2024-07-28 17:46:33 Arduino IDE 2.3.2
2024-07-28 17:46:33 Checking for frontend application configuration customizations. Module path: /opt/arduino-ide/resources/app/lib/backend/electron-main.js, destination 'package.json': /opt/arduino-ide/resources/app/package.json
2024-07-28 17:46:33 Setting 'theia.frontend.config.appVersion' application configuration value to: "2.3.2" (type of string)
2024-07-28 17:46:33 Setting 'theia.frontend.config.cliVersion' application configuration value to: "0.35.3" (type of string)
2024-07-28 17:46:33 Setting 'theia.frontend.config.buildDate' application configuration value to: "2024-02-20T09:54:08.669Z" (type of string)
2024-07-28 17:46:33 Frontend application configuration after modifications: {"applicationName":"Arduino IDE","defaultTheme":{"light":"arduino-theme","dark":"arduino-theme-dark"},"defaultIconTheme":"none","electron":{"windowOptions":{}},"defaultLocale":"","validatePreferencesSchema":false,"preferences":{"window.title":"${rootName}${activeEditorShort}${appName}","files.autoSave":"afterDelay","editor.minimap.enabled":false,"editor.tabSize":2,"editor.scrollBeyondLastLine":false,"editor.quickSuggestions":{"other":false,"comments":false,"strings":false},"editor.maxTokenizationLineLength":500,"editor.bracketPairColorization.enabled":false,"breadcrumbs.enabled":false,"workbench.tree.renderIndentGuides":"none","explorer.compactFolders":false},"appVersion":"2.3.2","cliVersion":"0.35.3","buildDate":"2024-02-20T09:54:08.669Z"}
2024-07-28 17:46:33 Starting backend process. PID: 81279
2024-07-28 17:46:34 Using browser-only version of superagent in non-browser environment
2024-07-28 17:46:34 Configuration directory URI: 'file:///home/posaidon/.arduinoIDE'
2024-07-28 17:46:34 Configuring to accept webviews on '^.+\.webview\..+$' hostname.
2024-07-28 17:46:34 2024-07-28T16:46:34.434Z root INFO Backend Object.initialize: 5.5 ms [Finished 0.499 s after backend start]
2024-07-28 17:46:34 2024-07-28T16:46:34.436Z root INFO Backend Object.configure: 4.7 ms [Finished 0.500 s after backend start]
2024-07-28 17:46:34 2024-07-28T16:46:34.436Z root INFO Backend s.onStart: 2.2 ms [Finished 0.500 s after backend start]
2024-07-28 17:46:34 2024-07-28T16:46:34.437Z root INFO Backend s.configure: 0.5 ms [Finished 0.524 s after backend start]
2024-07-28 17:46:34 2024-07-28T16:46:34.437Z root INFO Backend d.onStart: 0.3 ms [Finished 0.524 s after backend start]
2024-07-28 17:46:34 2024-07-28T16:46:34.438Z root INFO Backend d.configure: 0.1 ms [Finished 0.524 s after backend start]
2024-07-28 17:46:34 2024-07-28T16:46:34.439Z root INFO Backend d.initialize: 24.1 ms [Finished 0.524 s after backend start]
2024-07-28 17:46:34 2024-07-28T16:46:34.439Z root INFO Backend c.onStart: 0.3 ms [Finished 0.524 s after backend start]
2024-07-28 17:46:34 2024-07-28T16:46:34.440Z root INFO Backend a.configure: 2.0 ms [Finished 0.526 s after backend start]
2024-07-28 17:46:34 2024-07-28T16:46:34.441Z config INFO >>> Initializing CLI configuration...
2024-07-28 17:46:34 2024-07-28T16:46:34.441Z root INFO Backend c.initialize: 0.6 ms [Finished 0.526 s after backend start]
2024-07-28 17:46:34 2024-07-28T16:46:34.441Z root INFO Backend R.onStart: 0.6 ms [Finished 0.527 s after backend start]
2024-07-28 17:46:34 2024-07-28T16:46:34.441Z config INFO Loading CLI configuration from /home/posaidon/.arduinoIDE/arduino-cli.yaml...
2024-07-28 17:46:34 2024-07-28T16:46:34.442Z daemon INFO Starting daemon from /opt/arduino-ide/resources/app/lib/backend/resources/arduino-cli...
2024-07-28 17:46:34 2024-07-28T16:46:34.442Z root INFO Backend a.initialize: 0.5 ms [Finished 0.528 s after backend start]
2024-07-28 17:46:34 2024-07-28T16:46:34.442Z root INFO Backend w.onStart: 1.2 ms [Finished 0.529 s after backend start]
2024-07-28 17:46:34 2024-07-28T16:46:34.442Z root INFO Backend r.configure: 1.9 ms [Finished 0.529 s after backend start]
2024-07-28 17:46:34 2024-07-28T16:46:34.442Z discovery-log INFO start
2024-07-28 17:46:34 2024-07-28T16:46:34.442Z discovery-log INFO start new deferred
2024-07-28 17:46:34 2024-07-28T16:46:34.442Z root INFO Backend d.initialize: 0.4 ms [Finished 0.529 s after backend start]
2024-07-28 17:46:34 2024-07-28T16:46:34.442Z root INFO Backend y.onStart: 1.6 ms [Finished 0.530 s after backend start]
2024-07-28 17:46:34 2024-07-28T16:46:34.442Z root INFO Backend r.configure: 1.3 ms [Finished 0.531 s after backend start]
2024-07-28 17:46:34 2024-07-28T16:46:34.442Z root INFO Backend a.onStart: 0.4 ms [Finished 0.531 s after backend start]
2024-07-28 17:46:34 2024-07-28T16:46:34.442Z root INFO Backend h.configure: 0.4 ms [Finished 0.532 s after backend start]
2024-07-28 17:46:34 2024-07-28T16:46:34.442Z root INFO Backend s.configure: 0.1 ms [Finished 0.532 s after backend start]
2024-07-28 17:46:34 2024-07-28T16:46:34.442Z root INFO Backend l.configure: 0.0 ms [Finished 0.532 s after backend start]
2024-07-28 17:46:34 2024-07-28T16:46:34.444Z root INFO Theia app listening on http://127.0.0.1:40735.
2024-07-28 17:46:34 2024-07-28T16:46:34.444Z root INFO Finished starting backend application: 1.9 ms [Finished 0.533 s after backend start]
2024-07-28 17:46:34 2024-07-28T16:46:34.445Z root WARN The local plugin referenced by local-dir:/home/posaidon/.arduinoIDE/plugins does not exist.
2024-07-28 17:46:34 2024-07-28T16:46:34.445Z root WARN The local plugin referenced by local-dir:/home/posaidon/.arduinoIDE/extensions does not exist.
2024-07-28 17:46:34 2024-07-28T16:46:34.460Z config INFO Loaded CLI configuration: {"board_manager":{"additional_urls":[]},"build_cache":{"compilations_before_purge":10,"ttl":"720h0m0s"},"daemon":{"port":"50051"},"directories":{"data":"/home/posaidon/.arduino15","downloads":"/home/posaidon/.arduino15/staging","user":"/home/posaidon/Arduino"},"library":{"enable_unsafe_install":false},"logging":{"file":"","format":"text","level":"info"},"metrics":{"addr":":9090","enabled":true},"output":{"no_color":false},"sketch":{"always_export_binaries":false},"updater":{"enable_notification":true}}
2024-07-28 17:46:34 2024-07-28T16:46:34.460Z config INFO 'directories.data' and 'directories.user' are set in the CLI configuration model.
2024-07-28 17:46:34 2024-07-28T16:46:34.460Z config INFO Loaded the CLI configuration.
2024-07-28 17:46:34 2024-07-28T16:46:34.466Z config INFO Mapped the CLI configuration: {"dataDirUri":"file:///home/posaidon/.arduino15","sketchDirUri":"file:///home/posaidon/Arduino","additionalUrls":[],"network":"none","locale":"en"}
2024-07-28 17:46:34 2024-07-28T16:46:34.466Z config INFO Validating the CLI configuration...
2024-07-28 17:46:34 2024-07-28T16:46:34.469Z config INFO The CLI config is valid.
2024-07-28 17:46:34 2024-07-28T16:46:34.469Z config INFO <<< Initialized the CLI configuration.
2024-07-28 17:46:34 Restoring workspace roots: /home/posaidon/Arduino/SimpleReceiver
2024-07-28 17:46:34 isTempSketch: false. Input was /home/posaidon/Arduino/SimpleReceiver/SimpleReceiver.ino
2024-07-28 17:46:34 2024-07-28T16:46:34.481Z root INFO Resolve plugins list: 40.2 ms [Finished 0.571 s after backend start]
2024-07-28 17:46:34 2024-07-28T16:46:34.520Z daemon INFO time="2024-07-28T17:46:34+01:00" level=info msg="Using config file: /home/posaidon/.arduinoIDE/arduino-cli.yaml"
time="2024-07-28T17:46:34+01:00" level=info msg="arduino-cli version 0.35.3"
time="2024-07-28T17:46:34+01:00" level=info msg="Executing `arduino-cli daemon`"
2024-07-28 17:46:34 2024-07-28T16:46:34.540Z daemon INFO Daemon is now listening on 127.0.0.1:36115
{"IP":"127.0.0.1","Port":"36115"}
2024-07-28 17:46:34 2024-07-28T16:46:34.540Z daemon INFO Daemon is running.
2024-07-28 17:46:34 2024-07-28T16:46:34.688Z daemon INFO time="2024-07-28T17:46:34+01:00" level=info msg="Checking signature" index=/home/posaidon/.arduino15/package_index.json signatureFile=/home/posaidon/.arduino15/package_index.json.sig trusted=true
time="2024-07-28T17:46:34+01:00" level=info msg="Loading hardware from: /home/posaidon/.arduino15/packages"
time="2024-07-28T17:46:34+01:00" level=info msg="Loading package arduino from: /home/posaidon/.arduino15/packages/arduino/hardware"
time="2024-07-28T17:46:34+01:00" level=info msg="Missing signature file" index=/home/posaidon/.arduino15/packages/arduino/hardware/avr/1.8.6/installed.json
time="2024-07-28T17:46:34+01:00" level=info msg="Adding monitor tool" protocol=serial tool="builtin:serial-monitor"
time="2024-07-28T17:46:34+01:00" level=info msg="Loaded platform" platform="arduino:avr@1.8.6"
time="2024-07-28T17:46:34+01:00" level=info msg="Missing signature file" index=/home/posaidon/.arduino15/packages/arduino/hardware/megaavr/1.8.8/installed.json
time="2024-07-28T17:46:34+01:00" level=info msg="Adding monitor tool" protocol=serial tool="builtin:serial-monitor"
time="2024-07-28T17:46:34+01:00" level=info msg="Loaded platform" platform="arduino:megaavr@1.8.8"
time="2024-07-28T17:46:34+01:00" level=info msg="Checking existence of 'tools' path: /home/posaidon/.arduino15/packages/arduino/tools"
time="2024-07-28T17:46:34+01:00" level=info msg="Loading tools from dir: /home/posaidon/.arduino15/packages/arduino/tools"
time="2024-07-28T17:46:34+01:00" level=info msg="Loaded tool" tool="arduino:arduinoOTA@1.3.0"
time="2024-07-28T17:46:34+01:00" level=info msg="Loaded tool" tool="arduino:avr-gcc@7.3.0-atmel3.6.1-arduino5"
time="2024-07-28T17:46:34+01:00" level=info msg="Loaded tool" tool="arduino:avr-gcc@7.3.0-atmel3.6.1-arduino7"
time="2024-07-28T17:46:34+01:00" level=info msg="Loaded tool" tool="arduino:avrdude@6.3.0-arduino17"
time="2024-07-28T17:46:34+01:00" level=info msg="Loading package builtin from: /home/posaidon/.arduino15/packages/builtin"
time="2024-07-28T17:46:34+01:00" level=info msg="Checking existence of 'tools' path: /home/posaidon/.arduino15/packages/builtin/tools"
time="2024-07-28T17:46:34+01:00" level=info msg="Loading tools from dir: /home/posaidon/.arduino15/packages/builtin/tools"
time="2024-07-28T17:46:34+01:00" level=info msg="Loaded tool" tool="builtin:ctags@5.8-arduino11"
time="2024-07-28T17:46:34+01:00" level=info msg="Loaded tool" tool="builtin:dfu-discovery@0.1.2"
time="2024-07-28T17:46:34+01:00" level=info msg="Loaded tool" tool="builtin:mdns-discovery@1.0.9"
time="2024-07-28T17:46:34+01:00" level=info msg="Loaded tool" tool="builtin:serial-discovery@1.4.0"
time="2024-07-28T17:46:34+01:00" level=info msg="Loaded tool" tool="builtin:serial-discovery@1.4.1"
time="2024-07-28T17:46:34+01:00" level=info msg="Loaded tool" tool="builtin:serial-monitor@0.13.0"
time="2024-07-28T17:46:34+01:00" level=info msg="Loaded tool" tool="builtin:serial-monitor@0.14.1"
time="2024-07-28T17:46:34+01:00" level=info msg="Adding libraries dir" dir=/home/posaidon/.arduino15/packages/arduino/hardware/avr/1.8.6/libraries location=platform
time="2024-07-28T17:46:34+01:00" level=info msg="Adding libraries dir" dir=/home/posaidon/.arduino15/packages/arduino/hardware/megaavr/1.8.8/libraries location=platform
time="2024-07-28T17:46:34+01:00" level=info msg="Loading libraries index file" index=/home/posaidon/.arduino15/library_index.json
2024-07-28 17:46:34 2024-07-28T16:46:34.955Z daemon INFO time="2024-07-28T17:46:34+01:00" level=info msg="Adding libraries dir" dir=/home/posaidon/.arduino15/libraries location=ide
time="2024-07-28T17:46:34+01:00" level=info msg="Adding libraries dir" dir=/home/posaidon/Arduino/libraries location=user
2024-07-28 17:46:35 2024-07-28T16:46:35.023Z discovery-log INFO start resolved watching
2024-07-28 17:46:35 2024-07-28T16:46:35.030Z daemon INFO time="2024-07-28T17:46:35+01:00" level=info msg="starting discovery builtin:mdns-discovery process"
time="2024-07-28T17:46:35+01:00" level=info msg="starting discovery builtin:serial-discovery process"
time="2024-07-28T17:46:35+01:00" level=info msg="started discovery builtin:serial-discovery process"
time="2024-07-28T17:46:35+01:00" level=info msg="sending command HELLO 1 \"arduino-cli 0.35.3\" to discovery builtin:serial-discovery"
time="2024-07-28T17:46:35+01:00" level=info msg="started discovery builtin:mdns-discovery process"
time="2024-07-28T17:46:35+01:00" level=info msg="sending command HELLO 1 \"arduino-cli 0.35.3\" to discovery builtin:mdns-discovery"
2024-07-28 17:46:35 2024-07-28T16:46:35.041Z daemon INFO time="2024-07-28T17:46:35+01:00" level=info msg="from discovery builtin:serial-discovery received message type: hello, message: OK, protocol version: 1"
time="2024-07-28T17:46:35+01:00" level=info msg="sending command START_SYNC to discovery builtin:serial-discovery"
time="2024-07-28T17:46:35+01:00" level=info msg="from discovery builtin:serial-discovery received message type: start_sync, message: OK"
time="2024-07-28T17:46:35+01:00" level=info msg="from discovery builtin:serial-discovery received message type: add, port: /dev/ttyACM0"
time="2024-07-28T17:46:35+01:00" level=info msg="from discovery builtin:mdns-discovery received message type: hello, message: OK, protocol version: 1"
time="2024-07-28T17:46:35+01:00" level=info msg="sending command START_SYNC to discovery builtin:mdns-discovery"
time="2024-07-28T17:46:35+01:00" level=info msg="from discovery builtin:mdns-discovery received message type: start_sync, message: OK"
2024-07-28 17:46:35 2024-07-28T16:46:35.047Z discovery-log INFO {"eventType":"add","port":{"matchingBoardsList":[{"name":"Arduino Uno","fqbn":"arduino:avr:uno","isHidden":false}],"port":{"address":"/dev/ttyACM0","label":"/dev/ttyACM0","protocol":"serial","protocolLabel":"Serial Port (USB)","propertiesMap":[["pid","0x0043"],["serialNumber","55639303634351207222"],["vid","0x2341"]],"hardwareId":"55639303634351207222"}},"error":""}
2024-07-28 17:46:35 2024-07-28T16:46:35.633Z root INFO Deploy plugins list: 40.2 ms [Finished 1.723 s after backend start]
2024-07-28 17:46:36 Opening channel for service path '/services/electron-window'.
2024-07-28 17:46:36 Opening channel for service path '/services/ide-updater'.
2024-07-28 17:46:36 2024-07-28T16:46:36.450Z root WARN Frontend a.configure took longer than the expected maximum 100 milliseconds: 281.4 ms [Finished 1.892 s after frontend start]
2024-07-28 17:46:36 2024-07-28T16:46:36.459Z root WARN A command editor.action.toggleStickyScroll is already registered.
2024-07-28 17:46:36 2024-07-28T16:46:36.471Z sketches-service WARN Warning! The request sketch path was different than the response sketch path from the CLI. This could be a potential bug. Request: </home/posaidon/Arduino/SimpleReceiver/SimpleReceiver.ino>, response: </home/posaidon/Arduino/SimpleReceiver>.
2024-07-28 17:46:36 2024-07-28T16:46:36.673Z root INFO Start frontend contributions: 580.0 ms [Finished 2.107 s after frontend start]
2024-07-28 17:46:36 2024-07-28T16:46:36.677Z root INFO Changed application state from 'init' to 'started_contributions'.
2024-07-28 17:46:36 2024-07-28T16:46:36.712Z root INFO Changed application state from 'started_contributions' to 'attached_shell'.
2024-07-28 17:46:36 2024-07-28T16:46:36.713Z root INFO >>> Restoring the layout state...
2024-07-28 17:46:36 2024-07-28T16:46:36.714Z root INFO ------- SERIALIZED LAYOUT DATA -------
2024-07-28 17:46:36 2024-07-28T16:46:36.714Z root INFO {"version":5,"mainPanel":{"main":{"type":"tab-area","widgets":[{"constructionOptions":{"factoryId":"code-editor-opener","options":{"counter":0,"kind":"navigatable","uri":"file:///home/posaidon/Arduino/SimpleReceiver/SimpleReceiver.ino"}},"innerWidgetState":"{\"cursorState\":[{\"inSelectionMode\":false,\"selectionStart\":{\"lineNumber\":22,\"column\":23},\"position\":{\"lineNumber\":22,\"column\":23}}],\"viewState\":{\"scrollLeft\":0,\"firstPosition\":{\"lineNumber\":29,\"column\":1},\"firstPositionDeltaTop\":-18},\"contributionsState\":{\"editor.contrib.folding\":{\"lineCount\":70,\"provider\":\"indent\",\"foldedImports\":false},\"editor.contrib.wordHighlighter\":false}}"},{"constructionOptions":{"factoryId":"code-editor-opener","options":{"counter":0,"kind":"navigatable","uri":"file:///home/posaidon/Arduino/SimpleReceiver/PinDefinitionsAndMore.h"}},"innerWidgetState":"{\"cursorState\":[{\"inSelectionMode\":false,\"selectionStart\":{\"lineNumber\":1,\"column\":1},\"position\":{\"lineNumber\":1,\"column\":1}}],\"viewState\":{\"scrollLeft\":0,\"firstPosition\":{\"lineNumber\":1,\"column\":1},\"firstPositionDeltaTop\":0},\"contributionsState\":{\"editor.contrib.folding\":{\"lineCount\":343,\"provider\":\"indent\",\"foldedImports\":false},\"editor.contrib.wordHighlighter\":false}}"}],"currentIndex":0}},"mainPanelPinned":[false,false],"bottomPanel":{"config":{"main":{"type":"tab-area","widgets":[{"constructionOptions":{"factoryId":"outputView"},"innerWidgetState":"{\"locked\":false}"}],"currentIndex":0}},"pinned":[false],"size":358,"expanded":true},"leftPanel":{"type":"sidepanel","items":[{"widget":{"constructionOptions":{"factoryId":"arduino-sketchbook-widget"}},"rank":1,"expanded":true,"pinned":false},{"widget":{"constructionOptions":{"factoryId":"boards-list-widget"}},"rank":2,"expanded":false,"pinned":false},{"widget":{"constructionOptions":{"factoryId":"library-list-widget"}},"rank":3,"expanded":false,"pinned":false},{"widget":{"constructionOptions":{"factoryId":"debug"},"innerWidgetState":"{\"parts\":[{\"partId\":\"debug:threads:-1\",\"collapsed\":false,\"hidden\":false,\"relativeSize\":1.384,\"originalContainerId\":\"debug:view-container:-1\",\"originalContainerTitle\":{\"label\":\"debug\",\"iconClass\":\"codicon codicon-debug-alt\",\"closeable\":true},\"widget\":{\"constructionOptions\":{\"factoryId\":\"debug:threads\"},\"innerWidgetState\":\"{}\"}},{\"partId\":\"debug:frames:-1\",\"collapsed\":false,\"hidden\":false,\"relativeSize\":1.384,\"originalContainerId\":\"debug:view-container:-1\",\"originalContainerTitle\":{\"label\":\"debug\",\"iconClass\":\"codicon codicon-debug-alt\",\"closeable\":true},\"widget\":{\"constructionOptions\":{\"factoryId\":\"debug:frames\"},\"innerWidgetState\":\"{}\"}},{\"partId\":\"debug:variables:-1\",\"collapsed\":false,\"hidden\":false,\"relativeSize\":1.384,\"originalContainerId\":\"debug:view-container:-1\",\"originalContainerTitle\":{\"label\":\"debug\",\"iconClass\":\"codicon codicon-debug-alt\",\"closeable\":true},\"widget\":{\"constructionOptions\":{\"factoryId\":\"debug:variables\"},\"innerWidgetState\":\"{}\"}},{\"partId\":\"debug:watch:-1\",\"collapsed\":false,\"hidden\":false,\"relativeSize\":1.384,\"originalContainerId\":\"debug:view-container:-1\",\"originalContainerTitle\":{\"label\":\"debug\",\"iconClass\":\"codicon codicon-debug-alt\",\"closeable\":true},\"widget\":{\"constructionOptions\":{\"factoryId\":\"debug:watch\"},\"innerWidgetState\":\"{}\"}},{\"partId\":\"debug:breakpoints:-1\",\"collapsed\":false,\"hidden\":false,\"relativeSize\":1.384,\"originalContainerId\":\"debug:view-container:-1\",\"originalContainerTitle\":{\"label\":\"debug\",\"iconClass\":\"codicon codicon-debug-alt\",\"closeable\":true},\"widget\":{\"constructionOptions\":{\"factoryId\":\"debug:breakpoints\"},\"innerWidgetState\":\"{}\"}},{\"partId\":\"plugin-view:cortex-debug.peripherals\",\"collapsed\":true,\"hidden\":true,\"originalContainerId\":\"debug:view-container:-1\",\"originalContainerTitle\":{\"label\":\"debug\",\"iconClass\":\"codicon codicon-debug-alt\",\"closeable\":true},\"widget\":{\"constructionOptions\":{\"factoryId\":\"plugin-view\",\"options\":{\"id\":\"plugin-view:cortex-debug.peripherals\",\"viewId\":\"cortex-debug.peripherals\"}},\"innerWidgetState\":\"{\\\"label\\\":\\\"Cortex Peripherals\\\",\\\"widgets\\\":[],\\\"suppressUpdateViewVisibility\\\":false,\\\"currentViewContainerId\\\":\\\"debug\\\"}\"}},{\"partId\":\"plugin-view:cortex-debug.registers\",\"collapsed\":true,\"hidden\":true,\"originalContainerId\":\"debug:view-container:-1\",\"originalContainerTitle\":{\"label\":\"debug\",\"iconClass\":\"codicon codicon-debug-alt\",\"closeable\":true},\"widget\":{\"constructionOptions\":{\"factoryId\":\"plugin-view\",\"options\":{\"id\":\"plugin-view:cortex-debug.registers\",\"viewId\":\"cortex-debug.registers\"}},\"innerWidgetState\":\"{\\\"label\\\":\\\"Cortex Registers\\\",\\\"widgets\\\":[],\\\"suppressUpdateViewVisibility\\\":false,\\\"currentViewContainerId\\\":\\\"debug\\\"}\"}}],\"title\":{\"label\":\"debug\",\"iconClass\":\"codicon codicon-debug-alt\",\"closeable\":true}}"},"rank":4,"expanded":false,"pinned":false},{"widget":{"constructionOptions":{"factoryId":"search-view-container"},"innerWidgetState":"{\"parts\":[{\"partId\":\"search-in-workspace\",\"collapsed\":false,\"hidden\":false,\"originalContainerId\":\"search-view-container\",\"originalContainerTitle\":{\"label\":\"Search\",\"iconClass\":\"codicon codicon-search\",\"closeable\":true},\"widget\":{\"constructionOptions\":{\"factoryId\":\"search-in-workspace\"},\"innerWidgetState\":\"{\\\"matchCaseState\\\":{\\\"className\\\":\\\"codicon codicon-case-sensitive\\\",\\\"enabled\\\":false,\\\"title\\\":\\\"Match Case\\\"},\\\"wholeWordState\\\":{\\\"className\\\":\\\"codicon codicon-whole-word\\\",\\\"enabled\\\":false,\\\"title\\\":\\\"Match Whole Word\\\"},\\\"regExpState\\\":{\\\"className\\\":\\\"codicon codicon-regex\\\",\\\"enabled\\\":false,\\\"title\\\":\\\"Use Regular Expression\\\"},\\\"includeIgnoredState\\\":{\\\"className\\\":\\\"codicon codicon-eye\\\",\\\"enabled\\\":false,\\\"title\\\":\\\"Include Ignored Files\\\"},\\\"showSearchDetails\\\":false,\\\"searchInWorkspaceOptions\\\":{\\\"matchCase\\\":false,\\\"matchWholeWord\\\":false,\\\"useRegExp\\\":false,\\\"includeIgnored\\\":false,\\\"include\\\":[],\\\"exclude\\\":[],\\\"maxResults\\\":2000},\\\"searchTerm\\\":\\\"\\\",\\\"replaceTerm\\\":\\\"\\\",\\\"showReplaceField\\\":false,\\\"searchHistoryState\\\":{\\\"history\\\":[],\\\"index\\\":0},\\\"replaceHistoryState\\\":{\\\"history\\\":[],\\\"index\\\":0},\\\"includeHistoryState\\\":{\\\"history\\\":[],\\\"index\\\":0},\\\"excludeHistoryState\\\":{\\\"history\\\":[],\\\"index\\\":0}}\"}}],\"title\":{\"label\":\"Search\",\"iconClass\":\"fa fa-arduino-search\",\"closeable\":true}}"},"rank":5,"expanded":false,"pinned":false}],"size":268},"rightPanel":{"type":"sidepanel","items":[]}}
2024-07-28 17:46:36 2024-07-28T16:46:36.715Z root INFO ------- END SERIALIZED LAYOUT DATA -------
2024-07-28 17:46:36 2024-07-28T16:46:36.794Z root INFO [5572bb30-786b-4b18-ae03-1bf9074ba4e3] Waiting for backend deployment: 157.1 ms [Finished 2.259 s after frontend start]
2024-07-28 17:46:37 2024-07-28T16:46:37.586Z root INFO [hosted-plugin: 81371] PLUGIN_HOST(81371) starting instance
2024-07-28 17:46:38 2024-07-28T16:46:38.236Z root INFO [5572bb30-786b-4b18-ae03-1bf9074ba4e3] Sync of 23 plugins: 1449.5 ms [Finished 3.709 s after frontend start]
2024-07-28 17:46:38 2024-07-28T16:46:38.611Z root INFO <<< The layout has been successfully restored.
2024-07-28 17:46:38 2024-07-28T16:46:38.726Z root INFO Initialize the workbench layout: 1923.8 ms [Finished 4.084 s after frontend start]
2024-07-28 17:46:38 2024-07-28T16:46:38.730Z root INFO Changed application state from 'attached_shell' to 'initialized_layout'.
2024-07-28 17:46:38 2024-07-28T16:46:38.730Z root INFO [5572bb30-786b-4b18-ae03-1bf9074ba4e3] Loading plugin contributions
2024-07-28 17:46:38 2024-07-28T16:46:38.730Z root INFO [5572bb30-786b-4b18-ae03-1bf9074ba4e3] Load contributions of 23 plugins: 108.3 ms [Finished 4.194 s after frontend start]
2024-07-28 17:46:38 2024-07-28T16:46:38.747Z root WARN 'cpp' language is remapped from 'source.cpp.embedded.macro' to 'source.cpp' scope
2024-07-28 17:46:38 2024-07-28T16:46:38.748Z root WARN a registered grammar configuration for 'cpp' language is overridden
2024-07-28 17:46:39 2024-07-28T16:46:39.333Z root ERROR [hosted-plugin: 81371] Conflict in settings file Default: Ignoring cortex-debug.armToolchainPath.linux as cortex-debug.armToolchainPath is null
Conflict in settings file Default: Ignoring cortex-debug.armToolchainPath.osx as cortex-debug.armToolchainPath is null
Conflict in settings file Default: Ignoring cortex-debug.armToolchainPath.windows as cortex-debug.armToolchainPath is null
2024-07-28 17:46:39 2024-07-28T16:46:39.333Z root ERROR [hosted-plugin: 81371] Conflict in settings file Default: Ignoring cortex-debug.JLinkGDBServerPath.linux as cortex-debug.JLinkGDBServerPath is null
Conflict in settings file Default: Ignoring cortex-debug.JLinkGDBServerPath.osx as cortex-debug.JLinkGDBServerPath is null
Conflict in settings file Default: Ignoring cortex-debug.JLinkGDBServerPath.windows as cortex-debug.JLinkGDBServerPath is null
Conflict in settings file Default: Ignoring cortex-debug.openocdPath.linux as cortex-debug.openocdPath is null
Conflict in settings file Default: Ignoring cortex-debug.openocdPath.osx as cortex-debug.openocdPath is null
Conflict in settings file Default: Ignoring cortex-debug.openocdPath.windows as cortex-debug.openocdPath is null
Conflict in settings file Default: Ignoring cortex-debug.pyocdPath.linux as cortex-debug.pyocdPath is null
Conflict in settings file Default: Ignoring cortex-debug.pyocdPath.osx as cortex-debug.pyocdPath is null
Conflict in settings file Default: Ignoring cortex-debug.pyocdPath.windows as cortex-debug.pyocdPath is null
Conflict in settings file Default: Ignoring cortex-debug.PEGDBServerPath.linux as cortex-debug.PEGDBServerPath is null
Conflict in settings file Default: Ignoring cortex-debug.PEGDBServerPath.osx as cortex-debug.PEGDBServerPath is null
Conflict in settings file Default: Ignoring cortex-debug.PEGDBServerPath.windows as cortex-debug.PEGDBServerPath is null
Conflict in settings file Default: Ignoring cortex-debug.stutilPath.linux as cortex-debug.stutilPath is null
Conflict in settings file Default: Ignoring cortex-debug.stutilPath.osx as cortex-debug.stutilPath is null
Conflict in settings file Default: Ignoring cortex-debug.stutilPath.windows as cortex-debug.stutilPath is null
Conflict in settings file Default: Ignoring cortex-debug.stlinkPath.linux as cortex-debug.stlinkPath is null
2024-07-28 17:46:39 2024-07-28T16:46:39.333Z root ERROR [hosted-plugin: 81371] Conflict in settings file Default: Ignoring cortex-debug.stlinkPath.osx as cortex-debug.stlinkPath is null
Conflict in settings file Default: Ignoring cortex-debug.stlinkPath.windows as cortex-debug.stlinkPath is null
Conflict in settings file Default: Ignoring cortex-debug.stm32cubeprogrammer.linux as cortex-debug.stm32cubeprogrammer is null
Conflict in settings file Default: Ignoring cortex-debug.stm32cubeprogrammer.osx as cortex-debug.stm32cubeprogrammer is null
Conflict in settings file Default: Ignoring cortex-debug.stm32cubeprogrammer.windows as cortex-debug.stm32cubeprogrammer is null
2024-07-28 17:46:39 2024-07-28T16:46:39.349Z root INFO [hosted-plugin: 81371] PLUGIN_HOST(81371): PluginManagerExtImpl/init()
2024-07-28 17:46:39 2024-07-28T16:46:39.350Z root INFO [hosted-plugin: 81371] PLUGIN_HOST(81371): initializing(vscode-arduino-api@0.1.2 with /opt/arduino-ide/resources/app/lib/backend/plugin-vscode-init)
2024-07-28 17:46:39 2024-07-28T16:46:39.430Z root INFO [hosted-plugin: 81371] PLUGIN_HOST(81371): initializing(cortex-debug@1.5.1 with /opt/arduino-ide/resources/app/lib/backend/plugin-vscode-init)
2024-07-28 17:46:39 2024-07-28T16:46:39.430Z root INFO [hosted-plugin: 81371] Debugger contribution has been registered: cortex-debug
2024-07-28 17:46:39 2024-07-28T16:46:39.431Z root INFO [hosted-plugin: 81371] PLUGIN_HOST(81371): initializing(vscode-arduino-tools@0.1.3 with /opt/arduino-ide/resources/app/lib/backend/plugin-vscode-init)
2024-07-28 17:46:39 2024-07-28T16:46:39.432Z root INFO [hosted-plugin: 81371] PLUGIN_HOST(81371): initializing(cpp@1.52.1 with /opt/arduino-ide/resources/app/lib/backend/plugin-vscode-init)
2024-07-28 17:46:39 2024-07-28T16:46:39.433Z root INFO [hosted-plugin: 81371] PLUGIN_HOST(81371): initializing(json@1.46.1 with /opt/arduino-ide/resources/app/lib/backend/plugin-vscode-init)
2024-07-28 17:46:39 2024-07-28T16:46:39.433Z root INFO [hosted-plugin: 81371] PLUGIN_HOST(81371): initializing(json-language-features@1.46.1 with /opt/arduino-ide/resources/app/lib/backend/plugin-vscode-init)
2024-07-28 17:46:39 2024-07-28T16:46:39.434Z root INFO [hosted-plugin: 81371] PLUGIN_HOST(81371): initializing(vscode-language-pack-bg@1.48.3 with /opt/arduino-ide/resources/app/lib/backend/plugin-vscode-init)
2024-07-28 17:46:39 2024-07-28T16:46:39.435Z root INFO [hosted-plugin: 81371] PLUGIN_HOST(81371): initializing(vscode-language-pack-cs@1.80.0 with /opt/arduino-ide/resources/app/lib/backend/plugin-vscode-init)
2024-07-28 17:46:39 2024-07-28T16:46:39.436Z root INFO [hosted-plugin: 81371] PLUGIN_HOST(81371): initializing(vscode-language-pack-de@1.80.0 with /opt/arduino-ide/resources/app/lib/backend/plugin-vscode-init)
2024-07-28 17:46:39 2024-07-28T16:46:39.437Z root INFO [hosted-plugin: 81371] PLUGIN_HOST(81371): initializing(vscode-language-pack-es@1.80.0 with /opt/arduino-ide/resources/app/lib/backend/plugin-vscode-init)
2024-07-28 17:46:39 2024-07-28T16:46:39.438Z root INFO [hosted-plugin: 81371] PLUGIN_HOST(81371): initializing(vscode-language-pack-fr@1.80.0 with /opt/arduino-ide/resources/app/lib/backend/plugin-vscode-init)
2024-07-28 17:46:39 2024-07-28T16:46:39.441Z root INFO [hosted-plugin: 81371] PLUGIN_HOST(81371): initializing(vscode-language-pack-hu@1.48.3 with /opt/arduino-ide/resources/app/lib/backend/plugin-vscode-init)
2024-07-28 17:46:39 2024-07-28T16:46:39.443Z root INFO [hosted-plugin: 81371] PLUGIN_HOST(81371): initializing(vscode-language-pack-it@1.80.0 with /opt/arduino-ide/resources/app/lib/backend/plugin-vscode-init)
2024-07-28 17:46:39 2024-07-28T16:46:39.445Z root INFO [hosted-plugin: 81371] PLUGIN_HOST(81371): initializing(vscode-language-pack-ja@1.80.0 with /opt/arduino-ide/resources/app/lib/backend/plugin-vscode-init)
2024-07-28 17:46:39 2024-07-28T16:46:39.446Z root INFO [hosted-plugin: 81371] PLUGIN_HOST(81371): initializing(vscode-language-pack-ko@1.80.0 with /opt/arduino-ide/resources/app/lib/backend/plugin-vscode-init)
2024-07-28 17:46:39 2024-07-28T16:46:39.447Z root INFO [hosted-plugin: 81371] PLUGIN_HOST(81371): initializing(vscode-language-pack-nl@1.48.3 with /opt/arduino-ide/resources/app/lib/backend/plugin-vscode-init)
2024-07-28 17:46:39 2024-07-28T16:46:39.447Z root INFO [hosted-plugin: 81371] PLUGIN_HOST(81371): initializing(vscode-language-pack-pl@1.80.0 with /opt/arduino-ide/resources/app/lib/backend/plugin-vscode-init)
2024-07-28 17:46:39 2024-07-28T16:46:39.448Z root INFO [hosted-plugin: 81371] PLUGIN_HOST(81371): initializing(vscode-language-pack-pt-BR@1.80.0 with /opt/arduino-ide/resources/app/lib/backend/plugin-vscode-init)
2024-07-28 17:46:39 2024-07-28T16:46:39.448Z root INFO [hosted-plugin: 81371] PLUGIN_HOST(81371): initializing(vscode-language-pack-ru@1.80.0 with /opt/arduino-ide/resources/app/lib/backend/plugin-vscode-init)
2024-07-28 17:46:39 2024-07-28T16:46:39.448Z root INFO [hosted-plugin: 81371] PLUGIN_HOST(81371): initializing(vscode-language-pack-tr@1.80.0 with /opt/arduino-ide/resources/app/lib/backend/plugin-vscode-init)
2024-07-28 17:46:39 2024-07-28T16:46:39.449Z root INFO [hosted-plugin: 81371] PLUGIN_HOST(81371): initializing(vscode-language-pack-uk@1.48.3 with /opt/arduino-ide/resources/app/lib/backend/plugin-vscode-init)
2024-07-28 17:46:39 2024-07-28T16:46:39.449Z root INFO [hosted-plugin: 81371] PLUGIN_HOST(81371): initializing(vscode-language-pack-zh-hans@1.80.0 with /opt/arduino-ide/resources/app/lib/backend/plugin-vscode-init)
2024-07-28 17:46:39 2024-07-28T16:46:39.449Z root INFO [hosted-plugin: 81371] PLUGIN_HOST(81371): initializing(vscode-language-pack-zh-hant@1.80.0 with /opt/arduino-ide/resources/app/lib/backend/plugin-vscode-init)
2024-07-28 17:46:39 2024-07-28T16:46:39.485Z root INFO [hosted-plugin: 81371] PLUGIN_HOST(81371): PluginManagerExtImpl/loadPlugin(/opt/arduino-ide/resources/app/plugins/vscode-arduino-api/extension/dist/extension.js)
2024-07-28 17:46:39 2024-07-28T16:46:39.498Z root INFO [hosted-plugin: 81371] calling activation function on Arduino IDE API for VS Code extensions
2024-07-28 17:46:39 2024-07-28T16:46:39.520Z root INFO [hosted-plugin: 81371] PLUGIN_HOST(81371): PluginManagerExtImpl/loadPlugin(/opt/arduino-ide/resources/app/plugins/vscode-builtin-json-language-features/extension/client/dist/jsonMain)
2024-07-28 17:46:39 2024-07-28T16:46:39.551Z root INFO [hosted-plugin: 81371] calling activation function on JSON Language Features (built-in)
2024-07-28 17:46:39 2024-07-28T16:46:39.580Z root INFO [hosted-plugin: 81371] PLUGIN_HOST(81371): PluginManagerExtImpl/loadPlugin(/opt/arduino-ide/resources/app/plugins/vscode-arduino-tools/extension/dist/extension.js)
2024-07-28 17:46:39 2024-07-28T16:46:39.616Z root INFO [hosted-plugin: 81371] calling activation function on VS Code Arduino Tools
2024-07-28 17:46:39 Checking for update
2024-07-28 17:46:39 2024-07-28T16:46:39.946Z root INFO Replace loading indicator with ready workbench UI (animation): 879.5 ms [Finished 5.082 s after frontend start]
2024-07-28 17:46:39 2024-07-28T16:46:39.946Z root INFO Changed application state from 'initialized_layout' to 'ready'.
2024-07-28 17:46:39 2024-07-28T16:46:39.946Z root WARN Linked preference "workbench.colorCustomizations" not found.
2024-07-28 17:46:39 2024-07-28T16:46:39.948Z root INFO Frontend application start: 3483.8 ms [Finished 5.977 s after backend start]
2024-07-28 17:46:39 2024-07-28T16:46:39.951Z root INFO [5572bb30-786b-4b18-ae03-1bf9074ba4e3] Starting plugins.
2024-07-28 17:46:40 2024-07-28T16:46:40.078Z daemon INFO time="2024-07-28T17:46:40+01:00" level=info msg="Updating libraries index"
time="2024-07-28T17:46:40+01:00" level=info msg="Starting download" url="https://downloads.arduino.cc/libraries/library_index.tar.bz2"
2024-07-28 17:46:40 2024-07-28T16:46:40.085Z root INFO core-client-provider [library-index] Downloading index: library_index.tar.bz2

2024-07-28 17:46:40 2024-07-28T16:46:40.090Z daemon INFO time="2024-07-28T17:46:40+01:00" level=info msg="Updating index" url="https://downloads.arduino.cc/packages/package_index.tar.bz2"
time="2024-07-28T17:46:40+01:00" level=info msg="Starting download" url="https://downloads.arduino.cc/packages/package_index.tar.bz2"
2024-07-28 17:46:40 2024-07-28T16:46:40.091Z root INFO core-client-provider [platform-index] Downloading index: package_index.tar.bz2

2024-07-28 17:46:40 2024-07-28T16:46:40.248Z root INFO [hosted-plugin: 81371] PLUGIN_HOST(81371): PluginManagerExtImpl/loadPlugin(/opt/arduino-ide/resources/app/plugins/cortex-debug/extension/dist/extension.js)
2024-07-28 17:46:40 2024-07-28T16:46:40.309Z daemon INFO time="2024-07-28T17:46:40+01:00" level=info msg="Tool required for debug" tool="arduino:arduinoOTA@1.3.0"
time="2024-07-28T17:46:40+01:00" level=info msg="Tool required for debug" tool="arduino:avr-gcc@7.3.0-atmel3.6.1-arduino7"
time="2024-07-28T17:46:40+01:00" level=info msg="Tool required for debug" tool="arduino:avrdude@6.3.0-arduino17"
time="2024-07-28T17:46:40+01:00" level=info msg="Tool required for debug" tool="builtin:mdns-discovery@1.0.9"
time="2024-07-28T17:46:40+01:00" level=info msg="Tool required for debug" tool="builtin:serial-discovery@1.4.1"
time="2024-07-28T17:46:40+01:00" level=info msg="Tool required for debug" tool="builtin:serial-monitor@0.14.1"
time="2024-07-28T17:46:40+01:00" level=info msg="Tool required for debug" tool="builtin:ctags@5.8-arduino11"
time="2024-07-28T17:46:40+01:00" level=info msg="Tool required for debug" tool="builtin:dfu-discovery@0.1.2"
2024-07-28 17:46:40 2024-07-28T16:46:40.313Z root ERROR Failed to get debug config: arduino:avr:uno, undefined Error: Debugging is not supported.
    at Object.callback (/opt/arduino-ide/resources/app/lib/backend/main.js:2:81196)
    at Object.onReceiveStatus (/opt/arduino-ide/resources/app/lib/backend/main.js:2:788562)
    at Object.onReceiveStatus (/opt/arduino-ide/resources/app/lib/backend/main.js:2:784513)
    at Object.onReceiveStatus (/opt/arduino-ide/resources/app/lib/backend/main.js:2:783958)
    at /opt/arduino-ide/resources/app/lib/backend/main.js:2:870080
    at process.processTicksAndRejections (node:internal/process/task_queues:77:11)
2024-07-28 17:46:40 2024-07-28T16:46:40.313Z root ERROR Request checkDebugEnabled failed with error: Debugging is not supported. Error: Debugging is not supported.
    at Object.callback (/opt/arduino-ide/resources/app/lib/backend/main.js:2:81196)
    at Object.onReceiveStatus (/opt/arduino-ide/resources/app/lib/backend/main.js:2:788562)
    at Object.onReceiveStatus (/opt/arduino-ide/resources/app/lib/backend/main.js:2:784513)
    at Object.onReceiveStatus (/opt/arduino-ide/resources/app/lib/backend/main.js:2:783958)
    at /opt/arduino-ide/resources/app/lib/backend/main.js:2:870080
    at process.processTicksAndRejections (node:internal/process/task_queues:77:11)
2024-07-28 17:46:40 2024-07-28T16:46:40.671Z root ERROR ---- !!!SLOW!!! DURATION: search took 720.884 ms. Args: [{"type":"Updatable"}] ----
2024-07-28 17:46:40 2024-07-28T16:46:40.676Z root INFO [hosted-plugin: 81371] Debug configuration provider has been registered: cortex-debug, trigger: 1
calling activation function on Cortex-Debug
GDB server console created
2024-07-28 17:46:40 2024-07-28T16:46:40.685Z root INFO [5572bb30-786b-4b18-ae03-1bf9074ba4e3] Start of 23 plugins: 1950.5 ms [Finished 6.156 s after frontend start]
2024-07-28 17:46:40 2024-07-28T16:46:40.722Z root INFO Starting language server: arduino:avr:uno
2024-07-28 17:46:40 2024-07-28T16:46:40.809Z daemon INFO time="2024-07-28T17:46:40+01:00" level=info msg="Adding libraries dir" dir=/home/posaidon/.arduino15/libraries location=ide
time="2024-07-28T17:46:40+01:00" level=info msg="Adding libraries dir" dir=/home/posaidon/.arduino15/packages/arduino/hardware/avr/1.8.6/libraries location=platform
time="2024-07-28T17:46:40+01:00" level=info msg="Adding libraries dir" dir=/home/posaidon/Arduino/libraries location=user
2024-07-28 17:46:40 2024-07-28T16:46:40.880Z daemon INFO time="2024-07-28T17:46:40+01:00" level=info msg="Resolving include IRremote.h for arch avr"
time="2024-07-28T17:46:40+01:00" level=info msg="  found better lib" lib=IRremote prio=6B1
2024-07-28 17:46:41 2024-07-28T16:46:41.182Z daemon INFO time="2024-07-28T17:46:41+01:00" level=info msg="Adding libraries dir" dir=/home/posaidon/.arduino15/libraries location=ide
time="2024-07-28T17:46:41+01:00" level=info msg="Adding libraries dir" dir=/home/posaidon/.arduino15/packages/arduino/hardware/avr/1.8.6/libraries location=platform
time="2024-07-28T17:46:41+01:00" level=info msg="Adding libraries dir" dir=/home/posaidon/Arduino/libraries location=user
2024-07-28 17:46:41 Update for version 2.3.2 is not available (latest version: 2.3.2, downgrade is allowed).
2024-07-28 17:46:45 2024-07-28T16:46:45.073Z daemon INFO time="2024-07-28T17:46:45+01:00" level=info msg="Checking signature" index=/home/posaidon/.arduino15/package_index.json signatureFile=/home/posaidon/.arduino15/package_index.json.sig trusted=true
2024-07-28 17:46:45 2024-07-28T16:46:45.075Z daemon INFO time="2024-07-28T17:46:45+01:00" level=info msg="Loading hardware from: /home/posaidon/.arduino15/packages"
2024-07-28 17:46:45 2024-07-28T16:46:45.075Z daemon INFO time="2024-07-28T17:46:45+01:00" level=info msg="Loading package arduino from: /home/posaidon/.arduino15/packages/arduino/hardware"
2024-07-28 17:46:45 2024-07-28T16:46:45.076Z daemon INFO time="2024-07-28T17:46:45+01:00" level=info msg="Missing signature file" index=/home/posaidon/.arduino15/packages/arduino/hardware/avr/1.8.6/installed.json
2024-07-28 17:46:45 2024-07-28T16:46:45.077Z daemon INFO time="2024-07-28T17:46:45+01:00" level=info msg="Adding monitor tool" protocol=serial tool="builtin:serial-monitor"
time="2024-07-28T17:46:45+01:00" level=info msg="Loaded platform" platform="arduino:avr@1.8.6"
2024-07-28 17:46:45 2024-07-28T16:46:45.078Z daemon INFO time="2024-07-28T17:46:45+01:00" level=info msg="Missing signature file" index=/home/posaidon/.arduino15/packages/arduino/hardware/megaavr/1.8.8/installed.json
2024-07-28 17:46:45 2024-07-28T16:46:45.078Z daemon INFO time="2024-07-28T17:46:45+01:00" level=info msg="Adding monitor tool" protocol=serial tool="builtin:serial-monitor"
time="2024-07-28T17:46:45+01:00" level=info msg="Loaded platform" platform="arduino:megaavr@1.8.8"
2024-07-28 17:46:45 2024-07-28T16:46:45.078Z daemon INFO time="2024-07-28T17:46:45+01:00" level=info msg="Checking existence of 'tools' path: /home/posaidon/.arduino15/packages/arduino/tools"
time="2024-07-28T17:46:45+01:00" level=info msg="Loading tools from dir: /home/posaidon/.arduino15/packages/arduino/tools"
2024-07-28 17:46:45 2024-07-28T16:46:45.078Z daemon INFO time="2024-07-28T17:46:45+01:00" level=info msg="Loaded tool" tool="arduino:arduinoOTA@1.3.0"
2024-07-28 17:46:45 2024-07-28T16:46:45.078Z daemon INFO time="2024-07-28T17:46:45+01:00" level=info msg="Loaded tool" tool="arduino:avr-gcc@7.3.0-atmel3.6.1-arduino5"
2024-07-28 17:46:45 2024-07-28T16:46:45.078Z daemon INFO time="2024-07-28T17:46:45+01:00" level=info msg="Loaded tool" tool="arduino:avr-gcc@7.3.0-atmel3.6.1-arduino7"
2024-07-28 17:46:45 2024-07-28T16:46:45.078Z daemon INFO time="2024-07-28T17:46:45+01:00" level=info msg="Loaded tool" tool="arduino:avrdude@6.3.0-arduino17"
2024-07-28 17:46:45 2024-07-28T16:46:45.078Z daemon INFO time="2024-07-28T17:46:45+01:00" level=info msg="Loading package builtin from: /home/posaidon/.arduino15/packages/builtin"
2024-07-28 17:46:45 2024-07-28T16:46:45.079Z daemon INFO time="2024-07-28T17:46:45+01:00" level=info msg="Checking existence of 'tools' path: /home/posaidon/.arduino15/packages/builtin/tools"
time="2024-07-28T17:46:45+01:00" level=info msg="Loading tools from dir: /home/posaidon/.arduino15/packages/builtin/tools"
2024-07-28 17:46:45 2024-07-28T16:46:45.079Z daemon INFO time="2024-07-28T17:46:45+01:00" level=info msg="Loaded tool" tool="builtin:ctags@5.8-arduino11"
2024-07-28 17:46:45 2024-07-28T16:46:45.079Z daemon INFO time="2024-07-28T17:46:45+01:00" level=info msg="Loaded tool" tool="builtin:dfu-discovery@0.1.2"
2024-07-28 17:46:45 2024-07-28T16:46:45.079Z daemon INFO time="2024-07-28T17:46:45+01:00" level=info msg="Loaded tool" tool="builtin:mdns-discovery@1.0.9"
2024-07-28 17:46:45 2024-07-28T16:46:45.079Z daemon INFO time="2024-07-28T17:46:45+01:00" level=info msg="Loaded tool" tool="builtin:serial-discovery@1.4.0"
2024-07-28 17:46:45 2024-07-28T16:46:45.079Z daemon INFO time="2024-07-28T17:46:45+01:00" level=info msg="Loaded tool" tool="builtin:serial-discovery@1.4.1"
2024-07-28 17:46:45 2024-07-28T16:46:45.079Z daemon INFO time="2024-07-28T17:46:45+01:00" level=info msg="Loaded tool" tool="builtin:serial-monitor@0.13.0"
time="2024-07-28T17:46:45+01:00" level=info msg="Loaded tool" tool="builtin:serial-monitor@0.14.1"
2024-07-28 17:46:45 2024-07-28T16:46:45.079Z daemon INFO time="2024-07-28T17:46:45+01:00" level=info msg="sending command QUIT to discovery builtin:serial-discovery"
2024-07-28 17:46:45 2024-07-28T16:46:45.079Z daemon INFO time="2024-07-28T17:46:45+01:00" level=info msg="from discovery builtin:serial-discovery received message type: quit, message: OK"
time="2024-07-28T17:46:45+01:00" level=info msg="killing discovery builtin:serial-discovery process"
2024-07-28 17:46:45 2024-07-28T16:46:45.079Z daemon INFO time="2024-07-28T17:46:45+01:00" level=info msg="Discovery event channel closed builtin:serial-discovery. Exiting goroutine."
2024-07-28 17:46:45 2024-07-28T16:46:45.080Z discovery-log INFO {"eventType":"remove","port":{"matchingBoardsList":[],"port":{"address":"/dev/ttyACM0","label":"/dev/ttyACM0","protocol":"serial","protocolLabel":"Serial Port (USB)","propertiesMap":[],"hardwareId":""}},"error":""}
2024-07-28 17:46:45 2024-07-28T16:46:45.080Z daemon INFO time="2024-07-28T17:46:45+01:00" level=info msg="killed discovery builtin:serial-discovery process"
time="2024-07-28T17:46:45+01:00" level=info msg="Closed and removed discovery builtin:serial-discovery"
time="2024-07-28T17:46:45+01:00" level=info msg="sending command QUIT to discovery builtin:mdns-discovery"
time="2024-07-28T17:46:45+01:00" level=info msg="from discovery builtin:mdns-discovery received message type: quit, message: OK"
time="2024-07-28T17:46:45+01:00" level=info msg="killing discovery builtin:mdns-discovery process"
time="2024-07-28T17:46:45+01:00" level=info msg="Discovery event channel closed builtin:mdns-discovery. Exiting goroutine."
2024-07-28 17:46:45 2024-07-28T16:46:45.080Z daemon INFO time="2024-07-28T17:46:45+01:00" level=info msg="killed discovery builtin:mdns-discovery process"
time="2024-07-28T17:46:45+01:00" level=info msg="Closed and removed discovery builtin:mdns-discovery"
2024-07-28 17:46:45 2024-07-28T16:46:45.080Z daemon INFO time="2024-07-28T17:46:45+01:00" level=info msg="starting discovery builtin:serial-discovery process"
2024-07-28 17:46:45 2024-07-28T16:46:45.081Z daemon INFO time="2024-07-28T17:46:45+01:00" level=info msg="started discovery builtin:serial-discovery process"
time="2024-07-28T17:46:45+01:00" level=info msg="sending command HELLO 1 \"arduino-cli 0.35.3\" to discovery builtin:serial-discovery"
2024-07-28 17:46:45 2024-07-28T16:46:45.082Z daemon INFO time="2024-07-28T17:46:45+01:00" level=info msg="from discovery builtin:serial-discovery received message type: hello, message: OK, protocol version: 1"
time="2024-07-28T17:46:45+01:00" level=info msg="sending command START_SYNC to discovery builtin:serial-discovery"
2024-07-28 17:46:45 2024-07-28T16:46:45.084Z daemon INFO time="2024-07-28T17:46:45+01:00" level=info msg="from discovery builtin:serial-discovery received message type: start_sync, message: OK"
2024-07-28 17:46:45 2024-07-28T16:46:45.084Z daemon INFO time="2024-07-28T17:46:45+01:00" level=info msg="starting discovery builtin:mdns-discovery process"
time="2024-07-28T17:46:45+01:00" level=info msg="from discovery builtin:serial-discovery received message type: add, port: /dev/ttyACM0"
2024-07-28 17:46:45 2024-07-28T16:46:45.084Z discovery-log INFO {"eventType":"add","port":{"matchingBoardsList":[{"name":"Arduino Uno","fqbn":"arduino:avr:uno","isHidden":false}],"port":{"address":"/dev/ttyACM0","label":"/dev/ttyACM0","protocol":"serial","protocolLabel":"Serial Port (USB)","propertiesMap":[["pid","0x0043"],["serialNumber","55639303634351207222"],["vid","0x2341"]],"hardwareId":"55639303634351207222"}},"error":""}
2024-07-28 17:46:45 2024-07-28T16:46:45.085Z daemon INFO time="2024-07-28T17:46:45+01:00" level=info msg="started discovery builtin:mdns-discovery process"
time="2024-07-28T17:46:45+01:00" level=info msg="sending command HELLO 1 \"arduino-cli 0.35.3\" to discovery builtin:mdns-discovery"
2024-07-28 17:46:45 2024-07-28T16:46:45.086Z daemon INFO time="2024-07-28T17:46:45+01:00" level=info msg="from discovery builtin:mdns-discovery received message type: hello, message: OK, protocol version: 1"
time="2024-07-28T17:46:45+01:00" level=info msg="sending command START_SYNC to discovery builtin:mdns-discovery"
2024-07-28 17:46:45 2024-07-28T16:46:45.086Z daemon INFO time="2024-07-28T17:46:45+01:00" level=info msg="from discovery builtin:mdns-discovery received message type: start_sync, message: OK"
2024-07-28 17:46:45 2024-07-28T16:46:45.087Z daemon INFO time="2024-07-28T17:46:45+01:00" level=info msg="Adding libraries dir" dir=/home/posaidon/.arduino15/packages/arduino/hardware/megaavr/1.8.8/libraries location=platform
2024-07-28 17:46:45 2024-07-28T16:46:45.087Z daemon INFO time="2024-07-28T17:46:45+01:00" level=info msg="Adding libraries dir" dir=/home/posaidon/.arduino15/packages/arduino/hardware/avr/1.8.6/libraries location=platform
time="2024-07-28T17:46:45+01:00" level=info msg="Loading libraries index file" index=/home/posaidon/.arduino15/library_index.json
2024-07-28 17:46:45 2024-07-28T16:46:45.284Z daemon INFO time="2024-07-28T17:46:45+01:00" level=info msg="Adding libraries dir" dir=/home/posaidon/.arduino15/libraries location=ide
time="2024-07-28T17:46:45+01:00" level=info msg="Adding libraries dir" dir=/home/posaidon/Arduino/libraries location=user
2024-07-28 19:12:45 Arduino IDE 2.3.2
2024-07-28 19:12:45 Checking for frontend application configuration customizations. Module path: /opt/arduino-ide/resources/app/lib/backend/electron-main.js, destination 'package.json': /opt/arduino-ide/resources/app/package.json
2024-07-28 19:12:46 Setting 'theia.frontend.config.appVersion' application configuration value to: "2.3.2" (type of string)
2024-07-28 19:12:46 Setting 'theia.frontend.config.cliVersion' application configuration value to: "0.35.3" (type of string)
2024-07-28 19:12:46 Setting 'theia.frontend.config.buildDate' application configuration value to: "2024-02-20T09:54:08.669Z" (type of string)
2024-07-28 19:12:46 Frontend application configuration after modifications: {"applicationName":"Arduino IDE","defaultTheme":{"light":"arduino-theme","dark":"arduino-theme-dark"},"defaultIconTheme":"none","electron":{"windowOptions":{}},"defaultLocale":"","validatePreferencesSchema":false,"preferences":{"window.title":"${rootName}${activeEditorShort}${appName}","files.autoSave":"afterDelay","editor.minimap.enabled":false,"editor.tabSize":2,"editor.scrollBeyondLastLine":false,"editor.quickSuggestions":{"other":false,"comments":false,"strings":false},"editor.maxTokenizationLineLength":500,"editor.bracketPairColorization.enabled":false,"breadcrumbs.enabled":false,"workbench.tree.renderIndentGuides":"none","explorer.compactFolders":false},"appVersion":"2.3.2","cliVersion":"0.35.3","buildDate":"2024-02-20T09:54:08.669Z"}
2024-07-28 19:12:46 Starting backend process. PID: 25290
2024-07-28 19:12:46 Using browser-only version of superagent in non-browser environment
2024-07-28 19:12:46 Configuration directory URI: 'file:///home/posaidon/.arduinoIDE'
2024-07-28 19:12:46 Configuring to accept webviews on '^.+\.webview\..+$' hostname.
2024-07-28 19:12:46 2024-07-28T18:12:46.806Z root INFO Backend Object.initialize: 6.2 ms [Finished 0.704 s after backend start]
2024-07-28 19:12:46 2024-07-28T18:12:46.808Z root INFO Backend Object.configure: 5.4 ms [Finished 0.705 s after backend start]
2024-07-28 19:12:46 2024-07-28T18:12:46.808Z root INFO Backend s.onStart: 3.5 ms [Finished 0.705 s after backend start]
2024-07-28 19:12:46 2024-07-28T18:12:46.809Z root INFO Backend s.configure: 0.6 ms [Finished 0.735 s after backend start]
2024-07-28 19:12:46 2024-07-28T18:12:46.810Z root INFO Backend d.onStart: 0.4 ms [Finished 0.735 s after backend start]
2024-07-28 19:12:46 2024-07-28T18:12:46.811Z root INFO Backend d.configure: 0.5 ms [Finished 0.736 s after backend start]
2024-07-28 19:12:46 2024-07-28T18:12:46.812Z root INFO Backend d.initialize: 31.5 ms [Finished 0.737 s after backend start]
2024-07-28 19:12:46 2024-07-28T18:12:46.813Z root INFO Backend c.onStart: 0.5 ms [Finished 0.737 s after backend start]
2024-07-28 19:12:46 2024-07-28T18:12:46.813Z root INFO Backend a.configure: 2.5 ms [Finished 0.739 s after backend start]
2024-07-28 19:12:46 2024-07-28T18:12:46.815Z config INFO >>> Initializing CLI configuration...
2024-07-28 19:12:46 2024-07-28T18:12:46.815Z root INFO Backend c.initialize: 1.0 ms [Finished 0.740 s after backend start]
2024-07-28 19:12:46 2024-07-28T18:12:46.815Z root INFO Backend R.onStart: 1.5 ms [Finished 0.741 s after backend start]
2024-07-28 19:12:46 2024-07-28T18:12:46.816Z config INFO Loading CLI configuration from /home/posaidon/.arduinoIDE/arduino-cli.yaml...
2024-07-28 19:12:46 2024-07-28T18:12:46.816Z daemon INFO Starting daemon from /opt/arduino-ide/resources/app/lib/backend/resources/arduino-cli...
2024-07-28 19:12:46 2024-07-28T18:12:46.817Z root INFO Backend a.initialize: 0.5 ms [Finished 0.742 s after backend start]
2024-07-28 19:12:46 2024-07-28T18:12:46.817Z root INFO Backend w.onStart: 1.4 ms [Finished 0.743 s after backend start]
2024-07-28 19:12:46 2024-07-28T18:12:46.817Z root INFO Backend r.configure: 2.5 ms [Finished 0.743 s after backend start]
2024-07-28 19:12:46 2024-07-28T18:12:46.817Z discovery-log INFO start
2024-07-28 19:12:46 2024-07-28T18:12:46.817Z discovery-log INFO start new deferred
2024-07-28 19:12:46 2024-07-28T18:12:46.817Z root INFO Backend d.initialize: 0.3 ms [Finished 0.744 s after backend start]
2024-07-28 19:12:46 2024-07-28T18:12:46.817Z root INFO Backend y.onStart: 2.4 ms [Finished 0.746 s after backend start]
2024-07-28 19:12:46 2024-07-28T18:12:46.817Z root INFO Backend r.configure: 2.4 ms [Finished 0.746 s after backend start]
2024-07-28 19:12:46 2024-07-28T18:12:46.817Z root INFO Backend a.onStart: 0.5 ms [Finished 0.747 s after backend start]
2024-07-28 19:12:46 2024-07-28T18:12:46.817Z root INFO Backend h.configure: 0.4 ms [Finished 0.747 s after backend start]
2024-07-28 19:12:46 2024-07-28T18:12:46.817Z root INFO Backend s.configure: 0.1 ms [Finished 0.748 s after backend start]
2024-07-28 19:12:46 2024-07-28T18:12:46.817Z root INFO Backend l.configure: 0.0 ms [Finished 0.748 s after backend start]
2024-07-28 19:12:46 2024-07-28T18:12:46.818Z root INFO Theia app listening on http://127.0.0.1:46091.
2024-07-28 19:12:46 2024-07-28T18:12:46.818Z root INFO Finished starting backend application: 1.8 ms [Finished 0.749 s after backend start]
2024-07-28 19:12:46 2024-07-28T18:12:46.819Z root WARN The local plugin referenced by local-dir:/home/posaidon/.arduinoIDE/plugins does not exist.
2024-07-28 19:12:46 2024-07-28T18:12:46.819Z root WARN The local plugin referenced by local-dir:/home/posaidon/.arduinoIDE/extensions does not exist.
2024-07-28 19:12:46 2024-07-28T18:12:46.835Z config INFO Loaded CLI configuration: {"board_manager":{"additional_urls":[]},"build_cache":{"compilations_before_purge":10,"ttl":"720h0m0s"},"daemon":{"port":"50051"},"directories":{"data":"/home/posaidon/.arduino15","downloads":"/home/posaidon/.arduino15/staging","user":"/home/posaidon/Arduino"},"library":{"enable_unsafe_install":false},"logging":{"file":"","format":"text","level":"info"},"metrics":{"addr":":9090","enabled":true},"output":{"no_color":false},"sketch":{"always_export_binaries":false},"updater":{"enable_notification":true}}
2024-07-28 19:12:46 2024-07-28T18:12:46.835Z config INFO 'directories.data' and 'directories.user' are set in the CLI configuration model.
2024-07-28 19:12:46 2024-07-28T18:12:46.835Z config INFO Loaded the CLI configuration.
2024-07-28 19:12:46 Restoring workspace roots: /home/posaidon/Arduino/SimpleReceiver
2024-07-28 19:12:46 2024-07-28T18:12:46.844Z config INFO Mapped the CLI configuration: {"dataDirUri":"file:///home/posaidon/.arduino15","sketchDirUri":"file:///home/posaidon/Arduino","additionalUrls":[],"network":"none","locale":"en"}
2024-07-28 19:12:46 2024-07-28T18:12:46.844Z config INFO Validating the CLI configuration...
2024-07-28 19:12:46 isTempSketch: false. Input was /home/posaidon/Arduino/SimpleReceiver/SimpleReceiver.ino
2024-07-28 19:12:46 2024-07-28T18:12:46.845Z config INFO The CLI config is valid.
2024-07-28 19:12:46 2024-07-28T18:12:46.845Z config INFO <<< Initialized the CLI configuration.
2024-07-28 19:12:46 2024-07-28T18:12:46.860Z root INFO Resolve plugins list: 44.4 ms [Finished 0.791 s after backend start]
2024-07-28 19:12:46 2024-07-28T18:12:46.874Z daemon INFO time="2024-07-28T19:12:46+01:00" level=info msg="Using config file: /home/posaidon/.arduinoIDE/arduino-cli.yaml"
time="2024-07-28T19:12:46+01:00" level=info msg="arduino-cli version 0.35.3"
time="2024-07-28T19:12:46+01:00" level=info msg="Executing `arduino-cli daemon`"
2024-07-28 19:12:46 2024-07-28T18:12:46.880Z daemon INFO Daemon is now listening on 127.0.0.1:45279
{"IP":"127.0.0.1","Port":"45279"}
2024-07-28 19:12:46 2024-07-28T18:12:46.880Z daemon INFO Daemon is running.
2024-07-28 19:12:46 2024-07-28T18:12:46.921Z daemon INFO time="2024-07-28T19:12:46+01:00" level=info msg="Checking signature" index=/home/posaidon/.arduino15/package_index.json signatureFile=/home/posaidon/.arduino15/package_index.json.sig trusted=true
2024-07-28 19:12:46 2024-07-28T18:12:46.924Z daemon INFO time="2024-07-28T19:12:46+01:00" level=info msg="Loading hardware from: /home/posaidon/.arduino15/packages"
2024-07-28 19:12:46 2024-07-28T18:12:46.927Z daemon INFO time="2024-07-28T19:12:46+01:00" level=info msg="Loading package arduino from: /home/posaidon/.arduino15/packages/arduino/hardware"
2024-07-28 19:12:46 2024-07-28T18:12:46.932Z daemon INFO time="2024-07-28T19:12:46+01:00" level=info msg="Missing signature file" index=/home/posaidon/.arduino15/packages/arduino/hardware/avr/1.8.6/installed.json
2024-07-28 19:12:46 2024-07-28T18:12:46.934Z daemon INFO time="2024-07-28T19:12:46+01:00" level=info msg="Adding monitor tool" protocol=serial tool="builtin:serial-monitor"
time="2024-07-28T19:12:46+01:00" level=info msg="Loaded platform" platform="arduino:avr@1.8.6"
2024-07-28 19:12:46 2024-07-28T18:12:46.937Z daemon INFO time="2024-07-28T19:12:46+01:00" level=info msg="Missing signature file" index=/home/posaidon/.arduino15/packages/arduino/hardware/megaavr/1.8.8/installed.json
2024-07-28 19:12:46 2024-07-28T18:12:46.939Z daemon INFO time="2024-07-28T19:12:46+01:00" level=info msg="Adding monitor tool" protocol=serial tool="builtin:serial-monitor"
time="2024-07-28T19:12:46+01:00" level=info msg="Loaded platform" platform="arduino:megaavr@1.8.8"
time="2024-07-28T19:12:46+01:00" level=info msg="Checking existence of 'tools' path: /home/posaidon/.arduino15/packages/arduino/tools"
time="2024-07-28T19:12:46+01:00" level=info msg="Loading tools from dir: /home/posaidon/.arduino15/packages/arduino/tools"
2024-07-28 19:12:46 2024-07-28T18:12:46.940Z daemon INFO time="2024-07-28T19:12:46+01:00" level=info msg="Loaded tool" tool="arduino:arduinoOTA@1.3.0"
2024-07-28 19:12:46 2024-07-28T18:12:46.940Z daemon INFO time="2024-07-28T19:12:46+01:00" level=info msg="Loaded tool" tool="arduino:avr-gcc@7.3.0-atmel3.6.1-arduino5"
time="2024-07-28T19:12:46+01:00" level=info msg="Loaded tool" tool="arduino:avr-gcc@7.3.0-atmel3.6.1-arduino7"
2024-07-28 19:12:46 2024-07-28T18:12:46.941Z daemon INFO time="2024-07-28T19:12:46+01:00" level=info msg="Loaded tool" tool="arduino:avrdude@6.3.0-arduino17"
2024-07-28 19:12:46 2024-07-28T18:12:46.941Z daemon INFO time="2024-07-28T19:12:46+01:00" level=info msg="Loading package builtin from: /home/posaidon/.arduino15/packages/builtin"
2024-07-28 19:12:46 2024-07-28T18:12:46.941Z daemon INFO time="2024-07-28T19:12:46+01:00" level=info msg="Checking existence of 'tools' path: /home/posaidon/.arduino15/packages/builtin/tools"
time="2024-07-28T19:12:46+01:00" level=info msg="Loading tools from dir: /home/posaidon/.arduino15/packages/builtin/tools"
2024-07-28 19:12:46 2024-07-28T18:12:46.942Z daemon INFO time="2024-07-28T19:12:46+01:00" level=info msg="Loaded tool" tool="builtin:ctags@5.8-arduino11"
2024-07-28 19:12:46 2024-07-28T18:12:46.943Z daemon INFO time="2024-07-28T19:12:46+01:00" level=info msg="Loaded tool" tool="builtin:dfu-discovery@0.1.2"
2024-07-28 19:12:46 2024-07-28T18:12:46.943Z daemon INFO time="2024-07-28T19:12:46+01:00" level=info msg="Loaded tool" tool="builtin:mdns-discovery@1.0.9"
2024-07-28 19:12:46 2024-07-28T18:12:46.944Z daemon INFO time="2024-07-28T19:12:46+01:00" level=info msg="Loaded tool" tool="builtin:serial-discovery@1.4.0"
time="2024-07-28T19:12:46+01:00" level=info msg="Loaded tool" tool="builtin:serial-discovery@1.4.1"
2024-07-28 19:12:46 2024-07-28T18:12:46.944Z daemon INFO time="2024-07-28T19:12:46+01:00" level=info msg="Loaded tool" tool="builtin:serial-monitor@0.13.0"
time="2024-07-28T19:12:46+01:00" level=info msg="Loaded tool" tool="builtin:serial-monitor@0.14.1"
2024-07-28 19:12:46 2024-07-28T18:12:46.946Z daemon INFO time="2024-07-28T19:12:46+01:00" level=info msg="Adding libraries dir" dir=/home/posaidon/.arduino15/packages/arduino/hardware/avr/1.8.6/libraries location=platform
2024-07-28 19:12:46 2024-07-28T18:12:46.946Z daemon INFO time="2024-07-28T19:12:46+01:00" level=info msg="Adding libraries dir" dir=/home/posaidon/.arduino15/packages/arduino/hardware/megaavr/1.8.8/libraries location=platform
time="2024-07-28T19:12:46+01:00" level=info msg="Loading libraries index file" index=/home/posaidon/.arduino15/library_index.json
2024-07-28 19:12:47 2024-07-28T18:12:47.401Z daemon INFO time="2024-07-28T19:12:47+01:00" level=info msg="Adding libraries dir" dir=/home/posaidon/.arduino15/libraries location=ide
time="2024-07-28T19:12:47+01:00" level=info msg="Adding libraries dir" dir=/home/posaidon/Arduino/libraries location=user
2024-07-28 19:12:47 2024-07-28T18:12:47.457Z discovery-log INFO start resolved watching
2024-07-28 19:12:47 2024-07-28T18:12:47.467Z daemon INFO time="2024-07-28T19:12:47+01:00" level=info msg="starting discovery builtin:mdns-discovery process"
time="2024-07-28T19:12:47+01:00" level=info msg="starting discovery builtin:serial-discovery process"
time="2024-07-28T19:12:47+01:00" level=info msg="started discovery builtin:mdns-discovery process"
time="2024-07-28T19:12:47+01:00" level=info msg="sending command HELLO 1 \"arduino-cli 0.35.3\" to discovery builtin:mdns-discovery"
time="2024-07-28T19:12:47+01:00" level=info msg="started discovery builtin:serial-discovery process"
time="2024-07-28T19:12:47+01:00" level=info msg="sending command HELLO 1 \"arduino-cli 0.35.3\" to discovery builtin:serial-discovery"
time="2024-07-28T19:12:47+01:00" level=info msg="from discovery builtin:serial-discovery received message type: hello, message: OK, protocol version: 1"
time="2024-07-28T19:12:47+01:00" level=info msg="sending command START_SYNC to discovery builtin:serial-discovery"
time="2024-07-28T19:12:47+01:00" level=info msg="from discovery builtin:serial-discovery received message type: start_sync, message: OK"
2024-07-28 19:12:47 2024-07-28T18:12:47.491Z daemon INFO time="2024-07-28T19:12:47+01:00" level=info msg="from discovery builtin:mdns-discovery received message type: hello, message: OK, protocol version: 1"
time="2024-07-28T19:12:47+01:00" level=info msg="sending command START_SYNC to discovery builtin:mdns-discovery"
time="2024-07-28T19:12:47+01:00" level=info msg="from discovery builtin:mdns-discovery received message type: start_sync, message: OK"
2024-07-28 19:12:48 2024-07-28T18:12:48.178Z root INFO Deploy plugins list: 44.4 ms [Finished 2.109 s after backend start]
2024-07-28 19:12:48 Opening channel for service path '/services/electron-window'.
2024-07-28 19:12:48 Opening channel for service path '/services/ide-updater'.
2024-07-28 19:12:49 2024-07-28T18:12:49.073Z root WARN Frontend a.configure took longer than the expected maximum 100 milliseconds: 319.3 ms [Finished 2.138 s after frontend start]
2024-07-28 19:12:49 2024-07-28T18:12:49.080Z root WARN A command editor.action.toggleStickyScroll is already registered.
2024-07-28 19:12:49 2024-07-28T18:12:49.090Z sketches-service WARN Warning! The request sketch path was different than the response sketch path from the CLI. This could be a potential bug. Request: </home/posaidon/Arduino/SimpleReceiver/SimpleReceiver.ino>, response: </home/posaidon/Arduino/SimpleReceiver>.
2024-07-28 19:12:49 2024-07-28T18:12:49.313Z root INFO Start frontend contributions: 715.9 ms [Finished 2.379 s after frontend start]
2024-07-28 19:12:49 2024-07-28T18:12:49.314Z root INFO Changed application state from 'init' to 'started_contributions'.
2024-07-28 19:12:49 2024-07-28T18:12:49.352Z root INFO Changed application state from 'started_contributions' to 'attached_shell'.
2024-07-28 19:12:49 2024-07-28T18:12:49.353Z root INFO >>> Restoring the layout state...
2024-07-28 19:12:49 2024-07-28T18:12:49.354Z root INFO ------- SERIALIZED LAYOUT DATA -------
2024-07-28 19:12:49 2024-07-28T18:12:49.356Z root INFO {"version":5,"mainPanel":{"main":{"type":"tab-area","widgets":[{"constructionOptions":{"factoryId":"code-editor-opener","options":{"counter":0,"kind":"navigatable","uri":"file:///home/posaidon/Arduino/SimpleReceiver/SimpleReceiver.ino"}},"innerWidgetState":"{\"cursorState\":[{\"inSelectionMode\":false,\"selectionStart\":{\"lineNumber\":22,\"column\":23},\"position\":{\"lineNumber\":22,\"column\":23}}],\"viewState\":{\"scrollLeft\":0,\"firstPosition\":{\"lineNumber\":29,\"column\":1},\"firstPositionDeltaTop\":-18},\"contributionsState\":{\"editor.contrib.folding\":{\"lineCount\":70,\"provider\":\"indent\",\"foldedImports\":false},\"editor.contrib.wordHighlighter\":false}}"},{"constructionOptions":{"factoryId":"code-editor-opener","options":{"counter":0,"kind":"navigatable","uri":"file:///home/posaidon/Arduino/SimpleReceiver/PinDefinitionsAndMore.h"}},"innerWidgetState":"{\"cursorState\":[{\"inSelectionMode\":false,\"selectionStart\":{\"lineNumber\":1,\"column\":1},\"position\":{\"lineNumber\":1,\"column\":1}}],\"viewState\":{\"scrollLeft\":0,\"firstPosition\":{\"lineNumber\":1,\"column\":1},\"firstPositionDeltaTop\":0},\"contributionsState\":{\"editor.contrib.folding\":{\"lineCount\":343,\"provider\":\"indent\",\"foldedImports\":false},\"editor.contrib.wordHighlighter\":false}}"}],"currentIndex":0}},"mainPanelPinned":[false,false],"bottomPanel":{"config":{"main":{"type":"tab-area","widgets":[{"constructionOptions":{"factoryId":"outputView"},"innerWidgetState":"{\"locked\":false}"}],"currentIndex":0}},"pinned":[false],"size":358,"expanded":true},"leftPanel":{"type":"sidepanel","items":[{"widget":{"constructionOptions":{"factoryId":"arduino-sketchbook-widget"}},"rank":1,"expanded":true,"pinned":false},{"widget":{"constructionOptions":{"factoryId":"boards-list-widget"}},"rank":2,"expanded":false,"pinned":false},{"widget":{"constructionOptions":{"factoryId":"library-list-widget"}},"rank":3,"expanded":false,"pinned":false},{"widget":{"constructionOptions":{"factoryId":"debug"},"innerWidgetState":"{\"parts\":[{\"partId\":\"debug:threads:-1\",\"collapsed\":false,\"hidden\":false,\"relativeSize\":1.384,\"originalContainerId\":\"debug:view-container:-1\",\"originalContainerTitle\":{\"label\":\"debug\",\"iconClass\":\"codicon codicon-debug-alt\",\"closeable\":true},\"widget\":{\"constructionOptions\":{\"factoryId\":\"debug:threads\"},\"innerWidgetState\":\"{}\"}},{\"partId\":\"debug:frames:-1\",\"collapsed\":false,\"hidden\":false,\"relativeSize\":1.384,\"originalContainerId\":\"debug:view-container:-1\",\"originalContainerTitle\":{\"label\":\"debug\",\"iconClass\":\"codicon codicon-debug-alt\",\"closeable\":true},\"widget\":{\"constructionOptions\":{\"factoryId\":\"debug:frames\"},\"innerWidgetState\":\"{}\"}},{\"partId\":\"debug:variables:-1\",\"collapsed\":false,\"hidden\":false,\"relativeSize\":1.384,\"originalContainerId\":\"debug:view-container:-1\",\"originalContainerTitle\":{\"label\":\"debug\",\"iconClass\":\"codicon codicon-debug-alt\",\"closeable\":true},\"widget\":{\"constructionOptions\":{\"factoryId\":\"debug:variables\"},\"innerWidgetState\":\"{}\"}},{\"partId\":\"debug:watch:-1\",\"collapsed\":false,\"hidden\":false,\"relativeSize\":1.384,\"originalContainerId\":\"debug:view-container:-1\",\"originalContainerTitle\":{\"label\":\"debug\",\"iconClass\":\"codicon codicon-debug-alt\",\"closeable\":true},\"widget\":{\"constructionOptions\":{\"factoryId\":\"debug:watch\"},\"innerWidgetState\":\"{}\"}},{\"partId\":\"debug:breakpoints:-1\",\"collapsed\":false,\"hidden\":false,\"relativeSize\":1.384,\"originalContainerId\":\"debug:view-container:-1\",\"originalContainerTitle\":{\"label\":\"debug\",\"iconClass\":\"codicon codicon-debug-alt\",\"closeable\":true},\"widget\":{\"constructionOptions\":{\"factoryId\":\"debug:breakpoints\"},\"innerWidgetState\":\"{}\"}},{\"partId\":\"plugin-view:cortex-debug.peripherals\",\"collapsed\":true,\"hidden\":true,\"originalContainerId\":\"debug:view-container:-1\",\"originalContainerTitle\":{\"label\":\"debug\",\"iconClass\":\"codicon codicon-debug-alt\",\"closeable\":true},\"widget\":{\"constructionOptions\":{\"factoryId\":\"plugin-view\",\"options\":{\"id\":\"plugin-view:cortex-debug.peripherals\",\"viewId\":\"cortex-debug.peripherals\"}},\"innerWidgetState\":\"{\\\"label\\\":\\\"Cortex Peripherals\\\",\\\"widgets\\\":[],\\\"suppressUpdateViewVisibility\\\":false,\\\"currentViewContainerId\\\":\\\"debug\\\"}\"}},{\"partId\":\"plugin-view:cortex-debug.registers\",\"collapsed\":true,\"hidden\":true,\"originalContainerId\":\"debug:view-container:-1\",\"originalContainerTitle\":{\"label\":\"debug\",\"iconClass\":\"codicon codicon-debug-alt\",\"closeable\":true},\"widget\":{\"constructionOptions\":{\"factoryId\":\"plugin-view\",\"options\":{\"id\":\"plugin-view:cortex-debug.registers\",\"viewId\":\"cortex-debug.registers\"}},\"innerWidgetState\":\"{\\\"label\\\":\\\"Cortex Registers\\\",\\\"widgets\\\":[],\\\"suppressUpdateViewVisibility\\\":false,\\\"currentViewContainerId\\\":\\\"debug\\\"}\"}}],\"title\":{\"label\":\"debug\",\"iconClass\":\"codicon codicon-debug-alt\",\"closeable\":true}}"},"rank":4,"expanded":false,"pinned":false},{"widget":{"constructionOptions":{"factoryId":"search-view-container"},"innerWidgetState":"{\"parts\":[{\"partId\":\"search-in-workspace\",\"collapsed\":false,\"hidden\":false,\"originalContainerId\":\"search-view-container\",\"originalContainerTitle\":{\"label\":\"Search\",\"iconClass\":\"codicon codicon-search\",\"closeable\":true},\"widget\":{\"constructionOptions\":{\"factoryId\":\"search-in-workspace\"},\"innerWidgetState\":\"{\\\"matchCaseState\\\":{\\\"className\\\":\\\"codicon codicon-case-sensitive\\\",\\\"enabled\\\":false,\\\"title\\\":\\\"Match Case\\\"},\\\"wholeWordState\\\":{\\\"className\\\":\\\"codicon codicon-whole-word\\\",\\\"enabled\\\":false,\\\"title\\\":\\\"Match Whole Word\\\"},\\\"regExpState\\\":{\\\"className\\\":\\\"codicon codicon-regex\\\",\\\"enabled\\\":false,\\\"title\\\":\\\"Use Regular Expression\\\"},\\\"includeIgnoredState\\\":{\\\"className\\\":\\\"codicon codicon-eye\\\",\\\"enabled\\\":false,\\\"title\\\":\\\"Include Ignored Files\\\"},\\\"showSearchDetails\\\":false,\\\"searchInWorkspaceOptions\\\":{\\\"matchCase\\\":false,\\\"matchWholeWord\\\":false,\\\"useRegExp\\\":false,\\\"includeIgnored\\\":false,\\\"include\\\":[],\\\"exclude\\\":[],\\\"maxResults\\\":2000},\\\"searchTerm\\\":\\\"\\\",\\\"replaceTerm\\\":\\\"\\\",\\\"showReplaceField\\\":false,\\\"searchHistoryState\\\":{\\\"history\\\":[],\\\"index\\\":0},\\\"replaceHistoryState\\\":{\\\"history\\\":[],\\\"index\\\":0},\\\"includeHistoryState\\\":{\\\"history\\\":[],\\\"index\\\":0},\\\"excludeHistoryState\\\":{\\\"history\\\":[],\\\"index\\\":0}}\"}}],\"title\":{\"label\":\"Search\",\"iconClass\":\"fa fa-arduino-search\",\"closeable\":true}}"},"rank":5,"expanded":false,"pinned":false}],"size":268},"rightPanel":{"type":"sidepanel","items":[]}}
2024-07-28 19:12:49 2024-07-28T18:12:49.356Z root INFO ------- END SERIALIZED LAYOUT DATA -------
2024-07-28 19:12:49 2024-07-28T18:12:49.444Z root INFO [8e52d59e-6556-420b-a4db-634028445432] Waiting for backend deployment: 183.1 ms [Finished 2.550 s after frontend start]
2024-07-28 19:12:50 2024-07-28T18:12:50.291Z root INFO [hosted-plugin: 25385] PLUGIN_HOST(25385) starting instance
2024-07-28 19:12:51 2024-07-28T18:12:51.044Z root INFO [8e52d59e-6556-420b-a4db-634028445432] Sync of 23 plugins: 1605.8 ms [Finished 4.155 s after frontend start]
2024-07-28 19:12:51 2024-07-28T18:12:51.430Z root INFO <<< The layout has been successfully restored.
2024-07-28 19:12:51 2024-07-28T18:12:51.563Z root INFO Initialize the workbench layout: 2096.6 ms [Finished 4.542 s after frontend start]
2024-07-28 19:12:51 2024-07-28T18:12:51.566Z root INFO Changed application state from 'attached_shell' to 'initialized_layout'.
2024-07-28 19:12:51 2024-07-28T18:12:51.566Z root INFO [8e52d59e-6556-420b-a4db-634028445432] Loading plugin contributions
2024-07-28 19:12:51 2024-07-28T18:12:51.566Z root INFO [8e52d59e-6556-420b-a4db-634028445432] Load contributions of 23 plugins: 125.9 ms [Finished 4.670 s after frontend start]
2024-07-28 19:12:51 2024-07-28T18:12:51.582Z root WARN 'cpp' language is remapped from 'source.cpp.embedded.macro' to 'source.cpp' scope
2024-07-28 19:12:51 2024-07-28T18:12:51.582Z root WARN a registered grammar configuration for 'cpp' language is overridden
2024-07-28 19:12:52 2024-07-28T18:12:52.282Z root ERROR [hosted-plugin: 25385] Conflict in settings file Default: Ignoring cortex-debug.armToolchainPath.linux as cortex-debug.armToolchainPath is null
Conflict in settings file Default: Ignoring cortex-debug.armToolchainPath.osx as cortex-debug.armToolchainPath is null
2024-07-28 19:12:52 2024-07-28T18:12:52.283Z root ERROR [hosted-plugin: 25385] Conflict in settings file Default: Ignoring cortex-debug.armToolchainPath.windows as cortex-debug.armToolchainPath is null
Conflict in settings file Default: Ignoring cortex-debug.JLinkGDBServerPath.linux as cortex-debug.JLinkGDBServerPath is null
Conflict in settings file Default: Ignoring cortex-debug.JLinkGDBServerPath.osx as cortex-debug.JLinkGDBServerPath is null
Conflict in settings file Default: Ignoring cortex-debug.JLinkGDBServerPath.windows as cortex-debug.JLinkGDBServerPath is null
Conflict in settings file Default: Ignoring cortex-debug.openocdPath.linux as cortex-debug.openocdPath is null
Conflict in settings file Default: Ignoring cortex-debug.openocdPath.osx as cortex-debug.openocdPath is null
Conflict in settings file Default: Ignoring cortex-debug.openocdPath.windows as cortex-debug.openocdPath is null
Conflict in settings file Default: Ignoring cortex-debug.pyocdPath.linux as cortex-debug.pyocdPath is null
Conflict in settings file Default: Ignoring cortex-debug.pyocdPath.osx as cortex-debug.pyocdPath is null
Conflict in settings file Default: Ignoring cortex-debug.pyocdPath.windows as cortex-debug.pyocdPath is null
Conflict in settings file Default: Ignoring cortex-debug.PEGDBServerPath.linux as cortex-debug.PEGDBServerPath is null
2024-07-28 19:12:52 2024-07-28T18:12:52.283Z root ERROR [hosted-plugin: 25385] Conflict in settings file Default: Ignoring cortex-debug.PEGDBServerPath.osx as cortex-debug.PEGDBServerPath is null
Conflict in settings file Default: Ignoring cortex-debug.PEGDBServerPath.windows as cortex-debug.PEGDBServerPath is null
Conflict in settings file Default: Ignoring cortex-debug.stutilPath.linux as cortex-debug.stutilPath is null
Conflict in settings file Default: Ignoring cortex-debug.stutilPath.osx as cortex-debug.stutilPath is null
Conflict in settings file Default: Ignoring cortex-debug.stutilPath.windows as cortex-debug.stutilPath is null
Conflict in settings file Default: Ignoring cortex-debug.stlinkPath.linux as cortex-debug.stlinkPath is null
Conflict in settings file Default: Ignoring cortex-debug.stlinkPath.osx as cortex-debug.stlinkPath is null
2024-07-28 19:12:52 2024-07-28T18:12:52.283Z root ERROR [hosted-plugin: 25385] Conflict in settings file Default: Ignoring cortex-debug.stlinkPath.windows as cortex-debug.stlinkPath is null
Conflict in settings file Default: Ignoring cortex-debug.stm32cubeprogrammer.linux as cortex-debug.stm32cubeprogrammer is null
Conflict in settings file Default: Ignoring cortex-debug.stm32cubeprogrammer.osx as cortex-debug.stm32cubeprogrammer is null
Conflict in settings file Default: Ignoring cortex-debug.stm32cubeprogrammer.windows as cortex-debug.stm32cubeprogrammer is null
2024-07-28 19:12:52 2024-07-28T18:12:52.318Z root INFO [hosted-plugin: 25385] PLUGIN_HOST(25385): PluginManagerExtImpl/init()
2024-07-28 19:12:52 2024-07-28T18:12:52.322Z root INFO [hosted-plugin: 25385] PLUGIN_HOST(25385): initializing(vscode-arduino-api@0.1.2 with /opt/arduino-ide/resources/app/lib/backend/plugin-vscode-init)
2024-07-28 19:12:52 2024-07-28T18:12:52.444Z root INFO [hosted-plugin: 25385] PLUGIN_HOST(25385): initializing(cortex-debug@1.5.1 with /opt/arduino-ide/resources/app/lib/backend/plugin-vscode-init)
2024-07-28 19:12:52 2024-07-28T18:12:52.444Z root INFO [hosted-plugin: 25385] Debugger contribution has been registered: cortex-debug
2024-07-28 19:12:52 2024-07-28T18:12:52.446Z root INFO [hosted-plugin: 25385] PLUGIN_HOST(25385): initializing(vscode-arduino-tools@0.1.3 with /opt/arduino-ide/resources/app/lib/backend/plugin-vscode-init)
2024-07-28 19:12:52 2024-07-28T18:12:52.447Z root INFO [hosted-plugin: 25385] PLUGIN_HOST(25385): initializing(cpp@1.52.1 with /opt/arduino-ide/resources/app/lib/backend/plugin-vscode-init)
2024-07-28 19:12:52 2024-07-28T18:12:52.448Z root INFO [hosted-plugin: 25385] PLUGIN_HOST(25385): initializing(json@1.46.1 with /opt/arduino-ide/resources/app/lib/backend/plugin-vscode-init)
2024-07-28 19:12:52 2024-07-28T18:12:52.449Z root INFO [hosted-plugin: 25385] PLUGIN_HOST(25385): initializing(json-language-features@1.46.1 with /opt/arduino-ide/resources/app/lib/backend/plugin-vscode-init)
2024-07-28 19:12:52 2024-07-28T18:12:52.449Z root INFO [hosted-plugin: 25385] PLUGIN_HOST(25385): initializing(vscode-language-pack-bg@1.48.3 with /opt/arduino-ide/resources/app/lib/backend/plugin-vscode-init)
2024-07-28 19:12:52 2024-07-28T18:12:52.451Z root INFO [hosted-plugin: 25385] PLUGIN_HOST(25385): initializing(vscode-language-pack-cs@1.80.0 with /opt/arduino-ide/resources/app/lib/backend/plugin-vscode-init)
2024-07-28 19:12:52 2024-07-28T18:12:52.452Z root INFO [hosted-plugin: 25385] PLUGIN_HOST(25385): initializing(vscode-language-pack-de@1.80.0 with /opt/arduino-ide/resources/app/lib/backend/plugin-vscode-init)
2024-07-28 19:12:52 2024-07-28T18:12:52.453Z root INFO [hosted-plugin: 25385] PLUGIN_HOST(25385): initializing(vscode-language-pack-es@1.80.0 with /opt/arduino-ide/resources/app/lib/backend/plugin-vscode-init)
2024-07-28 19:12:52 2024-07-28T18:12:52.455Z root INFO [hosted-plugin: 25385] PLUGIN_HOST(25385): initializing(vscode-language-pack-fr@1.80.0 with /opt/arduino-ide/resources/app/lib/backend/plugin-vscode-init)
2024-07-28 19:12:52 2024-07-28T18:12:52.457Z root INFO [hosted-plugin: 25385] PLUGIN_HOST(25385): initializing(vscode-language-pack-hu@1.48.3 with /opt/arduino-ide/resources/app/lib/backend/plugin-vscode-init)
2024-07-28 19:12:52 2024-07-28T18:12:52.459Z root INFO [hosted-plugin: 25385] PLUGIN_HOST(25385): initializing(vscode-language-pack-it@1.80.0 with /opt/arduino-ide/resources/app/lib/backend/plugin-vscode-init)
2024-07-28 19:12:52 2024-07-28T18:12:52.463Z root INFO [hosted-plugin: 25385] PLUGIN_HOST(25385): initializing(vscode-language-pack-ja@1.80.0 with /opt/arduino-ide/resources/app/lib/backend/plugin-vscode-init)
2024-07-28 19:12:52 2024-07-28T18:12:52.464Z root INFO [hosted-plugin: 25385] PLUGIN_HOST(25385): initializing(vscode-language-pack-ko@1.80.0 with /opt/arduino-ide/resources/app/lib/backend/plugin-vscode-init)
2024-07-28 19:12:52 2024-07-28T18:12:52.464Z root INFO [hosted-plugin: 25385] PLUGIN_HOST(25385): initializing(vscode-language-pack-nl@1.48.3 with /opt/arduino-ide/resources/app/lib/backend/plugin-vscode-init)
2024-07-28 19:12:52 2024-07-28T18:12:52.465Z root INFO [hosted-plugin: 25385] PLUGIN_HOST(25385): initializing(vscode-language-pack-pl@1.80.0 with /opt/arduino-ide/resources/app/lib/backend/plugin-vscode-init)
2024-07-28 19:12:52 2024-07-28T18:12:52.465Z root INFO [hosted-plugin: 25385] PLUGIN_HOST(25385): initializing(vscode-language-pack-pt-BR@1.80.0 with /opt/arduino-ide/resources/app/lib/backend/plugin-vscode-init)
2024-07-28 19:12:52 2024-07-28T18:12:52.466Z root INFO [hosted-plugin: 25385] PLUGIN_HOST(25385): initializing(vscode-language-pack-ru@1.80.0 with /opt/arduino-ide/resources/app/lib/backend/plugin-vscode-init)
2024-07-28 19:12:52 2024-07-28T18:12:52.466Z root INFO [hosted-plugin: 25385] PLUGIN_HOST(25385): initializing(vscode-language-pack-tr@1.80.0 with /opt/arduino-ide/resources/app/lib/backend/plugin-vscode-init)
2024-07-28 19:12:52 2024-07-28T18:12:52.466Z root INFO [hosted-plugin: 25385] PLUGIN_HOST(25385): initializing(vscode-language-pack-uk@1.48.3 with /opt/arduino-ide/resources/app/lib/backend/plugin-vscode-init)
2024-07-28 19:12:52 2024-07-28T18:12:52.467Z root INFO [hosted-plugin: 25385] PLUGIN_HOST(25385): initializing(vscode-language-pack-zh-hans@1.80.0 with /opt/arduino-ide/resources/app/lib/backend/plugin-vscode-init)
2024-07-28 19:12:52 2024-07-28T18:12:52.467Z root INFO [hosted-plugin: 25385] PLUGIN_HOST(25385): initializing(vscode-language-pack-zh-hant@1.80.0 with /opt/arduino-ide/resources/app/lib/backend/plugin-vscode-init)
2024-07-28 19:12:52 Checking for update
2024-07-28 19:12:52 2024-07-28T18:12:52.815Z root INFO Replace loading indicator with ready workbench UI (animation): 932.3 ms [Finished 5.610 s after frontend start]
2024-07-28 19:12:52 2024-07-28T18:12:52.815Z root INFO Changed application state from 'initialized_layout' to 'ready'.
2024-07-28 19:12:52 2024-07-28T18:12:52.815Z root WARN Linked preference "workbench.colorCustomizations" not found.
2024-07-28 19:12:52 2024-07-28T18:12:52.816Z root INFO Frontend application start: 3752.1 ms [Finished 6.685 s after backend start]
2024-07-28 19:12:53 2024-07-28T18:12:53.592Z root ERROR ---- !!!SLOW!!! DURATION: search took 773.013 ms. Args: [{"type":"Updatable"}] ----
2024-07-28 19:12:53 2024-07-28T18:12:53.600Z root INFO [hosted-plugin: 25385] PLUGIN_HOST(25385): PluginManagerExtImpl/loadPlugin(/opt/arduino-ide/resources/app/plugins/vscode-arduino-api/extension/dist/extension.js)
2024-07-28 19:12:53 2024-07-28T18:12:53.601Z daemon INFO time="2024-07-28T19:12:53+01:00" level=info msg="Tool required for debug" tool="arduino:arduinoOTA@1.3.0"
time="2024-07-28T19:12:53+01:00" level=info msg="Tool required for debug" tool="arduino:avr-gcc@7.3.0-atmel3.6.1-arduino7"
time="2024-07-28T19:12:53+01:00" level=info msg="Tool required for debug" tool="arduino:avrdude@6.3.0-arduino17"
2024-07-28 19:12:53 2024-07-28T18:12:53.601Z daemon INFO time="2024-07-28T19:12:53+01:00" level=info msg="Tool required for debug" tool="builtin:ctags@5.8-arduino11"
time="2024-07-28T19:12:53+01:00" level=info msg="Tool required for debug" tool="builtin:dfu-discovery@0.1.2"
time="2024-07-28T19:12:53+01:00" level=info msg="Tool required for debug" tool="builtin:mdns-discovery@1.0.9"
time="2024-07-28T19:12:53+01:00" level=info msg="Tool required for debug" tool="builtin:serial-discovery@1.4.1"
time="2024-07-28T19:12:53+01:00" level=info msg="Tool required for debug" tool="builtin:serial-monitor@0.14.1"
2024-07-28 19:12:53 2024-07-28T18:12:53.603Z root ERROR Failed to get debug config: arduino:avr:uno, undefined Error: Debugging is not supported.
    at Object.callback (/opt/arduino-ide/resources/app/lib/backend/main.js:2:81196)
    at Object.onReceiveStatus (/opt/arduino-ide/resources/app/lib/backend/main.js:2:788562)
    at Object.onReceiveStatus (/opt/arduino-ide/resources/app/lib/backend/main.js:2:784513)
    at Object.onReceiveStatus (/opt/arduino-ide/resources/app/lib/backend/main.js:2:783958)
    at /opt/arduino-ide/resources/app/lib/backend/main.js:2:870080
    at process.processTicksAndRejections (node:internal/process/task_queues:77:11)
2024-07-28 19:12:53 2024-07-28T18:12:53.603Z root ERROR Request checkDebugEnabled failed with error: Debugging is not supported. Error: Debugging is not supported.
    at Object.callback (/opt/arduino-ide/resources/app/lib/backend/main.js:2:81196)
    at Object.onReceiveStatus (/opt/arduino-ide/resources/app/lib/backend/main.js:2:788562)
    at Object.onReceiveStatus (/opt/arduino-ide/resources/app/lib/backend/main.js:2:784513)
    at Object.onReceiveStatus (/opt/arduino-ide/resources/app/lib/backend/main.js:2:783958)
    at /opt/arduino-ide/resources/app/lib/backend/main.js:2:870080
    at process.processTicksAndRejections (node:internal/process/task_queues:77:11)
2024-07-28 19:12:53 2024-07-28T18:12:53.605Z root INFO [hosted-plugin: 25385] calling activation function on Arduino IDE API for VS Code extensions
2024-07-28 19:12:53 2024-07-28T18:12:53.633Z root INFO [hosted-plugin: 25385] PLUGIN_HOST(25385): PluginManagerExtImpl/loadPlugin(/opt/arduino-ide/resources/app/plugins/vscode-builtin-json-language-features/extension/client/dist/jsonMain)
2024-07-28 19:12:53 2024-07-28T18:12:53.676Z root INFO [hosted-plugin: 25385] calling activation function on JSON Language Features (built-in)
2024-07-28 19:12:53 2024-07-28T18:12:53.696Z root INFO [hosted-plugin: 25385] PLUGIN_HOST(25385): PluginManagerExtImpl/loadPlugin(/opt/arduino-ide/resources/app/plugins/vscode-arduino-tools/extension/dist/extension.js)
2024-07-28 19:12:53 2024-07-28T18:12:53.734Z root INFO [hosted-plugin: 25385] calling activation function on VS Code Arduino Tools
2024-07-28 19:12:53 2024-07-28T18:12:53.750Z root INFO [8e52d59e-6556-420b-a4db-634028445432] Starting plugins.
2024-07-28 19:12:53 2024-07-28T18:12:53.776Z root INFO [hosted-plugin: 25385] PLUGIN_HOST(25385): PluginManagerExtImpl/loadPlugin(/opt/arduino-ide/resources/app/plugins/cortex-debug/extension/dist/extension.js)
2024-07-28 19:12:53 2024-07-28T18:12:53.816Z root INFO [hosted-plugin: 25385] Debug configuration provider has been registered: cortex-debug, trigger: 1
2024-07-28 19:12:53 2024-07-28T18:12:53.817Z root INFO [hosted-plugin: 25385] calling activation function on Cortex-Debug
2024-07-28 19:12:53 2024-07-28T18:12:53.819Z root INFO [hosted-plugin: 25385] GDB server console created
2024-07-28 19:12:53 2024-07-28T18:12:53.834Z root INFO [8e52d59e-6556-420b-a4db-634028445432] Start of 23 plugins: 2262.2 ms [Finished 6.943 s after frontend start]
2024-07-28 19:12:53 2024-07-28T18:12:53.876Z root INFO Starting language server: arduino:avr:uno
2024-07-28 19:12:54 2024-07-28T18:12:54.049Z daemon INFO time="2024-07-28T19:12:54+01:00" level=info msg="Adding libraries dir" dir=/home/posaidon/.arduino15/libraries location=ide
time="2024-07-28T19:12:54+01:00" level=info msg="Adding libraries dir" dir=/home/posaidon/.arduino15/packages/arduino/hardware/avr/1.8.6/libraries location=platform
time="2024-07-28T19:12:54+01:00" level=info msg="Adding libraries dir" dir=/home/posaidon/Arduino/libraries location=user
2024-07-28 19:12:54 Update for version 2.3.2 is not available (latest version: 2.3.2, downgrade is allowed).
2024-07-28 19:12:54 2024-07-28T18:12:54.182Z daemon INFO time="2024-07-28T19:12:54+01:00" level=info msg="Resolving include IRremote.h for arch avr"
time="2024-07-28T19:12:54+01:00" level=info msg="  found better lib" lib=IRremote prio=6B1
2024-07-28 19:12:54 2024-07-28T18:12:54.697Z daemon INFO time="2024-07-28T19:12:54+01:00" level=info msg="Adding libraries dir" dir=/home/posaidon/.arduino15/libraries location=ide
time="2024-07-28T19:12:54+01:00" level=info msg="Adding libraries dir" dir=/home/posaidon/.arduino15/packages/arduino/hardware/avr/1.8.6/libraries location=platform
time="2024-07-28T19:12:54+01:00" level=info msg="Adding libraries dir" dir=/home/posaidon/Arduino/libraries location=user
2024-07-28 19:14:09 isTempSketch: false. Input was /home/posaidon/Arduino/SimpleReceiver
2024-07-28 19:14:09 Marking workspace as a closed sketch. Workspace URI: file:///home/posaidon/Arduino/SimpleReceiver. Date: 1722190449131.
