2024-07-23 23:22:54 Arduino IDE 2.3.2
2024-07-23 23:22:54 Checking for frontend application configuration customizations. Module path: /opt/arduino-ide/resources/app/lib/backend/electron-main.js, destination 'package.json': /opt/arduino-ide/resources/app/package.json
2024-07-23 23:22:55 Setting 'theia.frontend.config.appVersion' application configuration value to: "2.3.2" (type of string)
2024-07-23 23:22:55 Setting 'theia.frontend.config.cliVersion' application configuration value to: "0.35.3" (type of string)
2024-07-23 23:22:55 Setting 'theia.frontend.config.buildDate' application configuration value to: "2024-02-20T09:54:08.669Z" (type of string)
2024-07-23 23:22:55 Frontend application configuration after modifications: {"applicationName":"Arduino IDE","defaultTheme":{"light":"arduino-theme","dark":"arduino-theme-dark"},"defaultIconTheme":"none","electron":{"windowOptions":{}},"defaultLocale":"","validatePreferencesSchema":false,"preferences":{"window.title":"${rootName}${activeEditorShort}${appName}","files.autoSave":"afterDelay","editor.minimap.enabled":false,"editor.tabSize":2,"editor.scrollBeyondLastLine":false,"editor.quickSuggestions":{"other":false,"comments":false,"strings":false},"editor.maxTokenizationLineLength":500,"editor.bracketPairColorization.enabled":false,"breadcrumbs.enabled":false,"workbench.tree.renderIndentGuides":"none","explorer.compactFolders":false},"appVersion":"2.3.2","cliVersion":"0.35.3","buildDate":"2024-02-20T09:54:08.669Z"}
2024-07-23 23:22:55 Starting backend process. PID: 104714
2024-07-23 23:22:55 Using browser-only version of superagent in non-browser environment
2024-07-23 23:22:55 Configuration directory URI: 'file:///home/posaidon/.arduinoIDE'
2024-07-23 23:22:55 Configuring to accept webviews on '^.+\.webview\..+$' hostname.
2024-07-23 23:22:55 2024-07-23T22:22:55.638Z root INFO Backend Object.initialize: 7.6 ms [Finished 0.516 s after backend start]
2024-07-23 23:22:55 2024-07-23T22:22:55.642Z root INFO Backend Object.configure: 6.4 ms [Finished 0.516 s after backend start]
2024-07-23 23:22:55 2024-07-23T22:22:55.642Z root INFO Backend s.onStart: 2.1 ms [Finished 0.516 s after backend start]
2024-07-23 23:22:55 2024-07-23T22:22:55.643Z root INFO Backend s.configure: 0.4 ms [Finished 0.538 s after backend start]
2024-07-23 23:22:55 2024-07-23T22:22:55.644Z root INFO Backend d.onStart: 0.3 ms [Finished 0.538 s after backend start]
2024-07-23 23:22:55 2024-07-23T22:22:55.644Z root INFO Backend d.configure: 0.1 ms [Finished 0.538 s after backend start]
2024-07-23 23:22:55 2024-07-23T22:22:55.645Z root INFO Backend d.initialize: 23.4 ms [Finished 0.539 s after backend start]
2024-07-23 23:22:55 2024-07-23T22:22:55.645Z root INFO Backend c.onStart: 1.3 ms [Finished 0.539 s after backend start]
2024-07-23 23:22:55 2024-07-23T22:22:55.645Z root INFO Backend a.configure: 5.3 ms [Finished 0.545 s after backend start]
2024-07-23 23:22:55 2024-07-23T22:22:55.647Z config INFO >>> Initializing CLI configuration...
2024-07-23 23:22:55 2024-07-23T22:22:55.647Z root INFO Backend c.initialize: 0.7 ms [Finished 0.545 s after backend start]
2024-07-23 23:22:55 2024-07-23T22:22:55.647Z root INFO Backend R.onStart: 0.6 ms [Finished 0.545 s after backend start]
2024-07-23 23:22:55 2024-07-23T22:22:55.647Z config INFO Loading CLI configuration from /home/posaidon/.arduinoIDE/arduino-cli.yaml...
2024-07-23 23:22:55 2024-07-23T22:22:55.648Z daemon INFO Starting daemon from /opt/arduino-ide/resources/app/lib/backend/resources/arduino-cli...
2024-07-23 23:22:55 2024-07-23T22:22:55.648Z root INFO Backend a.initialize: 0.4 ms [Finished 0.546 s after backend start]
2024-07-23 23:22:55 2024-07-23T22:22:55.648Z root INFO Backend w.onStart: 0.9 ms [Finished 0.547 s after backend start]
2024-07-23 23:22:55 2024-07-23T22:22:55.648Z root INFO Backend r.configure: 1.5 ms [Finished 0.547 s after backend start]
2024-07-23 23:22:55 2024-07-23T22:22:55.648Z discovery-log INFO start
2024-07-23 23:22:55 2024-07-23T22:22:55.648Z discovery-log INFO start new deferred
2024-07-23 23:22:55 2024-07-23T22:22:55.648Z root INFO Backend d.initialize: 0.3 ms [Finished 0.547 s after backend start]
2024-07-23 23:22:55 2024-07-23T22:22:55.648Z root INFO Backend y.onStart: 1.5 ms [Finished 0.549 s after backend start]
2024-07-23 23:22:55 2024-07-23T22:22:55.648Z root INFO Backend r.configure: 1.3 ms [Finished 0.549 s after backend start]
2024-07-23 23:22:55 2024-07-23T22:22:55.648Z root INFO Backend a.onStart: 0.6 ms [Finished 0.550 s after backend start]
2024-07-23 23:22:55 2024-07-23T22:22:55.648Z root INFO Backend h.configure: 0.5 ms [Finished 0.550 s after backend start]
2024-07-23 23:22:55 2024-07-23T22:22:55.648Z root INFO Backend s.configure: 0.1 ms [Finished 0.550 s after backend start]
2024-07-23 23:22:55 2024-07-23T22:22:55.648Z root INFO Backend l.configure: 0.1 ms [Finished 0.550 s after backend start]
2024-07-23 23:22:55 2024-07-23T22:22:55.650Z root INFO Theia app listening on http://127.0.0.1:38815.
2024-07-23 23:22:55 2024-07-23T22:22:55.650Z root INFO Finished starting backend application: 2.3 ms [Finished 0.552 s after backend start]
2024-07-23 23:22:55 2024-07-23T22:22:55.651Z root WARN The local plugin referenced by local-dir:/home/posaidon/.arduinoIDE/plugins does not exist.
2024-07-23 23:22:55 2024-07-23T22:22:55.651Z root WARN The local plugin referenced by local-dir:/home/posaidon/.arduinoIDE/extensions does not exist.
2024-07-23 23:22:55 2024-07-23T22:22:55.655Z config INFO Loaded CLI configuration: {"board_manager":{"additional_urls":[]},"build_cache":{"compilations_before_purge":10,"ttl":"720h0m0s"},"daemon":{"port":"50051"},"directories":{"data":"/home/posaidon/.arduino15","downloads":"/home/posaidon/.arduino15/staging","user":"/home/posaidon/Arduino"},"library":{"enable_unsafe_install":false},"logging":{"file":"","format":"text","level":"info"},"metrics":{"addr":":9090","enabled":true},"output":{"no_color":false},"sketch":{"always_export_binaries":false},"updater":{"enable_notification":true}}
2024-07-23 23:22:55 2024-07-23T22:22:55.655Z config INFO 'directories.data' and 'directories.user' are set in the CLI configuration model.
2024-07-23 23:22:55 2024-07-23T22:22:55.655Z config INFO Loaded the CLI configuration.
2024-07-23 23:22:55 2024-07-23T22:22:55.666Z config INFO Mapped the CLI configuration: {"dataDirUri":"file:///home/posaidon/.arduino15","sketchDirUri":"file:///home/posaidon/Arduino","additionalUrls":[],"network":"none","locale":"en"}
2024-07-23 23:22:55 2024-07-23T22:22:55.666Z config INFO Validating the CLI configuration...
2024-07-23 23:22:55 2024-07-23T22:22:55.668Z config INFO The CLI config is valid.
2024-07-23 23:22:55 2024-07-23T22:22:55.668Z config INFO <<< Initialized the CLI configuration.
2024-07-23 23:22:55 Restoring workspace roots: /home/posaidon/Arduino/sketch_mar24a
2024-07-23 23:22:55 isTempSketch: false. Input was /home/posaidon/Arduino/sketch_mar24a/sketch_mar24a.ino
2024-07-23 23:22:55 2024-07-23T22:22:55.699Z root INFO Resolve plugins list: 51.7 ms [Finished 0.600 s after backend start]
2024-07-23 23:22:55 2024-07-23T22:22:55.842Z daemon INFO time="2024-07-23T23:22:55+01:00" level=info msg="Using config file: /home/posaidon/.arduinoIDE/arduino-cli.yaml"
time="2024-07-23T23:22:55+01:00" level=info msg="arduino-cli version 0.35.3"
time="2024-07-23T23:22:55+01:00" level=info msg="Executing `arduino-cli daemon`"
Daemon is now listening on 127.0.0.1:37467
{"IP":"127.0.0.1","Port":"37467"}
2024-07-23 23:22:55 2024-07-23T22:22:55.842Z daemon INFO Daemon is running.
2024-07-23 23:22:56 2024-07-23T22:22:56.072Z daemon INFO time="2024-07-23T23:22:56+01:00" level=info msg="Checking signature" index=/home/posaidon/.arduino15/package_index.json signatureFile=/home/posaidon/.arduino15/package_index.json.sig trusted=true
time="2024-07-23T23:22:56+01:00" level=info msg="Loading hardware from: /home/posaidon/.arduino15/packages"
time="2024-07-23T23:22:56+01:00" level=info msg="Loading package arduino from: /home/posaidon/.arduino15/packages/arduino/hardware"
time="2024-07-23T23:22:56+01:00" level=info msg="Missing signature file" index=/home/posaidon/.arduino15/packages/arduino/hardware/avr/1.8.6/installed.json
time="2024-07-23T23:22:56+01:00" level=info msg="Adding monitor tool" protocol=serial tool="builtin:serial-monitor"
time="2024-07-23T23:22:56+01:00" level=info msg="Loaded platform" platform="arduino:avr@1.8.6"
time="2024-07-23T23:22:56+01:00" level=info msg="Missing signature file" index=/home/posaidon/.arduino15/packages/arduino/hardware/megaavr/1.8.8/installed.json
time="2024-07-23T23:22:56+01:00" level=info msg="Adding monitor tool" protocol=serial tool="builtin:serial-monitor"
time="2024-07-23T23:22:56+01:00" level=info msg="Loaded platform" platform="arduino:megaavr@1.8.8"
time="2024-07-23T23:22:56+01:00" level=info msg="Checking existence of 'tools' path: /home/posaidon/.arduino15/packages/arduino/tools"
time="2024-07-23T23:22:56+01:00" level=info msg="Loading tools from dir: /home/posaidon/.arduino15/packages/arduino/tools"
time="2024-07-23T23:22:56+01:00" level=info msg="Loaded tool" tool="arduino:arduinoOTA@1.3.0"
time="2024-07-23T23:22:56+01:00" level=info msg="Loaded tool" tool="arduino:avr-gcc@7.3.0-atmel3.6.1-arduino5"
time="2024-07-23T23:22:56+01:00" level=info msg="Loaded tool" tool="arduino:avr-gcc@7.3.0-atmel3.6.1-arduino7"
time="2024-07-23T23:22:56+01:00" level=info msg="Loaded tool" tool="arduino:avrdude@6.3.0-arduino17"
time="2024-07-23T23:22:56+01:00" level=info msg="Loading package builtin from: /home/posaidon/.arduino15/packages/builtin"
time="2024-07-23T23:22:56+01:00" level=info msg="Checking existence of 'tools' path: /home/posaidon/.arduino15/packages/builtin/tools"
time="2024-07-23T23:22:56+01:00" level=info msg="Loading tools from dir: /home/posaidon/.arduino15/packages/builtin/tools"
time="2024-07-23T23:22:56+01:00" level=info msg="Loaded tool" tool="builtin:ctags@5.8-arduino11"
time="2024-07-23T23:22:56+01:00" level=info msg="Loaded tool" tool="builtin:dfu-discovery@0.1.2"
time="2024-07-23T23:22:56+01:00" level=info msg="Loaded tool" tool="builtin:mdns-discovery@1.0.9"
time="2024-07-23T23:22:56+01:00" level=info msg="Loaded tool" tool="builtin:serial-discovery@1.4.0"
time="2024-07-23T23:22:56+01:00" level=info msg="Loaded tool" tool="builtin:serial-monitor@0.13.0"
time="2024-07-23T23:22:56+01:00" level=info msg="Loaded tool" tool="builtin:serial-monitor@0.14.1"
time="2024-07-23T23:22:56+01:00" level=info msg="Adding libraries dir" dir=/home/posaidon/.arduino15/packages/arduino/hardware/avr/1.8.6/libraries location=platform
time="2024-07-23T23:22:56+01:00" level=info msg="Adding libraries dir" dir=/home/posaidon/.arduino15/packages/arduino/hardware/megaavr/1.8.8/libraries location=platform
time="2024-07-23T23:22:56+01:00" level=info msg="Loading libraries index file" index=/home/posaidon/.arduino15/library_index.json
2024-07-23 23:22:56 2024-07-23T22:22:56.468Z daemon INFO time="2024-07-23T23:22:56+01:00" level=info msg="Adding libraries dir" dir=/home/posaidon/.arduino15/libraries location=ide
time="2024-07-23T23:22:56+01:00" level=info msg="Adding libraries dir" dir=/home/posaidon/Arduino/libraries location=user
2024-07-23 23:22:56 2024-07-23T22:22:56.554Z discovery-log INFO start resolved watching
2024-07-23 23:22:56 2024-07-23T22:22:56.556Z daemon INFO time="2024-07-23T23:22:56+01:00" level=info msg="starting discovery builtin:mdns-discovery process"
time="2024-07-23T23:22:56+01:00" level=info msg="starting discovery builtin:serial-discovery process"
2024-07-23 23:22:56 2024-07-23T22:22:56.559Z daemon INFO time="2024-07-23T23:22:56+01:00" level=info msg="started discovery builtin:serial-discovery process"
time="2024-07-23T23:22:56+01:00" level=info msg="sending command HELLO 1 \"arduino-cli 0.35.3\" to discovery builtin:serial-discovery"
time="2024-07-23T23:22:56+01:00" level=info msg="started discovery builtin:mdns-discovery process"
time="2024-07-23T23:22:56+01:00" level=info msg="sending command HELLO 1 \"arduino-cli 0.35.3\" to discovery builtin:mdns-discovery"
2024-07-23 23:22:56 2024-07-23T22:22:56.629Z daemon INFO time="2024-07-23T23:22:56+01:00" level=info msg="from discovery builtin:serial-discovery received message type: hello, message: OK, protocol version: 1"
time="2024-07-23T23:22:56+01:00" level=info msg="sending command START_SYNC to discovery builtin:serial-discovery"
time="2024-07-23T23:22:56+01:00" level=info msg="from discovery builtin:serial-discovery received message type: start_sync, message: OK"
time="2024-07-23T23:22:56+01:00" level=info msg="from discovery builtin:mdns-discovery received message type: hello, message: OK, protocol version: 1"
time="2024-07-23T23:22:56+01:00" level=info msg="sending command START_SYNC to discovery builtin:mdns-discovery"
time="2024-07-23T23:22:56+01:00" level=info msg="from discovery builtin:mdns-discovery received message type: start_sync, message: OK"
2024-07-23 23:22:57 2024-07-23T22:22:57.052Z root INFO Deploy plugins list: 51.7 ms [Finished 1.954 s after backend start]
2024-07-23 23:22:58 Opening channel for service path '/services/electron-window'.
2024-07-23 23:22:58 Opening channel for service path '/services/ide-updater'.
2024-07-23 23:22:58 2024-07-23T22:22:58.603Z root WARN Frontend a.configure took longer than the expected maximum 100 milliseconds: 260.5 ms [Finished 2.810 s after frontend start]
2024-07-23 23:22:58 2024-07-23T22:22:58.606Z root WARN A command editor.action.toggleStickyScroll is already registered.
2024-07-23 23:22:58 2024-07-23T22:22:58.618Z sketches-service WARN Warning! The request sketch path was different than the response sketch path from the CLI. This could be a potential bug. Request: </home/posaidon/Arduino/sketch_mar24a/sketch_mar24a.ino>, response: </home/posaidon/Arduino/sketch_mar24a>.
2024-07-23 23:22:58 2024-07-23T22:22:58.823Z root INFO Start frontend contributions: 565.4 ms [Finished 3.022 s after frontend start]
2024-07-23 23:22:58 2024-07-23T22:22:58.823Z root INFO Changed application state from 'init' to 'started_contributions'.
2024-07-23 23:22:58 2024-07-23T22:22:58.860Z root INFO Changed application state from 'started_contributions' to 'attached_shell'.
2024-07-23 23:22:58 2024-07-23T22:22:58.860Z root INFO >>> Restoring the layout state...
2024-07-23 23:22:58 2024-07-23T22:22:58.861Z root INFO ------- SERIALIZED LAYOUT DATA -------
2024-07-23 23:22:58 2024-07-23T22:22:58.862Z root INFO {"version":5,"mainPanel":{"main":{"type":"tab-area","widgets":[{"constructionOptions":{"factoryId":"code-editor-opener","options":{"counter":0,"kind":"navigatable","uri":"file:///home/posaidon/Arduino/sketch_mar24a/sketch_mar24a.ino"}},"innerWidgetState":"{\"cursorState\":[{\"inSelectionMode\":false,\"selectionStart\":{\"lineNumber\":9,\"column\":3},\"position\":{\"lineNumber\":9,\"column\":3}}],\"viewState\":{\"scrollLeft\":0,\"firstPosition\":{\"lineNumber\":1,\"column\":1},\"firstPositionDeltaTop\":0},\"contributionsState\":{\"editor.contrib.folding\":{\"lineCount\":23,\"provider\":\"indent\",\"foldedImports\":false},\"editor.contrib.wordHighlighter\":false}}"}],"currentIndex":0}},"mainPanelPinned":[false],"bottomPanel":{"config":{"main":{"type":"tab-area","widgets":[{"constructionOptions":{"factoryId":"outputView"},"innerWidgetState":"{\"locked\":false}"}],"currentIndex":0}},"pinned":[false],"size":269,"expanded":true},"leftPanel":{"type":"sidepanel","items":[{"widget":{"constructionOptions":{"factoryId":"arduino-sketchbook-widget"}},"rank":1,"expanded":false,"pinned":false},{"widget":{"constructionOptions":{"factoryId":"boards-list-widget"}},"rank":2,"expanded":false,"pinned":false},{"widget":{"constructionOptions":{"factoryId":"library-list-widget"}},"rank":3,"expanded":true,"pinned":false},{"widget":{"constructionOptions":{"factoryId":"debug"},"innerWidgetState":"{\"parts\":[{\"widget\":{\"constructionOptions\":{\"factoryId\":\"debug:threads\"},\"innerWidgetState\":\"{}\"},\"partId\":\"debug:threads:-1\",\"collapsed\":false,\"hidden\":false,\"relativeSize\":1.384,\"originalContainerId\":\"debug:view-container:-1\",\"originalContainerTitle\":{\"label\":\"debug\",\"iconClass\":\"codicon codicon-debug-alt\",\"closeable\":true}},{\"widget\":{\"constructionOptions\":{\"factoryId\":\"debug:frames\"},\"innerWidgetState\":\"{}\"},\"partId\":\"debug:frames:-1\",\"collapsed\":false,\"hidden\":false,\"relativeSize\":1.384,\"originalContainerId\":\"debug:view-container:-1\",\"originalContainerTitle\":{\"label\":\"debug\",\"iconClass\":\"codicon codicon-debug-alt\",\"closeable\":true}},{\"widget\":{\"constructionOptions\":{\"factoryId\":\"debug:variables\"},\"innerWidgetState\":\"{}\"},\"partId\":\"debug:variables:-1\",\"collapsed\":false,\"hidden\":false,\"relativeSize\":1.384,\"originalContainerId\":\"debug:view-container:-1\",\"originalContainerTitle\":{\"label\":\"debug\",\"iconClass\":\"codicon codicon-debug-alt\",\"closeable\":true}},{\"widget\":{\"constructionOptions\":{\"factoryId\":\"debug:watch\"},\"innerWidgetState\":\"{}\"},\"partId\":\"debug:watch:-1\",\"collapsed\":false,\"hidden\":false,\"relativeSize\":1.384,\"originalContainerId\":\"debug:view-container:-1\",\"originalContainerTitle\":{\"label\":\"debug\",\"iconClass\":\"codicon codicon-debug-alt\",\"closeable\":true}},{\"widget\":{\"constructionOptions\":{\"factoryId\":\"debug:breakpoints\"},\"innerWidgetState\":\"{}\"},\"partId\":\"debug:breakpoints:-1\",\"collapsed\":false,\"hidden\":false,\"relativeSize\":1.384,\"originalContainerId\":\"debug:view-container:-1\",\"originalContainerTitle\":{\"label\":\"debug\",\"iconClass\":\"codicon codicon-debug-alt\",\"closeable\":true}},{\"widget\":{\"constructionOptions\":{\"factoryId\":\"plugin-view\",\"options\":{\"id\":\"plugin-view:cortex-debug.peripherals\",\"viewId\":\"cortex-debug.peripherals\"}},\"innerWidgetState\":\"{\\\"label\\\":\\\"Cortex Peripherals\\\",\\\"widgets\\\":[],\\\"suppressUpdateViewVisibility\\\":false,\\\"currentViewContainerId\\\":\\\"debug\\\"}\"},\"partId\":\"plugin-view:cortex-debug.peripherals\",\"collapsed\":true,\"hidden\":true,\"originalContainerId\":\"debug:view-container:-1\",\"originalContainerTitle\":{\"label\":\"debug\",\"iconClass\":\"codicon codicon-debug-alt\",\"closeable\":true}},{\"widget\":{\"constructionOptions\":{\"factoryId\":\"plugin-view\",\"options\":{\"id\":\"plugin-view:cortex-debug.registers\",\"viewId\":\"cortex-debug.registers\"}},\"innerWidgetState\":\"{\\\"label\\\":\\\"Cortex Registers\\\",\\\"widgets\\\":[],\\\"suppressUpdateViewVisibility\\\":false,\\\"currentViewContainerId\\\":\\\"debug\\\"}\"},\"partId\":\"plugin-view:cortex-debug.registers\",\"collapsed\":true,\"hidden\":true,\"originalContainerId\":\"debug:view-container:-1\",\"originalContainerTitle\":{\"label\":\"debug\",\"iconClass\":\"codicon codicon-debug-alt\",\"closeable\":true}}],\"title\":{\"label\":\"debug\",\"iconClass\":\"codicon codicon-debug-alt\",\"closeable\":true}}"},"rank":4,"expanded":false,"pinned":false},{"widget":{"constructionOptions":{"factoryId":"search-view-container"},"innerWidgetState":"{\"parts\":[{\"widget\":{\"constructionOptions\":{\"factoryId\":\"search-in-workspace\"},\"innerWidgetState\":\"{\\\"matchCaseState\\\":{\\\"className\\\":\\\"codicon codicon-case-sensitive\\\",\\\"enabled\\\":false,\\\"title\\\":\\\"Match Case\\\"},\\\"wholeWordState\\\":{\\\"className\\\":\\\"codicon codicon-whole-word\\\",\\\"enabled\\\":false,\\\"title\\\":\\\"Match Whole Word\\\"},\\\"regExpState\\\":{\\\"className\\\":\\\"codicon codicon-regex\\\",\\\"enabled\\\":false,\\\"title\\\":\\\"Use Regular Expression\\\"},\\\"includeIgnoredState\\\":{\\\"className\\\":\\\"codicon codicon-eye\\\",\\\"enabled\\\":false,\\\"title\\\":\\\"Include Ignored Files\\\"},\\\"showSearchDetails\\\":false,\\\"searchInWorkspaceOptions\\\":{\\\"matchCase\\\":false,\\\"matchWholeWord\\\":false,\\\"useRegExp\\\":false,\\\"includeIgnored\\\":false,\\\"include\\\":[],\\\"exclude\\\":[],\\\"maxResults\\\":2000},\\\"searchTerm\\\":\\\"\\\",\\\"replaceTerm\\\":\\\"\\\",\\\"showReplaceField\\\":false,\\\"searchHistoryState\\\":{\\\"history\\\":[],\\\"index\\\":0},\\\"replaceHistoryState\\\":{\\\"history\\\":[],\\\"index\\\":0},\\\"includeHistoryState\\\":{\\\"history\\\":[],\\\"index\\\":0},\\\"excludeHistoryState\\\":{\\\"history\\\":[],\\\"index\\\":0}}\"},\"partId\":\"search-in-workspace\",\"collapsed\":false,\"hidden\":false,\"originalContainerId\":\"search-view-container\",\"originalContainerTitle\":{\"label\":\"Search\",\"iconClass\":\"codicon codicon-search\",\"closeable\":true}}],\"title\":{\"label\":\"Search\",\"iconClass\":\"fa fa-arduino-search\",\"closeable\":true}}"},"rank":5,"expanded":false,"pinned":false}],"size":268},"rightPanel":{"type":"sidepanel","items":[]},"activeWidgetId":"code-editor-opener:file:///home/posaidon/Arduino/sketch_mar24a/sketch_mar24a.ino:0"}
2024-07-23 23:22:58 2024-07-23T22:22:58.862Z root INFO ------- END SERIALIZED LAYOUT DATA -------
2024-07-23 23:22:59 2024-07-23T22:22:59.207Z root INFO [f0f3f7fb-a024-46fa-bc60-53689712147e] Waiting for backend deployment: 158.9 ms [Finished 3.173 s after frontend start]
2024-07-23 23:22:59 2024-07-23T22:22:59.611Z root INFO [hosted-plugin: 104810] PLUGIN_HOST(104810) starting instance
2024-07-23 23:23:00 2024-07-23T22:23:00.225Z root INFO [f0f3f7fb-a024-46fa-bc60-53689712147e] Sync of 23 plugins: 1293.3 ms [Finished 4.467 s after frontend start]
2024-07-23 23:23:00 2024-07-23T22:23:00.494Z root INFO <<< The layout has been successfully restored.
2024-07-23 23:23:00 2024-07-23T22:23:00.578Z root INFO Initialize the workbench layout: 1655.6 ms [Finished 4.736 s after frontend start]
2024-07-23 23:23:00 2024-07-23T22:23:00.582Z root INFO Changed application state from 'attached_shell' to 'initialized_layout'.
2024-07-23 23:23:00 2024-07-23T22:23:00.582Z root INFO [f0f3f7fb-a024-46fa-bc60-53689712147e] Loading plugin contributions
2024-07-23 23:23:00 2024-07-23T22:23:00.582Z root INFO [f0f3f7fb-a024-46fa-bc60-53689712147e] Load contributions of 23 plugins: 81.3 ms [Finished 4.819 s after frontend start]
2024-07-23 23:23:00 2024-07-23T22:23:00.598Z root WARN 'cpp' language is remapped from 'source.cpp.embedded.macro' to 'source.cpp' scope
2024-07-23 23:23:00 2024-07-23T22:23:00.598Z root WARN a registered grammar configuration for 'cpp' language is overridden
2024-07-23 23:23:01 2024-07-23T22:23:01.222Z root ERROR [hosted-plugin: 104810] Conflict in settings file Default: Ignoring cortex-debug.armToolchainPath.linux as cortex-debug.armToolchainPath is null
Conflict in settings file Default: Ignoring cortex-debug.armToolchainPath.osx as cortex-debug.armToolchainPath is null
2024-07-23 23:23:01 2024-07-23T22:23:01.223Z root ERROR [hosted-plugin: 104810] Conflict in settings file Default: Ignoring cortex-debug.armToolchainPath.windows as cortex-debug.armToolchainPath is null
Conflict in settings file Default: Ignoring cortex-debug.JLinkGDBServerPath.linux as cortex-debug.JLinkGDBServerPath is null
Conflict in settings file Default: Ignoring cortex-debug.JLinkGDBServerPath.osx as cortex-debug.JLinkGDBServerPath is null
Conflict in settings file Default: Ignoring cortex-debug.JLinkGDBServerPath.windows as cortex-debug.JLinkGDBServerPath is null
Conflict in settings file Default: Ignoring cortex-debug.openocdPath.linux as cortex-debug.openocdPath is null
Conflict in settings file Default: Ignoring cortex-debug.openocdPath.osx as cortex-debug.openocdPath is null
Conflict in settings file Default: Ignoring cortex-debug.openocdPath.windows as cortex-debug.openocdPath is null
Conflict in settings file Default: Ignoring cortex-debug.pyocdPath.linux as cortex-debug.pyocdPath is null
Conflict in settings file Default: Ignoring cortex-debug.pyocdPath.osx as cortex-debug.pyocdPath is null
Conflict in settings file Default: Ignoring cortex-debug.pyocdPath.windows as cortex-debug.pyocdPath is null
Conflict in settings file Default: Ignoring cortex-debug.PEGDBServerPath.linux as cortex-debug.PEGDBServerPath is null
Conflict in settings file Default: Ignoring cortex-debug.PEGDBServerPath.osx as cortex-debug.PEGDBServerPath is null
Conflict in settings file Default: Ignoring cortex-debug.PEGDBServerPath.windows as cortex-debug.PEGDBServerPath is null
Conflict in settings file Default: Ignoring cortex-debug.stutilPath.linux as cortex-debug.stutilPath is null
Conflict in settings file Default: Ignoring cortex-debug.stutilPath.osx as cortex-debug.stutilPath is null
Conflict in settings file Default: Ignoring cortex-debug.stutilPath.windows as cortex-debug.stutilPath is null
Conflict in settings file Default: Ignoring cortex-debug.stlinkPath.linux as cortex-debug.stlinkPath is null
Conflict in settings file Default: Ignoring cortex-debug.stlinkPath.osx as cortex-debug.stlinkPath is null
Conflict in settings file Default: Ignoring cortex-debug.stlinkPath.windows as cortex-debug.stlinkPath is null
Conflict in settings file Default: Ignoring cortex-debug.stm32cubeprogrammer.linux as cortex-debug.stm32cubeprogrammer is null
Conflict in settings file Default: Ignoring cortex-debug.stm32cubeprogrammer.osx as cortex-debug.stm32cubeprogrammer is null
Conflict in settings file Default: Ignoring cortex-debug.stm32cubeprogrammer.windows as cortex-debug.stm32cubeprogrammer is null
2024-07-23 23:23:01 2024-07-23T22:23:01.248Z root INFO [hosted-plugin: 104810] PLUGIN_HOST(104810): PluginManagerExtImpl/init()
2024-07-23 23:23:01 2024-07-23T22:23:01.251Z root INFO [hosted-plugin: 104810] PLUGIN_HOST(104810): initializing(vscode-arduino-api@0.1.2 with /opt/arduino-ide/resources/app/lib/backend/plugin-vscode-init)
2024-07-23 23:23:01 2024-07-23T22:23:01.331Z root INFO [hosted-plugin: 104810] PLUGIN_HOST(104810): initializing(cortex-debug@1.5.1 with /opt/arduino-ide/resources/app/lib/backend/plugin-vscode-init)
2024-07-23 23:23:01 2024-07-23T22:23:01.332Z root INFO [hosted-plugin: 104810] Debugger contribution has been registered: cortex-debug
2024-07-23 23:23:01 2024-07-23T22:23:01.335Z root INFO [hosted-plugin: 104810] PLUGIN_HOST(104810): initializing(vscode-arduino-tools@0.1.3 with /opt/arduino-ide/resources/app/lib/backend/plugin-vscode-init)
2024-07-23 23:23:01 2024-07-23T22:23:01.336Z root INFO [hosted-plugin: 104810] PLUGIN_HOST(104810): initializing(cpp@1.52.1 with /opt/arduino-ide/resources/app/lib/backend/plugin-vscode-init)
2024-07-23 23:23:01 2024-07-23T22:23:01.338Z root INFO [hosted-plugin: 104810] PLUGIN_HOST(104810): initializing(json@1.46.1 with /opt/arduino-ide/resources/app/lib/backend/plugin-vscode-init)
2024-07-23 23:23:01 2024-07-23T22:23:01.341Z root INFO [hosted-plugin: 104810] PLUGIN_HOST(104810): initializing(json-language-features@1.46.1 with /opt/arduino-ide/resources/app/lib/backend/plugin-vscode-init)
2024-07-23 23:23:01 2024-07-23T22:23:01.342Z root INFO [hosted-plugin: 104810] PLUGIN_HOST(104810): initializing(vscode-language-pack-bg@1.48.3 with /opt/arduino-ide/resources/app/lib/backend/plugin-vscode-init)
2024-07-23 23:23:01 2024-07-23T22:23:01.343Z root INFO [hosted-plugin: 104810] PLUGIN_HOST(104810): initializing(vscode-language-pack-cs@1.80.0 with /opt/arduino-ide/resources/app/lib/backend/plugin-vscode-init)
2024-07-23 23:23:01 2024-07-23T22:23:01.656Z root ERROR ---- !!!SLOW!!! DURATION: search took 457.449 ms. Args: [{"query":"","type":"All","topic":"All"}] ----
2024-07-23 23:23:01 2024-07-23T22:23:01.657Z root INFO [hosted-plugin: 104810] PLUGIN_HOST(104810): initializing(vscode-language-pack-de@1.80.0 with /opt/arduino-ide/resources/app/lib/backend/plugin-vscode-init)
PLUGIN_HOST(104810): initializing(vscode-language-pack-es@1.80.0 with /opt/arduino-ide/resources/app/lib/backend/plugin-vscode-init)
PLUGIN_HOST(104810): initializing(vscode-language-pack-fr@1.80.0 with /opt/arduino-ide/resources/app/lib/backend/plugin-vscode-init)
PLUGIN_HOST(104810): initializing(vscode-language-pack-hu@1.48.3 with /opt/arduino-ide/resources/app/lib/backend/plugin-vscode-init)
PLUGIN_HOST(104810): initializing(vscode-language-pack-it@1.80.0 with /opt/arduino-ide/resources/app/lib/backend/plugin-vscode-init)
PLUGIN_HOST(104810): initializing(vscode-language-pack-ja@1.80.0 with /opt/arduino-ide/resources/app/lib/backend/plugin-vscode-init)
PLUGIN_HOST(104810): initializing(vscode-language-pack-ko@1.80.0 with /opt/arduino-ide/resources/app/lib/backend/plugin-vscode-init)
PLUGIN_HOST(104810): initializing(vscode-language-pack-nl@1.48.3 with /opt/arduino-ide/resources/app/lib/backend/plugin-vscode-init)
PLUGIN_HOST(104810): initializing(vscode-language-pack-pl@1.80.0 with /opt/arduino-ide/resources/app/lib/backend/plugin-vscode-init)
PLUGIN_HOST(104810): initializing(vscode-language-pack-pt-BR@1.80.0 with /opt/arduino-ide/resources/app/lib/backend/plugin-vscode-init)
PLUGIN_HOST(104810): initializing(vscode-language-pack-ru@1.80.0 with /opt/arduino-ide/resources/app/lib/backend/plugin-vscode-init)
PLUGIN_HOST(104810): initializing(vscode-language-pack-tr@1.80.0 with /opt/arduino-ide/resources/app/lib/backend/plugin-vscode-init)
PLUGIN_HOST(104810): initializing(vscode-language-pack-uk@1.48.3 with /opt/arduino-ide/resources/app/lib/backend/plugin-vscode-init)
PLUGIN_HOST(104810): initializing(vscode-language-pack-zh-hans@1.80.0 with /opt/arduino-ide/resources/app/lib/backend/plugin-vscode-init)
PLUGIN_HOST(104810): initializing(vscode-language-pack-zh-hant@1.80.0 with /opt/arduino-ide/resources/app/lib/backend/plugin-vscode-init)
2024-07-23 23:23:01 Checking for update
2024-07-23 23:23:01 2024-07-23T22:23:01.794Z root INFO Replace loading indicator with ready workbench UI (animation): 884.4 ms [Finished 5.707 s after frontend start]
2024-07-23 23:23:01 2024-07-23T22:23:01.794Z root INFO Changed application state from 'initialized_layout' to 'ready'.
2024-07-23 23:23:01 2024-07-23T22:23:01.794Z root WARN Linked preference "workbench.colorCustomizations" not found.
2024-07-23 23:23:01 2024-07-23T22:23:01.796Z root INFO Frontend application start: 3179.3 ms [Finished 6.638 s after backend start]
2024-07-23 23:23:01 2024-07-23T22:23:01.955Z root INFO core-client-provider [library-index] Downloading index: library_index.tar.bz2

2024-07-23 23:23:01 2024-07-23T22:23:01.957Z root INFO core-client-provider [platform-index] Downloading index: package_index.tar.bz2

2024-07-23 23:23:01 2024-07-23T22:23:01.961Z daemon INFO time="2024-07-23T23:23:01+01:00" level=info msg="Updating libraries index"
time="2024-07-23T23:23:01+01:00" level=info msg="Starting download" url="https://downloads.arduino.cc/libraries/library_index.tar.bz2"
time="2024-07-23T23:23:01+01:00" level=info msg="Updating index" url="https://downloads.arduino.cc/packages/package_index.tar.bz2"
time="2024-07-23T23:23:01+01:00" level=info msg="Starting download" url="https://downloads.arduino.cc/packages/package_index.tar.bz2"
2024-07-23 23:23:02 2024-07-23T22:23:02.236Z root ERROR ---- !!!SLOW!!! DURATION: search took 437.085 ms. Args: [{"type":"Updatable"}] ----
2024-07-23 23:23:02 2024-07-23T22:23:02.241Z daemon INFO time="2024-07-23T23:23:02+01:00" level=info msg="Tool required for debug" tool="arduino:arduinoOTA@1.3.0"
2024-07-23 23:23:02 2024-07-23T22:23:02.241Z daemon INFO time="2024-07-23T23:23:02+01:00" level=info msg="Tool required for debug" tool="arduino:avr-gcc@7.3.0-atmel3.6.1-arduino7"
time="2024-07-23T23:23:02+01:00" level=info msg="Tool required for debug" tool="arduino:avrdude@6.3.0-arduino17"
time="2024-07-23T23:23:02+01:00" level=info msg="Tool required for debug" tool="builtin:dfu-discovery@0.1.2"
time="2024-07-23T23:23:02+01:00" level=info msg="Tool required for debug" tool="builtin:ctags@5.8-arduino11"
time="2024-07-23T23:23:02+01:00" level=info msg="Tool required for debug" tool="builtin:serial-discovery@1.4.0"
time="2024-07-23T23:23:02+01:00" level=info msg="Tool required for debug" tool="builtin:mdns-discovery@1.0.9"
time="2024-07-23T23:23:02+01:00" level=info msg="Tool required for debug" tool="builtin:serial-monitor@0.14.1"
2024-07-23 23:23:02 2024-07-23T22:23:02.242Z root ERROR Failed to get debug config: arduino:avr:uno, undefined Error: Debugging is not supported.
    at Object.callback (/opt/arduino-ide/resources/app/lib/backend/main.js:2:81196)
    at Object.onReceiveStatus (/opt/arduino-ide/resources/app/lib/backend/main.js:2:788562)
    at Object.onReceiveStatus (/opt/arduino-ide/resources/app/lib/backend/main.js:2:784513)
    at Object.onReceiveStatus (/opt/arduino-ide/resources/app/lib/backend/main.js:2:783958)
    at /opt/arduino-ide/resources/app/lib/backend/main.js:2:870080
    at process.processTicksAndRejections (node:internal/process/task_queues:77:11)
2024-07-23 23:23:02 2024-07-23T22:23:02.242Z root ERROR Request checkDebugEnabled failed with error: Debugging is not supported. Error: Debugging is not supported.
    at Object.callback (/opt/arduino-ide/resources/app/lib/backend/main.js:2:81196)
    at Object.onReceiveStatus (/opt/arduino-ide/resources/app/lib/backend/main.js:2:788562)
    at Object.onReceiveStatus (/opt/arduino-ide/resources/app/lib/backend/main.js:2:784513)
    at Object.onReceiveStatus (/opt/arduino-ide/resources/app/lib/backend/main.js:2:783958)
    at /opt/arduino-ide/resources/app/lib/backend/main.js:2:870080
    at process.processTicksAndRejections (node:internal/process/task_queues:77:11)
2024-07-23 23:23:02 2024-07-23T22:23:02.253Z root INFO [hosted-plugin: 104810] PLUGIN_HOST(104810): PluginManagerExtImpl/loadPlugin(/opt/arduino-ide/resources/app/plugins/vscode-arduino-api/extension/dist/extension.js)
2024-07-23 23:23:02 2024-07-23T22:23:02.256Z root INFO [hosted-plugin: 104810] calling activation function on Arduino IDE API for VS Code extensions
2024-07-23 23:23:02 2024-07-23T22:23:02.269Z root INFO [hosted-plugin: 104810] PLUGIN_HOST(104810): PluginManagerExtImpl/loadPlugin(/opt/arduino-ide/resources/app/plugins/vscode-builtin-json-language-features/extension/client/dist/jsonMain)
2024-07-23 23:23:02 2024-07-23T22:23:02.296Z root INFO [hosted-plugin: 104810] calling activation function on JSON Language Features (built-in)
2024-07-23 23:23:02 2024-07-23T22:23:02.301Z root INFO [hosted-plugin: 104810] PLUGIN_HOST(104810): PluginManagerExtImpl/loadPlugin(/opt/arduino-ide/resources/app/plugins/vscode-arduino-tools/extension/dist/extension.js)
2024-07-23 23:23:02 2024-07-23T22:23:02.327Z root INFO [hosted-plugin: 104810] calling activation function on VS Code Arduino Tools
2024-07-23 23:23:02 2024-07-23T22:23:02.344Z root INFO [f0f3f7fb-a024-46fa-bc60-53689712147e] Starting plugins.
2024-07-23 23:23:02 2024-07-23T22:23:02.350Z root INFO [hosted-plugin: 104810] PLUGIN_HOST(104810): PluginManagerExtImpl/loadPlugin(/opt/arduino-ide/resources/app/plugins/cortex-debug/extension/dist/extension.js)
2024-07-23 23:23:02 2024-07-23T22:23:02.386Z root INFO [hosted-plugin: 104810] Debug configuration provider has been registered: cortex-debug, trigger: 1
2024-07-23 23:23:02 2024-07-23T22:23:02.387Z root INFO [hosted-plugin: 104810] calling activation function on Cortex-Debug
2024-07-23 23:23:02 2024-07-23T22:23:02.390Z root INFO [hosted-plugin: 104810] GDB server console created
2024-07-23 23:23:02 2024-07-23T22:23:02.398Z root INFO [f0f3f7fb-a024-46fa-bc60-53689712147e] Start of 23 plugins: 1809.3 ms [Finished 6.637 s after frontend start]
2024-07-23 23:23:02 2024-07-23T22:23:02.429Z root INFO Starting language server: arduino:avr:uno
2024-07-23 23:23:02 2024-07-23T22:23:02.519Z daemon INFO time="2024-07-23T23:23:02+01:00" level=info msg="Adding libraries dir" dir=/home/posaidon/.arduino15/libraries location=ide
time="2024-07-23T23:23:02+01:00" level=info msg="Adding libraries dir" dir=/home/posaidon/.arduino15/packages/arduino/hardware/avr/1.8.6/libraries location=platform
time="2024-07-23T23:23:02+01:00" level=info msg="Adding libraries dir" dir=/home/posaidon/Arduino/libraries location=user
2024-07-23 23:23:02 2024-07-23T22:23:02.605Z daemon INFO time="2024-07-23T23:23:02+01:00" level=info msg="Resolving include Mouse.h for arch avr"
time="2024-07-23T23:23:02+01:00" level=info msg="  found better lib" lib=Mouse prio=6A7
2024-07-23 23:23:02 2024-07-23T22:23:02.625Z daemon INFO time="2024-07-23T23:23:02+01:00" level=info msg="Resolving include HID.h for arch avr"
time="2024-07-23T23:23:02+01:00" level=info msg="  found better lib" lib=HID prio=6B0
2024-07-23 23:23:02 2024-07-23T22:23:02.922Z daemon INFO time="2024-07-23T23:23:02+01:00" level=info msg="Adding libraries dir" dir=/home/posaidon/.arduino15/libraries location=ide
time="2024-07-23T23:23:02+01:00" level=info msg="Adding libraries dir" dir=/home/posaidon/.arduino15/packages/arduino/hardware/avr/1.8.6/libraries location=platform
2024-07-23 23:23:02 2024-07-23T22:23:02.922Z daemon INFO time="2024-07-23T23:23:02+01:00" level=info msg="Adding libraries dir" dir=/home/posaidon/Arduino/libraries location=user
2024-07-23 23:23:03 isTempSketch: false. Input was /home/posaidon/Arduino/sketch_mar24a
2024-07-23 23:23:03 Marking workspace as a closed sketch. Workspace URI: file:///home/posaidon/Arduino/sketch_mar24a. Date: 1721773383012.
2024-07-23 23:23:03 isTempSketch: false. Input was /home/posaidon/Arduino/sketch_mar24a
2024-07-23 23:23:03 Marking workspace as a closed sketch. Workspace URI: file:///home/posaidon/Arduino/sketch_mar24a. Date: 1721773383019.
2024-07-23 23:23:03 Closing channel on service path '/services/electron-window'.
2024-07-23 23:23:03 Closing channel on service path '/services/ide-updater'.
2024-07-23 23:23:03 Storing the sketch as a workspace root: </home/posaidon/Arduino/sketch_mar24a>.
2024-07-23 23:23:03 Skipped storing sketch as workspace root. Already visited: </home/posaidon/Arduino/sketch_mar24a>.
2024-07-23 23:23:03 Stored workspaces roots: /home/posaidon/Arduino/sketch_mar24a
2024-07-23 23:23:03 No sketches were scheduled for deletion.
