2024-09-28 11:47:14 Arduino IDE 2.3.2
2024-09-28 11:47:14 Checking for frontend application configuration customizations. Module path: /opt/arduino-ide/resources/app/lib/backend/electron-main.js, destination 'package.json': /opt/arduino-ide/resources/app/package.json
2024-09-28 11:47:15 Setting 'theia.frontend.config.appVersion' application configuration value to: "2.3.2" (type of string)
2024-09-28 11:47:15 Setting 'theia.frontend.config.cliVersion' application configuration value to: "0.35.3" (type of string)
2024-09-28 11:47:15 Setting 'theia.frontend.config.buildDate' application configuration value to: "2024-02-20T09:54:08.669Z" (type of string)
2024-09-28 11:47:15 Frontend application configuration after modifications: {"applicationName":"Arduino IDE","defaultTheme":{"light":"arduino-theme","dark":"arduino-theme-dark"},"defaultIconTheme":"none","electron":{"windowOptions":{}},"defaultLocale":"","validatePreferencesSchema":false,"preferences":{"window.title":"${rootName}${activeEditorShort}${appName}","files.autoSave":"afterDelay","editor.minimap.enabled":false,"editor.tabSize":2,"editor.scrollBeyondLastLine":false,"editor.quickSuggestions":{"other":false,"comments":false,"strings":false},"editor.maxTokenizationLineLength":500,"editor.bracketPairColorization.enabled":false,"breadcrumbs.enabled":false,"workbench.tree.renderIndentGuides":"none","explorer.compactFolders":false},"appVersion":"2.3.2","cliVersion":"0.35.3","buildDate":"2024-02-20T09:54:08.669Z"}
2024-09-28 11:47:15 Starting backend process. PID: 9395
2024-09-28 11:47:15 Using browser-only version of superagent in non-browser environment
2024-09-28 11:47:15 Configuration directory URI: 'file:///home/posaidon/.arduinoIDE'
2024-09-28 11:47:15 Configuring to accept webviews on '^.+\.webview\..+$' hostname.
2024-09-28 11:47:15 2024-09-28T10:47:15.731Z root INFO Backend Object.initialize: 4.3 ms [Finished 0.498 s after backend start]
2024-09-28 11:47:15 2024-09-28T10:47:15.733Z root INFO Backend Object.configure: 3.6 ms [Finished 0.498 s after backend start]
2024-09-28 11:47:15 2024-09-28T10:47:15.733Z root INFO Backend s.onStart: 1.6 ms [Finished 0.498 s after backend start]
2024-09-28 11:47:15 2024-09-28T10:47:15.734Z root INFO Backend s.configure: 0.4 ms [Finished 0.522 s after backend start]
2024-09-28 11:47:15 2024-09-28T10:47:15.734Z root INFO Backend d.onStart: 0.2 ms [Finished 0.522 s after backend start]
2024-09-28 11:47:15 2024-09-28T10:47:15.735Z root INFO Backend d.configure: 0.1 ms [Finished 0.522 s after backend start]
2024-09-28 11:47:15 2024-09-28T10:47:15.736Z root INFO Backend d.initialize: 23.8 ms [Finished 0.522 s after backend start]
2024-09-28 11:47:15 2024-09-28T10:47:15.736Z root INFO Backend c.onStart: 0.2 ms [Finished 0.522 s after backend start]
2024-09-28 11:47:15 2024-09-28T10:47:15.737Z root INFO Backend a.configure: 2.0 ms [Finished 0.524 s after backend start]
2024-09-28 11:47:15 2024-09-28T10:47:15.738Z config INFO >>> Initializing CLI configuration...
2024-09-28 11:47:15 2024-09-28T10:47:15.738Z root INFO Backend c.initialize: 0.7 ms [Finished 0.525 s after backend start]
2024-09-28 11:47:15 2024-09-28T10:47:15.738Z root INFO Backend R.onStart: 0.9 ms [Finished 0.525 s after backend start]
2024-09-28 11:47:15 2024-09-28T10:47:15.739Z config INFO Loading CLI configuration from /home/posaidon/.arduinoIDE/arduino-cli.yaml...
2024-09-28 11:47:15 2024-09-28T10:47:15.739Z daemon INFO Starting daemon from /opt/arduino-ide/resources/app/lib/backend/resources/arduino-cli...
2024-09-28 11:47:15 2024-09-28T10:47:15.739Z root INFO Backend a.initialize: 0.4 ms [Finished 0.526 s after backend start]
2024-09-28 11:47:15 2024-09-28T10:47:15.739Z root INFO Backend w.onStart: 0.9 ms [Finished 0.527 s after backend start]
2024-09-28 11:47:15 2024-09-28T10:47:15.739Z root INFO Backend r.configure: 1.7 ms [Finished 0.527 s after backend start]
2024-09-28 11:47:15 2024-09-28T10:47:15.740Z discovery-log INFO start
2024-09-28 11:47:15 2024-09-28T10:47:15.740Z discovery-log INFO start new deferred
2024-09-28 11:47:15 2024-09-28T10:47:15.740Z root INFO Backend d.initialize: 0.6 ms [Finished 0.528 s after backend start]
2024-09-28 11:47:15 2024-09-28T10:47:15.740Z root INFO Backend y.onStart: 1.8 ms [Finished 0.529 s after backend start]
2024-09-28 11:47:15 2024-09-28T10:47:15.740Z root INFO Backend r.configure: 1.5 ms [Finished 0.529 s after backend start]
2024-09-28 11:47:15 2024-09-28T10:47:15.740Z root INFO Backend a.onStart: 0.6 ms [Finished 0.531 s after backend start]
2024-09-28 11:47:15 2024-09-28T10:47:15.740Z root INFO Backend h.configure: 0.5 ms [Finished 0.531 s after backend start]
2024-09-28 11:47:15 2024-09-28T10:47:15.740Z root INFO Backend s.configure: 0.1 ms [Finished 0.531 s after backend start]
2024-09-28 11:47:15 2024-09-28T10:47:15.740Z root INFO Backend l.configure: 0.1 ms [Finished 0.531 s after backend start]
2024-09-28 11:47:15 2024-09-28T10:47:15.741Z root INFO Theia app listening on http://127.0.0.1:37637.
2024-09-28 11:47:15 2024-09-28T10:47:15.741Z root INFO Finished starting backend application: 2.0 ms [Finished 0.533 s after backend start]
2024-09-28 11:47:15 2024-09-28T10:47:15.742Z root WARN The local plugin referenced by local-dir:/home/posaidon/.arduinoIDE/plugins does not exist.
2024-09-28 11:47:15 2024-09-28T10:47:15.742Z root WARN The local plugin referenced by local-dir:/home/posaidon/.arduinoIDE/extensions does not exist.
2024-09-28 11:47:15 2024-09-28T10:47:15.758Z config INFO Loaded CLI configuration: {"board_manager":{"additional_urls":["http://arduino.esp8266.com/stable/package_esp8266com_index.json","https://www.arduino.me/package_esp32_index.json"]},"build_cache":{"compilations_before_purge":10,"ttl":"720h0m0s"},"daemon":{"port":"50051"},"directories":{"builtin":{"libraries":"/home/posaidon/.arduino15/libraries"},"data":"/home/posaidon/.arduino15","downloads":"/home/posaidon/.arduino15/staging","user":"/home/posaidon/Arduino"},"library":{"enable_unsafe_install":false},"locale":"en","logging":{"file":"","format":"text","level":"info"},"metrics":{"addr":":9090","enabled":true},"output":{"no_color":false},"sketch":{"always_export_binaries":false},"updater":{"enable_notification":true}}
2024-09-28 11:47:15 2024-09-28T10:47:15.758Z config INFO 'directories.data' and 'directories.user' are set in the CLI configuration model.
2024-09-28 11:47:15 2024-09-28T10:47:15.758Z config INFO Loaded the CLI configuration.
2024-09-28 11:47:15 Restoring workspace roots: /home/posaidon/Arduino/wifi
2024-09-28 11:47:15 2024-09-28T10:47:15.765Z config INFO Mapped the CLI configuration: {"dataDirUri":"file:///home/posaidon/.arduino15","sketchDirUri":"file:///home/posaidon/Arduino","additionalUrls":["http://arduino.esp8266.com/stable/package_esp8266com_index.json","https://www.arduino.me/package_esp32_index.json"],"network":"none","locale":"en"}
2024-09-28 11:47:15 2024-09-28T10:47:15.765Z config INFO Validating the CLI configuration...
2024-09-28 11:47:15 2024-09-28T10:47:15.766Z config INFO The CLI config is valid.
2024-09-28 11:47:15 2024-09-28T10:47:15.766Z config INFO <<< Initialized the CLI configuration.
2024-09-28 11:47:15 isTempSketch: false. Input was /home/posaidon/Arduino/wifi/wifi.ino
2024-09-28 11:47:15 2024-09-28T10:47:15.783Z root INFO Resolve plugins list: 43.8 ms [Finished 0.573 s after backend start]
2024-09-28 11:47:15 2024-09-28T10:47:15.804Z daemon INFO time="2024-09-28T11:47:15+01:00" level=info msg="Using config file: /home/posaidon/.arduinoIDE/arduino-cli.yaml"
time="2024-09-28T11:47:15+01:00" level=info msg="arduino-cli version 0.35.3"
time="2024-09-28T11:47:15+01:00" level=info msg="Executing `arduino-cli daemon`"
Daemon is now listening on 127.0.0.1:39711
{"IP":"127.0.0.1","Port":"39711"}
2024-09-28 11:47:15 2024-09-28T10:47:15.804Z daemon INFO Daemon is running.
2024-09-28 11:47:15 2024-09-28T10:47:15.840Z daemon INFO time="2024-09-28T11:47:15+01:00" level=info msg="Checking signature" index=/home/posaidon/.arduino15/package_index.json signatureFile=/home/posaidon/.arduino15/package_index.json.sig trusted=true
2024-09-28 11:47:15 2024-09-28T10:47:15.845Z daemon INFO time="2024-09-28T11:47:15+01:00" level=info msg="Missing signature file" index=/home/posaidon/.arduino15/package_esp8266com_index.json
2024-09-28 11:47:15 2024-09-28T10:47:15.846Z daemon INFO time="2024-09-28T11:47:15+01:00" level=info msg="Loading hardware from: /home/posaidon/.arduino15/packages"
2024-09-28 11:47:15 2024-09-28T10:47:15.848Z root ERROR Detected an error response during the gRPC core client initialization: code: 9, message: Loading index file: loading json index file /home/posaidon/.arduino15/package_esp32_index.json: parse error: syntax error near offset 0 of '<!DOCTYPE ...'
2024-09-28 11:47:15 2024-09-28T10:47:15.848Z daemon INFO time="2024-09-28T11:47:15+01:00" level=info msg="Loading package arduino from: /home/posaidon/.arduino15/packages/arduino/hardware"
2024-09-28 11:47:15 2024-09-28T10:47:15.850Z daemon INFO time="2024-09-28T11:47:15+01:00" level=info msg="Missing signature file" index=/home/posaidon/.arduino15/packages/arduino/hardware/avr/1.8.6/installed.json
2024-09-28 11:47:15 2024-09-28T10:47:15.852Z daemon INFO time="2024-09-28T11:47:15+01:00" level=info msg="Adding monitor tool" protocol=serial tool="builtin:serial-monitor"
time="2024-09-28T11:47:15+01:00" level=info msg="Loaded platform" platform="arduino:avr@1.8.6"
2024-09-28 11:47:15 2024-09-28T10:47:15.854Z daemon INFO time="2024-09-28T11:47:15+01:00" level=info msg="Missing signature file" index=/home/posaidon/.arduino15/packages/arduino/hardware/megaavr/1.8.8/installed.json
2024-09-28 11:47:15 2024-09-28T10:47:15.855Z daemon INFO time="2024-09-28T11:47:15+01:00" level=info msg="Adding monitor tool" protocol=serial tool="builtin:serial-monitor"
time="2024-09-28T11:47:15+01:00" level=info msg="Loaded platform" platform="arduino:megaavr@1.8.8"
2024-09-28 11:47:15 2024-09-28T10:47:15.855Z daemon INFO time="2024-09-28T11:47:15+01:00" level=info msg="Checking existence of 'tools' path: /home/posaidon/.arduino15/packages/arduino/tools"
time="2024-09-28T11:47:15+01:00" level=info msg="Loading tools from dir: /home/posaidon/.arduino15/packages/arduino/tools"
2024-09-28 11:47:15 2024-09-28T10:47:15.856Z daemon INFO time="2024-09-28T11:47:15+01:00" level=info msg="Loaded tool" tool="arduino:arduinoOTA@1.3.0"
2024-09-28 11:47:15 2024-09-28T10:47:15.857Z daemon INFO time="2024-09-28T11:47:15+01:00" level=info msg="Loaded tool" tool="arduino:avr-gcc@7.3.0-atmel3.6.1-arduino5"
time="2024-09-28T11:47:15+01:00" level=info msg="Loaded tool" tool="arduino:avr-gcc@7.3.0-atmel3.6.1-arduino7"
2024-09-28 11:47:15 2024-09-28T10:47:15.857Z daemon INFO time="2024-09-28T11:47:15+01:00" level=info msg="Loaded tool" tool="arduino:avrdude@6.3.0-arduino17"
2024-09-28 11:47:15 2024-09-28T10:47:15.857Z daemon INFO time="2024-09-28T11:47:15+01:00" level=info msg="Loading package builtin from: /home/posaidon/.arduino15/packages/builtin"
2024-09-28 11:47:15 2024-09-28T10:47:15.857Z daemon INFO time="2024-09-28T11:47:15+01:00" level=info msg="Checking existence of 'tools' path: /home/posaidon/.arduino15/packages/builtin/tools"
time="2024-09-28T11:47:15+01:00" level=info msg="Loading tools from dir: /home/posaidon/.arduino15/packages/builtin/tools"
2024-09-28 11:47:15 2024-09-28T10:47:15.858Z daemon INFO time="2024-09-28T11:47:15+01:00" level=info msg="Loaded tool" tool="builtin:ctags@5.8-arduino11"
2024-09-28 11:47:15 2024-09-28T10:47:15.858Z daemon INFO time="2024-09-28T11:47:15+01:00" level=info msg="Loaded tool" tool="builtin:dfu-discovery@0.1.2"
2024-09-28 11:47:15 2024-09-28T10:47:15.858Z daemon INFO time="2024-09-28T11:47:15+01:00" level=info msg="Loaded tool" tool="builtin:mdns-discovery@1.0.9"
2024-09-28 11:47:15 2024-09-28T10:47:15.859Z daemon INFO time="2024-09-28T11:47:15+01:00" level=info msg="Loaded tool" tool="builtin:serial-discovery@1.4.0"
time="2024-09-28T11:47:15+01:00" level=info msg="Loaded tool" tool="builtin:serial-discovery@1.4.1"
2024-09-28 11:47:15 2024-09-28T10:47:15.859Z daemon INFO time="2024-09-28T11:47:15+01:00" level=info msg="Loaded tool" tool="builtin:serial-monitor@0.13.0"
time="2024-09-28T11:47:15+01:00" level=info msg="Loaded tool" tool="builtin:serial-monitor@0.14.1"
2024-09-28 11:47:15 2024-09-28T10:47:15.860Z daemon INFO time="2024-09-28T11:47:15+01:00" level=info msg="Loading package esp32 from: /home/posaidon/.arduino15/packages/esp32/hardware"
2024-09-28 11:47:15 2024-09-28T10:47:15.862Z daemon INFO time="2024-09-28T11:47:15+01:00" level=info msg="Missing signature file" index=/home/posaidon/.arduino15/packages/esp32/hardware/esp32/1.0.6/installed.json
2024-09-28 11:47:15 2024-09-28T10:47:15.933Z daemon INFO time="2024-09-28T11:47:15+01:00" level=info msg="Adding monitor tool" protocol=serial tool="builtin:serial-monitor"
time="2024-09-28T11:47:15+01:00" level=info msg="Loaded platform" platform="esp32:esp32@1.0.6"
time="2024-09-28T11:47:15+01:00" level=info msg="Checking existence of 'tools' path: /home/posaidon/.arduino15/packages/esp32/tools"
time="2024-09-28T11:47:15+01:00" level=info msg="Loading tools from dir: /home/posaidon/.arduino15/packages/esp32/tools"
time="2024-09-28T11:47:15+01:00" level=info msg="Loaded tool" tool="esp32:esptool_py@3.0.0"
time="2024-09-28T11:47:15+01:00" level=info msg="Loaded tool" tool="esp32:mkspiffs@0.2.3"
time="2024-09-28T11:47:15+01:00" level=info msg="Loaded tool" tool="esp32:xtensa-esp32-elf-gcc@1.22.0-97-gc752ad5-5.2.0"
time="2024-09-28T11:47:15+01:00" level=info msg="Adding libraries dir" dir=/home/posaidon/.arduino15/packages/arduino/hardware/avr/1.8.6/libraries location=platform
time="2024-09-28T11:47:15+01:00" level=info msg="Adding libraries dir" dir=/home/posaidon/.arduino15/packages/arduino/hardware/megaavr/1.8.8/libraries location=platform
time="2024-09-28T11:47:15+01:00" level=info msg="Adding libraries dir" dir=/home/posaidon/.arduino15/packages/esp32/hardware/esp32/1.0.6/libraries location=platform
time="2024-09-28T11:47:15+01:00" level=info msg="Loading libraries index file" index=/home/posaidon/.arduino15/library_index.json
2024-09-28 11:47:16 2024-09-28T10:47:16.232Z daemon INFO time="2024-09-28T11:47:16+01:00" level=info msg="Adding libraries dir" dir=/home/posaidon/.arduino15/libraries location=ide
time="2024-09-28T11:47:16+01:00" level=info msg="Adding libraries dir" dir=/home/posaidon/Arduino/libraries location=user
2024-09-28 11:47:16 2024-09-28T10:47:16.385Z discovery-log INFO start resolved watching
2024-09-28 11:47:16 2024-09-28T10:47:16.387Z daemon INFO time="2024-09-28T11:47:16+01:00" level=info msg="starting discovery builtin:serial-discovery process"
time="2024-09-28T11:47:16+01:00" level=info msg="starting discovery builtin:mdns-discovery process"
time="2024-09-28T11:47:16+01:00" level=info msg="started discovery builtin:mdns-discovery process"
2024-09-28 11:47:16 2024-09-28T10:47:16.387Z daemon INFO time="2024-09-28T11:47:16+01:00" level=info msg="sending command HELLO 1 \"arduino-cli 0.35.3\" to discovery builtin:mdns-discovery"
time="2024-09-28T11:47:16+01:00" level=info msg="started discovery builtin:serial-discovery process"
time="2024-09-28T11:47:16+01:00" level=info msg="sending command HELLO 1 \"arduino-cli 0.35.3\" to discovery builtin:serial-discovery"
2024-09-28 11:47:16 2024-09-28T10:47:16.399Z daemon INFO time="2024-09-28T11:47:16+01:00" level=info msg="from discovery builtin:serial-discovery received message type: hello, message: OK, protocol version: 1"
time="2024-09-28T11:47:16+01:00" level=info msg="sending command START_SYNC to discovery builtin:serial-discovery"
time="2024-09-28T11:47:16+01:00" level=info msg="from discovery builtin:serial-discovery received message type: start_sync, message: OK"
time="2024-09-28T11:47:16+01:00" level=info msg="from discovery builtin:mdns-discovery received message type: hello, message: OK, protocol version: 1"
time="2024-09-28T11:47:16+01:00" level=info msg="sending command START_SYNC to discovery builtin:mdns-discovery"
time="2024-09-28T11:47:16+01:00" level=info msg="from discovery builtin:mdns-discovery received message type: start_sync, message: OK"
2024-09-28 11:47:16 2024-09-28T10:47:16.855Z root INFO Deploy plugins list: 43.8 ms [Finished 1.647 s after backend start]
2024-09-28 11:47:17 Opening channel for service path '/services/electron-window'.
2024-09-28 11:47:17 Opening channel for service path '/services/ide-updater'.
2024-09-28 11:47:17 2024-09-28T10:47:17.718Z root WARN Frontend a.configure took longer than the expected maximum 100 milliseconds: 251.4 ms [Finished 1.874 s after frontend start]
2024-09-28 11:47:17 2024-09-28T10:47:17.723Z root WARN A command editor.action.toggleStickyScroll is already registered.
2024-09-28 11:47:17 2024-09-28T10:47:17.738Z sketches-service WARN Warning! The request sketch path was different than the response sketch path from the CLI. This could be a potential bug. Request: </home/posaidon/Arduino/wifi/wifi.ino>, response: </home/posaidon/Arduino/wifi>.
2024-09-28 11:47:17 2024-09-28T10:47:17.954Z root INFO Start frontend contributions: 575.1 ms [Finished 2.103 s after frontend start]
2024-09-28 11:47:17 2024-09-28T10:47:17.956Z root INFO Changed application state from 'init' to 'started_contributions'.
2024-09-28 11:47:17 2024-09-28T10:47:17.997Z root INFO Changed application state from 'started_contributions' to 'attached_shell'.
2024-09-28 11:47:17 2024-09-28T10:47:17.997Z root INFO >>> Restoring the layout state...
2024-09-28 11:47:18 2024-09-28T10:47:18.001Z root INFO ------- SERIALIZED LAYOUT DATA -------
2024-09-28 11:47:18 2024-09-28T10:47:18.002Z root INFO {"version":5,"mainPanel":{"main":{"type":"tab-area","widgets":[{"constructionOptions":{"factoryId":"code-editor-opener","options":{"counter":1,"kind":"navigatable","uri":"file:///home/posaidon/Arduino/wifi/app_httpd.cpp"}},"innerWidgetState":"{\"cursorState\":[{\"inSelectionMode\":false,\"selectionStart\":{\"lineNumber\":819,\"column\":55},\"position\":{\"lineNumber\":819,\"column\":55}}],\"viewState\":{\"scrollLeft\":0,\"firstPosition\":{\"lineNumber\":786,\"column\":1},\"firstPositionDeltaTop\":-18},\"contributionsState\":{\"editor.contrib.folding\":{\"lineCount\":913,\"provider\":\"indent\",\"foldedImports\":false},\"editor.contrib.wordHighlighter\":false}}"},{"constructionOptions":{"factoryId":"code-editor-opener","options":{"counter":1,"kind":"navigatable","uri":"file:///home/posaidon/Arduino/wifi/wifi.ino"}},"innerWidgetState":"{\"cursorState\":[{\"inSelectionMode\":false,\"selectionStart\":{\"lineNumber\":12,\"column\":29},\"position\":{\"lineNumber\":12,\"column\":29}}],\"viewState\":{\"scrollLeft\":0,\"firstPosition\":{\"lineNumber\":6,\"column\":1},\"firstPositionDeltaTop\":-5},\"contributionsState\":{\"editor.contrib.folding\":{\"lineCount\":125,\"provider\":\"indent\",\"foldedImports\":false},\"editor.contrib.wordHighlighter\":false}}"}],"currentIndex":0}},"mainPanelPinned":[false,false],"bottomPanel":{"config":{"main":{"type":"tab-area","widgets":[{"constructionOptions":{"factoryId":"outputView"},"innerWidgetState":"{\"locked\":false}"},{"constructionOptions":{"factoryId":"serial-monitor"}}],"currentIndex":1}},"pinned":[false,false],"size":214,"expanded":true},"leftPanel":{"type":"sidepanel","items":[{"widget":{"constructionOptions":{"factoryId":"arduino-sketchbook-widget"}},"rank":1,"expanded":true,"pinned":false},{"widget":{"constructionOptions":{"factoryId":"boards-list-widget"}},"rank":2,"expanded":false,"pinned":false},{"widget":{"constructionOptions":{"factoryId":"library-list-widget"}},"rank":3,"expanded":false,"pinned":false},{"widget":{"constructionOptions":{"factoryId":"debug"},"innerWidgetState":"{\"parts\":[{\"partId\":\"debug:threads:-1\",\"collapsed\":false,\"hidden\":false,\"relativeSize\":0.20059880239520958,\"originalContainerId\":\"debug:view-container:-1\",\"originalContainerTitle\":{\"label\":\"debug\",\"iconClass\":\"codicon codicon-debug-alt\",\"closeable\":true},\"widget\":{\"constructionOptions\":{\"factoryId\":\"debug:threads\"},\"innerWidgetState\":\"{}\"}},{\"partId\":\"debug:frames:-1\",\"collapsed\":false,\"hidden\":false,\"relativeSize\":0.20059880239520958,\"originalContainerId\":\"debug:view-container:-1\",\"originalContainerTitle\":{\"label\":\"debug\",\"iconClass\":\"codicon codicon-debug-alt\",\"closeable\":true},\"widget\":{\"constructionOptions\":{\"factoryId\":\"debug:frames\"},\"innerWidgetState\":\"{}\"}},{\"partId\":\"debug:variables:-1\",\"collapsed\":false,\"hidden\":false,\"relativeSize\":0.20059880239520958,\"originalContainerId\":\"debug:view-container:-1\",\"originalContainerTitle\":{\"label\":\"debug\",\"iconClass\":\"codicon codicon-debug-alt\",\"closeable\":true},\"widget\":{\"constructionOptions\":{\"factoryId\":\"debug:variables\"},\"innerWidgetState\":\"{}\"}},{\"partId\":\"debug:watch:-1\",\"collapsed\":false,\"hidden\":false,\"relativeSize\":0.20059880239520958,\"originalContainerId\":\"debug:view-container:-1\",\"originalContainerTitle\":{\"label\":\"debug\",\"iconClass\":\"codicon codicon-debug-alt\",\"closeable\":true},\"widget\":{\"constructionOptions\":{\"factoryId\":\"debug:watch\"},\"innerWidgetState\":\"{}\"}},{\"partId\":\"debug:breakpoints:-1\",\"collapsed\":false,\"hidden\":false,\"relativeSize\":0.20059880239520958,\"originalContainerId\":\"debug:view-container:-1\",\"originalContainerTitle\":{\"label\":\"debug\",\"iconClass\":\"codicon codicon-debug-alt\",\"closeable\":true},\"widget\":{\"constructionOptions\":{\"factoryId\":\"debug:breakpoints\"},\"innerWidgetState\":\"{}\"}},{\"partId\":\"plugin-view:cortex-debug.peripherals\",\"collapsed\":true,\"hidden\":true,\"originalContainerId\":\"debug:view-container:-1\",\"originalContainerTitle\":{\"label\":\"debug\",\"iconClass\":\"codicon codicon-debug-alt\",\"closeable\":true},\"widget\":{\"constructionOptions\":{\"factoryId\":\"plugin-view\",\"options\":{\"id\":\"plugin-view:cortex-debug.peripherals\",\"viewId\":\"cortex-debug.peripherals\"}},\"innerWidgetState\":\"{\\\"label\\\":\\\"Cortex Peripherals\\\",\\\"widgets\\\":[],\\\"suppressUpdateViewVisibility\\\":false,\\\"currentViewContainerId\\\":\\\"debug\\\"}\"}},{\"partId\":\"plugin-view:cortex-debug.registers\",\"collapsed\":true,\"hidden\":true,\"originalContainerId\":\"debug:view-container:-1\",\"originalContainerTitle\":{\"label\":\"debug\",\"iconClass\":\"codicon codicon-debug-alt\",\"closeable\":true},\"widget\":{\"constructionOptions\":{\"factoryId\":\"plugin-view\",\"options\":{\"id\":\"plugin-view:cortex-debug.registers\",\"viewId\":\"cortex-debug.registers\"}},\"innerWidgetState\":\"{\\\"label\\\":\\\"Cortex Registers\\\",\\\"widgets\\\":[],\\\"suppressUpdateViewVisibility\\\":false,\\\"currentViewContainerId\\\":\\\"debug\\\"}\"}}],\"title\":{\"label\":\"debug\",\"iconClass\":\"codicon codicon-debug-alt\",\"closeable\":true}}"},"rank":4,"expanded":false,"pinned":false},{"widget":{"constructionOptions":{"factoryId":"search-view-container"},"innerWidgetState":"{\"parts\":[{\"partId\":\"search-in-workspace\",\"collapsed\":false,\"hidden\":false,\"relativeSize\":1,\"originalContainerId\":\"search-view-container\",\"originalContainerTitle\":{\"label\":\"Search\",\"iconClass\":\"codicon codicon-search\",\"closeable\":true},\"widget\":{\"constructionOptions\":{\"factoryId\":\"search-in-workspace\"},\"innerWidgetState\":\"{\\\"matchCaseState\\\":{\\\"className\\\":\\\"codicon codicon-case-sensitive\\\",\\\"enabled\\\":false,\\\"title\\\":\\\"Match Case\\\"},\\\"wholeWordState\\\":{\\\"className\\\":\\\"codicon codicon-whole-word\\\",\\\"enabled\\\":false,\\\"title\\\":\\\"Match Whole Word\\\"},\\\"regExpState\\\":{\\\"className\\\":\\\"codicon codicon-regex\\\",\\\"enabled\\\":false,\\\"title\\\":\\\"Use Regular Expression\\\"},\\\"includeIgnoredState\\\":{\\\"className\\\":\\\"codicon codicon-eye\\\",\\\"enabled\\\":false,\\\"title\\\":\\\"Include Ignored Files\\\"},\\\"showSearchDetails\\\":false,\\\"searchInWorkspaceOptions\\\":{\\\"matchCase\\\":false,\\\"matchWholeWord\\\":false,\\\"useRegExp\\\":false,\\\"includeIgnored\\\":false,\\\"include\\\":[],\\\"exclude\\\":[],\\\"maxResults\\\":2000},\\\"searchTerm\\\":\\\"ontouchend\\\",\\\"replaceTerm\\\":\\\"onmouseup\\\",\\\"showReplaceField\\\":true,\\\"searchHistoryState\\\":{\\\"history\\\":[\\\"on\\\",\\\"ontouchstart\\\",\\\"ontouchend\\\"],\\\"index\\\":2},\\\"replaceHistoryState\\\":{\\\"history\\\":[\\\"on\\\",\\\"onmouse\\\",\\\"onmousedown\\\",\\\"onmouseup\\\"],\\\"index\\\":3},\\\"includeHistoryState\\\":{\\\"history\\\":[],\\\"index\\\":0},\\\"excludeHistoryState\\\":{\\\"history\\\":[],\\\"index\\\":0}}\"}}],\"title\":{\"label\":\"Search\",\"iconClass\":\"fa fa-arduino-search\",\"closeable\":true}}"},"rank":5,"expanded":false,"pinned":false}],"size":268},"rightPanel":{"type":"sidepanel","items":[]},"activeWidgetId":"code-editor-opener:file:///home/posaidon/Arduino/wifi/app_httpd.cpp:1"}
2024-09-28 11:47:18 2024-09-28T10:47:18.002Z root INFO ------- END SERIALIZED LAYOUT DATA -------
2024-09-28 11:47:18 2024-09-28T10:47:18.087Z root INFO [90344465-e024-4757-accc-ca41f1cb6fb1] Waiting for backend deployment: 175.6 ms [Finished 2.269 s after frontend start]
2024-09-28 11:47:18 2024-09-28T10:47:18.720Z root INFO [hosted-plugin: 9487] PLUGIN_HOST(9487) starting instance
2024-09-28 11:47:19 2024-09-28T10:47:19.381Z root INFO [90344465-e024-4757-accc-ca41f1cb6fb1] Sync of 23 plugins: 1296.4 ms [Finished 3.565 s after frontend start]
2024-09-28 11:47:19 2024-09-28T10:47:19.757Z root INFO <<< The layout has been successfully restored.
2024-09-28 11:47:19 2024-09-28T10:47:19.868Z root INFO Initialize the workbench layout: 1786.3 ms [Finished 3.942 s after frontend start]
2024-09-28 11:47:19 2024-09-28T10:47:19.871Z root INFO Changed application state from 'attached_shell' to 'initialized_layout'.
2024-09-28 11:47:19 2024-09-28T10:47:19.871Z root INFO [90344465-e024-4757-accc-ca41f1cb6fb1] Loading plugin contributions
2024-09-28 11:47:19 2024-09-28T10:47:19.871Z root INFO [90344465-e024-4757-accc-ca41f1cb6fb1] Load contributions of 23 plugins: 108.0 ms [Finished 4.052 s after frontend start]
2024-09-28 11:47:19 2024-09-28T10:47:19.889Z root WARN 'cpp' language is remapped from 'source.cpp.embedded.macro' to 'source.cpp' scope
2024-09-28 11:47:19 2024-09-28T10:47:19.890Z root WARN a registered grammar configuration for 'cpp' language is overridden
2024-09-28 11:47:20 2024-09-28T10:47:20.445Z root ERROR [hosted-plugin: 9487] Conflict in settings file Default: Ignoring cortex-debug.armToolchainPath.linux as cortex-debug.armToolchainPath is null
2024-09-28 11:47:20 2024-09-28T10:47:20.446Z root ERROR [hosted-plugin: 9487] Conflict in settings file Default: Ignoring cortex-debug.armToolchainPath.osx as cortex-debug.armToolchainPath is null
Conflict in settings file Default: Ignoring cortex-debug.armToolchainPath.windows as cortex-debug.armToolchainPath is null
Conflict in settings file Default: Ignoring cortex-debug.JLinkGDBServerPath.linux as cortex-debug.JLinkGDBServerPath is null
Conflict in settings file Default: Ignoring cortex-debug.JLinkGDBServerPath.osx as cortex-debug.JLinkGDBServerPath is null
Conflict in settings file Default: Ignoring cortex-debug.JLinkGDBServerPath.windows as cortex-debug.JLinkGDBServerPath is null
Conflict in settings file Default: Ignoring cortex-debug.openocdPath.linux as cortex-debug.openocdPath is null
Conflict in settings file Default: Ignoring cortex-debug.openocdPath.osx as cortex-debug.openocdPath is null
Conflict in settings file Default: Ignoring cortex-debug.openocdPath.windows as cortex-debug.openocdPath is null
Conflict in settings file Default: Ignoring cortex-debug.pyocdPath.linux as cortex-debug.pyocdPath is null
Conflict in settings file Default: Ignoring cortex-debug.pyocdPath.osx as cortex-debug.pyocdPath is null
Conflict in settings file Default: Ignoring cortex-debug.pyocdPath.windows as cortex-debug.pyocdPath is null
Conflict in settings file Default: Ignoring cortex-debug.PEGDBServerPath.linux as cortex-debug.PEGDBServerPath is null
Conflict in settings file Default: Ignoring cortex-debug.PEGDBServerPath.osx as cortex-debug.PEGDBServerPath is null
Conflict in settings file Default: Ignoring cortex-debug.PEGDBServerPath.windows as cortex-debug.PEGDBServerPath is null
Conflict in settings file Default: Ignoring cortex-debug.stutilPath.linux as cortex-debug.stutilPath is null
Conflict in settings file Default: Ignoring cortex-debug.stutilPath.osx as cortex-debug.stutilPath is null
Conflict in settings file Default: Ignoring cortex-debug.stutilPath.windows as cortex-debug.stutilPath is null
Conflict in settings file Default: Ignoring cortex-debug.stlinkPath.linux as cortex-debug.stlinkPath is null
Conflict in settings file Default: Ignoring cortex-debug.stlinkPath.osx as cortex-debug.stlinkPath is null
Conflict in settings file Default: Ignoring cortex-debug.stlinkPath.windows as cortex-debug.stlinkPath is null
Conflict in settings file Default: Ignoring cortex-debug.stm32cubeprogrammer.linux as cortex-debug.stm32cubeprogrammer is null
Conflict in settings file Default: Ignoring cortex-debug.stm32cubeprogrammer.osx as cortex-debug.stm32cubeprogrammer is null
Conflict in settings file Default: Ignoring cortex-debug.stm32cubeprogrammer.windows as cortex-debug.stm32cubeprogrammer is null
2024-09-28 11:47:20 2024-09-28T10:47:20.459Z root INFO [hosted-plugin: 9487] PLUGIN_HOST(9487): PluginManagerExtImpl/init()
2024-09-28 11:47:20 2024-09-28T10:47:20.462Z root INFO [hosted-plugin: 9487] PLUGIN_HOST(9487): initializing(vscode-arduino-api@0.1.2 with /opt/arduino-ide/resources/app/lib/backend/plugin-vscode-init)
2024-09-28 11:47:20 2024-09-28T10:47:20.546Z root INFO [hosted-plugin: 9487] PLUGIN_HOST(9487): initializing(cortex-debug@1.5.1 with /opt/arduino-ide/resources/app/lib/backend/plugin-vscode-init)
2024-09-28 11:47:20 2024-09-28T10:47:20.547Z root INFO [hosted-plugin: 9487] Debugger contribution has been registered: cortex-debug
2024-09-28 11:47:20 2024-09-28T10:47:20.549Z root INFO [hosted-plugin: 9487] PLUGIN_HOST(9487): initializing(vscode-arduino-tools@0.1.3 with /opt/arduino-ide/resources/app/lib/backend/plugin-vscode-init)
2024-09-28 11:47:20 2024-09-28T10:47:20.551Z root INFO [hosted-plugin: 9487] PLUGIN_HOST(9487): initializing(cpp@1.52.1 with /opt/arduino-ide/resources/app/lib/backend/plugin-vscode-init)
2024-09-28 11:47:20 2024-09-28T10:47:20.552Z root INFO [hosted-plugin: 9487] PLUGIN_HOST(9487): initializing(json@1.46.1 with /opt/arduino-ide/resources/app/lib/backend/plugin-vscode-init)
2024-09-28 11:47:20 2024-09-28T10:47:20.552Z root INFO [hosted-plugin: 9487] PLUGIN_HOST(9487): initializing(json-language-features@1.46.1 with /opt/arduino-ide/resources/app/lib/backend/plugin-vscode-init)
2024-09-28 11:47:20 2024-09-28T10:47:20.553Z root INFO [hosted-plugin: 9487] PLUGIN_HOST(9487): initializing(vscode-language-pack-bg@1.48.3 with /opt/arduino-ide/resources/app/lib/backend/plugin-vscode-init)
2024-09-28 11:47:20 2024-09-28T10:47:20.554Z root INFO [hosted-plugin: 9487] PLUGIN_HOST(9487): initializing(vscode-language-pack-cs@1.80.0 with /opt/arduino-ide/resources/app/lib/backend/plugin-vscode-init)
2024-09-28 11:47:20 2024-09-28T10:47:20.554Z root INFO [hosted-plugin: 9487] PLUGIN_HOST(9487): initializing(vscode-language-pack-de@1.80.0 with /opt/arduino-ide/resources/app/lib/backend/plugin-vscode-init)
2024-09-28 11:47:20 2024-09-28T10:47:20.555Z root INFO [hosted-plugin: 9487] PLUGIN_HOST(9487): initializing(vscode-language-pack-es@1.80.0 with /opt/arduino-ide/resources/app/lib/backend/plugin-vscode-init)
2024-09-28 11:47:20 2024-09-28T10:47:20.555Z root INFO [hosted-plugin: 9487] PLUGIN_HOST(9487): initializing(vscode-language-pack-fr@1.80.0 with /opt/arduino-ide/resources/app/lib/backend/plugin-vscode-init)
2024-09-28 11:47:20 2024-09-28T10:47:20.556Z root INFO [hosted-plugin: 9487] PLUGIN_HOST(9487): initializing(vscode-language-pack-hu@1.48.3 with /opt/arduino-ide/resources/app/lib/backend/plugin-vscode-init)
2024-09-28 11:47:20 2024-09-28T10:47:20.556Z root INFO [hosted-plugin: 9487] PLUGIN_HOST(9487): initializing(vscode-language-pack-it@1.80.0 with /opt/arduino-ide/resources/app/lib/backend/plugin-vscode-init)
2024-09-28 11:47:20 2024-09-28T10:47:20.556Z root INFO [hosted-plugin: 9487] PLUGIN_HOST(9487): initializing(vscode-language-pack-ja@1.80.0 with /opt/arduino-ide/resources/app/lib/backend/plugin-vscode-init)
2024-09-28 11:47:20 2024-09-28T10:47:20.556Z root INFO [hosted-plugin: 9487] PLUGIN_HOST(9487): initializing(vscode-language-pack-ko@1.80.0 with /opt/arduino-ide/resources/app/lib/backend/plugin-vscode-init)
2024-09-28 11:47:20 2024-09-28T10:47:20.557Z root INFO [hosted-plugin: 9487] PLUGIN_HOST(9487): initializing(vscode-language-pack-nl@1.48.3 with /opt/arduino-ide/resources/app/lib/backend/plugin-vscode-init)
2024-09-28 11:47:20 2024-09-28T10:47:20.557Z root INFO [hosted-plugin: 9487] PLUGIN_HOST(9487): initializing(vscode-language-pack-pl@1.80.0 with /opt/arduino-ide/resources/app/lib/backend/plugin-vscode-init)
2024-09-28 11:47:20 2024-09-28T10:47:20.557Z root INFO [hosted-plugin: 9487] PLUGIN_HOST(9487): initializing(vscode-language-pack-pt-BR@1.80.0 with /opt/arduino-ide/resources/app/lib/backend/plugin-vscode-init)
2024-09-28 11:47:20 2024-09-28T10:47:20.557Z root INFO [hosted-plugin: 9487] PLUGIN_HOST(9487): initializing(vscode-language-pack-ru@1.80.0 with /opt/arduino-ide/resources/app/lib/backend/plugin-vscode-init)
2024-09-28 11:47:20 2024-09-28T10:47:20.558Z root INFO [hosted-plugin: 9487] PLUGIN_HOST(9487): initializing(vscode-language-pack-tr@1.80.0 with /opt/arduino-ide/resources/app/lib/backend/plugin-vscode-init)
2024-09-28 11:47:20 2024-09-28T10:47:20.558Z root INFO [hosted-plugin: 9487] PLUGIN_HOST(9487): initializing(vscode-language-pack-uk@1.48.3 with /opt/arduino-ide/resources/app/lib/backend/plugin-vscode-init)
2024-09-28 11:47:20 2024-09-28T10:47:20.558Z root INFO [hosted-plugin: 9487] PLUGIN_HOST(9487): initializing(vscode-language-pack-zh-hans@1.80.0 with /opt/arduino-ide/resources/app/lib/backend/plugin-vscode-init)
2024-09-28 11:47:20 2024-09-28T10:47:20.559Z root INFO [hosted-plugin: 9487] PLUGIN_HOST(9487): initializing(vscode-language-pack-zh-hant@1.80.0 with /opt/arduino-ide/resources/app/lib/backend/plugin-vscode-init)
2024-09-28 11:47:20 2024-09-28T10:47:20.591Z root INFO [hosted-plugin: 9487] PLUGIN_HOST(9487): PluginManagerExtImpl/loadPlugin(/opt/arduino-ide/resources/app/plugins/vscode-arduino-api/extension/dist/extension.js)
2024-09-28 11:47:20 2024-09-28T10:47:20.598Z root INFO [hosted-plugin: 9487] calling activation function on Arduino IDE API for VS Code extensions
2024-09-28 11:47:20 2024-09-28T10:47:20.614Z root INFO [hosted-plugin: 9487] PLUGIN_HOST(9487): PluginManagerExtImpl/loadPlugin(/opt/arduino-ide/resources/app/plugins/vscode-builtin-json-language-features/extension/client/dist/jsonMain)
2024-09-28 11:47:20 2024-09-28T10:47:20.656Z root INFO [hosted-plugin: 9487] calling activation function on JSON Language Features (built-in)
2024-09-28 11:47:20 2024-09-28T10:47:20.687Z root INFO [hosted-plugin: 9487] PLUGIN_HOST(9487): PluginManagerExtImpl/loadPlugin(/opt/arduino-ide/resources/app/plugins/vscode-arduino-tools/extension/dist/extension.js)
2024-09-28 11:47:20 2024-09-28T10:47:20.723Z root INFO [hosted-plugin: 9487] calling activation function on VS Code Arduino Tools
2024-09-28 11:47:20 2024-09-28T10:47:20.757Z root INFO [90344465-e024-4757-accc-ca41f1cb6fb1] Starting plugins.
2024-09-28 11:47:21 Checking for update
2024-09-28 11:47:21 2024-09-28T10:47:21.199Z root INFO Replace loading indicator with ready workbench UI (animation): 922.7 ms [Finished 4.979 s after frontend start]
2024-09-28 11:47:21 2024-09-28T10:47:21.199Z root INFO Changed application state from 'initialized_layout' to 'ready'.
2024-09-28 11:47:21 2024-09-28T10:47:21.199Z root WARN Linked preference "workbench.colorCustomizations" not found.
2024-09-28 11:47:21 2024-09-28T10:47:21.201Z root INFO Frontend application start: 3448.1 ms [Finished 5.918 s after backend start]
2024-09-28 11:47:21 2024-09-28T10:47:21.227Z root INFO [hosted-plugin: 9487] PLUGIN_HOST(9487): PluginManagerExtImpl/loadPlugin(/opt/arduino-ide/resources/app/plugins/cortex-debug/extension/dist/extension.js)
2024-09-28 11:47:21 2024-09-28T10:47:21.344Z root INFO [hosted-plugin: 9487] Debug configuration provider has been registered: cortex-debug, trigger: 1
calling activation function on Cortex-Debug
GDB server console created
2024-09-28 11:47:21 2024-09-28T10:47:21.406Z daemon INFO time="2024-09-28T11:47:21+01:00" level=info msg="Updating libraries index"
time="2024-09-28T11:47:21+01:00" level=info msg="Starting download" url="https://downloads.arduino.cc/libraries/library_index.tar.bz2"
time="2024-09-28T11:47:21+01:00" level=info msg="Updating index" url="https://downloads.arduino.cc/packages/package_index.tar.bz2"
time="2024-09-28T11:47:21+01:00" level=info msg="Starting download" url="https://downloads.arduino.cc/packages/package_index.tar.bz2"
2024-09-28 11:47:21 2024-09-28T10:47:21.415Z root INFO core-client-provider [library-index] Downloading index: library_index.tar.bz2

2024-09-28 11:47:21 2024-09-28T10:47:21.424Z root INFO core-client-provider [platform-index] Downloading index: package_index.tar.bz2

2024-09-28 11:47:21 2024-09-28T10:47:21.507Z root INFO [90344465-e024-4757-accc-ca41f1cb6fb1] Start of 23 plugins: 1628.1 ms [Finished 5.687 s after frontend start]
2024-09-28 11:47:21 2024-09-28T10:47:21.954Z root ERROR ---- !!!SLOW!!! DURATION: search took 750.009 ms. Args: [{"type":"Updatable"}] ----
2024-09-28 11:47:21 2024-09-28T10:47:21.958Z root INFO Starting language server: arduino:avr:uno
2024-09-28 11:47:21 2024-09-28T10:47:21.966Z root ERROR Failed to get debug config: arduino:avr:uno, undefined Error: Debugging is not supported.
    at Object.callback (/opt/arduino-ide/resources/app/lib/backend/main.js:2:81196)
    at Object.onReceiveStatus (/opt/arduino-ide/resources/app/lib/backend/main.js:2:788562)
    at Object.onReceiveStatus (/opt/arduino-ide/resources/app/lib/backend/main.js:2:784513)
    at Object.onReceiveStatus (/opt/arduino-ide/resources/app/lib/backend/main.js:2:783958)
    at /opt/arduino-ide/resources/app/lib/backend/main.js:2:870080
    at process.processTicksAndRejections (node:internal/process/task_queues:77:11)
2024-09-28 11:47:21 2024-09-28T10:47:21.966Z root ERROR Request checkDebugEnabled failed with error: Debugging is not supported. Error: Debugging is not supported.
    at Object.callback (/opt/arduino-ide/resources/app/lib/backend/main.js:2:81196)
    at Object.onReceiveStatus (/opt/arduino-ide/resources/app/lib/backend/main.js:2:788562)
    at Object.onReceiveStatus (/opt/arduino-ide/resources/app/lib/backend/main.js:2:784513)
    at Object.onReceiveStatus (/opt/arduino-ide/resources/app/lib/backend/main.js:2:783958)
    at /opt/arduino-ide/resources/app/lib/backend/main.js:2:870080
    at process.processTicksAndRejections (node:internal/process/task_queues:77:11)
2024-09-28 11:47:21 2024-09-28T10:47:21.967Z daemon INFO time="2024-09-28T11:47:21+01:00" level=info msg="Tool required for debug" tool="arduino:arduinoOTA@1.3.0"
time="2024-09-28T11:47:21+01:00" level=info msg="Tool required for debug" tool="arduino:avr-gcc@7.3.0-atmel3.6.1-arduino7"
time="2024-09-28T11:47:21+01:00" level=info msg="Tool required for debug" tool="arduino:avrdude@6.3.0-arduino17"
time="2024-09-28T11:47:21+01:00" level=info msg="Tool required for debug" tool="builtin:serial-monitor@0.14.1"
time="2024-09-28T11:47:21+01:00" level=info msg="Tool required for debug" tool="builtin:ctags@5.8-arduino11"
time="2024-09-28T11:47:21+01:00" level=info msg="Tool required for debug" tool="builtin:dfu-discovery@0.1.2"
time="2024-09-28T11:47:21+01:00" level=info msg="Tool required for debug" tool="esp32:mkspiffs@0.2.3"
time="2024-09-28T11:47:21+01:00" level=info msg="Tool required for debug" tool="builtin:serial-discovery@1.4.1"
time="2024-09-28T11:47:21+01:00" level=info msg="Tool required for debug" tool="builtin:mdns-discovery@1.0.9"
time="2024-09-28T11:47:21+01:00" level=info msg="Tool required for debug" tool="esp32:esptool_py@3.0.0"
time="2024-09-28T11:47:21+01:00" level=info msg="Tool required for debug" tool="esp32:xtensa-esp32-elf-gcc@1.22.0-97-gc752ad5-5.2.0"
2024-09-28 11:47:22 2024-09-28T10:47:22.054Z daemon INFO time="2024-09-28T11:47:22+01:00" level=info msg="Adding libraries dir" dir=/home/posaidon/.arduino15/libraries location=ide
time="2024-09-28T11:47:22+01:00" level=info msg="Adding libraries dir" dir=/home/posaidon/.arduino15/packages/arduino/hardware/avr/1.8.6/libraries location=platform
time="2024-09-28T11:47:22+01:00" level=info msg="Adding libraries dir" dir=/home/posaidon/Arduino/libraries location=user
2024-09-28 11:47:22 2024-09-28T10:47:22.196Z daemon INFO time="2024-09-28T11:47:22+01:00" level=info msg="Updating index" url="http://arduino.esp8266.com/stable/package_esp8266com_index.json"
time="2024-09-28T11:47:22+01:00" level=info msg="Starting download" url="http://arduino.esp8266.com/stable/package_esp8266com_index.json"
2024-09-28 11:47:22 2024-09-28T10:47:22.196Z root INFO core-client-provider [platform-index] Downloading index: package_esp8266com_index.json

2024-09-28 11:47:22 2024-09-28T10:47:22.286Z daemon INFO time="2024-09-28T11:47:22+01:00" level=info msg="Adding libraries dir" dir=/home/posaidon/.arduino15/libraries location=ide
time="2024-09-28T11:47:22+01:00" level=info msg="Adding libraries dir" dir=/home/posaidon/.arduino15/packages/arduino/hardware/avr/1.8.6/libraries location=platform
time="2024-09-28T11:47:22+01:00" level=info msg="Adding libraries dir" dir=/home/posaidon/Arduino/libraries location=user
2024-09-28 11:47:22 Found version 2.3.3 (url: arduino-ide_2.3.3_Linux_64bit.AppImage)
2024-09-28 11:47:31 2024-09-28T10:47:31.417Z daemon INFO time="2024-09-28T11:47:31+01:00" level=info msg="Updating index" url="https://www.arduino.me/package_esp32_index.json"
time="2024-09-28T11:47:31+01:00" level=info msg="Starting download" url="https://www.arduino.me/package_esp32_index.json"
2024-09-28 11:47:31 2024-09-28T10:47:31.418Z root INFO core-client-provider [platform-index] Downloading index: package_esp32_index.json

2024-09-28 11:47:35 2024-09-28T10:47:35.998Z daemon INFO time="2024-09-28T11:47:35+01:00" level=info msg="Checking signature" index=/home/posaidon/.arduino15/package_index.json signatureFile=/home/posaidon/.arduino15/package_index.json.sig trusted=true
2024-09-28 11:47:36 2024-09-28T10:47:36.000Z daemon INFO time="2024-09-28T11:47:36+01:00" level=info msg="Missing signature file" index=/home/posaidon/.arduino15/package_esp8266com_index.json
2024-09-28 11:47:36 2024-09-28T10:47:36.000Z daemon INFO time="2024-09-28T11:47:36+01:00" level=info msg="Loading hardware from: /home/posaidon/.arduino15/packages"
2024-09-28 11:47:36 2024-09-28T10:47:36.000Z daemon INFO time="2024-09-28T11:47:36+01:00" level=info msg="Loading package arduino from: /home/posaidon/.arduino15/packages/arduino/hardware"
2024-09-28 11:47:36 2024-09-28T10:47:36.001Z root ERROR Detected an error response during the gRPC core client initialization: code: 9, message: Loading index file: loading json index file /home/posaidon/.arduino15/package_esp32_index.json: parse error: syntax error near offset 0 of '<!DOCTYPE ...'
2024-09-28 11:47:36 2024-09-28T10:47:36.001Z daemon INFO time="2024-09-28T11:47:36+01:00" level=info msg="Missing signature file" index=/home/posaidon/.arduino15/packages/arduino/hardware/avr/1.8.6/installed.json
2024-09-28 11:47:36 2024-09-28T10:47:36.003Z daemon INFO time="2024-09-28T11:47:36+01:00" level=info msg="Adding monitor tool" protocol=serial tool="builtin:serial-monitor"
time="2024-09-28T11:47:36+01:00" level=info msg="Loaded platform" platform="arduino:avr@1.8.6"
2024-09-28 11:47:36 2024-09-28T10:47:36.004Z daemon INFO time="2024-09-28T11:47:36+01:00" level=info msg="Missing signature file" index=/home/posaidon/.arduino15/packages/arduino/hardware/megaavr/1.8.8/installed.json
2024-09-28 11:47:36 2024-09-28T10:47:36.004Z daemon INFO time="2024-09-28T11:47:36+01:00" level=info msg="Adding monitor tool" protocol=serial tool="builtin:serial-monitor"
time="2024-09-28T11:47:36+01:00" level=info msg="Loaded platform" platform="arduino:megaavr@1.8.8"
time="2024-09-28T11:47:36+01:00" level=info msg="Checking existence of 'tools' path: /home/posaidon/.arduino15/packages/arduino/tools"
time="2024-09-28T11:47:36+01:00" level=info msg="Loading tools from dir: /home/posaidon/.arduino15/packages/arduino/tools"
2024-09-28 11:47:36 2024-09-28T10:47:36.004Z daemon INFO time="2024-09-28T11:47:36+01:00" level=info msg="Loaded tool" tool="arduino:arduinoOTA@1.3.0"
2024-09-28 11:47:36 2024-09-28T10:47:36.004Z daemon INFO time="2024-09-28T11:47:36+01:00" level=info msg="Loaded tool" tool="arduino:avr-gcc@7.3.0-atmel3.6.1-arduino5"
time="2024-09-28T11:47:36+01:00" level=info msg="Loaded tool" tool="arduino:avr-gcc@7.3.0-atmel3.6.1-arduino7"
2024-09-28 11:47:36 2024-09-28T10:47:36.004Z daemon INFO time="2024-09-28T11:47:36+01:00" level=info msg="Loaded tool" tool="arduino:avrdude@6.3.0-arduino17"
2024-09-28 11:47:36 2024-09-28T10:47:36.004Z daemon INFO time="2024-09-28T11:47:36+01:00" level=info msg="Loading package builtin from: /home/posaidon/.arduino15/packages/builtin"
2024-09-28 11:47:36 2024-09-28T10:47:36.004Z daemon INFO time="2024-09-28T11:47:36+01:00" level=info msg="Checking existence of 'tools' path: /home/posaidon/.arduino15/packages/builtin/tools"
time="2024-09-28T11:47:36+01:00" level=info msg="Loading tools from dir: /home/posaidon/.arduino15/packages/builtin/tools"
2024-09-28 11:47:36 2024-09-28T10:47:36.004Z daemon INFO time="2024-09-28T11:47:36+01:00" level=info msg="Loaded tool" tool="builtin:ctags@5.8-arduino11"
2024-09-28 11:47:36 2024-09-28T10:47:36.005Z daemon INFO time="2024-09-28T11:47:36+01:00" level=info msg="Loaded tool" tool="builtin:dfu-discovery@0.1.2"
time="2024-09-28T11:47:36+01:00" level=info msg="Loaded tool" tool="builtin:mdns-discovery@1.0.9"
time="2024-09-28T11:47:36+01:00" level=info msg="Loaded tool" tool="builtin:serial-discovery@1.4.0"
time="2024-09-28T11:47:36+01:00" level=info msg="Loaded tool" tool="builtin:serial-discovery@1.4.1"
2024-09-28 11:47:36 2024-09-28T10:47:36.005Z daemon INFO time="2024-09-28T11:47:36+01:00" level=info msg="Loaded tool" tool="builtin:serial-monitor@0.13.0"
time="2024-09-28T11:47:36+01:00" level=info msg="Loaded tool" tool="builtin:serial-monitor@0.14.1"
2024-09-28 11:47:36 2024-09-28T10:47:36.005Z daemon INFO time="2024-09-28T11:47:36+01:00" level=info msg="Loading package esp32 from: /home/posaidon/.arduino15/packages/esp32/hardware"
2024-09-28 11:47:36 2024-09-28T10:47:36.005Z daemon INFO time="2024-09-28T11:47:36+01:00" level=info msg="Missing signature file" index=/home/posaidon/.arduino15/packages/esp32/hardware/esp32/1.0.6/installed.json
2024-09-28 11:47:36 2024-09-28T10:47:36.014Z daemon INFO time="2024-09-28T11:47:36+01:00" level=info msg="Adding monitor tool" protocol=serial tool="builtin:serial-monitor"
time="2024-09-28T11:47:36+01:00" level=info msg="Loaded platform" platform="esp32:esp32@1.0.6"
time="2024-09-28T11:47:36+01:00" level=info msg="Checking existence of 'tools' path: /home/posaidon/.arduino15/packages/esp32/tools"
time="2024-09-28T11:47:36+01:00" level=info msg="Loading tools from dir: /home/posaidon/.arduino15/packages/esp32/tools"
2024-09-28 11:47:36 2024-09-28T10:47:36.014Z daemon INFO time="2024-09-28T11:47:36+01:00" level=info msg="Loaded tool" tool="esp32:esptool_py@3.0.0"
2024-09-28 11:47:36 2024-09-28T10:47:36.014Z daemon INFO time="2024-09-28T11:47:36+01:00" level=info msg="Loaded tool" tool="esp32:mkspiffs@0.2.3"
2024-09-28 11:47:36 2024-09-28T10:47:36.015Z daemon INFO time="2024-09-28T11:47:36+01:00" level=info msg="Loaded tool" tool="esp32:xtensa-esp32-elf-gcc@1.22.0-97-gc752ad5-5.2.0"
2024-09-28 11:47:36 2024-09-28T10:47:36.015Z daemon INFO time="2024-09-28T11:47:36+01:00" level=info msg="sending command QUIT to discovery builtin:serial-discovery"
2024-09-28 11:47:36 2024-09-28T10:47:36.015Z daemon INFO time="2024-09-28T11:47:36+01:00" level=info msg="from discovery builtin:serial-discovery received message type: quit, message: OK"
time="2024-09-28T11:47:36+01:00" level=info msg="killing discovery builtin:serial-discovery process"
2024-09-28 11:47:36 2024-09-28T10:47:36.015Z daemon INFO time="2024-09-28T11:47:36+01:00" level=info msg="Discovery event channel closed builtin:serial-discovery. Exiting goroutine."
2024-09-28 11:47:36 2024-09-28T10:47:36.015Z daemon INFO time="2024-09-28T11:47:36+01:00" level=info msg="killed discovery builtin:serial-discovery process"
time="2024-09-28T11:47:36+01:00" level=info msg="Closed and removed discovery builtin:serial-discovery"
time="2024-09-28T11:47:36+01:00" level=info msg="sending command QUIT to discovery builtin:mdns-discovery"
2024-09-28 11:47:36 2024-09-28T10:47:36.016Z daemon INFO time="2024-09-28T11:47:36+01:00" level=info msg="from discovery builtin:mdns-discovery received message type: quit, message: OK"
time="2024-09-28T11:47:36+01:00" level=info msg="killing discovery builtin:mdns-discovery process"
2024-09-28 11:47:36 2024-09-28T10:47:36.016Z daemon INFO time="2024-09-28T11:47:36+01:00" level=info msg="Discovery event channel closed builtin:mdns-discovery. Exiting goroutine."
2024-09-28 11:47:36 2024-09-28T10:47:36.016Z daemon INFO time="2024-09-28T11:47:36+01:00" level=info msg="killed discovery builtin:mdns-discovery process"
time="2024-09-28T11:47:36+01:00" level=info msg="Closed and removed discovery builtin:mdns-discovery"
2024-09-28 11:47:36 2024-09-28T10:47:36.017Z daemon INFO time="2024-09-28T11:47:36+01:00" level=info msg="starting discovery builtin:serial-discovery process"
2024-09-28 11:47:36 2024-09-28T10:47:36.017Z daemon INFO time="2024-09-28T11:47:36+01:00" level=info msg="started discovery builtin:serial-discovery process"
time="2024-09-28T11:47:36+01:00" level=info msg="sending command HELLO 1 \"arduino-cli 0.35.3\" to discovery builtin:serial-discovery"
2024-09-28 11:47:36 2024-09-28T10:47:36.018Z daemon INFO time="2024-09-28T11:47:36+01:00" level=info msg="from discovery builtin:serial-discovery received message type: hello, message: OK, protocol version: 1"
time="2024-09-28T11:47:36+01:00" level=info msg="sending command START_SYNC to discovery builtin:serial-discovery"
2024-09-28 11:47:36 2024-09-28T10:47:36.020Z daemon INFO time="2024-09-28T11:47:36+01:00" level=info msg="from discovery builtin:serial-discovery received message type: start_sync, message: OK"
2024-09-28 11:47:36 2024-09-28T10:47:36.020Z daemon INFO time="2024-09-28T11:47:36+01:00" level=info msg="starting discovery builtin:mdns-discovery process"
2024-09-28 11:47:36 2024-09-28T10:47:36.020Z daemon INFO time="2024-09-28T11:47:36+01:00" level=info msg="started discovery builtin:mdns-discovery process"
2024-09-28 11:47:36 2024-09-28T10:47:36.020Z daemon INFO time="2024-09-28T11:47:36+01:00" level=info msg="sending command HELLO 1 \"arduino-cli 0.35.3\" to discovery builtin:mdns-discovery"
2024-09-28 11:47:36 2024-09-28T10:47:36.022Z daemon INFO time="2024-09-28T11:47:36+01:00" level=info msg="from discovery builtin:mdns-discovery received message type: hello, message: OK, protocol version: 1"
time="2024-09-28T11:47:36+01:00" level=info msg="sending command START_SYNC to discovery builtin:mdns-discovery"
2024-09-28 11:47:36 2024-09-28T10:47:36.022Z daemon INFO time="2024-09-28T11:47:36+01:00" level=info msg="from discovery builtin:mdns-discovery received message type: start_sync, message: OK"
2024-09-28 11:47:36 2024-09-28T10:47:36.022Z daemon INFO time="2024-09-28T11:47:36+01:00" level=info msg="Adding libraries dir" dir=/home/posaidon/.arduino15/packages/arduino/hardware/avr/1.8.6/libraries location=platform
2024-09-28 11:47:36 2024-09-28T10:47:36.022Z daemon INFO time="2024-09-28T11:47:36+01:00" level=info msg="Adding libraries dir" dir=/home/posaidon/.arduino15/packages/arduino/hardware/megaavr/1.8.8/libraries location=platform
time="2024-09-28T11:47:36+01:00" level=info msg="Adding libraries dir" dir=/home/posaidon/.arduino15/packages/esp32/hardware/esp32/1.0.6/libraries location=platform
2024-09-28 11:47:36 2024-09-28T10:47:36.022Z daemon INFO time="2024-09-28T11:47:36+01:00" level=info msg="Loading libraries index file" index=/home/posaidon/.arduino15/library_index.json
2024-09-28 11:47:36 2024-09-28T10:47:36.290Z daemon INFO time="2024-09-28T11:47:36+01:00" level=info msg="Adding libraries dir" dir=/home/posaidon/.arduino15/libraries location=ide
2024-09-28 11:47:36 2024-09-28T10:47:36.290Z daemon INFO time="2024-09-28T11:47:36+01:00" level=info msg="Adding libraries dir" dir=/home/posaidon/Arduino/libraries location=user
2024-09-28 11:47:59 2024-09-28T10:47:59.268Z root ERROR [nsfw-watcher: 9477] NSFW service error on "/home/posaidon/Arduino": [Error: Service shutdown: root path changed (renamed or deleted)]
2024-09-28 11:47:59 2024-09-28T10:47:59.274Z root ERROR [nsfw-watcher: 9477] NSFW service error on "/home/posaidon/Arduino/wifi": [Error: Service shutdown: root path changed (renamed or deleted)]
2024-09-28 11:48:09 2024-09-28T10:48:09.929Z config INFO Updating daemon with 'data': {
  "board_manager": {
    "additional_urls": [
      "http://arduino.esp8266.com/stable/package_esp8266com_index.json",
      "https://www.arduino.me/package_esp32_index.json"
    ]
  },
  "build_cache": {
    "compilations_before_purge": 10,
    "ttl": "720h0m0s"
  },
  "daemon": {
    "port": "50051"
  },
  "directories": {
    "data": "/home/posaidon/.arduino15",
    "user": "/home/posaidon/Code/Arduino"
  },
  "library": {
    "enable_unsafe_install": false
  },
  "locale": "en",
  "logging": {
    "file": "",
    "format": "text",
    "level": "info"
  },
  "metrics": {
    "addr": ":9090",
    "enabled": true
  },
  "output": {
    "no_color": false
  },
  "sketch": {
    "always_export_binaries": false
  },
  "updater": {
    "enable_notification": true
  },
  "network": {}
}
2024-09-28 11:48:09 2024-09-28T10:48:09.973Z root ERROR [nsfw-watcher: 9477] tried to de-allocate a disposed watcher: watcherId=14
2024-09-28 11:48:09 2024-09-28T10:48:09.982Z daemon INFO time="2024-09-28T11:48:09+01:00" level=info msg="Checking signature" index=/home/posaidon/.arduino15/package_index.json signatureFile=/home/posaidon/.arduino15/package_index.json.sig trusted=true
time="2024-09-28T11:48:09+01:00" level=info msg="Missing signature file" index=/home/posaidon/.arduino15/package_esp8266com_index.json
time="2024-09-28T11:48:09+01:00" level=info msg="Loading hardware from: /home/posaidon/.arduino15/packages"
time="2024-09-28T11:48:09+01:00" level=info msg="Loading package arduino from: /home/posaidon/.arduino15/packages/arduino/hardware"
2024-09-28 11:48:09 2024-09-28T10:48:09.984Z root ERROR Detected an error response during the gRPC core client initialization: code: 9, message: Loading index file: loading json index file /home/posaidon/.arduino15/package_esp32_index.json: parse error: syntax error near offset 0 of '<!DOCTYPE ...'
2024-09-28 11:48:09 2024-09-28T10:48:09.988Z daemon INFO time="2024-09-28T11:48:09+01:00" level=info msg="Missing signature file" index=/home/posaidon/.arduino15/packages/arduino/hardware/avr/1.8.6/installed.json
time="2024-09-28T11:48:09+01:00" level=info msg="Adding monitor tool" protocol=serial tool="builtin:serial-monitor"
time="2024-09-28T11:48:09+01:00" level=info msg="Loaded platform" platform="arduino:avr@1.8.6"
time="2024-09-28T11:48:09+01:00" level=info msg="Missing signature file" index=/home/posaidon/.arduino15/packages/arduino/hardware/megaavr/1.8.8/installed.json
time="2024-09-28T11:48:09+01:00" level=info msg="Adding monitor tool" protocol=serial tool="builtin:serial-monitor"
time="2024-09-28T11:48:09+01:00" level=info msg="Loaded platform" platform="arduino:megaavr@1.8.8"
time="2024-09-28T11:48:09+01:00" level=info msg="Checking existence of 'tools' path: /home/posaidon/.arduino15/packages/arduino/tools"
time="2024-09-28T11:48:09+01:00" level=info msg="Loading tools from dir: /home/posaidon/.arduino15/packages/arduino/tools"
time="2024-09-28T11:48:09+01:00" level=info msg="Loaded tool" tool="arduino:arduinoOTA@1.3.0"
time="2024-09-28T11:48:09+01:00" level=info msg="Loaded tool" tool="arduino:avr-gcc@7.3.0-atmel3.6.1-arduino5"
time="2024-09-28T11:48:09+01:00" level=info msg="Loaded tool" tool="arduino:avr-gcc@7.3.0-atmel3.6.1-arduino7"
time="2024-09-28T11:48:09+01:00" level=info msg="Loaded tool" tool="arduino:avrdude@6.3.0-arduino17"
time="2024-09-28T11:48:09+01:00" level=info msg="Loading package builtin from: /home/posaidon/.arduino15/packages/builtin"
time="2024-09-28T11:48:09+01:00" level=info msg="Checking existence of 'tools' path: /home/posaidon/.arduino15/packages/builtin/tools"
time="2024-09-28T11:48:09+01:00" level=info msg="Loading tools from dir: /home/posaidon/.arduino15/packages/builtin/tools"
time="2024-09-28T11:48:09+01:00" level=info msg="Loaded tool" tool="builtin:ctags@5.8-arduino11"
time="2024-09-28T11:48:09+01:00" level=info msg="Loaded tool" tool="builtin:dfu-discovery@0.1.2"
time="2024-09-28T11:48:09+01:00" level=info msg="Loaded tool" tool="builtin:mdns-discovery@1.0.9"
time="2024-09-28T11:48:09+01:00" level=info msg="Loaded tool" tool="builtin:serial-discovery@1.4.0"
time="2024-09-28T11:48:09+01:00" level=info msg="Loaded tool" tool="builtin:serial-discovery@1.4.1"
time="2024-09-28T11:48:09+01:00" level=info msg="Loaded tool" tool="builtin:serial-monitor@0.13.0"
time="2024-09-28T11:48:09+01:00" level=info msg="Loaded tool" tool="builtin:serial-monitor@0.14.1"
time="2024-09-28T11:48:09+01:00" level=info msg="Loading package esp32 from: /home/posaidon/.arduino15/packages/esp32/hardware"
time="2024-09-28T11:48:09+01:00" level=info msg="Missing signature file" index=/home/posaidon/.arduino15/packages/esp32/hardware/esp32/1.0.6/installed.json
2024-09-28 11:48:09 2024-09-28T10:48:09.997Z daemon INFO time="2024-09-28T11:48:09+01:00" level=info msg="Adding monitor tool" protocol=serial tool="builtin:serial-monitor"
time="2024-09-28T11:48:09+01:00" level=info msg="Loaded platform" platform="esp32:esp32@1.0.6"
time="2024-09-28T11:48:09+01:00" level=info msg="Checking existence of 'tools' path: /home/posaidon/.arduino15/packages/esp32/tools"
time="2024-09-28T11:48:09+01:00" level=info msg="Loading tools from dir: /home/posaidon/.arduino15/packages/esp32/tools"
2024-09-28 11:48:09 2024-09-28T10:48:09.997Z daemon INFO time="2024-09-28T11:48:09+01:00" level=info msg="Loaded tool" tool="esp32:esptool_py@3.0.0"
2024-09-28 11:48:09 2024-09-28T10:48:09.997Z daemon INFO time="2024-09-28T11:48:09+01:00" level=info msg="Loaded tool" tool="esp32:mkspiffs@0.2.3"
2024-09-28 11:48:09 2024-09-28T10:48:09.997Z daemon INFO time="2024-09-28T11:48:09+01:00" level=info msg="Loaded tool" tool="esp32:xtensa-esp32-elf-gcc@1.22.0-97-gc752ad5-5.2.0"
2024-09-28 11:48:09 2024-09-28T10:48:09.997Z daemon INFO time="2024-09-28T11:48:09+01:00" level=info msg="sending command QUIT to discovery builtin:serial-discovery"
2024-09-28 11:48:09 2024-09-28T10:48:09.997Z daemon INFO time="2024-09-28T11:48:09+01:00" level=info msg="from discovery builtin:serial-discovery received message type: quit, message: OK"
2024-09-28 11:48:09 2024-09-28T10:48:09.997Z daemon INFO time="2024-09-28T11:48:09+01:00" level=info msg="killing discovery builtin:serial-discovery process"
2024-09-28 11:48:09 2024-09-28T10:48:09.997Z daemon INFO time="2024-09-28T11:48:09+01:00" level=info msg="Discovery event channel closed builtin:serial-discovery. Exiting goroutine."
2024-09-28 11:48:09 2024-09-28T10:48:09.998Z daemon INFO time="2024-09-28T11:48:09+01:00" level=info msg="killed discovery builtin:serial-discovery process"
time="2024-09-28T11:48:09+01:00" level=info msg="Closed and removed discovery builtin:serial-discovery"
2024-09-28 11:48:09 2024-09-28T10:48:09.998Z daemon INFO time="2024-09-28T11:48:09+01:00" level=info msg="sending command QUIT to discovery builtin:mdns-discovery"
2024-09-28 11:48:09 2024-09-28T10:48:09.998Z daemon INFO time="2024-09-28T11:48:09+01:00" level=info msg="from discovery builtin:mdns-discovery received message type: quit, message: OK"
time="2024-09-28T11:48:09+01:00" level=info msg="killing discovery builtin:mdns-discovery process"
2024-09-28 11:48:09 2024-09-28T10:48:09.998Z daemon INFO time="2024-09-28T11:48:09+01:00" level=info msg="Discovery event channel closed builtin:mdns-discovery. Exiting goroutine."
2024-09-28 11:48:09 2024-09-28T10:48:09.998Z daemon INFO time="2024-09-28T11:48:09+01:00" level=info msg="killed discovery builtin:mdns-discovery process"
time="2024-09-28T11:48:09+01:00" level=info msg="Closed and removed discovery builtin:mdns-discovery"
2024-09-28 11:48:09 2024-09-28T10:48:09.998Z daemon INFO time="2024-09-28T11:48:09+01:00" level=info msg="starting discovery builtin:serial-discovery process"
2024-09-28 11:48:09 2024-09-28T10:48:09.999Z daemon INFO time="2024-09-28T11:48:09+01:00" level=info msg="started discovery builtin:serial-discovery process"
time="2024-09-28T11:48:09+01:00" level=info msg="sending command HELLO 1 \"arduino-cli 0.35.3\" to discovery builtin:serial-discovery"
2024-09-28 11:48:10 2024-09-28T10:48:10.000Z daemon INFO time="2024-09-28T11:48:10+01:00" level=info msg="from discovery builtin:serial-discovery received message type: hello, message: OK, protocol version: 1"
time="2024-09-28T11:48:10+01:00" level=info msg="sending command START_SYNC to discovery builtin:serial-discovery"
2024-09-28 11:48:10 2024-09-28T10:48:10.002Z daemon INFO time="2024-09-28T11:48:10+01:00" level=info msg="from discovery builtin:serial-discovery received message type: start_sync, message: OK"
2024-09-28 11:48:10 2024-09-28T10:48:10.002Z daemon INFO time="2024-09-28T11:48:10+01:00" level=info msg="starting discovery builtin:mdns-discovery process"
2024-09-28 11:48:10 2024-09-28T10:48:10.002Z daemon INFO time="2024-09-28T11:48:10+01:00" level=info msg="started discovery builtin:mdns-discovery process"
time="2024-09-28T11:48:10+01:00" level=info msg="sending command HELLO 1 \"arduino-cli 0.35.3\" to discovery builtin:mdns-discovery"
2024-09-28 11:48:10 2024-09-28T10:48:10.004Z daemon INFO time="2024-09-28T11:48:10+01:00" level=info msg="from discovery builtin:mdns-discovery received message type: hello, message: OK, protocol version: 1"
time="2024-09-28T11:48:10+01:00" level=info msg="sending command START_SYNC to discovery builtin:mdns-discovery"
2024-09-28 11:48:10 2024-09-28T10:48:10.005Z daemon INFO time="2024-09-28T11:48:10+01:00" level=info msg="from discovery builtin:mdns-discovery received message type: start_sync, message: OK"
2024-09-28 11:48:10 2024-09-28T10:48:10.005Z daemon INFO time="2024-09-28T11:48:10+01:00" level=info msg="Adding libraries dir" dir=/home/posaidon/.arduino15/packages/arduino/hardware/avr/1.8.6/libraries location=platform
2024-09-28 11:48:10 2024-09-28T10:48:10.005Z daemon INFO time="2024-09-28T11:48:10+01:00" level=info msg="Adding libraries dir" dir=/home/posaidon/.arduino15/packages/arduino/hardware/megaavr/1.8.8/libraries location=platform
2024-09-28 11:48:10 2024-09-28T10:48:10.005Z daemon INFO time="2024-09-28T11:48:10+01:00" level=info msg="Adding libraries dir" dir=/home/posaidon/.arduino15/packages/esp32/hardware/esp32/1.0.6/libraries location=platform
2024-09-28 11:48:10 2024-09-28T10:48:10.005Z daemon INFO time="2024-09-28T11:48:10+01:00" level=info msg="Loading libraries index file" index=/home/posaidon/.arduino15/library_index.json
2024-09-28 11:48:10 2024-09-28T10:48:10.107Z root ERROR [hosted-plugin: 9487] Conflict in settings file Default: Ignoring cortex-debug.armToolchainPath.linux as cortex-debug.armToolchainPath is null
2024-09-28 11:48:10 2024-09-28T10:48:10.107Z root ERROR [hosted-plugin: 9487] Conflict in settings file Default: Ignoring cortex-debug.armToolchainPath.osx as cortex-debug.armToolchainPath is null
Conflict in settings file Default: Ignoring cortex-debug.armToolchainPath.windows as cortex-debug.armToolchainPath is null
Conflict in settings file Default: Ignoring cortex-debug.JLinkGDBServerPath.linux as cortex-debug.JLinkGDBServerPath is null
Conflict in settings file Default: Ignoring cortex-debug.JLinkGDBServerPath.osx as cortex-debug.JLinkGDBServerPath is null
Conflict in settings file Default: Ignoring cortex-debug.JLinkGDBServerPath.windows as cortex-debug.JLinkGDBServerPath is null
Conflict in settings file Default: Ignoring cortex-debug.openocdPath.linux as cortex-debug.openocdPath is null
Conflict in settings file Default: Ignoring cortex-debug.openocdPath.osx as cortex-debug.openocdPath is null
Conflict in settings file Default: Ignoring cortex-debug.openocdPath.windows as cortex-debug.openocdPath is null
Conflict in settings file Default: Ignoring cortex-debug.pyocdPath.linux as cortex-debug.pyocdPath is null
Conflict in settings file Default: Ignoring cortex-debug.pyocdPath.osx as cortex-debug.pyocdPath is null
Conflict in settings file Default: Ignoring cortex-debug.pyocdPath.windows as cortex-debug.pyocdPath is null
Conflict in settings file Default: Ignoring cortex-debug.PEGDBServerPath.linux as cortex-debug.PEGDBServerPath is null
Conflict in settings file Default: Ignoring cortex-debug.PEGDBServerPath.osx as cortex-debug.PEGDBServerPath is null
Conflict in settings file Default: Ignoring cortex-debug.PEGDBServerPath.windows as cortex-debug.PEGDBServerPath is null
Conflict in settings file Default: Ignoring cortex-debug.stutilPath.linux as cortex-debug.stutilPath is null
Conflict in settings file Default: Ignoring cortex-debug.stutilPath.osx as cortex-debug.stutilPath is null
Conflict in settings file Default: Ignoring cortex-debug.stutilPath.windows as cortex-debug.stutilPath is null
Conflict in settings file Default: Ignoring cortex-debug.stlinkPath.linux as cortex-debug.stlinkPath is null
Conflict in settings file Default: Ignoring cortex-debug.stlinkPath.osx as cortex-debug.stlinkPath is null
Conflict in settings file Default: Ignoring cortex-debug.stlinkPath.windows as cortex-debug.stlinkPath is null
Conflict in settings file Default: Ignoring cortex-debug.stm32cubeprogrammer.linux as cortex-debug.stm32cubeprogrammer is null
Conflict in settings file Default: Ignoring cortex-debug.stm32cubeprogrammer.osx as cortex-debug.stm32cubeprogrammer is null
Conflict in settings file Default: Ignoring cortex-debug.stm32cubeprogrammer.windows as cortex-debug.stm32cubeprogrammer is null
2024-09-28 11:48:10 2024-09-28T10:48:10.279Z daemon INFO time="2024-09-28T11:48:10+01:00" level=info msg="Adding libraries dir" dir=/home/posaidon/.arduino15/libraries location=ide
time="2024-09-28T11:48:10+01:00" level=info msg="Adding libraries dir" dir=/home/posaidon/Code/Arduino/libraries location=user
2024-09-28 11:48:10 2024-09-28T10:48:10.420Z root INFO Starting language server: arduino:avr:uno
2024-09-28 11:49:03 isTempSketch: false. Input was /home/posaidon/Arduino/wifi
2024-09-28 11:49:03 Marking workspace as a closed sketch. Workspace URI: file:///home/posaidon/Arduino/wifi. Date: 1727520543127.
2024-09-28 11:49:03 isTempSketch: false. Input was /home/posaidon/Arduino/wifi
2024-09-28 11:49:03 Marking workspace as a closed sketch. Workspace URI: file:///home/posaidon/Arduino/wifi. Date: 1727520543133.
2024-09-28 11:49:03 Closing channel on service path '/services/electron-window'.
2024-09-28 11:49:03 Closing channel on service path '/services/ide-updater'.
2024-09-28 11:49:03 Storing the sketch as a workspace root: </home/posaidon/Arduino/wifi>.
2024-09-28 11:49:03 Skipped storing sketch as workspace root. Already visited: </home/posaidon/Arduino/wifi>.
2024-09-28 11:49:03 Stored workspaces roots: /home/posaidon/Arduino/wifi
2024-09-28 11:49:03 No sketches were scheduled for deletion.
