2024-08-31 14:39:06 Arduino IDE 2.3.2
2024-08-31 14:39:06 Checking for frontend application configuration customizations. Module path: /opt/arduino-ide/resources/app/lib/backend/electron-main.js, destination 'package.json': /opt/arduino-ide/resources/app/package.json
2024-08-31 14:39:06 Setting 'theia.frontend.config.appVersion' application configuration value to: "2.3.2" (type of string)
2024-08-31 14:39:06 Setting 'theia.frontend.config.cliVersion' application configuration value to: "0.35.3" (type of string)
2024-08-31 14:39:06 Setting 'theia.frontend.config.buildDate' application configuration value to: "2024-02-20T09:54:08.669Z" (type of string)
2024-08-31 14:39:06 Frontend application configuration after modifications: {"applicationName":"Arduino IDE","defaultTheme":{"light":"arduino-theme","dark":"arduino-theme-dark"},"defaultIconTheme":"none","electron":{"windowOptions":{}},"defaultLocale":"","validatePreferencesSchema":false,"preferences":{"window.title":"${rootName}${activeEditorShort}${appName}","files.autoSave":"afterDelay","editor.minimap.enabled":false,"editor.tabSize":2,"editor.scrollBeyondLastLine":false,"editor.quickSuggestions":{"other":false,"comments":false,"strings":false},"editor.maxTokenizationLineLength":500,"editor.bracketPairColorization.enabled":false,"breadcrumbs.enabled":false,"workbench.tree.renderIndentGuides":"none","explorer.compactFolders":false},"appVersion":"2.3.2","cliVersion":"0.35.3","buildDate":"2024-02-20T09:54:08.669Z"}
2024-08-31 14:39:06 Starting backend process. PID: 33605
2024-08-31 14:39:07 Using browser-only version of superagent in non-browser environment
2024-08-31 14:39:07 Configuration directory URI: 'file:///home/posaidon/.arduinoIDE'
2024-08-31 14:39:07 Configuring to accept webviews on '^.+\.webview\..+$' hostname.
2024-08-31 14:39:07 2024-08-31T13:39:07.097Z root INFO Backend Object.initialize: 4.7 ms [Finished 0.529 s after backend start]
2024-08-31 14:39:07 2024-08-31T13:39:07.098Z root INFO Backend Object.configure: 3.8 ms [Finished 0.529 s after backend start]
2024-08-31 14:39:07 2024-08-31T13:39:07.098Z root INFO Backend s.onStart: 1.8 ms [Finished 0.529 s after backend start]
2024-08-31 14:39:07 2024-08-31T13:39:07.099Z root INFO Backend s.configure: 0.5 ms [Finished 0.555 s after backend start]
2024-08-31 14:39:07 2024-08-31T13:39:07.100Z root INFO Backend d.onStart: 0.3 ms [Finished 0.555 s after backend start]
2024-08-31 14:39:07 2024-08-31T13:39:07.101Z root INFO Backend d.configure: 0.1 ms [Finished 0.555 s after backend start]
2024-08-31 14:39:07 2024-08-31T13:39:07.101Z root INFO Backend d.initialize: 25.2 ms [Finished 0.555 s after backend start]
2024-08-31 14:39:07 2024-08-31T13:39:07.101Z root INFO Backend c.onStart: 0.3 ms [Finished 0.555 s after backend start]
2024-08-31 14:39:07 2024-08-31T13:39:07.102Z root INFO Backend a.configure: 2.2 ms [Finished 0.557 s after backend start]
2024-08-31 14:39:07 2024-08-31T13:39:07.104Z config INFO >>> Initializing CLI configuration...
2024-08-31 14:39:07 2024-08-31T13:39:07.104Z root INFO Backend c.initialize: 0.8 ms [Finished 0.558 s after backend start]
2024-08-31 14:39:07 2024-08-31T13:39:07.104Z root INFO Backend R.onStart: 0.7 ms [Finished 0.558 s after backend start]
2024-08-31 14:39:07 2024-08-31T13:39:07.104Z config INFO Loading CLI configuration from /home/posaidon/.arduinoIDE/arduino-cli.yaml...
2024-08-31 14:39:07 2024-08-31T13:39:07.105Z daemon INFO Starting daemon from /opt/arduino-ide/resources/app/lib/backend/resources/arduino-cli...
2024-08-31 14:39:07 2024-08-31T13:39:07.105Z root INFO Backend a.initialize: 0.4 ms [Finished 0.559 s after backend start]
2024-08-31 14:39:07 2024-08-31T13:39:07.105Z root INFO Backend w.onStart: 0.9 ms [Finished 0.559 s after backend start]
2024-08-31 14:39:07 2024-08-31T13:39:07.105Z root INFO Backend r.configure: 1.5 ms [Finished 0.560 s after backend start]
2024-08-31 14:39:07 2024-08-31T13:39:07.105Z discovery-log INFO start
2024-08-31 14:39:07 2024-08-31T13:39:07.105Z discovery-log INFO start new deferred
2024-08-31 14:39:07 2024-08-31T13:39:07.105Z root INFO Backend d.initialize: 0.3 ms [Finished 0.560 s after backend start]
2024-08-31 14:39:07 2024-08-31T13:39:07.105Z root INFO Backend y.onStart: 2.2 ms [Finished 0.562 s after backend start]
2024-08-31 14:39:07 2024-08-31T13:39:07.105Z root INFO Backend r.configure: 2.0 ms [Finished 0.562 s after backend start]
2024-08-31 14:39:07 2024-08-31T13:39:07.105Z root INFO Backend a.onStart: 0.5 ms [Finished 0.563 s after backend start]
2024-08-31 14:39:07 2024-08-31T13:39:07.105Z root INFO Backend h.configure: 0.4 ms [Finished 0.563 s after backend start]
2024-08-31 14:39:07 2024-08-31T13:39:07.105Z root INFO Backend s.configure: 0.1 ms [Finished 0.563 s after backend start]
2024-08-31 14:39:07 2024-08-31T13:39:07.105Z root INFO Backend l.configure: 0.1 ms [Finished 0.563 s after backend start]
2024-08-31 14:39:07 2024-08-31T13:39:07.107Z root INFO Theia app listening on http://127.0.0.1:35839.
2024-08-31 14:39:07 2024-08-31T13:39:07.107Z root INFO Finished starting backend application: 2.0 ms [Finished 0.565 s after backend start]
2024-08-31 14:39:07 2024-08-31T13:39:07.108Z root WARN The local plugin referenced by local-dir:/home/posaidon/.arduinoIDE/extensions does not exist.
2024-08-31 14:39:07 2024-08-31T13:39:07.108Z root WARN The local plugin referenced by local-dir:/home/posaidon/.arduinoIDE/plugins does not exist.
2024-08-31 14:39:07 2024-08-31T13:39:07.128Z config INFO Loaded CLI configuration: {"board_manager":{"additional_urls":["http://arduino.esp8266.com/stable/package_esp8266com_index.json","https://www.arduino.me/package_esp32_index.json"]},"build_cache":{"compilations_before_purge":10,"ttl":"720h0m0s"},"daemon":{"port":"50051"},"directories":{"builtin":{"libraries":"/home/posaidon/.arduino15/libraries"},"data":"/home/posaidon/.arduino15","downloads":"/home/posaidon/.arduino15/staging","user":"/home/posaidon/Arduino"},"library":{"enable_unsafe_install":false},"locale":"en","logging":{"file":"","format":"text","level":"info"},"metrics":{"addr":":9090","enabled":true},"output":{"no_color":false},"sketch":{"always_export_binaries":false},"updater":{"enable_notification":true}}
2024-08-31 14:39:07 2024-08-31T13:39:07.128Z config INFO 'directories.data' and 'directories.user' are set in the CLI configuration model.
2024-08-31 14:39:07 2024-08-31T13:39:07.128Z config INFO Loaded the CLI configuration.
2024-08-31 14:39:07 2024-08-31T13:39:07.132Z config INFO Mapped the CLI configuration: {"dataDirUri":"file:///home/posaidon/.arduino15","sketchDirUri":"file:///home/posaidon/Arduino","additionalUrls":["http://arduino.esp8266.com/stable/package_esp8266com_index.json","https://www.arduino.me/package_esp32_index.json"],"network":"none","locale":"en"}
2024-08-31 14:39:07 2024-08-31T13:39:07.132Z config INFO Validating the CLI configuration...
2024-08-31 14:39:07 Restoring workspace roots: /home/posaidon/Arduino/wifi
2024-08-31 14:39:07 2024-08-31T13:39:07.133Z config INFO The CLI config is valid.
2024-08-31 14:39:07 2024-08-31T13:39:07.133Z config INFO <<< Initialized the CLI configuration.
2024-08-31 14:39:07 isTempSketch: false. Input was /home/posaidon/Arduino/wifi/wifi.ino
2024-08-31 14:39:07 2024-08-31T13:39:07.145Z root INFO Resolve plugins list: 40.4 ms [Finished 0.602 s after backend start]
2024-08-31 14:39:07 2024-08-31T13:39:07.181Z daemon INFO time="2024-08-31T14:39:07+01:00" level=info msg="Using config file: /home/posaidon/.arduinoIDE/arduino-cli.yaml"
time="2024-08-31T14:39:07+01:00" level=info msg="arduino-cli version 0.35.3"
time="2024-08-31T14:39:07+01:00" level=info msg="Executing `arduino-cli daemon`"
2024-08-31 14:39:07 2024-08-31T13:39:07.195Z daemon INFO Daemon is now listening on 127.0.0.1:45953
{"IP":"127.0.0.1","Port":"45953"}
2024-08-31 14:39:07 2024-08-31T13:39:07.195Z daemon INFO Daemon is running.
2024-08-31 14:39:07 2024-08-31T13:39:07.347Z daemon INFO time="2024-08-31T14:39:07+01:00" level=info msg="Checking signature" index=/home/posaidon/.arduino15/package_index.json signatureFile=/home/posaidon/.arduino15/package_index.json.sig trusted=true
time="2024-08-31T14:39:07+01:00" level=info msg="Missing signature file" index=/home/posaidon/.arduino15/package_esp8266com_index.json
time="2024-08-31T14:39:07+01:00" level=info msg="Loading hardware from: /home/posaidon/.arduino15/packages"
time="2024-08-31T14:39:07+01:00" level=info msg="Loading package arduino from: /home/posaidon/.arduino15/packages/arduino/hardware"
time="2024-08-31T14:39:07+01:00" level=info msg="Missing signature file" index=/home/posaidon/.arduino15/packages/arduino/hardware/avr/1.8.6/installed.json
time="2024-08-31T14:39:07+01:00" level=info msg="Adding monitor tool" protocol=serial tool="builtin:serial-monitor"
time="2024-08-31T14:39:07+01:00" level=info msg="Loaded platform" platform="arduino:avr@1.8.6"
time="2024-08-31T14:39:07+01:00" level=info msg="Missing signature file" index=/home/posaidon/.arduino15/packages/arduino/hardware/megaavr/1.8.8/installed.json
time="2024-08-31T14:39:07+01:00" level=info msg="Adding monitor tool" protocol=serial tool="builtin:serial-monitor"
time="2024-08-31T14:39:07+01:00" level=info msg="Loaded platform" platform="arduino:megaavr@1.8.8"
time="2024-08-31T14:39:07+01:00" level=info msg="Checking existence of 'tools' path: /home/posaidon/.arduino15/packages/arduino/tools"
time="2024-08-31T14:39:07+01:00" level=info msg="Loading tools from dir: /home/posaidon/.arduino15/packages/arduino/tools"
time="2024-08-31T14:39:07+01:00" level=info msg="Loaded tool" tool="arduino:arduinoOTA@1.3.0"
time="2024-08-31T14:39:07+01:00" level=info msg="Loaded tool" tool="arduino:avr-gcc@7.3.0-atmel3.6.1-arduino5"
time="2024-08-31T14:39:07+01:00" level=info msg="Loaded tool" tool="arduino:avr-gcc@7.3.0-atmel3.6.1-arduino7"
time="2024-08-31T14:39:07+01:00" level=info msg="Loaded tool" tool="arduino:avrdude@6.3.0-arduino17"
time="2024-08-31T14:39:07+01:00" level=info msg="Loading package builtin from: /home/posaidon/.arduino15/packages/builtin"
time="2024-08-31T14:39:07+01:00" level=info msg="Checking existence of 'tools' path: /home/posaidon/.arduino15/packages/builtin/tools"
time="2024-08-31T14:39:07+01:00" level=info msg="Loading tools from dir: /home/posaidon/.arduino15/packages/builtin/tools"
time="2024-08-31T14:39:07+01:00" level=info msg="Loaded tool" tool="builtin:ctags@5.8-arduino11"
time="2024-08-31T14:39:07+01:00" level=info msg="Loaded tool" tool="builtin:dfu-discovery@0.1.2"
time="2024-08-31T14:39:07+01:00" level=info msg="Loaded tool" tool="builtin:mdns-discovery@1.0.9"
time="2024-08-31T14:39:07+01:00" level=info msg="Loaded tool" tool="builtin:serial-discovery@1.4.0"
time="2024-08-31T14:39:07+01:00" level=info msg="Loaded tool" tool="builtin:serial-discovery@1.4.1"
time="2024-08-31T14:39:07+01:00" level=info msg="Loaded tool" tool="builtin:serial-monitor@0.13.0"
time="2024-08-31T14:39:07+01:00" level=info msg="Loaded tool" tool="builtin:serial-monitor@0.14.1"
time="2024-08-31T14:39:07+01:00" level=info msg="Loading package esp32 from: /home/posaidon/.arduino15/packages/esp32/hardware"
time="2024-08-31T14:39:07+01:00" level=info msg="Missing signature file" index=/home/posaidon/.arduino15/packages/esp32/hardware/esp32/1.0.6/installed.json
time="2024-08-31T14:39:07+01:00" level=info msg="Adding monitor tool" protocol=serial tool="builtin:serial-monitor"
time="2024-08-31T14:39:07+01:00" level=info msg="Loaded platform" platform="esp32:esp32@1.0.6"
time="2024-08-31T14:39:07+01:00" level=info msg="Checking existence of 'tools' path: /home/posaidon/.arduino15/packages/esp32/tools"
time="2024-08-31T14:39:07+01:00" level=info msg="Loading tools from dir: /home/posaidon/.arduino15/packages/esp32/tools"
time="2024-08-31T14:39:07+01:00" level=info msg="Loaded tool" tool="esp32:esptool_py@3.0.0"
time="2024-08-31T14:39:07+01:00" level=info msg="Loaded tool" tool="esp32:mkspiffs@0.2.3"
time="2024-08-31T14:39:07+01:00" level=info msg="Loaded tool" tool="esp32:xtensa-esp32-elf-gcc@1.22.0-97-gc752ad5-5.2.0"
time="2024-08-31T14:39:07+01:00" level=info msg="Adding libraries dir" dir=/home/posaidon/.arduino15/packages/arduino/hardware/avr/1.8.6/libraries location=platform
time="2024-08-31T14:39:07+01:00" level=info msg="Adding libraries dir" dir=/home/posaidon/.arduino15/packages/arduino/hardware/megaavr/1.8.8/libraries location=platform
time="2024-08-31T14:39:07+01:00" level=info msg="Adding libraries dir" dir=/home/posaidon/.arduino15/packages/esp32/hardware/esp32/1.0.6/libraries location=platform
time="2024-08-31T14:39:07+01:00" level=info msg="Loading libraries index file" index=/home/posaidon/.arduino15/library_index.json
2024-08-31 14:39:07 2024-08-31T13:39:07.349Z root ERROR Detected an error response during the gRPC core client initialization: code: 9, message: Loading index file: loading json index file /home/posaidon/.arduino15/package_esp32_index.json: parse error: syntax error near offset 0 of '<!DOCTYPE ...'
2024-08-31 14:39:07 2024-08-31T13:39:07.659Z daemon INFO time="2024-08-31T14:39:07+01:00" level=info msg="Adding libraries dir" dir=/home/posaidon/.arduino15/libraries location=ide
time="2024-08-31T14:39:07+01:00" level=info msg="Adding libraries dir" dir=/home/posaidon/Arduino/libraries location=user
2024-08-31 14:39:07 2024-08-31T13:39:07.770Z discovery-log INFO start resolved watching
2024-08-31 14:39:07 2024-08-31T13:39:07.773Z daemon INFO time="2024-08-31T14:39:07+01:00" level=info msg="starting discovery builtin:mdns-discovery process"
time="2024-08-31T14:39:07+01:00" level=info msg="starting discovery builtin:serial-discovery process"
time="2024-08-31T14:39:07+01:00" level=info msg="started discovery builtin:serial-discovery process"
time="2024-08-31T14:39:07+01:00" level=info msg="sending command HELLO 1 \"arduino-cli 0.35.3\" to discovery builtin:serial-discovery"
time="2024-08-31T14:39:07+01:00" level=info msg="started discovery builtin:mdns-discovery process"
time="2024-08-31T14:39:07+01:00" level=info msg="sending command HELLO 1 \"arduino-cli 0.35.3\" to discovery builtin:mdns-discovery"
2024-08-31 14:39:07 2024-08-31T13:39:07.778Z daemon INFO time="2024-08-31T14:39:07+01:00" level=info msg="from discovery builtin:serial-discovery received message type: hello, message: OK, protocol version: 1"
time="2024-08-31T14:39:07+01:00" level=info msg="sending command START_SYNC to discovery builtin:serial-discovery"
2024-08-31 14:39:07 2024-08-31T13:39:07.784Z daemon INFO time="2024-08-31T14:39:07+01:00" level=info msg="from discovery builtin:serial-discovery received message type: start_sync, message: OK"
time="2024-08-31T14:39:07+01:00" level=info msg="from discovery builtin:mdns-discovery received message type: hello, message: OK, protocol version: 1"
time="2024-08-31T14:39:07+01:00" level=info msg="sending command START_SYNC to discovery builtin:mdns-discovery"
time="2024-08-31T14:39:07+01:00" level=info msg="from discovery builtin:mdns-discovery received message type: start_sync, message: OK"
2024-08-31 14:39:08 2024-08-31T13:39:08.251Z root INFO Deploy plugins list: 40.4 ms [Finished 1.709 s after backend start]
2024-08-31 14:39:08 Opening channel for service path '/services/electron-window'.
2024-08-31 14:39:08 Opening channel for service path '/services/ide-updater'.
2024-08-31 14:39:09 2024-08-31T13:39:09.053Z root WARN Frontend a.configure took longer than the expected maximum 100 milliseconds: 247.5 ms [Finished 1.841 s after frontend start]
2024-08-31 14:39:09 2024-08-31T13:39:09.059Z root WARN A command editor.action.toggleStickyScroll is already registered.
2024-08-31 14:39:09 2024-08-31T13:39:09.078Z sketches-service WARN Warning! The request sketch path was different than the response sketch path from the CLI. This could be a potential bug. Request: </home/posaidon/Arduino/wifi/wifi.ino>, response: </home/posaidon/Arduino/wifi>.
2024-08-31 14:39:09 2024-08-31T13:39:09.276Z root INFO Start frontend contributions: 560.2 ms [Finished 2.055 s after frontend start]
2024-08-31 14:39:09 2024-08-31T13:39:09.276Z root INFO Changed application state from 'init' to 'started_contributions'.
2024-08-31 14:39:09 2024-08-31T13:39:09.319Z root INFO Changed application state from 'started_contributions' to 'attached_shell'.
2024-08-31 14:39:09 2024-08-31T13:39:09.321Z root INFO >>> Restoring the layout state...
2024-08-31 14:39:09 2024-08-31T13:39:09.322Z root INFO ------- SERIALIZED LAYOUT DATA -------
2024-08-31 14:39:09 2024-08-31T13:39:09.323Z root INFO {"version":5,"mainPanel":{"main":{"type":"tab-area","widgets":[{"constructionOptions":{"factoryId":"code-editor-opener","options":{"counter":1,"kind":"navigatable","uri":"file:///home/posaidon/Arduino/wifi/app_httpd.cpp"}},"innerWidgetState":"{\"cursorState\":[{\"inSelectionMode\":false,\"selectionStart\":{\"lineNumber\":806,\"column\":47},\"position\":{\"lineNumber\":806,\"column\":47}}],\"viewState\":{\"scrollLeft\":0,\"firstPosition\":{\"lineNumber\":786,\"column\":1},\"firstPositionDeltaTop\":-18},\"contributionsState\":{\"editor.contrib.folding\":{\"lineCount\":913,\"provider\":\"indent\",\"foldedImports\":false},\"editor.contrib.wordHighlighter\":false}}"},{"constructionOptions":{"factoryId":"code-editor-opener","options":{"counter":1,"kind":"navigatable","uri":"file:///home/posaidon/Arduino/wifi/wifi.ino"}},"innerWidgetState":"{\"cursorState\":[{\"inSelectionMode\":false,\"selectionStart\":{\"lineNumber\":12,\"column\":29},\"position\":{\"lineNumber\":12,\"column\":29}}],\"viewState\":{\"scrollLeft\":0,\"firstPosition\":{\"lineNumber\":6,\"column\":1},\"firstPositionDeltaTop\":-5},\"contributionsState\":{\"editor.contrib.folding\":{\"lineCount\":125,\"provider\":\"indent\",\"foldedImports\":false},\"editor.contrib.wordHighlighter\":false}}"}],"currentIndex":0}},"mainPanelPinned":[false,false],"bottomPanel":{"config":{"main":{"type":"tab-area","widgets":[{"constructionOptions":{"factoryId":"outputView"},"innerWidgetState":"{\"locked\":false}"},{"constructionOptions":{"factoryId":"serial-monitor"}}],"currentIndex":1}},"pinned":[false,false],"size":214,"expanded":true},"leftPanel":{"type":"sidepanel","items":[{"widget":{"constructionOptions":{"factoryId":"arduino-sketchbook-widget"}},"rank":1,"expanded":true,"pinned":false},{"widget":{"constructionOptions":{"factoryId":"boards-list-widget"}},"rank":2,"expanded":false,"pinned":false},{"widget":{"constructionOptions":{"factoryId":"library-list-widget"}},"rank":3,"expanded":false,"pinned":false},{"widget":{"constructionOptions":{"factoryId":"debug"},"innerWidgetState":"{\"parts\":[{\"partId\":\"debug:threads:-1\",\"collapsed\":false,\"hidden\":false,\"relativeSize\":0.20059880239520958,\"originalContainerId\":\"debug:view-container:-1\",\"originalContainerTitle\":{\"label\":\"debug\",\"iconClass\":\"codicon codicon-debug-alt\",\"closeable\":true},\"widget\":{\"constructionOptions\":{\"factoryId\":\"debug:threads\"},\"innerWidgetState\":\"{}\"}},{\"partId\":\"debug:frames:-1\",\"collapsed\":false,\"hidden\":false,\"relativeSize\":0.20059880239520958,\"originalContainerId\":\"debug:view-container:-1\",\"originalContainerTitle\":{\"label\":\"debug\",\"iconClass\":\"codicon codicon-debug-alt\",\"closeable\":true},\"widget\":{\"constructionOptions\":{\"factoryId\":\"debug:frames\"},\"innerWidgetState\":\"{}\"}},{\"partId\":\"debug:variables:-1\",\"collapsed\":false,\"hidden\":false,\"relativeSize\":0.20059880239520958,\"originalContainerId\":\"debug:view-container:-1\",\"originalContainerTitle\":{\"label\":\"debug\",\"iconClass\":\"codicon codicon-debug-alt\",\"closeable\":true},\"widget\":{\"constructionOptions\":{\"factoryId\":\"debug:variables\"},\"innerWidgetState\":\"{}\"}},{\"partId\":\"debug:watch:-1\",\"collapsed\":false,\"hidden\":false,\"relativeSize\":0.20059880239520958,\"originalContainerId\":\"debug:view-container:-1\",\"originalContainerTitle\":{\"label\":\"debug\",\"iconClass\":\"codicon codicon-debug-alt\",\"closeable\":true},\"widget\":{\"constructionOptions\":{\"factoryId\":\"debug:watch\"},\"innerWidgetState\":\"{}\"}},{\"partId\":\"debug:breakpoints:-1\",\"collapsed\":false,\"hidden\":false,\"relativeSize\":0.20059880239520958,\"originalContainerId\":\"debug:view-container:-1\",\"originalContainerTitle\":{\"label\":\"debug\",\"iconClass\":\"codicon codicon-debug-alt\",\"closeable\":true},\"widget\":{\"constructionOptions\":{\"factoryId\":\"debug:breakpoints\"},\"innerWidgetState\":\"{}\"}},{\"partId\":\"plugin-view:cortex-debug.peripherals\",\"collapsed\":true,\"hidden\":true,\"originalContainerId\":\"debug:view-container:-1\",\"originalContainerTitle\":{\"label\":\"debug\",\"iconClass\":\"codicon codicon-debug-alt\",\"closeable\":true},\"widget\":{\"constructionOptions\":{\"factoryId\":\"plugin-view\",\"options\":{\"id\":\"plugin-view:cortex-debug.peripherals\",\"viewId\":\"cortex-debug.peripherals\"}},\"innerWidgetState\":\"{\\\"label\\\":\\\"Cortex Peripherals\\\",\\\"widgets\\\":[],\\\"suppressUpdateViewVisibility\\\":false,\\\"currentViewContainerId\\\":\\\"debug\\\"}\"}},{\"partId\":\"plugin-view:cortex-debug.registers\",\"collapsed\":true,\"hidden\":true,\"originalContainerId\":\"debug:view-container:-1\",\"originalContainerTitle\":{\"label\":\"debug\",\"iconClass\":\"codicon codicon-debug-alt\",\"closeable\":true},\"widget\":{\"constructionOptions\":{\"factoryId\":\"plugin-view\",\"options\":{\"id\":\"plugin-view:cortex-debug.registers\",\"viewId\":\"cortex-debug.registers\"}},\"innerWidgetState\":\"{\\\"label\\\":\\\"Cortex Registers\\\",\\\"widgets\\\":[],\\\"suppressUpdateViewVisibility\\\":false,\\\"currentViewContainerId\\\":\\\"debug\\\"}\"}}],\"title\":{\"label\":\"debug\",\"iconClass\":\"codicon codicon-debug-alt\",\"closeable\":true}}"},"rank":4,"expanded":false,"pinned":false},{"widget":{"constructionOptions":{"factoryId":"search-view-container"},"innerWidgetState":"{\"parts\":[{\"partId\":\"search-in-workspace\",\"collapsed\":false,\"hidden\":false,\"relativeSize\":1,\"originalContainerId\":\"search-view-container\",\"originalContainerTitle\":{\"label\":\"Search\",\"iconClass\":\"codicon codicon-search\",\"closeable\":true},\"widget\":{\"constructionOptions\":{\"factoryId\":\"search-in-workspace\"},\"innerWidgetState\":\"{\\\"matchCaseState\\\":{\\\"className\\\":\\\"codicon codicon-case-sensitive\\\",\\\"enabled\\\":false,\\\"title\\\":\\\"Match Case\\\"},\\\"wholeWordState\\\":{\\\"className\\\":\\\"codicon codicon-whole-word\\\",\\\"enabled\\\":false,\\\"title\\\":\\\"Match Whole Word\\\"},\\\"regExpState\\\":{\\\"className\\\":\\\"codicon codicon-regex\\\",\\\"enabled\\\":false,\\\"title\\\":\\\"Use Regular Expression\\\"},\\\"includeIgnoredState\\\":{\\\"className\\\":\\\"codicon codicon-eye\\\",\\\"enabled\\\":false,\\\"title\\\":\\\"Include Ignored Files\\\"},\\\"showSearchDetails\\\":false,\\\"searchInWorkspaceOptions\\\":{\\\"matchCase\\\":false,\\\"matchWholeWord\\\":false,\\\"useRegExp\\\":false,\\\"includeIgnored\\\":false,\\\"include\\\":[],\\\"exclude\\\":[],\\\"maxResults\\\":2000},\\\"searchTerm\\\":\\\"ontouchend\\\",\\\"replaceTerm\\\":\\\"onmouseup\\\",\\\"showReplaceField\\\":true,\\\"searchHistoryState\\\":{\\\"history\\\":[\\\"on\\\",\\\"ontouchstart\\\",\\\"ontouchend\\\"],\\\"index\\\":2},\\\"replaceHistoryState\\\":{\\\"history\\\":[\\\"on\\\",\\\"onmouse\\\",\\\"onmousedown\\\",\\\"onmouseup\\\"],\\\"index\\\":3},\\\"includeHistoryState\\\":{\\\"history\\\":[],\\\"index\\\":0},\\\"excludeHistoryState\\\":{\\\"history\\\":[],\\\"index\\\":0}}\"}}],\"title\":{\"label\":\"Search\",\"iconClass\":\"fa fa-arduino-search\",\"closeable\":true}}"},"rank":5,"expanded":false,"pinned":false}],"size":268},"rightPanel":{"type":"sidepanel","items":[]},"activeWidgetId":"serial-monitor"}
2024-08-31 14:39:09 2024-08-31T13:39:09.323Z root INFO ------- END SERIALIZED LAYOUT DATA -------
2024-08-31 14:39:09 2024-08-31T13:39:09.406Z root INFO [f106695e-5b0d-43bf-977b-acef47eeb2fc] Waiting for backend deployment: 170.2 ms [Finished 2.215 s after frontend start]
2024-08-31 14:39:10 2024-08-31T13:39:10.145Z root INFO [hosted-plugin: 33697] PLUGIN_HOST(33697) starting instance
2024-08-31 14:39:10 2024-08-31T13:39:10.906Z root INFO [f106695e-5b0d-43bf-977b-acef47eeb2fc] Sync of 23 plugins: 1507.0 ms [Finished 3.722 s after frontend start]
2024-08-31 14:39:11 2024-08-31T13:39:11.147Z daemon INFO time="2024-08-31T14:39:11+01:00" level=info msg="from discovery builtin:serial-discovery received message type: add, port: /dev/ttyACM0"
2024-08-31 14:39:11 2024-08-31T13:39:11.152Z discovery-log INFO {"eventType":"add","port":{"matchingBoardsList":[{"name":"Arduino Uno","fqbn":"arduino:avr:uno","isHidden":false}],"port":{"address":"/dev/ttyACM0","label":"/dev/ttyACM0","protocol":"serial","protocolLabel":"Serial Port (USB)","propertiesMap":[["pid","0x0043"],["serialNumber","55639303634351207222"],["vid","0x2341"]],"hardwareId":"55639303634351207222"}},"error":""}
2024-08-31 14:39:11 2024-08-31T13:39:11.364Z root INFO <<< The layout has been successfully restored.
2024-08-31 14:39:11 2024-08-31T13:39:11.489Z root INFO Initialize the workbench layout: 2073.6 ms [Finished 4.180 s after frontend start]
2024-08-31 14:39:11 2024-08-31T13:39:11.493Z root INFO Changed application state from 'attached_shell' to 'initialized_layout'.
2024-08-31 14:39:11 2024-08-31T13:39:11.493Z root INFO [f106695e-5b0d-43bf-977b-acef47eeb2fc] Loading plugin contributions
2024-08-31 14:39:11 2024-08-31T13:39:11.493Z root INFO [f106695e-5b0d-43bf-977b-acef47eeb2fc] Load contributions of 23 plugins: 118.5 ms [Finished 4.301 s after frontend start]
2024-08-31 14:39:11 2024-08-31T13:39:11.518Z root WARN 'cpp' language is remapped from 'source.cpp.embedded.macro' to 'source.cpp' scope
2024-08-31 14:39:11 2024-08-31T13:39:11.520Z root WARN a registered grammar configuration for 'cpp' language is overridden
2024-08-31 14:39:12 2024-08-31T13:39:12.310Z root ERROR [hosted-plugin: 33697] Conflict in settings file Default: Ignoring cortex-debug.armToolchainPath.linux as cortex-debug.armToolchainPath is null
2024-08-31 14:39:12 2024-08-31T13:39:12.310Z root ERROR [hosted-plugin: 33697] Conflict in settings file Default: Ignoring cortex-debug.armToolchainPath.osx as cortex-debug.armToolchainPath is null
Conflict in settings file Default: Ignoring cortex-debug.armToolchainPath.windows as cortex-debug.armToolchainPath is null
Conflict in settings file Default: Ignoring cortex-debug.JLinkGDBServerPath.linux as cortex-debug.JLinkGDBServerPath is null
Conflict in settings file Default: Ignoring cortex-debug.JLinkGDBServerPath.osx as cortex-debug.JLinkGDBServerPath is null
Conflict in settings file Default: Ignoring cortex-debug.JLinkGDBServerPath.windows as cortex-debug.JLinkGDBServerPath is null
Conflict in settings file Default: Ignoring cortex-debug.openocdPath.linux as cortex-debug.openocdPath is null
Conflict in settings file Default: Ignoring cortex-debug.openocdPath.osx as cortex-debug.openocdPath is null
2024-08-31 14:39:12 2024-08-31T13:39:12.310Z root ERROR [hosted-plugin: 33697] Conflict in settings file Default: Ignoring cortex-debug.openocdPath.windows as cortex-debug.openocdPath is null
2024-08-31 14:39:12 2024-08-31T13:39:12.310Z root ERROR [hosted-plugin: 33697] Conflict in settings file Default: Ignoring cortex-debug.pyocdPath.linux as cortex-debug.pyocdPath is null
Conflict in settings file Default: Ignoring cortex-debug.pyocdPath.osx as cortex-debug.pyocdPath is null
2024-08-31 14:39:12 2024-08-31T13:39:12.310Z root ERROR [hosted-plugin: 33697] Conflict in settings file Default: Ignoring cortex-debug.pyocdPath.windows as cortex-debug.pyocdPath is null
2024-08-31 14:39:12 2024-08-31T13:39:12.310Z root ERROR [hosted-plugin: 33697] Conflict in settings file Default: Ignoring cortex-debug.PEGDBServerPath.linux as cortex-debug.PEGDBServerPath is null
Conflict in settings file Default: Ignoring cortex-debug.PEGDBServerPath.osx as cortex-debug.PEGDBServerPath is null
Conflict in settings file Default: Ignoring cortex-debug.PEGDBServerPath.windows as cortex-debug.PEGDBServerPath is null
2024-08-31 14:39:12 2024-08-31T13:39:12.310Z root ERROR [hosted-plugin: 33697] Conflict in settings file Default: Ignoring cortex-debug.stutilPath.linux as cortex-debug.stutilPath is null
Conflict in settings file Default: Ignoring cortex-debug.stutilPath.osx as cortex-debug.stutilPath is null
2024-08-31 14:39:12 2024-08-31T13:39:12.310Z root ERROR [hosted-plugin: 33697] Conflict in settings file Default: Ignoring cortex-debug.stutilPath.windows as cortex-debug.stutilPath is null
Conflict in settings file Default: Ignoring cortex-debug.stlinkPath.linux as cortex-debug.stlinkPath is null
2024-08-31 14:39:12 2024-08-31T13:39:12.310Z root ERROR [hosted-plugin: 33697] Conflict in settings file Default: Ignoring cortex-debug.stlinkPath.osx as cortex-debug.stlinkPath is null
Conflict in settings file Default: Ignoring cortex-debug.stlinkPath.windows as cortex-debug.stlinkPath is null
2024-08-31 14:39:12 2024-08-31T13:39:12.310Z root ERROR [hosted-plugin: 33697] Conflict in settings file Default: Ignoring cortex-debug.stm32cubeprogrammer.linux as cortex-debug.stm32cubeprogrammer is null
Conflict in settings file Default: Ignoring cortex-debug.stm32cubeprogrammer.osx as cortex-debug.stm32cubeprogrammer is null
Conflict in settings file Default: Ignoring cortex-debug.stm32cubeprogrammer.windows as cortex-debug.stm32cubeprogrammer is null
2024-08-31 14:39:12 2024-08-31T13:39:12.328Z root INFO [hosted-plugin: 33697] PLUGIN_HOST(33697): PluginManagerExtImpl/init()
2024-08-31 14:39:12 2024-08-31T13:39:12.329Z root INFO [hosted-plugin: 33697] PLUGIN_HOST(33697): initializing(vscode-arduino-api@0.1.2 with /opt/arduino-ide/resources/app/lib/backend/plugin-vscode-init)
2024-08-31 14:39:12 2024-08-31T13:39:12.440Z root INFO [hosted-plugin: 33697] PLUGIN_HOST(33697): initializing(cortex-debug@1.5.1 with /opt/arduino-ide/resources/app/lib/backend/plugin-vscode-init)
2024-08-31 14:39:12 2024-08-31T13:39:12.441Z root INFO [hosted-plugin: 33697] Debugger contribution has been registered: cortex-debug
2024-08-31 14:39:12 2024-08-31T13:39:12.442Z root INFO [hosted-plugin: 33697] PLUGIN_HOST(33697): initializing(vscode-arduino-tools@0.1.3 with /opt/arduino-ide/resources/app/lib/backend/plugin-vscode-init)
2024-08-31 14:39:12 2024-08-31T13:39:12.443Z root INFO [hosted-plugin: 33697] PLUGIN_HOST(33697): initializing(cpp@1.52.1 with /opt/arduino-ide/resources/app/lib/backend/plugin-vscode-init)
2024-08-31 14:39:12 2024-08-31T13:39:12.444Z root INFO [hosted-plugin: 33697] PLUGIN_HOST(33697): initializing(json@1.46.1 with /opt/arduino-ide/resources/app/lib/backend/plugin-vscode-init)
2024-08-31 14:39:12 2024-08-31T13:39:12.445Z root INFO [hosted-plugin: 33697] PLUGIN_HOST(33697): initializing(json-language-features@1.46.1 with /opt/arduino-ide/resources/app/lib/backend/plugin-vscode-init)
2024-08-31 14:39:12 2024-08-31T13:39:12.447Z root INFO [hosted-plugin: 33697] PLUGIN_HOST(33697): initializing(vscode-language-pack-bg@1.48.3 with /opt/arduino-ide/resources/app/lib/backend/plugin-vscode-init)
2024-08-31 14:39:12 2024-08-31T13:39:12.448Z root INFO [hosted-plugin: 33697] PLUGIN_HOST(33697): initializing(vscode-language-pack-cs@1.80.0 with /opt/arduino-ide/resources/app/lib/backend/plugin-vscode-init)
2024-08-31 14:39:12 2024-08-31T13:39:12.451Z root INFO [hosted-plugin: 33697] PLUGIN_HOST(33697): initializing(vscode-language-pack-de@1.80.0 with /opt/arduino-ide/resources/app/lib/backend/plugin-vscode-init)
2024-08-31 14:39:12 2024-08-31T13:39:12.453Z root INFO [hosted-plugin: 33697] PLUGIN_HOST(33697): initializing(vscode-language-pack-es@1.80.0 with /opt/arduino-ide/resources/app/lib/backend/plugin-vscode-init)
2024-08-31 14:39:12 2024-08-31T13:39:12.455Z root INFO [hosted-plugin: 33697] PLUGIN_HOST(33697): initializing(vscode-language-pack-fr@1.80.0 with /opt/arduino-ide/resources/app/lib/backend/plugin-vscode-init)
2024-08-31 14:39:12 2024-08-31T13:39:12.456Z root INFO [hosted-plugin: 33697] PLUGIN_HOST(33697): initializing(vscode-language-pack-hu@1.48.3 with /opt/arduino-ide/resources/app/lib/backend/plugin-vscode-init)
2024-08-31 14:39:12 2024-08-31T13:39:12.456Z root INFO [hosted-plugin: 33697] PLUGIN_HOST(33697): initializing(vscode-language-pack-it@1.80.0 with /opt/arduino-ide/resources/app/lib/backend/plugin-vscode-init)
2024-08-31 14:39:12 2024-08-31T13:39:12.457Z root INFO [hosted-plugin: 33697] PLUGIN_HOST(33697): initializing(vscode-language-pack-ja@1.80.0 with /opt/arduino-ide/resources/app/lib/backend/plugin-vscode-init)
2024-08-31 14:39:12 2024-08-31T13:39:12.458Z root INFO [hosted-plugin: 33697] PLUGIN_HOST(33697): initializing(vscode-language-pack-ko@1.80.0 with /opt/arduino-ide/resources/app/lib/backend/plugin-vscode-init)
2024-08-31 14:39:12 2024-08-31T13:39:12.458Z root INFO [hosted-plugin: 33697] PLUGIN_HOST(33697): initializing(vscode-language-pack-nl@1.48.3 with /opt/arduino-ide/resources/app/lib/backend/plugin-vscode-init)
2024-08-31 14:39:12 2024-08-31T13:39:12.459Z root INFO [hosted-plugin: 33697] PLUGIN_HOST(33697): initializing(vscode-language-pack-pl@1.80.0 with /opt/arduino-ide/resources/app/lib/backend/plugin-vscode-init)
2024-08-31 14:39:12 2024-08-31T13:39:12.459Z root INFO [hosted-plugin: 33697] PLUGIN_HOST(33697): initializing(vscode-language-pack-pt-BR@1.80.0 with /opt/arduino-ide/resources/app/lib/backend/plugin-vscode-init)
2024-08-31 14:39:12 2024-08-31T13:39:12.459Z root INFO [hosted-plugin: 33697] PLUGIN_HOST(33697): initializing(vscode-language-pack-ru@1.80.0 with /opt/arduino-ide/resources/app/lib/backend/plugin-vscode-init)
2024-08-31 14:39:12 2024-08-31T13:39:12.460Z root INFO [hosted-plugin: 33697] PLUGIN_HOST(33697): initializing(vscode-language-pack-tr@1.80.0 with /opt/arduino-ide/resources/app/lib/backend/plugin-vscode-init)
2024-08-31 14:39:12 2024-08-31T13:39:12.461Z root INFO [hosted-plugin: 33697] PLUGIN_HOST(33697): initializing(vscode-language-pack-uk@1.48.3 with /opt/arduino-ide/resources/app/lib/backend/plugin-vscode-init)
2024-08-31 14:39:12 2024-08-31T13:39:12.461Z root INFO [hosted-plugin: 33697] PLUGIN_HOST(33697): initializing(vscode-language-pack-zh-hans@1.80.0 with /opt/arduino-ide/resources/app/lib/backend/plugin-vscode-init)
2024-08-31 14:39:12 2024-08-31T13:39:12.462Z root INFO [hosted-plugin: 33697] PLUGIN_HOST(33697): initializing(vscode-language-pack-zh-hant@1.80.0 with /opt/arduino-ide/resources/app/lib/backend/plugin-vscode-init)
2024-08-31 14:39:12 Checking for update
2024-08-31 14:39:12 2024-08-31T13:39:12.959Z root INFO Frontend application start: 3856.5 ms [Finished 6.327 s after backend start]
2024-08-31 14:39:13 2024-08-31T13:39:13.026Z root INFO Replace loading indicator with ready workbench UI (animation): 974.4 ms [Finished 5.282 s after frontend start]
2024-08-31 14:39:13 2024-08-31T13:39:13.026Z root INFO Changed application state from 'initialized_layout' to 'ready'.
2024-08-31 14:39:13 2024-08-31T13:39:13.026Z root WARN Linked preference "workbench.colorCustomizations" not found.
2024-08-31 14:39:13 2024-08-31T13:39:13.238Z daemon INFO time="2024-08-31T14:39:13+01:00" level=info msg="Updating libraries index"
time="2024-08-31T14:39:13+01:00" level=info msg="Starting download" url="https://downloads.arduino.cc/libraries/library_index.tar.bz2"
time="2024-08-31T14:39:13+01:00" level=info msg="Updating index" url="https://downloads.arduino.cc/packages/package_index.tar.bz2"
time="2024-08-31T14:39:13+01:00" level=info msg="Starting download" url="https://downloads.arduino.cc/packages/package_index.tar.bz2"
2024-08-31 14:39:13 2024-08-31T13:39:13.241Z root INFO core-client-provider [library-index] Downloading index: library_index.tar.bz2

2024-08-31 14:39:13 2024-08-31T13:39:13.243Z root INFO core-client-provider [platform-index] Downloading index: package_index.tar.bz2

2024-08-31 14:39:13 2024-08-31T13:39:13.322Z root INFO [hosted-plugin: 33697] PLUGIN_HOST(33697): PluginManagerExtImpl/loadPlugin(/opt/arduino-ide/resources/app/plugins/vscode-arduino-api/extension/dist/extension.js)
2024-08-31 14:39:13 2024-08-31T13:39:13.341Z root INFO [hosted-plugin: 33697] calling activation function on Arduino IDE API for VS Code extensions
2024-08-31 14:39:13 2024-08-31T13:39:13.672Z root ERROR ---- !!!SLOW!!! DURATION: search took 645.838 ms. Args: [{"type":"Updatable"}] ----
2024-08-31 14:39:13 2024-08-31T13:39:13.676Z root INFO [hosted-plugin: 33697] PLUGIN_HOST(33697): PluginManagerExtImpl/loadPlugin(/opt/arduino-ide/resources/app/plugins/vscode-builtin-json-language-features/extension/client/dist/jsonMain)
2024-08-31 14:39:13 2024-08-31T13:39:13.678Z daemon INFO time="2024-08-31T14:39:13+01:00" level=info msg="Tool required for debug" tool="arduino:arduinoOTA@1.3.0"
time="2024-08-31T14:39:13+01:00" level=info msg="Tool required for debug" tool="arduino:avr-gcc@7.3.0-atmel3.6.1-arduino7"
time="2024-08-31T14:39:13+01:00" level=info msg="Tool required for debug" tool="arduino:avrdude@6.3.0-arduino17"
time="2024-08-31T14:39:13+01:00" level=info msg="Tool required for debug" tool="builtin:serial-monitor@0.14.1"
time="2024-08-31T14:39:13+01:00" level=info msg="Tool required for debug" tool="esp32:esptool_py@3.0.0"
time="2024-08-31T14:39:13+01:00" level=info msg="Tool required for debug" tool="esp32:xtensa-esp32-elf-gcc@1.22.0-97-gc752ad5-5.2.0"
time="2024-08-31T14:39:13+01:00" level=info msg="Tool required for debug" tool="builtin:dfu-discovery@0.1.2"
time="2024-08-31T14:39:13+01:00" level=info msg="Tool required for debug" tool="builtin:mdns-discovery@1.0.9"
time="2024-08-31T14:39:13+01:00" level=info msg="Tool required for debug" tool="builtin:serial-discovery@1.4.1"
time="2024-08-31T14:39:13+01:00" level=info msg="Tool required for debug" tool="esp32:mkspiffs@0.2.3"
time="2024-08-31T14:39:13+01:00" level=info msg="Tool required for debug" tool="builtin:ctags@5.8-arduino11"
2024-08-31 14:39:13 2024-08-31T13:39:13.679Z root ERROR Failed to get debug config: arduino:avr:uno, undefined Error: Debugging is not supported.
    at Object.callback (/opt/arduino-ide/resources/app/lib/backend/main.js:2:81196)
    at Object.onReceiveStatus (/opt/arduino-ide/resources/app/lib/backend/main.js:2:788562)
    at Object.onReceiveStatus (/opt/arduino-ide/resources/app/lib/backend/main.js:2:784513)
    at Object.onReceiveStatus (/opt/arduino-ide/resources/app/lib/backend/main.js:2:783958)
    at /opt/arduino-ide/resources/app/lib/backend/main.js:2:870080
    at process.processTicksAndRejections (node:internal/process/task_queues:77:11)
2024-08-31 14:39:13 2024-08-31T13:39:13.679Z root ERROR Request checkDebugEnabled failed with error: Debugging is not supported. Error: Debugging is not supported.
    at Object.callback (/opt/arduino-ide/resources/app/lib/backend/main.js:2:81196)
    at Object.onReceiveStatus (/opt/arduino-ide/resources/app/lib/backend/main.js:2:788562)
    at Object.onReceiveStatus (/opt/arduino-ide/resources/app/lib/backend/main.js:2:784513)
    at Object.onReceiveStatus (/opt/arduino-ide/resources/app/lib/backend/main.js:2:783958)
    at /opt/arduino-ide/resources/app/lib/backend/main.js:2:870080
    at process.processTicksAndRejections (node:internal/process/task_queues:77:11)
2024-08-31 14:39:13 2024-08-31T13:39:13.724Z root INFO [hosted-plugin: 33697] calling activation function on JSON Language Features (built-in)
2024-08-31 14:39:13 2024-08-31T13:39:13.757Z root INFO [hosted-plugin: 33697] PLUGIN_HOST(33697): PluginManagerExtImpl/loadPlugin(/opt/arduino-ide/resources/app/plugins/vscode-arduino-tools/extension/dist/extension.js)
2024-08-31 14:39:13 2024-08-31T13:39:13.792Z root INFO [hosted-plugin: 33697] calling activation function on VS Code Arduino Tools
2024-08-31 14:39:13 2024-08-31T13:39:13.827Z root INFO [f106695e-5b0d-43bf-977b-acef47eeb2fc] Starting plugins.
2024-08-31 14:39:13 2024-08-31T13:39:13.880Z root INFO [hosted-plugin: 33697] PLUGIN_HOST(33697): PluginManagerExtImpl/loadPlugin(/opt/arduino-ide/resources/app/plugins/cortex-debug/extension/dist/extension.js)
2024-08-31 14:39:13 2024-08-31T13:39:13.896Z daemon INFO time="2024-08-31T14:39:13+01:00" level=info msg="Updating index" url="http://arduino.esp8266.com/stable/package_esp8266com_index.json"
2024-08-31 14:39:13 2024-08-31T13:39:13.896Z daemon INFO time="2024-08-31T14:39:13+01:00" level=info msg="Starting download" url="http://arduino.esp8266.com/stable/package_esp8266com_index.json"
2024-08-31 14:39:13 2024-08-31T13:39:13.897Z root INFO core-client-provider [platform-index] Downloading index: package_esp8266com_index.json

2024-08-31 14:39:13 2024-08-31T13:39:13.916Z root INFO [hosted-plugin: 33697] Debug configuration provider has been registered: cortex-debug, trigger: 1
2024-08-31 14:39:13 2024-08-31T13:39:13.917Z root INFO [hosted-plugin: 33697] calling activation function on Cortex-Debug
2024-08-31 14:39:13 2024-08-31T13:39:13.919Z root INFO [hosted-plugin: 33697] GDB server console created
2024-08-31 14:39:13 2024-08-31T13:39:13.937Z root INFO [f106695e-5b0d-43bf-977b-acef47eeb2fc] Start of 23 plugins: 2439.0 ms [Finished 6.751 s after frontend start]
2024-08-31 14:39:13 2024-08-31T13:39:13.970Z root INFO Starting language server: arduino:avr:uno
2024-08-31 14:39:14 2024-08-31T13:39:14.030Z daemon INFO time="2024-08-31T14:39:14+01:00" level=info msg="Adding libraries dir" dir=/home/posaidon/.arduino15/libraries location=ide
time="2024-08-31T14:39:14+01:00" level=info msg="Adding libraries dir" dir=/home/posaidon/.arduino15/packages/arduino/hardware/avr/1.8.6/libraries location=platform
time="2024-08-31T14:39:14+01:00" level=info msg="Adding libraries dir" dir=/home/posaidon/Arduino/libraries location=user
2024-08-31 14:39:14 2024-08-31T13:39:14.244Z daemon INFO time="2024-08-31T14:39:14+01:00" level=info msg="Adding libraries dir" dir=/home/posaidon/.arduino15/libraries location=ide
time="2024-08-31T14:39:14+01:00" level=info msg="Adding libraries dir" dir=/home/posaidon/.arduino15/packages/arduino/hardware/avr/1.8.6/libraries location=platform
time="2024-08-31T14:39:14+01:00" level=info msg="Adding libraries dir" dir=/home/posaidon/Arduino/libraries location=user
2024-08-31 14:39:14 Update for version 2.3.2 is not available (latest version: 2.3.2, downgrade is allowed).
2024-08-31 14:39:19 2024-08-31T13:39:19.194Z daemon INFO time="2024-08-31T14:39:19+01:00" level=info msg="Updating index" url="https://www.arduino.me/package_esp32_index.json"
2024-08-31 14:39:19 2024-08-31T13:39:19.194Z daemon INFO time="2024-08-31T14:39:19+01:00" level=info msg="Starting download" url="https://www.arduino.me/package_esp32_index.json"
2024-08-31 14:39:19 2024-08-31T13:39:19.195Z root INFO core-client-provider [platform-index] Downloading index: package_esp32_index.json

2024-08-31 14:39:21 2024-08-31T13:39:21.601Z daemon INFO time="2024-08-31T14:39:21+01:00" level=info msg="Checking signature" index=/home/posaidon/.arduino15/package_index.json signatureFile=/home/posaidon/.arduino15/package_index.json.sig trusted=true
2024-08-31 14:39:21 2024-08-31T13:39:21.603Z daemon INFO time="2024-08-31T14:39:21+01:00" level=info msg="Missing signature file" index=/home/posaidon/.arduino15/package_esp8266com_index.json
2024-08-31 14:39:21 2024-08-31T13:39:21.603Z daemon INFO time="2024-08-31T14:39:21+01:00" level=info msg="Loading hardware from: /home/posaidon/.arduino15/packages"
2024-08-31 14:39:21 2024-08-31T13:39:21.603Z daemon INFO time="2024-08-31T14:39:21+01:00" level=info msg="Loading package arduino from: /home/posaidon/.arduino15/packages/arduino/hardware"
2024-08-31 14:39:21 2024-08-31T13:39:21.604Z root ERROR Detected an error response during the gRPC core client initialization: code: 9, message: Loading index file: loading json index file /home/posaidon/.arduino15/package_esp32_index.json: parse error: syntax error near offset 0 of '<!DOCTYPE ...'
2024-08-31 14:39:21 2024-08-31T13:39:21.604Z daemon INFO time="2024-08-31T14:39:21+01:00" level=info msg="Missing signature file" index=/home/posaidon/.arduino15/packages/arduino/hardware/avr/1.8.6/installed.json
2024-08-31 14:39:21 2024-08-31T13:39:21.605Z daemon INFO time="2024-08-31T14:39:21+01:00" level=info msg="Adding monitor tool" protocol=serial tool="builtin:serial-monitor"
time="2024-08-31T14:39:21+01:00" level=info msg="Loaded platform" platform="arduino:avr@1.8.6"
2024-08-31 14:39:21 2024-08-31T13:39:21.606Z daemon INFO time="2024-08-31T14:39:21+01:00" level=info msg="Missing signature file" index=/home/posaidon/.arduino15/packages/arduino/hardware/megaavr/1.8.8/installed.json
2024-08-31 14:39:21 2024-08-31T13:39:21.607Z daemon INFO time="2024-08-31T14:39:21+01:00" level=info msg="Adding monitor tool" protocol=serial tool="builtin:serial-monitor"
time="2024-08-31T14:39:21+01:00" level=info msg="Loaded platform" platform="arduino:megaavr@1.8.8"
time="2024-08-31T14:39:21+01:00" level=info msg="Checking existence of 'tools' path: /home/posaidon/.arduino15/packages/arduino/tools"
time="2024-08-31T14:39:21+01:00" level=info msg="Loading tools from dir: /home/posaidon/.arduino15/packages/arduino/tools"
2024-08-31 14:39:21 2024-08-31T13:39:21.607Z daemon INFO time="2024-08-31T14:39:21+01:00" level=info msg="Loaded tool" tool="arduino:arduinoOTA@1.3.0"
2024-08-31 14:39:21 2024-08-31T13:39:21.607Z daemon INFO time="2024-08-31T14:39:21+01:00" level=info msg="Loaded tool" tool="arduino:avr-gcc@7.3.0-atmel3.6.1-arduino5"
time="2024-08-31T14:39:21+01:00" level=info msg="Loaded tool" tool="arduino:avr-gcc@7.3.0-atmel3.6.1-arduino7"
2024-08-31 14:39:21 2024-08-31T13:39:21.607Z daemon INFO time="2024-08-31T14:39:21+01:00" level=info msg="Loaded tool" tool="arduino:avrdude@6.3.0-arduino17"
2024-08-31 14:39:21 2024-08-31T13:39:21.607Z daemon INFO time="2024-08-31T14:39:21+01:00" level=info msg="Loading package builtin from: /home/posaidon/.arduino15/packages/builtin"
time="2024-08-31T14:39:21+01:00" level=info msg="Checking existence of 'tools' path: /home/posaidon/.arduino15/packages/builtin/tools"
time="2024-08-31T14:39:21+01:00" level=info msg="Loading tools from dir: /home/posaidon/.arduino15/packages/builtin/tools"
2024-08-31 14:39:21 2024-08-31T13:39:21.607Z daemon INFO time="2024-08-31T14:39:21+01:00" level=info msg="Loaded tool" tool="builtin:ctags@5.8-arduino11"
2024-08-31 14:39:21 2024-08-31T13:39:21.607Z daemon INFO time="2024-08-31T14:39:21+01:00" level=info msg="Loaded tool" tool="builtin:dfu-discovery@0.1.2"
time="2024-08-31T14:39:21+01:00" level=info msg="Loaded tool" tool="builtin:mdns-discovery@1.0.9"
2024-08-31 14:39:21 2024-08-31T13:39:21.607Z daemon INFO time="2024-08-31T14:39:21+01:00" level=info msg="Loaded tool" tool="builtin:serial-discovery@1.4.0"
time="2024-08-31T14:39:21+01:00" level=info msg="Loaded tool" tool="builtin:serial-discovery@1.4.1"
2024-08-31 14:39:21 2024-08-31T13:39:21.607Z daemon INFO time="2024-08-31T14:39:21+01:00" level=info msg="Loaded tool" tool="builtin:serial-monitor@0.13.0"
time="2024-08-31T14:39:21+01:00" level=info msg="Loaded tool" tool="builtin:serial-monitor@0.14.1"
2024-08-31 14:39:21 2024-08-31T13:39:21.607Z daemon INFO time="2024-08-31T14:39:21+01:00" level=info msg="Loading package esp32 from: /home/posaidon/.arduino15/packages/esp32/hardware"
2024-08-31 14:39:21 2024-08-31T13:39:21.608Z daemon INFO time="2024-08-31T14:39:21+01:00" level=info msg="Missing signature file" index=/home/posaidon/.arduino15/packages/esp32/hardware/esp32/1.0.6/installed.json
2024-08-31 14:39:21 2024-08-31T13:39:21.616Z daemon INFO time="2024-08-31T14:39:21+01:00" level=info msg="Adding monitor tool" protocol=serial tool="builtin:serial-monitor"
time="2024-08-31T14:39:21+01:00" level=info msg="Loaded platform" platform="esp32:esp32@1.0.6"
time="2024-08-31T14:39:21+01:00" level=info msg="Checking existence of 'tools' path: /home/posaidon/.arduino15/packages/esp32/tools"
time="2024-08-31T14:39:21+01:00" level=info msg="Loading tools from dir: /home/posaidon/.arduino15/packages/esp32/tools"
2024-08-31 14:39:21 2024-08-31T13:39:21.616Z daemon INFO time="2024-08-31T14:39:21+01:00" level=info msg="Loaded tool" tool="esp32:esptool_py@3.0.0"
2024-08-31 14:39:21 2024-08-31T13:39:21.616Z daemon INFO time="2024-08-31T14:39:21+01:00" level=info msg="Loaded tool" tool="esp32:mkspiffs@0.2.3"
2024-08-31 14:39:21 2024-08-31T13:39:21.616Z daemon INFO time="2024-08-31T14:39:21+01:00" level=info msg="Loaded tool" tool="esp32:xtensa-esp32-elf-gcc@1.22.0-97-gc752ad5-5.2.0"
2024-08-31 14:39:21 2024-08-31T13:39:21.616Z daemon INFO time="2024-08-31T14:39:21+01:00" level=info msg="sending command QUIT to discovery builtin:serial-discovery"
2024-08-31 14:39:21 2024-08-31T13:39:21.617Z daemon INFO time="2024-08-31T14:39:21+01:00" level=info msg="from discovery builtin:serial-discovery received message type: quit, message: OK"
2024-08-31 14:39:21 2024-08-31T13:39:21.617Z daemon INFO time="2024-08-31T14:39:21+01:00" level=info msg="killing discovery builtin:serial-discovery process"
2024-08-31 14:39:21 2024-08-31T13:39:21.617Z daemon INFO time="2024-08-31T14:39:21+01:00" level=info msg="Discovery event channel closed builtin:serial-discovery. Exiting goroutine."
2024-08-31 14:39:21 2024-08-31T13:39:21.617Z discovery-log INFO {"eventType":"remove","port":{"matchingBoardsList":[],"port":{"address":"/dev/ttyACM0","label":"/dev/ttyACM0","protocol":"serial","protocolLabel":"Serial Port (USB)","propertiesMap":[],"hardwareId":""}},"error":""}
2024-08-31 14:39:21 2024-08-31T13:39:21.617Z daemon INFO time="2024-08-31T14:39:21+01:00" level=info msg="killed discovery builtin:serial-discovery process"
time="2024-08-31T14:39:21+01:00" level=info msg="Closed and removed discovery builtin:serial-discovery"
time="2024-08-31T14:39:21+01:00" level=info msg="sending command QUIT to discovery builtin:mdns-discovery"
2024-08-31 14:39:21 2024-08-31T13:39:21.618Z daemon INFO time="2024-08-31T14:39:21+01:00" level=info msg="from discovery builtin:mdns-discovery received message type: quit, message: OK"
2024-08-31 14:39:21 2024-08-31T13:39:21.618Z daemon INFO time="2024-08-31T14:39:21+01:00" level=info msg="killing discovery builtin:mdns-discovery process"
2024-08-31 14:39:21 2024-08-31T13:39:21.618Z daemon INFO time="2024-08-31T14:39:21+01:00" level=info msg="Discovery event channel closed builtin:mdns-discovery. Exiting goroutine."
2024-08-31 14:39:21 2024-08-31T13:39:21.618Z daemon INFO time="2024-08-31T14:39:21+01:00" level=info msg="killed discovery builtin:mdns-discovery process"
time="2024-08-31T14:39:21+01:00" level=info msg="Closed and removed discovery builtin:mdns-discovery"
2024-08-31 14:39:21 2024-08-31T13:39:21.618Z daemon INFO time="2024-08-31T14:39:21+01:00" level=info msg="starting discovery builtin:serial-discovery process"
2024-08-31 14:39:21 2024-08-31T13:39:21.619Z daemon INFO time="2024-08-31T14:39:21+01:00" level=info msg="started discovery builtin:serial-discovery process"
time="2024-08-31T14:39:21+01:00" level=info msg="sending command HELLO 1 \"arduino-cli 0.35.3\" to discovery builtin:serial-discovery"
2024-08-31 14:39:21 2024-08-31T13:39:21.620Z daemon INFO time="2024-08-31T14:39:21+01:00" level=info msg="from discovery builtin:serial-discovery received message type: hello, message: OK, protocol version: 1"
time="2024-08-31T14:39:21+01:00" level=info msg="sending command START_SYNC to discovery builtin:serial-discovery"
2024-08-31 14:39:21 2024-08-31T13:39:21.622Z daemon INFO time="2024-08-31T14:39:21+01:00" level=info msg="from discovery builtin:serial-discovery received message type: start_sync, message: OK"
2024-08-31 14:39:21 2024-08-31T13:39:21.622Z daemon INFO time="2024-08-31T14:39:21+01:00" level=info msg="starting discovery builtin:mdns-discovery process"
2024-08-31 14:39:21 2024-08-31T13:39:21.622Z daemon INFO time="2024-08-31T14:39:21+01:00" level=info msg="from discovery builtin:serial-discovery received message type: add, port: /dev/ttyACM0"
2024-08-31 14:39:21 2024-08-31T13:39:21.622Z discovery-log INFO {"eventType":"add","port":{"matchingBoardsList":[{"name":"Arduino Uno","fqbn":"arduino:avr:uno","isHidden":false}],"port":{"address":"/dev/ttyACM0","label":"/dev/ttyACM0","protocol":"serial","protocolLabel":"Serial Port (USB)","propertiesMap":[["pid","0x0043"],["serialNumber","55639303634351207222"],["vid","0x2341"]],"hardwareId":"55639303634351207222"}},"error":""}
2024-08-31 14:39:21 2024-08-31T13:39:21.622Z daemon INFO time="2024-08-31T14:39:21+01:00" level=info msg="started discovery builtin:mdns-discovery process"
time="2024-08-31T14:39:21+01:00" level=info msg="sending command HELLO 1 \"arduino-cli 0.35.3\" to discovery builtin:mdns-discovery"
2024-08-31 14:39:21 2024-08-31T13:39:21.624Z daemon INFO time="2024-08-31T14:39:21+01:00" level=info msg="from discovery builtin:mdns-discovery received message type: hello, message: OK, protocol version: 1"
time="2024-08-31T14:39:21+01:00" level=info msg="sending command START_SYNC to discovery builtin:mdns-discovery"
2024-08-31 14:39:21 2024-08-31T13:39:21.625Z daemon INFO time="2024-08-31T14:39:21+01:00" level=info msg="from discovery builtin:mdns-discovery received message type: start_sync, message: OK"
2024-08-31 14:39:21 2024-08-31T13:39:21.625Z daemon INFO time="2024-08-31T14:39:21+01:00" level=info msg="Adding libraries dir" dir=/home/posaidon/.arduino15/packages/esp32/hardware/esp32/1.0.6/libraries location=platform
2024-08-31 14:39:21 2024-08-31T13:39:21.625Z daemon INFO time="2024-08-31T14:39:21+01:00" level=info msg="Adding libraries dir" dir=/home/posaidon/.arduino15/packages/arduino/hardware/avr/1.8.6/libraries location=platform
2024-08-31 14:39:21 2024-08-31T13:39:21.625Z daemon INFO time="2024-08-31T14:39:21+01:00" level=info msg="Adding libraries dir" dir=/home/posaidon/.arduino15/packages/arduino/hardware/megaavr/1.8.8/libraries location=platform
2024-08-31 14:39:21 2024-08-31T13:39:21.625Z daemon INFO time="2024-08-31T14:39:21+01:00" level=info msg="Loading libraries index file" index=/home/posaidon/.arduino15/library_index.json
2024-08-31 14:39:21 2024-08-31T13:39:21.844Z daemon INFO time="2024-08-31T14:39:21+01:00" level=info msg="Adding libraries dir" dir=/home/posaidon/.arduino15/libraries location=ide
time="2024-08-31T14:39:21+01:00" level=info msg="Adding libraries dir" dir=/home/posaidon/Arduino/libraries location=user
2024-08-31 14:46:25 2024-08-31T13:46:25.294Z daemon INFO time="2024-08-31T14:46:25+01:00" level=info msg="from discovery builtin:serial-discovery received message type: remove, port: /dev/ttyACM0"
2024-08-31 14:46:25 2024-08-31T13:46:25.294Z discovery-log INFO {"eventType":"remove","port":{"matchingBoardsList":[],"port":{"address":"/dev/ttyACM0","label":"","protocol":"serial","protocolLabel":"","propertiesMap":[],"hardwareId":""}},"error":""}
2024-08-31 14:46:37 isTempSketch: false. Input was /home/posaidon/Arduino/wifi
2024-08-31 14:46:37 Marking workspace as a closed sketch. Workspace URI: file:///home/posaidon/Arduino/wifi. Date: 1725111997368.
2024-08-31 14:46:37 isTempSketch: false. Input was /home/posaidon/Arduino/wifi
2024-08-31 14:46:37 Marking workspace as a closed sketch. Workspace URI: file:///home/posaidon/Arduino/wifi. Date: 1725111997374.
2024-08-31 14:46:37 Closing channel on service path '/services/electron-window'.
2024-08-31 14:46:37 Closing channel on service path '/services/ide-updater'.
2024-08-31 14:46:37 Storing the sketch as a workspace root: </home/posaidon/Arduino/wifi>.
2024-08-31 14:46:37 Skipped storing sketch as workspace root. Already visited: </home/posaidon/Arduino/wifi>.
2024-08-31 14:46:37 Stored workspaces roots: /home/posaidon/Arduino/wifi
2024-08-31 14:46:37 No sketches were scheduled for deletion.
